#
# A fatal error has been detected by the Java Runtime Environment:
#
#  SIGSEGV (0xb) at pc=0x0000000103c20ac2, pid=45761, tid=0x0000000000000307
#
# JRE version: Java(TM) SE Runtime Environment (8.0_111-b14) (build 1.8.0_111-b14)
# Java VM: Java HotSpot(TM) 64-Bit Server VM (25.111-b14 mixed mode bsd-amd64 compressed oops)
# Problematic frame:
# V  [libjvm.dylib+0x169ac2]  ThreadStateTransition::trans_from_native(JavaThreadState)+0xa
#
# Failed to write core dump. Core dumps have been disabled. To enable core dumping, try "ulimit -c unlimited" before starting Java again
#
# If you would like to submit a bug report, please visit:
#   http://bugreport.java.com/bugreport/crash.jsp
#

---------------  T H R E A D  ---------------

Current thread is native thread

siginfo: si_signo: 11 (SIGSEGV), si_code: 1 (SEGV_MAPERR), si_addr: 0x0000000000000270

Registers:
RAX=0x0000000000000000, RBX=0x0000000000000000, RCX=0x0000000103dca777, RDX=0x00007fcc760e41f8
RSP=0x00007ffeec17df60, RBP=0x00007ffeec17df70, RSI=0x0000000000000006, RDI=0x00007ffeec17dfb0
R8 =0x00007fcc77896e30, R9 =0x0000000000000000, R10=0x00007fffb0973e88, R11=0x00007fcc79d08a10
R12=0x00007fcc760e41f8, R13=0x00007fcc77600760, R14=0x00007fcc760e41f8, R15=0x0000000000000000
RIP=0x0000000103c20ac2, EFLAGS=0x0000000000010246, ERR=0x0000000000000006
  TRAPNO=0x000000000000000e

Top of Stack: (sp=0x00007ffeec17df60)
0x00007ffeec17df60:   00007fcc74f4a3f8 00007fcc760e41f8
0x00007ffeec17df70:   00007ffeec17dfd0 0000000103dca7a7
0x00007ffeec17df80:   00007fcc74e77c60 00007fcc74de0f30
0x00007ffeec17df90:   00007fcc76b73400 00007fcc74de0f30
0x00007ffeec17dfa0:   00007ffeec17dfd0 000000012b20b6e9
0x00007ffeec17dfb0:   0000000000000000 00007fcc74e77c60
0x00007ffeec17dfc0:   00007fcc76b73400 00007fcc74de0f30
0x00007ffeec17dfd0:   00007ffeec17e030 000000012b16b8d5
0x00007ffeec17dfe0:   00007fff541d453e 0000000000000000
0x00007ffeec17dff0:   410ad6e6b111b2e4 00007fcc76b73400
0x00007ffeec17e000:   00007ffeec17e030 00007fff7cc75e80
0x00007ffeec17e010:   00007fcc74de0f30 00007fcc77600760
0x00007ffeec17e020:   00007fcc74de1860 00007fcc76b73400
0x00007ffeec17e030:   00007ffeec17e0e0 00007fff610e996e
0x00007ffeec17e040:   00007fcc74de0f30 0000000000000000
0x00007ffeec17e050:   0000000000000000 00007fcc74de0f30
0x00007ffeec17e060:   0000000000000000 0000000000000000
0x00007ffeec17e070:   00007ffeec17e0c0 0000000000000004
0x00007ffeec17e080:   0000000000000000 410ad6e6b111b2e4
0x00007ffeec17e090:   0000000000000004 0000000000000000
0x00007ffeec17e0a0:   0000000000000000 00007ffeec17e0c0
0x00007ffeec17e0b0:   00007fcc74de0f30 00007fff7cc75e80
0x00007ffeec17e0c0:   0000000000000004 0000000000000000
0x00007ffeec17e0d0:   00007fcc74de0f30 00007fff541d453e
0x00007ffeec17e0e0:   00007ffeec17e150 00007fff610e8fcf
0x00007ffeec17e0f0:   0000000000000000 0000000000000000
0x00007ffeec17e100:   4082c00000000000 4082c00000000000
0x00007ffeec17e110:   4082c00000000000 4082c00000000000
0x00007ffeec17e120:   4000000000000000 00007ffeec17e220
0x00007ffeec17e130:   00007fff7cc75e80 0000000000000000
0x00007ffeec17e140:   00007fff541d6539 00007fcc798009a0
0x00007ffeec17e150:   00007ffeec17f220 00007fff6108ad3b 

Instructions: (pc=0x0000000103c20ac2)
0x0000000103c20aa2:   0e 48 8b 0b 49 8b 56 18 48 63 c0 48 89 0c c2 5b
0x0000000103c20ab2:   41 5e 5d c3 90 90 55 48 89 e5 41 56 53 48 8b 1f
0x0000000103c20ac2:   c7 83 70 02 00 00 05 00 00 00 48 8d 05 e5 57 78
0x0000000103c20ad2:   00 8b 00 83 f8 01 41 89 f6 75 0c 48 8d 0d 32 c3 

Register to memory mapping:

RAX=0x0000000000000000 is an unknown value
RBX=0x0000000000000000 is an unknown value
RCX=0x0000000103dca777: jni_NewLocalRef+0 in /Library/Java/JavaVirtualMachines/jdk1.8.0_111.jdk/Contents/Home/jre/lib/server/libjvm.dylib at 0x0000000103ab7000
RDX=0x00007fcc760e41f8 is an unknown value
RSP=0x00007ffeec17df60 is an unknown value
RBP=0x00007ffeec17df70 is an unknown value
RSI=0x0000000000000006 is an unknown value
RDI=0x00007ffeec17dfb0 is an unknown value
R8 =0x00007fcc77896e30 is an unknown value
R9 =0x0000000000000000 is an unknown value
R10=0x00007fffb0973e88: OBJC_CLASS_$_JNFJObjectWrapper+0 in /System/Library/Frameworks/JavaVM.framework/Versions/A/Frameworks/JavaNativeFoundation.framework/Versions/A/JavaNativeFoundation at 0x00007fff59b35000
R11=0x00007fcc79d08a10 is an unknown value
R12=0x00007fcc760e41f8 is an unknown value
R13=0x00007fcc77600760 is an unknown value
R14=0x00007fcc760e41f8 is an unknown value
R15=0x0000000000000000 is an unknown value


Stack: [0x00007ffeeb982000,0x00007ffeec182000],  sp=0x00007ffeec17df60,  free space=8175k
Native frames: (J=compiled Java code, j=interpreted, Vv=VM code, C=native code)
V  [libjvm.dylib+0x169ac2]  ThreadStateTransition::trans_from_native(JavaThreadState)+0xa
V  [libjvm.dylib+0x3137a7]  jni_NewLocalRef+0x30
C  [libawt_lwawt.dylib+0x198d5]  -[CGLLayer drawInCGLContext:pixelFormat:forLayerTime:displayTime:]+0xee
C  [QuartzCore+0x7096e]  CAOpenGLLayerDraw(CAOpenGLLayer*, double, CVTimeStamp const*, unsigned int)+0x7a7
C  [QuartzCore+0x6ffcf]  -[CAOpenGLLayer _display]+0x235
C  [QuartzCore+0x11d3b]  CA::Layer::display_if_needed(CA::Transaction*)+0x279
C  [QuartzCore+0x117f9]  CA::Layer::layout_and_display_if_needed(CA::Transaction*)+0x23
C  [QuartzCore+0x10894]  CA::Context::commit_transaction(CA::Transaction*)+0x146
C  [QuartzCore+0x1043d]  CA::Transaction::commit()+0x1e7
C  [QuartzCore+0x1bf32]  CA::Transaction::observer_callback(__CFRunLoopObserver*, unsigned long, void*)+0x42
C  [CoreFoundation+0xa3127]  __CFRUNLOOP_IS_CALLING_OUT_TO_AN_OBSERVER_CALLBACK_FUNCTION__+0x17
C  [CoreFoundation+0xa304f]  __CFRunLoopDoObservers+0x20f
C  [CoreFoundation+0x85810]  __CFRunLoopRun+0x640
C  [CoreFoundation+0x84f43]  CFRunLoopRunSpecific+0x1e3
C  [java+0x6465]  CreateExecutionEnvironment+0x367
C  [java+0x218c]  JLI_Launch+0x7a0
C  [java+0x84c2]  main+0x65
C  [java+0x19e4]  start+0x34


---------------  P R O C E S S  ---------------

VM state:not at safepoint (normal execution)

VM Mutex/Monitor currently owned by a thread: None

Heap:
 PSYoungGen      total 51712K, used 8881K [0x0000000795580000, 0x0000000799880000, 0x00000007c0000000)
  eden space 49664K, 14% used [0x0000000795580000,0x0000000795c7a190,0x0000000798600000)
  from space 2048K, 84% used [0x0000000799680000,0x0000000799832650,0x0000000799880000)
  to   space 5120K, 0% used [0x0000000798e80000,0x0000000798e80000,0x0000000799380000)
 ParOldGen       total 177152K, used 83721K [0x0000000740000000, 0x000000074ad00000, 0x0000000795580000)
  object space 177152K, 47% used [0x0000000740000000,0x00000007451c2738,0x000000074ad00000)
 Metaspace       used 23135K, capacity 24094K, committed 24320K, reserved 1071104K
  class space    used 3100K, capacity 3326K, committed 3328K, reserved 1048576K

Card table byte_map: [0x00000001057c0000,0x0000000105bc1000] byte_map_base: 0x0000000101dc0000

Marking Bits: (ParMarkBitMap*) 0x00000001043a6d20
 Begin Bits: [0x0000000105e6c000, 0x0000000107e6c000)
 End Bits:   [0x0000000107e6c000, 0x0000000109e6c000)

Polling page: 0x0000000104a9b000

CodeCache: size=245760Kb used=7642Kb max_used=7657Kb free=238117Kb
 bounds [0x000000010eb38000, 0x000000010f2c8000, 0x000000011db38000]
 total_blobs=3345 nmethods=2462 adapters=796
 compilation: enabled

Compilation events (10 events):
Event: 14.882 Thread 0x00007fcc76038800 2474       4       java.util.Formatter$FormatSpecifier::addZeros (161 bytes)
Event: 14.892 Thread 0x00007fcc76038800 nmethod 2474 0x000000010ec40350 code [0x000000010ec404a0, 0x000000010ec408d8]
Event: 15.009 Thread 0x00007fcc76819000 2475       4       java.awt.geom.AffineTransform::translate (547 bytes)
Event: 15.012 Thread 0x00007fcc76819000 nmethod 2475 0x000000010f29ce90 code [0x000000010f29d040, 0x000000010f29d468]
Event: 15.083 Thread 0x00007fcc7604f000 2476       3       java.util.concurrent.locks.AbstractQueuedSynchronizer::acquire (27 bytes)
Event: 15.084 Thread 0x00007fcc7604f000 nmethod 2476 0x000000010f29c6d0 code [0x000000010f29c880, 0x000000010f29cd38]
Event: 15.551 Thread 0x00007fcc76038800 2477       4       java.lang.StrictMath::floorOrCeil (128 bytes)
Event: 15.553 Thread 0x00007fcc76038800 nmethod 2477 0x000000010ec40f10 code [0x000000010ec41080, 0x000000010ec41158]
Event: 15.723 Thread 0x00007fcc76819000 2478       4       sun.java2d.pipe.Region::<init> (26 bytes)
Event: 15.723 Thread 0x00007fcc76819000 nmethod 2478 0x000000010ec400d0 code [0x000000010ec40220, 0x000000010ec40298]

GC Heap History (10 events):
Event: 4.294 GC heap before
{Heap before GC invocations=2 (full 0):
 PSYoungGen      total 38400K, used 14126K [0x0000000795580000, 0x0000000798000000, 0x00000007c0000000)
  eden space 33280K, 27% used [0x0000000795580000,0x0000000795e85ed8,0x0000000797600000)
  from space 5120K, 95% used [0x0000000797600000,0x0000000797ac5af0,0x0000000797b00000)
  to   space 5120K, 0% used [0x0000000797b00000,0x0000000797b00000,0x0000000798000000)
 ParOldGen       total 87552K, used 80K [0x0000000740000000, 0x0000000745580000, 0x0000000795580000)
  object space 87552K, 0% used [0x0000000740000000,0x0000000740014010,0x0000000745580000)
 Metaspace       used 20253K, capacity 21078K, committed 21248K, reserved 1067008K
  class space    used 2783K, capacity 2978K, committed 3072K, reserved 1048576K
Event: 4.318 GC heap after
Heap after GC invocations=2 (full 0):
 PSYoungGen      total 38400K, used 5104K [0x0000000795580000, 0x000000079a080000, 0x00000007c0000000)
  eden space 33280K, 0% used [0x0000000795580000,0x0000000795580000,0x0000000797600000)
  from space 5120K, 99% used [0x0000000797b00000,0x0000000797ffc060,0x0000000798000000)
  to   space 5120K, 0% used [0x0000000797600000,0x0000000797600000,0x0000000797b00000)
 ParOldGen       total 87552K, used 6784K [0x0000000740000000, 0x0000000745580000, 0x0000000795580000)
  object space 87552K, 7% used [0x0000000740000000,0x00000007406a0370,0x0000000745580000)
 Metaspace       used 20253K, capacity 21078K, committed 21248K, reserved 1067008K
  class space    used 2783K, capacity 2978K, committed 3072K, reserved 1048576K
}
Event: 4.319 GC heap before
{Heap before GC invocations=3 (full 1):
 PSYoungGen      total 38400K, used 5104K [0x0000000795580000, 0x000000079a080000, 0x00000007c0000000)
  eden space 33280K, 0% used [0x0000000795580000,0x0000000795580000,0x0000000797600000)
  from space 5120K, 99% used [0x0000000797b00000,0x0000000797ffc060,0x0000000798000000)
  to   space 5120K, 0% used [0x0000000797600000,0x0000000797600000,0x0000000797b00000)
 ParOldGen       total 87552K, used 6784K [0x0000000740000000, 0x0000000745580000, 0x0000000795580000)
  object space 87552K, 7% used [0x0000000740000000,0x00000007406a0370,0x0000000745580000)
 Metaspace       used 20253K, capacity 21078K, committed 21248K, reserved 1067008K
  class space    used 2783K, capacity 2978K, committed 3072K, reserved 1048576K
Event: 4.361 GC heap after
Heap after GC invocations=3 (full 1):
 PSYoungGen      total 38400K, used 0K [0x0000000795580000, 0x000000079a080000, 0x00000007c0000000)
  eden space 33280K, 0% used [0x0000000795580000,0x0000000795580000,0x0000000797600000)
  from space 5120K, 0% used [0x0000000797b00000,0x0000000797b00000,0x0000000798000000)
  to   space 5120K, 0% used [0x0000000797600000,0x0000000797600000,0x0000000797b00000)
 ParOldGen       total 62976K, used 9292K [0x0000000740000000, 0x0000000743d80000, 0x0000000795580000)
  object space 62976K, 14% used [0x0000000740000000,0x00000007409130b8,0x0000000743d80000)
 Metaspace       used 20253K, capacity 21078K, committed 21248K, reserved 1067008K
  class space    used 2783K, capacity 2978K, committed 3072K, reserved 1048576K
}
Event: 5.010 GC heap before
{Heap before GC invocations=4 (full 1):
 PSYoungGen      total 38400K, used 33280K [0x0000000795580000, 0x000000079a080000, 0x00000007c0000000)
  eden space 33280K, 100% used [0x0000000795580000,0x0000000797600000,0x0000000797600000)
  from space 5120K, 0% used [0x0000000797b00000,0x0000000797b00000,0x0000000798000000)
  to   space 5120K, 0% used [0x0000000797600000,0x0000000797600000,0x0000000797b00000)
 ParOldGen       total 62976K, used 9292K [0x0000000740000000, 0x0000000743d80000, 0x0000000795580000)
  object space 62976K, 14% used [0x0000000740000000,0x00000007409130b8,0x0000000743d80000)
 Metaspace       used 21483K, capacity 22354K, committed 22656K, reserved 1069056K
  class space    used 2932K, capacity 3144K, committed 3200K, reserved 1048576K
Event: 5.096 GC heap after
Heap after GC invocations=4 (full 1):
 PSYoungGen      total 38400K, used 256K [0x0000000795580000, 0x0000000799b80000, 0x00000007c0000000)
  eden space 33280K, 0% used [0x0000000795580000,0x0000000795580000,0x0000000797600000)
  from space 5120K, 5% used [0x0000000797600000,0x0000000797640000,0x0000000797b00000)
  to   space 5120K, 0% used [0x0000000799680000,0x0000000799680000,0x0000000799b80000)
 ParOldGen       total 88064K, used 83541K [0x0000000740000000, 0x0000000745600000, 0x0000000795580000)
  object space 88064K, 94% used [0x0000000740000000,0x00000007451956e0,0x0000000745600000)
 Metaspace       used 21483K, capacity 22354K, committed 22656K, reserved 1069056K
  class space    used 2932K, capacity 3144K, committed 3200K, reserved 1048576K
}
Event: 5.096 GC heap before
{Heap before GC invocations=5 (full 2):
 PSYoungGen      total 38400K, used 256K [0x0000000795580000, 0x0000000799b80000, 0x00000007c0000000)
  eden space 33280K, 0% used [0x0000000795580000,0x0000000795580000,0x0000000797600000)
  from space 5120K, 5% used [0x0000000797600000,0x0000000797640000,0x0000000797b00000)
  to   space 5120K, 0% used [0x0000000799680000,0x0000000799680000,0x0000000799b80000)
 ParOldGen       total 88064K, used 83541K [0x0000000740000000, 0x0000000745600000, 0x0000000795580000)
  object space 88064K, 94% used [0x0000000740000000,0x00000007451956e0,0x0000000745600000)
 Metaspace       used 21483K, capacity 22354K, committed 22656K, reserved 1069056K
  class space    used 2932K, capacity 3144K, committed 3200K, reserved 1048576K
Event: 5.152 GC heap after
Heap after GC invocations=5 (full 2):
 PSYoungGen      total 38400K, used 0K [0x0000000795580000, 0x0000000799b80000, 0x00000007c0000000)
  eden space 33280K, 0% used [0x0000000795580000,0x0000000795580000,0x0000000797600000)
  from space 5120K, 0% used [0x0000000797600000,0x0000000797600000,0x0000000797b00000)
  to   space 5120K, 0% used [0x0000000799680000,0x0000000799680000,0x0000000799b80000)
 ParOldGen       total 177152K, used 34219K [0x0000000740000000, 0x000000074ad00000, 0x0000000795580000)
  object space 177152K, 19% used [0x0000000740000000,0x000000074216adc8,0x000000074ad00000)
 Metaspace       used 21483K, capacity 22354K, committed 22656K, reserved 1069056K
  class space    used 2932K, capacity 3144K, committed 3200K, reserved 1048576K
}
Event: 13.617 GC heap before
{Heap before GC invocations=6 (full 2):
 PSYoungGen      total 38400K, used 33280K [0x0000000795580000, 0x0000000799b80000, 0x00000007c0000000)
  eden space 33280K, 100% used [0x0000000795580000,0x0000000797600000,0x0000000797600000)
  from space 5120K, 0% used [0x0000000797600000,0x0000000797600000,0x0000000797b00000)
  to   space 5120K, 0% used [0x0000000799680000,0x0000000799680000,0x0000000799b80000)
 ParOldGen       total 177152K, used 83713K [0x0000000740000000, 0x000000074ad00000, 0x0000000795580000)
  object space 177152K, 47% used [0x0000000740000000,0x00000007451c0738,0x000000074ad00000)
 Metaspace       used 23101K, capacity 24038K, committed 24320K, reserved 1071104K
  class space    used 3093K, capacity 3314K, committed 3328K, reserved 1048576K
Event: 13.629 GC heap after
Heap after GC invocations=6 (full 2):
 PSYoungGen      total 51712K, used 1737K [0x0000000795580000, 0x0000000799880000, 0x00000007c0000000)
  eden space 49664K, 0% used [0x0000000795580000,0x0000000795580000,0x0000000798600000)
  from space 2048K, 84% used [0x0000000799680000,0x0000000799832650,0x0000000799880000)
  to   space 5120K, 0% used [0x0000000798e80000,0x0000000798e80000,0x0000000799380000)
 ParOldGen       total 177152K, used 83721K [0x0000000740000000, 0x000000074ad00000, 0x0000000795580000)
  object space 177152K, 47% used [0x0000000740000000,0x00000007451c2738,0x000000074ad00000)
 Metaspace       used 23101K, capacity 24038K, committed 24320K, reserved 1071104K
  class space    used 3093K, capacity 3314K, committed 3328K, reserved 1048576K
}

Deoptimization events (10 events):
Event: 3.789 Thread 0x00007fcc758e3800 Uncommon trap: reason=unstable_if action=reinterpret pc=0x000000010ee14f94 method=sun.net.www.ParseUtil.encodePath(Ljava/lang/String;Z)Ljava/lang/String; @ 109
Event: 3.821 Thread 0x00007fcc759f9000 Uncommon trap: reason=unstable_if action=reinterpret pc=0x000000010ede49c8 method=java.lang.AbstractStringBuilder.append(Ljava/lang/String;)Ljava/lang/AbstractStringBuilder; @ 1
Event: 3.822 Thread 0x00007fcc759f9000 Uncommon trap: reason=unstable_if action=reinterpret pc=0x000000010ed5c094 method=java.lang.AbstractStringBuilder.append(Ljava/lang/String;)Ljava/lang/AbstractStringBuilder; @ 1
Event: 4.425 Thread 0x00007fcc759f9000 Uncommon trap: reason=class_check action=maybe_recompile pc=0x000000010eeb2ce4 method=java.util.HashMap.putVal(ILjava/lang/Object;Ljava/lang/Object;ZZ)Ljava/lang/Object; @ 253
Event: 4.425 Thread 0x00007fcc759f9000 Uncommon trap: reason=class_check action=maybe_recompile pc=0x000000010eeb2ce4 method=java.util.HashMap.putVal(ILjava/lang/Object;Ljava/lang/Object;ZZ)Ljava/lang/Object; @ 253
Event: 4.425 Thread 0x00007fcc759f9000 Uncommon trap: reason=class_check action=maybe_recompile pc=0x000000010eeb2ce4 method=java.util.HashMap.putVal(ILjava/lang/Object;Ljava/lang/Object;ZZ)Ljava/lang/Object; @ 253
Event: 4.425 Thread 0x00007fcc759f9000 Uncommon trap: reason=class_check action=maybe_recompile pc=0x000000010eeb2ce4 method=java.util.HashMap.putVal(ILjava/lang/Object;Ljava/lang/Object;ZZ)Ljava/lang/Object; @ 253
Event: 5.805 Thread 0x00007fcc759f9000 Uncommon trap: reason=unstable_if action=reinterpret pc=0x000000010f01d3f8 method=simulator.simulatorSetUp.run()V @ 44
Event: 12.615 Thread 0x00007fcc760e4000 Uncommon trap: reason=unstable_if action=reinterpret pc=0x000000010ee7c93c method=jdk.internal.org.objectweb.asm.Type.getArgumentsAndReturnSizes(Ljava/lang/String;)I @ 47
Event: 15.811 Thread 0x00007fcc760e4000 Uncommon trap: reason=unstable_if action=reinterpret pc=0x000000010f23f34c method=java.util.concurrent.locks.ReentrantLock$Sync.tryRelease(I)Z @ 28

Internal exceptions (10 events):
Event: 1.641 Thread 0x00007fcc760e4000 Exception <a 'java/lang/ArrayIndexOutOfBoundsException'> (0x00000007967a8e70) thrown at [/Users/java_re/workspace/8-2-build-macosx-x86_64/jdk8u111/7883/hotspot/src/share/vm/runtime/sharedRuntime.cpp, line 605]
Event: 1.641 Thread 0x00007fcc760e4000 Exception <a 'java/lang/ArrayIndexOutOfBoundsException'> (0x00000007967a9988) thrown at [/Users/java_re/workspace/8-2-build-macosx-x86_64/jdk8u111/7883/hotspot/src/share/vm/runtime/sharedRuntime.cpp, line 605]
Event: 1.641 Thread 0x00007fcc760e4000 Exception <a 'java/lang/ArrayIndexOutOfBoundsException'> (0x00000007967aad30) thrown at [/Users/java_re/workspace/8-2-build-macosx-x86_64/jdk8u111/7883/hotspot/src/share/vm/runtime/sharedRuntime.cpp, line 605]
Event: 2.134 Thread 0x00007fcc760e4000 Implicit null exception at 0x000000010edbd3f5 to 0x000000010edbd5f1
Event: 2.278 Thread 0x00007fcc760e4000 Exception <a 'java/io/FileNotFoundException'> (0x0000000796b911f0) thrown at [/Users/java_re/workspace/8-2-build-macosx-x86_64/jdk8u111/7883/hotspot/src/share/vm/prims/jni.cpp, line 709]
Event: 2.278 Thread 0x00007fcc760e4000 Exception <a 'java/io/FileNotFoundException'> (0x0000000796b91d78) thrown at [/Users/java_re/workspace/8-2-build-macosx-x86_64/jdk8u111/7883/hotspot/src/share/vm/prims/jni.cpp, line 709]
Event: 2.447 Thread 0x00007fcc760e4000 Exception <a 'java/io/FileNotFoundException'> (0x0000000796db3b30) thrown at [/Users/java_re/workspace/8-2-build-macosx-x86_64/jdk8u111/7883/hotspot/src/share/vm/prims/jni.cpp, line 709]
Event: 3.821 Thread 0x00007fcc759f9000 Implicit null exception at 0x000000010ede45f5 to 0x000000010ede49b5
Event: 3.822 Thread 0x00007fcc759f9000 Implicit null exception at 0x000000010ed5bcb6 to 0x000000010ed5c07d
Event: 4.363 Thread 0x00007fcc76009000 Exception <a 'java/lang/NullPointerException'> (0x00000007956ccdb8) thrown at [/Users/java_re/workspace/8-2-build-macosx-x86_64/jdk8u111/7883/hotspot/src/share/vm/interpreter/linkResolver.cpp, line 1178]

Events (10 events):
Event: 15.811 Thread 0x00007fcc760e4000 Uncommon trap: trap_request=0xffffff65 fr.pc=0x000000010f23f34c
Event: 15.811 Thread 0x00007fcc760e4000 DEOPT PACKING pc=0x000000010f23f34c sp=0x00007ffeec17bb80
Event: 15.811 Thread 0x00007fcc760e4000 DEOPT UNPACKING pc=0x000000010eb3d229 sp=0x00007ffeec17ba70 mode 2
Event: 15.812 loading class com/sun/javafx/tk/quantum/QuantumToolkit
Event: 15.812 loading class com/sun/javafx/tk/quantum/QuantumToolkit done
Event: 15.812 Thread 0x00007fcc758e3800 Thread exited: 0x00007fcc758e3800
Event: 15.813 Thread 0x00007fcc758e0000 Thread exited: 0x00007fcc758e0000
Event: 15.814 Thread 0x00007fcc75802800 Thread exited: 0x00007fcc75802800
Event: 15.814 Thread 0x00007fcc760e4000 Thread exited: 0x00007fcc760e4000
Event: 15.814 Thread 0x00007fcc76831000 Thread added: 0x00007fcc76831000


Dynamic libraries:
0x000000002e52f000 	/System/Library/Frameworks/Cocoa.framework/Versions/A/Cocoa
0x000000002e52f000 	/System/Library/Frameworks/Security.framework/Versions/A/Security
0x000000002e52f000 	/System/Library/Frameworks/ApplicationServices.framework/Versions/A/ApplicationServices
0x000000002e52f000 	/usr/lib/libz.1.dylib
0x000000002e52f000 	/usr/lib/libSystem.B.dylib
0x000000002e52f000 	/usr/lib/libobjc.A.dylib
0x000000002e52f000 	/System/Library/Frameworks/CoreFoundation.framework/Versions/A/CoreFoundation
0x000000002e52f000 	/System/Library/Frameworks/Foundation.framework/Versions/C/Foundation
0x000000002e52f000 	/System/Library/Frameworks/AppKit.framework/Versions/C/AppKit
0x000000002e52f000 	/System/Library/Frameworks/CoreData.framework/Versions/A/CoreData
0x000000002e52f000 	/System/Library/PrivateFrameworks/RemoteViewServices.framework/Versions/A/RemoteViewServices
0x000000002e52f000 	/System/Library/PrivateFrameworks/UIFoundation.framework/Versions/A/UIFoundation
0x000000002e52f000 	/System/Library/PrivateFrameworks/DFRFoundation.framework/Versions/A/DFRFoundation
0x000000002e52f000 	/System/Library/Frameworks/Metal.framework/Versions/A/Metal
0x000000002e52f000 	/System/Library/PrivateFrameworks/DesktopServicesPriv.framework/Versions/A/DesktopServicesPriv
0x000000002e52f000 	/usr/lib/libenergytrace.dylib
0x000000002e52f000 	/System/Library/PrivateFrameworks/SkyLight.framework/Versions/A/SkyLight
0x000000002e52f000 	/System/Library/Frameworks/CoreGraphics.framework/Versions/A/CoreGraphics
0x000000002e52f000 	/usr/lib/libScreenReader.dylib
0x000000002e52f000 	/System/Library/Frameworks/Accelerate.framework/Versions/A/Accelerate
0x000000002e52f000 	/System/Library/Frameworks/IOSurface.framework/Versions/A/IOSurface
0x000000002e52f000 	/System/Library/Frameworks/AudioToolbox.framework/Versions/A/AudioToolbox
0x000000002e52f000 	/System/Library/Frameworks/AudioUnit.framework/Versions/A/AudioUnit
0x000000002e52f000 	/System/Library/PrivateFrameworks/DataDetectorsCore.framework/Versions/A/DataDetectorsCore
0x000000002e52f000 	/System/Library/Frameworks/Carbon.framework/Versions/A/Frameworks/HIToolbox.framework/Versions/A/HIToolbox
0x000000002e52f000 	/usr/lib/libicucore.A.dylib
0x000000002e52f000 	/System/Library/Frameworks/QuartzCore.framework/Versions/A/QuartzCore
0x000000002e52f000 	/System/Library/Frameworks/Carbon.framework/Versions/A/Frameworks/SpeechRecognition.framework/Versions/A/SpeechRecognition
0x000000002e52f000 	/usr/lib/libauto.dylib
0x000000002e52f000 	/usr/lib/libxml2.2.dylib
0x000000002e52f000 	/System/Library/PrivateFrameworks/CoreUI.framework/Versions/A/CoreUI
0x000000002e52f000 	/System/Library/Frameworks/CoreAudio.framework/Versions/A/CoreAudio
0x000000002e52f000 	/System/Library/Frameworks/DiskArbitration.framework/Versions/A/DiskArbitration
0x000000002e52f000 	/usr/lib/liblangid.dylib
0x000000002e52f000 	/System/Library/PrivateFrameworks/MultitouchSupport.framework/Versions/A/MultitouchSupport
0x000000002e52f000 	/System/Library/Frameworks/IOKit.framework/Versions/A/IOKit
0x000000002e52f000 	/usr/lib/libDiagnosticMessagesClient.dylib
0x000000002e52f000 	/System/Library/Frameworks/CoreServices.framework/Versions/A/CoreServices
0x000000002e52f000 	/System/Library/PrivateFrameworks/PerformanceAnalysis.framework/Versions/A/PerformanceAnalysis
0x000000002e52f000 	/System/Library/Frameworks/OpenGL.framework/Versions/A/OpenGL
0x000000002e52f000 	/System/Library/Frameworks/ColorSync.framework/Versions/A/ColorSync
0x000000002e52f000 	/System/Library/Frameworks/CoreImage.framework/Versions/A/CoreImage
0x000000002e52f000 	/System/Library/Frameworks/CoreText.framework/Versions/A/CoreText
0x000000002e52f000 	/System/Library/Frameworks/ImageIO.framework/Versions/A/ImageIO
0x000000002e52f000 	/System/Library/PrivateFrameworks/Backup.framework/Versions/A/Backup
0x000000002e52f000 	/usr/lib/libarchive.2.dylib
0x000000002e52f000 	/System/Library/Frameworks/CFNetwork.framework/Versions/A/CFNetwork
0x000000002e52f000 	/System/Library/Frameworks/SystemConfiguration.framework/Versions/A/SystemConfiguration
0x000000002e52f000 	/usr/lib/libCRFSuite.dylib
0x000000002e52f000 	/usr/lib/libc++.1.dylib
0x000000002e52f000 	/usr/lib/libc++abi.dylib
0x000000002e52f000 	/usr/lib/system/libcache.dylib
0x000000002e52f000 	/usr/lib/system/libcommonCrypto.dylib
0x000000002e52f000 	/usr/lib/system/libcompiler_rt.dylib
0x000000002e52f000 	/usr/lib/system/libcopyfile.dylib
0x000000002e52f000 	/usr/lib/system/libcorecrypto.dylib
0x000000002e52f000 	/usr/lib/system/libdispatch.dylib
0x000000002e52f000 	/usr/lib/system/libdyld.dylib
0x000000002e52f000 	/usr/lib/system/libkeymgr.dylib
0x000000002e52f000 	/usr/lib/system/liblaunch.dylib
0x000000002e52f000 	/usr/lib/system/libmacho.dylib
0x000000002e52f000 	/usr/lib/system/libquarantine.dylib
0x000000002e52f000 	/usr/lib/system/libremovefile.dylib
0x000000002e52f000 	/usr/lib/system/libsystem_asl.dylib
0x000000002e52f000 	/usr/lib/system/libsystem_blocks.dylib
0x000000002e52f000 	/usr/lib/system/libsystem_c.dylib
0x000000002e52f000 	/usr/lib/system/libsystem_configuration.dylib
0x000000002e52f000 	/usr/lib/system/libsystem_coreservices.dylib
0x000000002e52f000 	/usr/lib/system/libsystem_darwin.dylib
0x000000002e52f000 	/usr/lib/system/libsystem_dnssd.dylib
0x000000002e52f000 	/usr/lib/system/libsystem_info.dylib
0x000000002e52f000 	/usr/lib/system/libsystem_m.dylib
0x000000002e52f000 	/usr/lib/system/libsystem_malloc.dylib
0x000000002e52f000 	/usr/lib/system/libsystem_network.dylib
0x000000002e52f000 	/usr/lib/system/libsystem_networkextension.dylib
0x000000002e52f000 	/usr/lib/system/libsystem_notify.dylib
0x000000002e52f000 	/usr/lib/system/libsystem_sandbox.dylib
0x000000002e52f000 	/usr/lib/system/libsystem_secinit.dylib
0x000000002e52f000 	/usr/lib/system/libsystem_kernel.dylib
0x000000002e52f000 	/usr/lib/system/libsystem_platform.dylib
0x000000002e52f000 	/usr/lib/system/libsystem_pthread.dylib
0x000000002e52f000 	/usr/lib/system/libsystem_symptoms.dylib
0x000000002e52f000 	/usr/lib/system/libsystem_trace.dylib
0x000000002e52f000 	/usr/lib/system/libunwind.dylib
0x000000002e52f000 	/usr/lib/system/libxpc.dylib
0x000000002e52f000 	/usr/lib/closure/libclosured.dylib
0x000000002e52f000 	/usr/lib/libbsm.0.dylib
0x000000002e52f000 	/usr/lib/system/libkxld.dylib
0x000000002e52f000 	/usr/lib/libOpenScriptingUtil.dylib
0x000000002e52f000 	/usr/lib/libcoretls.dylib
0x000000002e52f000 	/usr/lib/libcoretls_cfhelpers.dylib
0x000000002e52f000 	/usr/lib/libpam.2.dylib
0x000000002e52f000 	/usr/lib/libsqlite3.dylib
0x000000002e52f000 	/usr/lib/libxar.1.dylib
0x000000002e52f000 	/usr/lib/libbz2.1.0.dylib
0x000000002e52f000 	/usr/lib/liblzma.5.dylib
0x000000002e52f000 	/usr/lib/libnetwork.dylib
0x000000002e52f000 	/usr/lib/libapple_nghttp2.dylib
0x000000002e52f000 	/usr/lib/libpcap.A.dylib
0x000000002e52f000 	/usr/lib/libboringssl.dylib
0x000000002e52f000 	/usr/lib/libusrtcp.dylib
0x000000002e52f000 	/usr/lib/libapple_crypto.dylib
0x000000002e52f000 	/System/Library/Frameworks/CoreServices.framework/Versions/A/Frameworks/FSEvents.framework/Versions/A/FSEvents
0x000000002e52f000 	/System/Library/Frameworks/CoreServices.framework/Versions/A/Frameworks/CarbonCore.framework/Versions/A/CarbonCore
0x000000002e52f000 	/System/Library/Frameworks/CoreServices.framework/Versions/A/Frameworks/Metadata.framework/Versions/A/Metadata
0x000000002e52f000 	/System/Library/Frameworks/CoreServices.framework/Versions/A/Frameworks/OSServices.framework/Versions/A/OSServices
0x000000002e52f000 	/System/Library/Frameworks/CoreServices.framework/Versions/A/Frameworks/SearchKit.framework/Versions/A/SearchKit
0x000000002e52f000 	/System/Library/Frameworks/CoreServices.framework/Versions/A/Frameworks/AE.framework/Versions/A/AE
0x000000002e52f000 	/System/Library/Frameworks/CoreServices.framework/Versions/A/Frameworks/LaunchServices.framework/Versions/A/LaunchServices
0x000000002e52f000 	/System/Library/Frameworks/CoreServices.framework/Versions/A/Frameworks/DictionaryServices.framework/Versions/A/DictionaryServices
0x000000002e52f000 	/System/Library/Frameworks/CoreServices.framework/Versions/A/Frameworks/SharedFileList.framework/Versions/A/SharedFileList
0x000000002e52f000 	/System/Library/Frameworks/NetFS.framework/Versions/A/NetFS
0x000000002e52f000 	/System/Library/PrivateFrameworks/NetAuth.framework/Versions/A/NetAuth
0x000000002e52f000 	/System/Library/PrivateFrameworks/login.framework/Versions/A/Frameworks/loginsupport.framework/Versions/A/loginsupport
0x000000002e52f000 	/System/Library/PrivateFrameworks/TCC.framework/Versions/A/TCC
0x000000002e52f000 	/usr/lib/libmecabra.dylib
0x000000002e52f000 	/System/Library/Frameworks/ApplicationServices.framework/Versions/A/Frameworks/ATS.framework/Versions/A/ATS
0x000000002e52f000 	/System/Library/Frameworks/ApplicationServices.framework/Versions/A/Frameworks/ColorSyncLegacy.framework/Versions/A/ColorSyncLegacy
0x000000002e52f000 	/System/Library/Frameworks/ApplicationServices.framework/Versions/A/Frameworks/HIServices.framework/Versions/A/HIServices
0x000000002e52f000 	/System/Library/Frameworks/ApplicationServices.framework/Versions/A/Frameworks/LangAnalysis.framework/Versions/A/LangAnalysis
0x000000002e52f000 	/System/Library/Frameworks/ApplicationServices.framework/Versions/A/Frameworks/PrintCore.framework/Versions/A/PrintCore
0x000000002e52f000 	/System/Library/Frameworks/ApplicationServices.framework/Versions/A/Frameworks/QD.framework/Versions/A/QD
0x000000002e52f000 	/System/Library/Frameworks/ApplicationServices.framework/Versions/A/Frameworks/SpeechSynthesis.framework/Versions/A/SpeechSynthesis
0x000000002e52f000 	/System/Library/Frameworks/CoreDisplay.framework/Versions/A/CoreDisplay
0x000000002e52f000 	/System/Library/Frameworks/Accelerate.framework/Versions/A/Frameworks/vImage.framework/Versions/A/vImage
0x000000002e52f000 	/System/Library/Frameworks/Accelerate.framework/Versions/A/Frameworks/vecLib.framework/Versions/A/vecLib
0x000000002e52f000 	/System/Library/Frameworks/Accelerate.framework/Versions/A/Frameworks/vecLib.framework/Versions/A/libvDSP.dylib
0x000000002e52f000 	/System/Library/Frameworks/Accelerate.framework/Versions/A/Frameworks/vecLib.framework/Versions/A/libBNNS.dylib
0x000000002e52f000 	/System/Library/Frameworks/Accelerate.framework/Versions/A/Frameworks/vecLib.framework/Versions/A/libQuadrature.dylib
0x000000002e52f000 	/System/Library/Frameworks/Accelerate.framework/Versions/A/Frameworks/vecLib.framework/Versions/A/libvMisc.dylib
0x000000002e52f000 	/System/Library/Frameworks/Accelerate.framework/Versions/A/Frameworks/vecLib.framework/Versions/A/libLAPACK.dylib
0x000000002e52f000 	/System/Library/Frameworks/Accelerate.framework/Versions/A/Frameworks/vecLib.framework/Versions/A/libBLAS.dylib
0x000000002e52f000 	/System/Library/Frameworks/Accelerate.framework/Versions/A/Frameworks/vecLib.framework/Versions/A/libLinearAlgebra.dylib
0x000000002e52f000 	/System/Library/Frameworks/Accelerate.framework/Versions/A/Frameworks/vecLib.framework/Versions/A/libSparse.dylib
0x000000002e52f000 	/System/Library/Frameworks/Accelerate.framework/Versions/A/Frameworks/vecLib.framework/Versions/A/libSparseBLAS.dylib
0x000000002e52f000 	/System/Library/PrivateFrameworks/IOAccelerator.framework/Versions/A/IOAccelerator
0x000000002e52f000 	/System/Library/PrivateFrameworks/IOPresentment.framework/Versions/A/IOPresentment
0x000000002e52f000 	/System/Library/PrivateFrameworks/DSExternalDisplay.framework/Versions/A/DSExternalDisplay
0x000000002e52f000 	/System/Library/Frameworks/OpenGL.framework/Versions/A/Libraries/libCoreFSCache.dylib
0x000000002e52f000 	/System/Library/Frameworks/CoreVideo.framework/Versions/A/CoreVideo
0x000000002e52f000 	/System/Library/PrivateFrameworks/GraphVisualizer.framework/Versions/A/GraphVisualizer
0x000000002e52f000 	/System/Library/Frameworks/MetalPerformanceShaders.framework/Versions/A/MetalPerformanceShaders
0x000000002e52f000 	/usr/lib/libFosl_dynamic.dylib
0x000000002e52f000 	/System/Library/PrivateFrameworks/FaceCore.framework/Versions/A/FaceCore
0x000000002e52f000 	/System/Library/Frameworks/OpenCL.framework/Versions/A/OpenCL
0x000000002e52f000 	/usr/lib/libcompression.dylib
0x000000002e52f000 	/System/Library/Frameworks/ApplicationServices.framework/Versions/A/Frameworks/ATS.framework/Versions/A/Resources/libFontParser.dylib
0x000000002e52f000 	/System/Library/Frameworks/ApplicationServices.framework/Versions/A/Frameworks/ATS.framework/Versions/A/Resources/libFontRegistry.dylib
0x000000002e52f000 	/System/Library/Frameworks/ImageIO.framework/Versions/A/Resources/libJPEG.dylib
0x000000002e52f000 	/System/Library/Frameworks/ImageIO.framework/Versions/A/Resources/libTIFF.dylib
0x000000002e52f000 	/System/Library/Frameworks/ImageIO.framework/Versions/A/Resources/libPng.dylib
0x000000002e52f000 	/System/Library/Frameworks/ImageIO.framework/Versions/A/Resources/libGIF.dylib
0x000000002e52f000 	/System/Library/Frameworks/ImageIO.framework/Versions/A/Resources/libJP2.dylib
0x000000002e52f000 	/System/Library/Frameworks/ImageIO.framework/Versions/A/Resources/libRadiance.dylib
0x000000002e52f000 	/System/Library/PrivateFrameworks/AppleJPEG.framework/Versions/A/AppleJPEG
0x000000002e52f000 	/System/Library/PrivateFrameworks/MetalTools.framework/Versions/A/MetalTools
0x000000002e52f000 	/System/Library/Frameworks/MetalPerformanceShaders.framework/Frameworks/MPSCore.framework/Versions/A/MPSCore
0x000000002e52f000 	/System/Library/Frameworks/MetalPerformanceShaders.framework/Frameworks/MPSImage.framework/Versions/A/MPSImage
0x000000002e52f000 	/System/Library/Frameworks/MetalPerformanceShaders.framework/Frameworks/MPSMatrix.framework/Versions/A/MPSMatrix
0x000000002e52f000 	/System/Library/Frameworks/MetalPerformanceShaders.framework/Frameworks/MPSNeuralNetwork.framework/Versions/A/MPSNeuralNetwork
0x000000002e52f000 	/System/Library/Frameworks/OpenGL.framework/Versions/A/Libraries/libGLU.dylib
0x000000002e52f000 	/System/Library/Frameworks/OpenGL.framework/Versions/A/Libraries/libGFXShared.dylib
0x000000002e52f000 	/System/Library/Frameworks/OpenGL.framework/Versions/A/Libraries/libGL.dylib
0x000000002e52f000 	/System/Library/Frameworks/OpenGL.framework/Versions/A/Libraries/libGLImage.dylib
0x000000002e52f000 	/System/Library/Frameworks/OpenGL.framework/Versions/A/Libraries/libCVMSPluginSupport.dylib
0x000000002e52f000 	/System/Library/Frameworks/OpenGL.framework/Versions/A/Libraries/libCoreVMClient.dylib
0x000000002e52f000 	/usr/lib/libcups.2.dylib
0x000000002e52f000 	/System/Library/Frameworks/Kerberos.framework/Versions/A/Kerberos
0x000000002e52f000 	/System/Library/Frameworks/GSS.framework/Versions/A/GSS
0x000000002e52f000 	/usr/lib/libresolv.9.dylib
0x000000002e52f000 	/usr/lib/libiconv.2.dylib
0x000000002e52f000 	/System/Library/PrivateFrameworks/Heimdal.framework/Versions/A/Heimdal
0x000000002e52f000 	/usr/lib/libheimdal-asn1.dylib
0x000000002e52f000 	/System/Library/Frameworks/OpenDirectory.framework/Versions/A/OpenDirectory
0x000000002e52f000 	/System/Library/PrivateFrameworks/CommonAuth.framework/Versions/A/CommonAuth
0x000000002e52f000 	/System/Library/Frameworks/OpenDirectory.framework/Versions/A/Frameworks/CFOpenDirectory.framework/Versions/A/CFOpenDirectory
0x000000002e52f000 	/System/Library/Frameworks/SecurityFoundation.framework/Versions/A/SecurityFoundation
0x000000002e52f000 	/System/Library/PrivateFrameworks/APFS.framework/Versions/A/APFS
0x000000002e52f000 	/usr/lib/libutil.dylib
0x000000002e52f000 	/System/Library/PrivateFrameworks/AppleSauce.framework/Versions/A/AppleSauce
0x000000002e52f000 	/System/Library/PrivateFrameworks/LinguisticData.framework/Versions/A/LinguisticData
0x000000002e52f000 	/usr/lib/libmarisa.dylib
0x000000002e52f000 	/System/Library/PrivateFrameworks/Lexicon.framework/Versions/A/Lexicon
0x000000002e52f000 	/usr/lib/libChineseTokenizer.dylib
0x000000002e52f000 	/usr/lib/libcmph.dylib
0x000000002e52f000 	/System/Library/PrivateFrameworks/LanguageModeling.framework/Versions/A/LanguageModeling
0x000000002e52f000 	/System/Library/PrivateFrameworks/CoreEmoji.framework/Versions/A/CoreEmoji
0x000000002e52f000 	/System/Library/Frameworks/ServiceManagement.framework/Versions/A/ServiceManagement
0x000000002e52f000 	/System/Library/PrivateFrameworks/BackgroundTaskManagement.framework/Versions/A/BackgroundTaskManagement
0x000000002e52f000 	/usr/lib/libxslt.1.dylib
0x000000002e52f000 	/System/Library/Frameworks/Carbon.framework/Versions/A/Frameworks/Ink.framework/Versions/A/Ink
0x000000002e52f000 	/System/Library/PrivateFrameworks/TextureIO.framework/Versions/A/TextureIO
0x000000002e52f000 	/usr/lib/libate.dylib
0x000000002e52f000 	/System/Library/PrivateFrameworks/CrashReporterSupport.framework/Versions/A/CrashReporterSupport
0x000000002e52f000 	/System/Library/PrivateFrameworks/Sharing.framework/Versions/A/Sharing
0x000000002e52f000 	/System/Library/PrivateFrameworks/IconServices.framework/Versions/A/IconServices
0x000000002e52f000 	/System/Library/PrivateFrameworks/ProtocolBuffer.framework/Versions/A/ProtocolBuffer
0x000000002e52f000 	/System/Library/PrivateFrameworks/Apple80211.framework/Versions/A/Apple80211
0x000000002e52f000 	/System/Library/Frameworks/CoreWLAN.framework/Versions/A/CoreWLAN
0x000000002e52f000 	/System/Library/PrivateFrameworks/CoreUtils.framework/Versions/A/CoreUtils
0x000000002e52f000 	/System/Library/Frameworks/IOBluetooth.framework/Versions/A/IOBluetooth
0x000000002e52f000 	/System/Library/PrivateFrameworks/CoreWiFi.framework/Versions/A/CoreWiFi
0x000000002e52f000 	/System/Library/Frameworks/CoreBluetooth.framework/Versions/A/CoreBluetooth
0x000000002e52f000 	/System/Library/PrivateFrameworks/SignpostNotification.framework/Versions/A/SignpostNotification
0x000000002e52f000 	/System/Library/PrivateFrameworks/DebugSymbols.framework/Versions/A/DebugSymbols
0x000000002e52f000 	/System/Library/PrivateFrameworks/CoreSymbolication.framework/Versions/A/CoreSymbolication
0x000000002e52f000 	/System/Library/PrivateFrameworks/Symbolication.framework/Versions/A/Symbolication
0x000000002e52f000 	/System/Library/PrivateFrameworks/AppleFSCompression.framework/Versions/A/AppleFSCompression
0x000000002e52f000 	/System/Library/PrivateFrameworks/SpeechRecognitionCore.framework/Versions/A/SpeechRecognitionCore
0x0000000103ab7000 	/Library/Java/JavaVirtualMachines/jdk1.8.0_111.jdk/Contents/Home/jre/lib/server/libjvm.dylib
0x000000002e52f000 	/usr/lib/libstdc++.6.0.9.dylib
0x0000000104a58000 	/Library/Java/JavaVirtualMachines/jdk1.8.0_111.jdk/Contents/Home/jre/lib/libverify.dylib
0x0000000104a66000 	/Library/Java/JavaVirtualMachines/jdk1.8.0_111.jdk/Contents/Home/jre/lib/libjava.dylib
0x0000000104ae5000 	/Library/Java/JavaVirtualMachines/jdk1.8.0_111.jdk/Contents/Home/jre/lib/libzip.dylib
0x000000002e52f000 	/System/Library/Frameworks/JavaVM.framework/Versions/A/Frameworks/JavaRuntimeSupport.framework/Versions/A/JavaRuntimeSupport
0x000000002e52f000 	/System/Library/Frameworks/JavaVM.framework/Versions/A/Frameworks/JavaNativeFoundation.framework/Versions/A/JavaNativeFoundation
0x000000002e52f000 	/System/Library/Frameworks/JavaVM.framework/Versions/A/JavaVM
0x000000002e52f000 	/System/Library/Frameworks/Carbon.framework/Versions/A/Carbon
0x000000002e52f000 	/System/Library/PrivateFrameworks/JavaLaunching.framework/Versions/A/JavaLaunching
0x000000002e52f000 	/System/Library/Frameworks/Carbon.framework/Versions/A/Frameworks/CommonPanels.framework/Versions/A/CommonPanels
0x000000002e52f000 	/System/Library/Frameworks/Carbon.framework/Versions/A/Frameworks/Help.framework/Versions/A/Help
0x000000002e52f000 	/System/Library/Frameworks/Carbon.framework/Versions/A/Frameworks/ImageCapture.framework/Versions/A/ImageCapture
0x000000002e52f000 	/System/Library/Frameworks/Carbon.framework/Versions/A/Frameworks/OpenScripting.framework/Versions/A/OpenScripting
0x000000002e52f000 	/System/Library/Frameworks/Carbon.framework/Versions/A/Frameworks/Print.framework/Versions/A/Print
0x000000002e52f000 	/System/Library/Frameworks/Carbon.framework/Versions/A/Frameworks/SecurityHI.framework/Versions/A/SecurityHI
0x000000010d6be000 	/Library/Java/JavaVirtualMachines/jdk1.8.0_111.jdk/Contents/Home/jre/lib/libprism_es2.dylib
0x000000002e52f000 	/System/Library/PrivateFrameworks/CoreServicesInternal.framework/Versions/A/CoreServicesInternal
0x000000002e52f000 	/System/Library/Frameworks/OpenGL.framework/Versions/A/Resources/GLEngine.bundle/GLEngine
0x000000002e52f000 	/System/Library/Frameworks/OpenGL.framework/Versions/A/Libraries/libGLProgrammability.dylib
0x000000010d95d000 	/System/Library/Extensions/AppleIntelBDWGraphicsGLDriver.bundle/Contents/MacOS/AppleIntelBDWGraphicsGLDriver
0x000000002e52f000 	/System/Library/PrivateFrameworks/GPUSupport.framework/Versions/A/Libraries/libGPUSupportMercury.dylib
0x000000002e52f000 	/System/Library/Frameworks/OpenGL.framework/Versions/A/Resources/GLRendererFloat.bundle/GLRendererFloat
0x000000002e52f000 	/System/Library/Frameworks/OpenCL.framework/Versions/A/Libraries/libcldcpuengine.dylib
0x000000002e52f000 	/usr/lib/libcrypto.35.dylib
0x000000002e52f000 	/System/Library/PrivateFrameworks/TrustEvaluationAgent.framework/Versions/A/TrustEvaluationAgent
0x000000010e4a6000 	/Library/Java/JavaVirtualMachines/jdk1.8.0_111.jdk/Contents/Home/jre/lib/libglass.dylib
0x000000002e52f000 	/System/Library/CoreServices/RawCamera.bundle/Contents/MacOS/RawCamera
0x000000002e52f000 	/System/Library/PrivateFrameworks/MobileAsset.framework/Versions/A/MobileAsset
0x000000002e52f000 	/System/Library/PrivateFrameworks/StreamingZip.framework/Versions/A/StreamingZip
0x000000002e52f000 	/System/Library/Frameworks/MediaToolbox.framework/Versions/A/MediaToolbox
0x000000002e52f000 	/System/Library/PrivateFrameworks/CoreAVCHD.framework/Versions/A/CoreAVCHD
0x000000002e52f000 	/System/Library/Frameworks/MediaAccessibility.framework/Versions/A/MediaAccessibility
0x000000002e52f000 	/System/Library/PrivateFrameworks/Mangrove.framework/Versions/A/Mangrove
0x000000002e52f000 	/System/Library/Frameworks/CoreMedia.framework/Versions/A/CoreMedia
0x000000002e52f000 	/System/Library/Frameworks/VideoToolbox.framework/Versions/A/VideoToolbox
0x000000002e52f000 	/System/Library/PrivateFrameworks/CoreAUC.framework/Versions/A/CoreAUC
0x000000002e52f000 	/usr/lib/libspindump.dylib
0x000000002e52f000 	/usr/lib/libdscsym.dylib
0x000000002e52f000 	/System/Library/PrivateFrameworks/AppleVA.framework/Versions/A/AppleVA
0x000000002e52f000 	/System/Library/Frameworks/Accelerate.framework/Versions/A/Frameworks/vImage.framework/Versions/A/Libraries/libCGInterfaces.dylib
0x000000002e52f000 	/System/Library/PrivateFrameworks/FamilyControls.framework/Versions/A/FamilyControls
0x000000002e52f000 	/System/Library/PrivateFrameworks/CommerceKit.framework/Versions/A/Frameworks/CommerceCore.framework/Versions/A/CommerceCore
0x000000002e52f000 	/System/Library/PrivateFrameworks/SystemAdministration.framework/Versions/A/SystemAdministration
0x000000002e52f000 	/System/Library/PrivateFrameworks/AppContainer.framework/Versions/A/AppContainer
0x000000002e52f000 	/System/Library/PrivateFrameworks/SecCodeWrapper.framework/Versions/A/SecCodeWrapper
0x000000002e52f000 	/System/Library/PrivateFrameworks/DiskManagement.framework/Versions/A/DiskManagement
0x000000002e52f000 	/System/Library/Frameworks/DirectoryService.framework/Versions/A/DirectoryService
0x000000002e52f000 	/System/Library/PrivateFrameworks/DiskImages.framework/Versions/A/DiskImages
0x000000002e52f000 	/System/Library/PrivateFrameworks/LoginUIKit.framework/Versions/A/Frameworks/LoginUICore.framework/Versions/A/LoginUICore
0x000000002e52f000 	/usr/lib/libCoreStorage.dylib
0x000000002e52f000 	/usr/lib/libcsfde.dylib
0x000000002e52f000 	/usr/lib/libodfde.dylib
0x000000002e52f000 	/System/Library/PrivateFrameworks/MediaKit.framework/Versions/A/MediaKit
0x000000002e52f000 	/System/Library/Frameworks/DiscRecording.framework/Versions/A/DiscRecording
0x000000002e52f000 	/System/Library/PrivateFrameworks/EFILogin.framework/Versions/A/EFILogin
0x000000002e52f000 	/System/Library/PrivateFrameworks/ProtectedCloudStorage.framework/Versions/A/ProtectedCloudStorage
0x000000002e52f000 	/usr/lib/libcurl.4.dylib
0x000000002e52f000 	/usr/lib/libssl.35.dylib
0x000000002e52f000 	/System/Library/Frameworks/LDAP.framework/Versions/A/LDAP
0x000000002e52f000 	/usr/lib/libsasl2.2.dylib
0x000000002e52f000 	/System/Library/PrivateFrameworks/CoreDaemon.framework/Versions/B/CoreDaemon
0x000000002e52f000 	/System/Library/PrivateFrameworks/AppleSRP.framework/Versions/A/AppleSRP
0x000000011f434000 	/Users/Christine/git/TrafficControlSystem/lib/libopencv_java340.dylib
0x000000011f59d000 	/usr/local/Cellar/opencv/3.4.0_1/lib/libopencv_xphoto.3.4.dylib
0x000000011f634000 	/usr/local/Cellar/opencv/3.4.0_1/lib/libopencv_img_hash.3.4.dylib
0x000000011f64a000 	/usr/local/Cellar/opencv/3.4.0_1/lib/libopencv_bioinspired.3.4.dylib
0x000000011f694000 	/usr/local/Cellar/opencv/3.4.0_1/lib/libopencv_structured_light.3.4.dylib
0x000000011f6af000 	/usr/local/Cellar/opencv/3.4.0_1/lib/libopencv_xfeatures2d.3.4.dylib
0x000000011f99d000 	/usr/local/Cellar/opencv/3.4.0_1/lib/libopencv_ximgproc.3.4.dylib
0x000000011fbd6000 	/usr/local/Cellar/opencv/3.4.0_1/lib/libopencv_aruco.3.4.dylib
0x000000011fc33000 	/usr/local/Cellar/opencv/3.4.0_1/lib/libopencv_face.3.4.dylib
0x000000011fce3000 	/usr/local/opt/tbb/lib/libtbb.dylib
0x000000011fd1d000 	/usr/local/Cellar/opencv/3.4.0_1/lib/libopencv_phase_unwrapping.3.4.dylib
0x000000011fd27000 	/usr/local/Cellar/opencv/3.4.0_1/lib/libopencv_shape.3.4.dylib
0x000000011fd5b000 	/usr/local/Cellar/opencv/3.4.0_1/lib/libopencv_calib3d.3.4.dylib
0x000000011ff11000 	/usr/local/Cellar/opencv/3.4.0_1/lib/libopencv_objdetect.3.4.dylib
0x000000011ff84000 	/usr/local/Cellar/opencv/3.4.0_1/lib/libopencv_photo.3.4.dylib
0x000000012004f000 	/usr/local/Cellar/opencv/3.4.0_1/lib/libopencv_tracking.3.4.dylib
0x000000012024d000 	/usr/local/Cellar/opencv/3.4.0_1/lib/libopencv_plot.3.4.dylib
0x0000000120258000 	/usr/local/Cellar/opencv/3.4.0_1/lib/libopencv_video.3.4.dylib
0x00000001202b8000 	/usr/local/Cellar/opencv/3.4.0_1/lib/libopencv_datasets.3.4.dylib
0x0000000120314000 	/usr/local/Cellar/opencv/3.4.0_1/lib/libopencv_text.3.4.dylib
0x0000000120456000 	/usr/local/Cellar/opencv/3.4.0_1/lib/libopencv_ml.3.4.dylib
0x000000012050d000 	/usr/local/Cellar/opencv/3.4.0_1/lib/libopencv_dnn.3.4.dylib
0x00000001208bd000 	/usr/local/Cellar/opencv/3.4.0_1/lib/libopencv_features2d.3.4.dylib
0x000000012097e000 	/usr/local/Cellar/opencv/3.4.0_1/lib/libopencv_flann.3.4.dylib
0x00000001209de000 	/usr/local/Cellar/opencv/3.4.0_1/lib/libopencv_highgui.3.4.dylib
0x00000001209f4000 	/usr/local/Cellar/opencv/3.4.0_1/lib/libopencv_videoio.3.4.dylib
0x0000000120a23000 	/usr/local/Cellar/opencv/3.4.0_1/lib/libopencv_imgcodecs.3.4.dylib
0x0000000120ae9000 	/usr/local/Cellar/opencv/3.4.0_1/lib/libopencv_imgproc.3.4.dylib
0x00000001230c6000 	/usr/local/Cellar/opencv/3.4.0_1/lib/libopencv_core.3.4.dylib
0x0000000123d3a000 	/usr/local/opt/ffmpeg/lib/libavcodec.57.dylib
0x0000000124fcb000 	/usr/local/opt/ffmpeg/lib/libavformat.57.dylib
0x000000012517d000 	/usr/local/opt/ffmpeg/lib/libavutil.55.dylib
0x00000001251e6000 	/usr/local/opt/ffmpeg/lib/libswscale.4.dylib
0x0000000125265000 	/usr/local/opt/ffmpeg/lib/libavresample.3.dylib
0x000000002e52f000 	/System/Library/Frameworks/VideoDecodeAcceleration.framework/Versions/A/VideoDecodeAcceleration
0x000000002e52f000 	/System/Library/Frameworks/AVFoundation.framework/Versions/A/AVFoundation
0x0000000125286000 	/usr/local/opt/libpng/lib/libpng16.16.dylib
0x00000001252b2000 	/usr/local/opt/libtiff/lib/libtiff.5.dylib
0x000000012531b000 	/usr/local/opt/ilmbase/lib/libImath-2_2.12.dylib
0x0000000125329000 	/usr/local/opt/openexr/lib/libIlmImf-2_2.22.dylib
0x0000000125609000 	/usr/local/opt/ilmbase/lib/libIex-2_2.12.dylib
0x000000012561b000 	/usr/local/opt/ilmbase/lib/libHalf.12.dylib
0x000000012565f000 	/usr/local/opt/ilmbase/lib/libIlmThread-2_2.12.dylib
0x0000000125667000 	/usr/local/opt/jpeg/lib/libjpeg.9.dylib
0x000000012569a000 	/usr/local/opt/ilmbase/lib/libIexMath-2_2.12.dylib
0x000000012569f000 	/usr/local/Cellar/ffmpeg/3.4.1/lib/libswresample.2.dylib
0x00000001256bf000 	/usr/local/opt/x264/lib/libx264.148.dylib
0x000000012582d000 	/usr/local/opt/lame/lib/libmp3lame.0.dylib
0x000000002e52f000 	/System/Library/Frameworks/AVFoundation.framework/Versions/A/Frameworks/AVFAudio.framework/Versions/A/AVFAudio
0x000000002e52f000 	/System/Library/PrivateFrameworks/IntlPreferences.framework/Versions/A/IntlPreferences
0x000000002e52f000 	/System/Library/Frameworks/CoreMediaIO.framework/Versions/A/CoreMediaIO
0x000000002e52f000 	/System/Library/PrivateFrameworks/RemoteServiceDiscovery.framework/Versions/A/RemoteServiceDiscovery
0x000000002e52f000 	/System/Library/PrivateFrameworks/RemoteXPC.framework/Versions/A/RemoteXPC
0x000000002e52f000 	/System/Library/PrivateFrameworks/InternationalSupport.framework/Versions/A/InternationalSupport
0x000000002e52f000 	/System/Library/Frameworks/ApplicationServices.framework/Versions/A/Frameworks/ATS.framework/Versions/A/Resources/libTrueTypeScaler.dylib
0x000000002e52f000 	/System/Library/Extensions/AppleIntelBDWGraphicsMTLDriver.bundle/Contents/MacOS/AppleIntelBDWGraphicsMTLDriver
0x000000002e52f000 	/System/Library/PrivateFrameworks/GPUCompiler.framework/Versions/3802/Libraries/libmetal_timestamp.dylib
0x000000012638a000 	/Library/Java/JavaVirtualMachines/jdk1.8.0_111.jdk/Contents/Home/jre/lib/libjavafx_font.dylib
0x000000012afde000 	/Library/Java/JavaVirtualMachines/jdk1.8.0_111.jdk/Contents/Home/jre/lib/libawt.dylib
0x000000012b086000 	/Library/Java/JavaVirtualMachines/jdk1.8.0_111.jdk/Contents/Home/jre/lib/./libmlib_image.dylib
0x000000012b152000 	/Library/Java/JavaVirtualMachines/jdk1.8.0_111.jdk/Contents/Home/jre/lib/libawt_lwawt.dylib
0x000000012b207000 	/Library/Java/JavaVirtualMachines/jdk1.8.0_111.jdk/Contents/Home/jre/lib/./libosxapp.dylib
0x000000002e52f000 	/System/Library/Frameworks/ExceptionHandling.framework/Versions/A/ExceptionHandling
0x000000012b223000 	/Library/Java/JavaVirtualMachines/jdk1.8.0_111.jdk/Contents/Home/jre/lib/libfontmanager.dylib
0x000000002e52f000 	/System/Library/PrivateFrameworks/ViewBridge.framework/Versions/A/ViewBridge
0x00000001270c5000 	/Library/Java/JavaVirtualMachines/jdk1.8.0_111.jdk/Contents/Home/jre/lib/libosxui.dylib
0x0000000130374000 	/Library/Java/JavaVirtualMachines/jdk1.8.0_111.jdk/Contents/Home/jre/lib/libprism_common.dylib
0x0000000131ee6000 	/Library/Java/JavaVirtualMachines/jdk1.8.0_111.jdk/Contents/Home/jre/lib/libnio.dylib
0x0000000131ef6000 	/Library/Java/JavaVirtualMachines/jdk1.8.0_111.jdk/Contents/Home/jre/lib/./libnet.dylib

VM Arguments:
jvm_args: -Djava.library.path=/Users/Christine/git/TrafficControlSystem/lib -Dfile.encoding=UTF-8 
java_command: application.Main
java_class_path (initial): /Users/Christine/git/TrafficControlSystem/bin:/Applications/Eclipse.app/Contents/Eclipse/plugins/org.junit_4.12.0.v201504281640/junit.jar:/Applications/Eclipse.app/Contents/Eclipse/plugins/org.hamcrest.core_1.3.0.v201303031735.jar:/Users/Christine/git/TrafficControlSystem/lib/opencv-340.jar
Launcher Type: SUN_STANDARD

Environment Variables:
PATH=/usr/bin:/bin:/usr/sbin:/sbin
SHELL=/bin/bash
DISPLAY=/private/tmp/com.apple.launchd.Zt5aKShPx8/org.macosforge.xquartz:0

Signal Handlers:
SIGSEGV: [libjvm.dylib+0x5b03ed], sa_mask[0]=11111111011111110111111111111111, sa_flags=SA_ONSTACK|SA_RESTART|SA_SIGINFO
SIGBUS: [libjvm.dylib+0x5b03ed], sa_mask[0]=11111111011111110111111111111111, sa_flags=SA_RESTART|SA_SIGINFO
SIGFPE: [libjvm.dylib+0x48711c], sa_mask[0]=11111111011111110111111111111111, sa_flags=SA_RESTART|SA_SIGINFO
SIGPIPE: [libjvm.dylib+0x48711c], sa_mask[0]=11111111011111110111111111111111, sa_flags=SA_RESTART|SA_SIGINFO
SIGXFSZ: [libjvm.dylib+0x48711c], sa_mask[0]=11111111011111110111111111111111, sa_flags=SA_RESTART|SA_SIGINFO
SIGILL: [libjvm.dylib+0x48711c], sa_mask[0]=11111111011111110111111111111111, sa_flags=SA_RESTART|SA_SIGINFO
SIGUSR1: SIG_DFL, sa_mask[0]=00000000000000000000000000000000, sa_flags=none
SIGUSR2: [libjvm.dylib+0x486c3a], sa_mask[0]=00100000000000000000000000000000, sa_flags=SA_RESTART|SA_SIGINFO
SIGHUP: [libjvm.dylib+0x485211], sa_mask[0]=11111111011111110111111111111111, sa_flags=SA_RESTART|SA_SIGINFO
SIGINT: [libjvm.dylib+0x485211], sa_mask[0]=11111111011111110111111111111111, sa_flags=SA_RESTART|SA_SIGINFO
SIGTERM: [libjvm.dylib+0x485211], sa_mask[0]=11111111011111110111111111111111, sa_flags=SA_RESTART|SA_SIGINFO
SIGQUIT: [libjvm.dylib+0x485211], sa_mask[0]=11111111011111110111111111111111, sa_flags=SA_RESTART|SA_SIGINFO


---------------  S Y S T E M  ---------------

OS:Bsduname:Darwin 17.4.0 Darwin Kernel Version 17.4.0: Sun Dec 17 09:19:54 PST 2017; root:xnu-4570.41.2~1/RELEASE_X86_64 x86_64
rlimit: STACK 8192k, CORE 0k, NPROC 709, NOFILE 10240, AS infinity
load average:25.82 13.70 9.54

CPU:total 4 (2 cores per cpu, 2 threads per core) family 6 model 61 stepping 4, cmov, cx8, fxsr, mmx, sse, sse2, sse3, ssse3, sse4.1, sse4.2, popcnt, avx, avx2, aes, clmul, erms, 3dnowpref, lzcnt, ht, tsc, tscinvbit, bmi1, bmi2, adx

Memory: 4k page, physical 8388608k(120668k free)

/proc/meminfo:


vm_info: Java HotSpot(TM) 64-Bit Server VM (25.111-b14) for bsd-amd64 JRE (1.8.0_111-b14), built on Sep 22 2016 15:31:41 by "java_re" with gcc 4.2.1 (Based on Apple Inc. build 5658) (LLVM build 2336.11.00)

time: Sat Mar 31 15:57:53 2018
elapsed time: 15 seconds (0d 0h 0m 15s)

