#
# A fatal error has been detected by the Java Runtime Environment:
#
#  SIGSEGV (0xb) at pc=0x000000010e169ac2, pid=284, tid=0x0000000000000307
#
# JRE version: Java(TM) SE Runtime Environment (8.0_111-b14) (build 1.8.0_111-b14)
# Java VM: Java HotSpot(TM) 64-Bit Server VM (25.111-b14 mixed mode bsd-amd64 compressed oops)
# Problematic frame:
# V  [libjvm.dylib+0x169ac2]
#
# Failed to write core dump. Core dumps have been disabled. To enable core dumping, try "ulimit -c unlimited" before starting Java again
#
# If you would like to submit a bug report, please visit:
#   http://bugreport.java.com/bugreport/crash.jsp
#

---------------  T H R E A D  ---------------

Current thread is native thread

siginfo: si_signo: 11 (SIGSEGV), si_code: 1 (SEGV_MAPERR), si_addr: 0x0000000000000270

Registers:
RAX=0x0000000000000000, RBX=0x0000000000000000, RCX=0x000000010e313777, RDX=0x00007fe1789339f8
RSP=0x00007ffee2459f60, RBP=0x00007ffee2459f70, RSI=0x0000000000000006, RDI=0x00007ffee2459fb0
R8 =0x00007fe17b844e30, R9 =0x0000000000000000, R10=0x00007fff90ce6e88, R11=0x00007fe17c436bd0
R12=0x00007fe1789339f8, R13=0x00007fe179c00af0, R14=0x00007fe1789339f8, R15=0x0000000000000000
RIP=0x000000010e169ac2, EFLAGS=0x0000000000010246, ERR=0x0000000000000006
  TRAPNO=0x000000000000000e

Top of Stack: (sp=0x00007ffee2459f60)
0x00007ffee2459f60:   00007fe17c10c8e0 00007fe1789339f8
0x00007ffee2459f70:   00007ffee2459fd0 000000010e3137a7
0x00007ffee2459f80:   00007fe177760270 00007fe17c55c280
0x00007ffee2459f90:   00007fe179356c00 00007fe17c55c280
0x00007ffee2459fa0:   00007ffee2459fd0 000000013408b6e9
0x00007ffee2459fb0:   0000000000000000 00007fe177760270
0x00007ffee2459fc0:   00007fe179356c00 00007fe17c55c280
0x00007ffee2459fd0:   00007ffee245a030 0000000133feb8d5
0x00007ffee2459fe0:   00007fff3454753e 0000000000000000
0x00007ffee2459ff0:   411cc9a7d9e6ec19 00007fe179356c00
0x00007ffee245a000:   00007ffee245a030 00007fff5cfd2e80
0x00007ffee245a010:   00007fe17c55c280 00007fe179c00af0
0x00007ffee245a020:   00007fe17c561020 00007fe179356c00
0x00007ffee245a030:   00007ffee245a0e0 00007fff41468aa6
0x00007ffee245a040:   00007fe17c55c280 0000000000000000
0x00007ffee245a050:   0000000000000000 00007fe17c55c280
0x00007ffee245a060:   0000000000000000 0000000000000000
0x00007ffee245a070:   00007ffee245a0c0 0000000000000004
0x00007ffee245a080:   0000000000000000 411cc9a7d9e6ec19
0x00007ffee245a090:   0000000000000004 0000000000000000
0x00007ffee245a0a0:   0000000000000000 00007ffee245a0c0
0x00007ffee245a0b0:   00007fe17c55c280 00007fff5cfd2e80
0x00007ffee245a0c0:   0000000000000004 0000000000000000
0x00007ffee245a0d0:   00007fe17c55c280 00007fff3454753e
0x00007ffee245a0e0:   00007ffee245a150 00007fff41468107
0x00007ffee245a0f0:   0000000000000000 0000000000000000
0x00007ffee245a100:   4082c00000000000 4082c00000000000
0x00007ffee245a110:   4082c00000000000 4082c00000000000
0x00007ffee245a120:   3ff0000000000000 00007ffee245a220
0x00007ffee245a130:   00007fff5cfd2e80 0000000000000000
0x00007ffee245a140:   00007fff34549539 00007fe179d00700
0x00007ffee245a150:   00007ffee245b220 00007fff41409e63 

Instructions: (pc=0x000000010e169ac2)
0x000000010e169aa2:   0e 48 8b 0b 49 8b 56 18 48 63 c0 48 89 0c c2 5b
0x000000010e169ab2:   41 5e 5d c3 90 90 55 48 89 e5 41 56 53 48 8b 1f
0x000000010e169ac2:   c7 83 70 02 00 00 05 00 00 00 48 8d 05 e5 57 78
0x000000010e169ad2:   00 8b 00 83 f8 01 41 89 f6 75 0c 48 8d 0d 32 c3 

Register to memory mapping:

RAX=0x0000000000000000 is an unknown value
RBX=0x0000000000000000 is an unknown value
RCX=0x000000010e313777: jni_NewLocalRef+0 in /Library/Java/JavaVirtualMachines/jdk1.8.0_111.jdk/Contents/Home/jre/lib/server/libjvm.dylib at 0x000000010e000000
RDX=0x00007fe1789339f8 is an unknown value
RSP=0x00007ffee2459f60 is an unknown value
RBP=0x00007ffee2459f70 is an unknown value
RSI=0x0000000000000006 is an unknown value
RDI=0x00007ffee2459fb0 is an unknown value
R8 =0x00007fe17b844e30 is an unknown value
R9 =0x0000000000000000 is an unknown value
R10=0x00007fff90ce6e88: OBJC_CLASS_$_JNFJObjectWrapper+0 in /System/Library/Frameworks/JavaVM.framework/Versions/A/Frameworks/JavaNativeFoundation.framework/Versions/A/JavaNativeFoundation at 0x00007fff39eb6000
R11=0x00007fe17c436bd0 is an unknown value
R12=0x00007fe1789339f8 is an unknown value
R13=0x00007fe179c00af0 is an unknown value
R14=0x00007fe1789339f8 is an unknown value
R15=0x0000000000000000 is an unknown value


Stack: [0x00007ffee1c5e000,0x00007ffee245e000],  sp=0x00007ffee2459f60,  free space=8175k
Native frames: (J=compiled Java code, j=interpreted, Vv=VM code, C=native code)
V  [libjvm.dylib+0x169ac2]
V  [libjvm.dylib+0x3137a7]
C  [libawt_lwawt.dylib+0x198d5]  -[CGLLayer drawInCGLContext:pixelFormat:forLayerTime:displayTime:]+0xee
C  [QuartzCore+0x70aa6]  _ZL17CAOpenGLLayerDrawP13CAOpenGLLayerdPK11CVTimeStampj+0x7a7
C  [QuartzCore+0x70107]  -[CAOpenGLLayer _display]+0x235
C  [QuartzCore+0x11e63]  _ZN2CA5Layer17display_if_neededEPNS_11TransactionE+0x279
C  [QuartzCore+0x11921]  _ZN2CA5Layer28layout_and_display_if_neededEPNS_11TransactionE+0x23
C  [QuartzCore+0x109ac]  _ZN2CA7Context18commit_transactionEPNS_11TransactionE+0x146
C  [QuartzCore+0x1054d]  _ZN2CA11Transaction6commitEv+0x1e7
C  [QuartzCore+0x1c0c2]  _ZN2CA11Transaction17observer_callbackEP19__CFRunLoopObservermPv+0x42
C  [CoreFoundation+0xa2fa7]  __CFRUNLOOP_IS_CALLING_OUT_TO_AN_OBSERVER_CALLBACK_FUNCTION__+0x17
C  [CoreFoundation+0xa2ecf]  __CFRunLoopDoObservers+0x20f
C  [CoreFoundation+0x855f0]  __CFRunLoopRun+0x640
C  [CoreFoundation+0x84d23]  CFRunLoopRunSpecific+0x1e3
C  [java+0x6465]  CreateExecutionEnvironment+0x367
C  [java+0x218c]  JLI_Launch+0x7a0
C  [java+0x84c2]  main+0x65
C  [java+0x19e4]  start+0x34


---------------  P R O C E S S  ---------------

VM state:not at safepoint (normal execution)

VM Mutex/Monitor currently owned by a thread: None

Heap:
 PSYoungGen      total 38400K, used 31633K [0x0000000795580000, 0x0000000799c80000, 0x00000007c0000000)
  eden space 33280K, 95% used [0x0000000795580000,0x0000000797464508,0x0000000797600000)
  from space 5120K, 0% used [0x0000000797600000,0x0000000797600000,0x0000000797b00000)
  to   space 5120K, 0% used [0x0000000799780000,0x0000000799780000,0x0000000799c80000)
 ParOldGen       total 181248K, used 82870K [0x0000000740000000, 0x000000074b100000, 0x0000000795580000)
  object space 181248K, 45% used [0x0000000740000000,0x00000007450eda90,0x000000074b100000)
 Metaspace       used 22638K, capacity 23560K, committed 23808K, reserved 1069056K
  class space    used 3029K, capacity 3225K, committed 3328K, reserved 1048576K

Card table byte_map: [0x000000010f3d6000,0x000000010f7d7000] byte_map_base: 0x000000010b9d6000

Marking Bits: (ParMarkBitMap*) 0x000000010e8efd20
 Begin Bits: [0x000000010fa82000, 0x0000000111a82000)
 End Bits:   [0x0000000111a82000, 0x0000000113a82000)

Polling page: 0x000000010d7e9000

CodeCache: size=245760Kb used=7320Kb max_used=7328Kb free=238439Kb
 bounds [0x0000000116a23000, 0x0000000117153000, 0x0000000125a23000]
 total_blobs=3261 nmethods=2395 adapters=779
 compilation: enabled

Compilation events (10 events):
Event: 13.324 Thread 0x00007fe17803b800 2391 %     4       java.util.Arrays::fill @ 10 (28 bytes)
Event: 13.324 Thread 0x00007fe17782a000 2392       4       simulator.MotorVehicle::distToIntersection (88 bytes)
Event: 13.326 Thread 0x00007fe17782a000 nmethod 2392 0x000000011713d950 code [0x000000011713dac0, 0x000000011713dbf8]
Event: 13.326 Thread 0x00007fe17782a000 2393   !   4       simulator.MotorVehicle::$SWITCH_TABLE$simulator$MotorVehicle$Direction (74 bytes)
Event: 13.327 Thread 0x00007fe17782a000 nmethod 2393 0x000000011713e310 code [0x000000011713e460, 0x000000011713e4d8]
Event: 13.328 Thread 0x00007fe17803b800 nmethod 2391% 0x000000011713df50 code [0x000000011713e0a0, 0x000000011713e238]
Event: 13.517 Thread 0x00007fe17901e800 2394       3       javafx.stage.Window::buildEventDispatchChain (32 bytes)
Event: 13.517 Thread 0x00007fe17901e800 nmethod 2394 0x000000011713c690 code [0x000000011713c820, 0x000000011713cc38]
Event: 13.550 Thread 0x00007fe17901e800 2395       3       jdk.internal.org.objectweb.asm.ClassWriter::visit (121 bytes)
Event: 13.551 Thread 0x00007fe17901e800 nmethod 2395 0x000000011714e350 code [0x000000011714e540, 0x000000011714ec18]

GC Heap History (10 events):
Event: 2.589 GC heap before
{Heap before GC invocations=1 (full 0):
 PSYoungGen      total 38400K, used 33280K [0x0000000795580000, 0x0000000798000000, 0x00000007c0000000)
  eden space 33280K, 100% used [0x0000000795580000,0x0000000797600000,0x0000000797600000)
  from space 5120K, 0% used [0x0000000797b00000,0x0000000797b00000,0x0000000798000000)
  to   space 5120K, 0% used [0x0000000797600000,0x0000000797600000,0x0000000797b00000)
 ParOldGen       total 87552K, used 0K [0x0000000740000000, 0x0000000745580000, 0x0000000795580000)
  object space 87552K, 0% used [0x0000000740000000,0x0000000740000000,0x0000000745580000)
 Metaspace       used 16252K, capacity 17076K, committed 17408K, reserved 1064960K
  class space    used 2264K, capacity 2463K, committed 2560K, reserved 1048576K
Event: 2.602 GC heap after
Heap after GC invocations=1 (full 0):
 PSYoungGen      total 38400K, used 4875K [0x0000000795580000, 0x0000000798000000, 0x00000007c0000000)
  eden space 33280K, 0% used [0x0000000795580000,0x0000000795580000,0x0000000797600000)
  from space 5120K, 95% used [0x0000000797600000,0x0000000797ac2fc0,0x0000000797b00000)
  to   space 5120K, 0% used [0x0000000797b00000,0x0000000797b00000,0x0000000798000000)
 ParOldGen       total 87552K, used 80K [0x0000000740000000, 0x0000000745580000, 0x0000000795580000)
  object space 87552K, 0% used [0x0000000740000000,0x0000000740014010,0x0000000745580000)
 Metaspace       used 16252K, capacity 17076K, committed 17408K, reserved 1064960K
  class space    used 2264K, capacity 2463K, committed 2560K, reserved 1048576K
}
Event: 3.317 GC heap before
{Heap before GC invocations=2 (full 0):
 PSYoungGen      total 38400K, used 13745K [0x0000000795580000, 0x0000000798000000, 0x00000007c0000000)
  eden space 33280K, 26% used [0x0000000795580000,0x0000000795e294a0,0x0000000797600000)
  from space 5120K, 95% used [0x0000000797600000,0x0000000797ac2fc0,0x0000000797b00000)
  to   space 5120K, 0% used [0x0000000797b00000,0x0000000797b00000,0x0000000798000000)
 ParOldGen       total 87552K, used 80K [0x0000000740000000, 0x0000000745580000, 0x0000000795580000)
  object space 87552K, 0% used [0x0000000740000000,0x0000000740014010,0x0000000745580000)
 Metaspace       used 20224K, capacity 21076K, committed 21248K, reserved 1067008K
  class space    used 2802K, capacity 3003K, committed 3072K, reserved 1048576K
Event: 3.331 GC heap after
Heap after GC invocations=2 (full 0):
 PSYoungGen      total 38400K, used 5104K [0x0000000795580000, 0x000000079a080000, 0x00000007c0000000)
  eden space 33280K, 0% used [0x0000000795580000,0x0000000795580000,0x0000000797600000)
  from space 5120K, 99% used [0x0000000797b00000,0x0000000797ffc040,0x0000000798000000)
  to   space 5120K, 0% used [0x0000000797600000,0x0000000797600000,0x0000000797b00000)
 ParOldGen       total 87552K, used 6375K [0x0000000740000000, 0x0000000745580000, 0x0000000795580000)
  object space 87552K, 7% used [0x0000000740000000,0x0000000740639c90,0x0000000745580000)
 Metaspace       used 20224K, capacity 21076K, committed 21248K, reserved 1067008K
  class space    used 2802K, capacity 3003K, committed 3072K, reserved 1048576K
}
Event: 3.331 GC heap before
{Heap before GC invocations=3 (full 1):
 PSYoungGen      total 38400K, used 5104K [0x0000000795580000, 0x000000079a080000, 0x00000007c0000000)
  eden space 33280K, 0% used [0x0000000795580000,0x0000000795580000,0x0000000797600000)
  from space 5120K, 99% used [0x0000000797b00000,0x0000000797ffc040,0x0000000798000000)
  to   space 5120K, 0% used [0x0000000797600000,0x0000000797600000,0x0000000797b00000)
 ParOldGen       total 87552K, used 6375K [0x0000000740000000, 0x0000000745580000, 0x0000000795580000)
  object space 87552K, 7% used [0x0000000740000000,0x0000000740639c90,0x0000000745580000)
 Metaspace       used 20224K, capacity 21076K, committed 21248K, reserved 1067008K
  class space    used 2802K, capacity 3003K, committed 3072K, reserved 1048576K
Event: 3.372 GC heap after
Heap after GC invocations=3 (full 1):
 PSYoungGen      total 38400K, used 0K [0x0000000795580000, 0x000000079a080000, 0x00000007c0000000)
  eden space 33280K, 0% used [0x0000000795580000,0x0000000795580000,0x0000000797600000)
  from space 5120K, 0% used [0x0000000797b00000,0x0000000797b00000,0x0000000798000000)
  to   space 5120K, 0% used [0x0000000797600000,0x0000000797600000,0x0000000797b00000)
 ParOldGen       total 68096K, used 8928K [0x0000000740000000, 0x0000000744280000, 0x0000000795580000)
  object space 68096K, 13% used [0x0000000740000000,0x00000007408b8080,0x0000000744280000)
 Metaspace       used 20224K, capacity 21076K, committed 21248K, reserved 1067008K
  class space    used 2802K, capacity 3003K, committed 3072K, reserved 1048576K
}
Event: 3.619 GC heap before
{Heap before GC invocations=4 (full 1):
 PSYoungGen      total 38400K, used 33280K [0x0000000795580000, 0x000000079a080000, 0x00000007c0000000)
  eden space 33280K, 100% used [0x0000000795580000,0x0000000797600000,0x0000000797600000)
  from space 5120K, 0% used [0x0000000797b00000,0x0000000797b00000,0x0000000798000000)
  to   space 5120K, 0% used [0x0000000797600000,0x0000000797600000,0x0000000797b00000)
 ParOldGen       total 68096K, used 8928K [0x0000000740000000, 0x0000000744280000, 0x0000000795580000)
  object space 68096K, 13% used [0x0000000740000000,0x00000007408b8080,0x0000000744280000)
 Metaspace       used 20741K, capacity 21652K, committed 21760K, reserved 1069056K
  class space    used 2859K, capacity 3067K, committed 3072K, reserved 1048576K
Event: 3.711 GC heap after
Heap after GC invocations=4 (full 1):
 PSYoungGen      total 38400K, used 128K [0x0000000795580000, 0x0000000799c80000, 0x00000007c0000000)
  eden space 33280K, 0% used [0x0000000795580000,0x0000000795580000,0x0000000797600000)
  from space 5120K, 2% used [0x0000000797600000,0x0000000797620000,0x0000000797b00000)
  to   space 5120K, 0% used [0x0000000799780000,0x0000000799780000,0x0000000799c80000)
 ParOldGen       total 93184K, used 82794K [0x0000000740000000, 0x0000000745b00000, 0x0000000795580000)
  object space 93184K, 88% used [0x0000000740000000,0x00000007450daaf8,0x0000000745b00000)
 Metaspace       used 20741K, capacity 21652K, committed 21760K, reserved 1069056K
  class space    used 2859K, capacity 3067K, committed 3072K, reserved 1048576K
}
Event: 3.711 GC heap before
{Heap before GC invocations=5 (full 2):
 PSYoungGen      total 38400K, used 128K [0x0000000795580000, 0x0000000799c80000, 0x00000007c0000000)
  eden space 33280K, 0% used [0x0000000795580000,0x0000000795580000,0x0000000797600000)
  from space 5120K, 2% used [0x0000000797600000,0x0000000797620000,0x0000000797b00000)
  to   space 5120K, 0% used [0x0000000799780000,0x0000000799780000,0x0000000799c80000)
 ParOldGen       total 93184K, used 82794K [0x0000000740000000, 0x0000000745b00000, 0x0000000795580000)
  object space 93184K, 88% used [0x0000000740000000,0x00000007450daaf8,0x0000000745b00000)
 Metaspace       used 20741K, capacity 21652K, committed 21760K, reserved 1069056K
  class space    used 2859K, capacity 3067K, committed 3072K, reserved 1048576K
Event: 3.745 GC heap after
Heap after GC invocations=5 (full 2):
 PSYoungGen      total 38400K, used 0K [0x0000000795580000, 0x0000000799c80000, 0x00000007c0000000)
  eden space 33280K, 0% used [0x0000000795580000,0x0000000795580000,0x0000000797600000)
  from space 5120K, 0% used [0x0000000797600000,0x0000000797600000,0x0000000797b00000)
  to   space 5120K, 0% used [0x0000000799780000,0x0000000799780000,0x0000000799c80000)
 ParOldGen       total 181248K, used 33631K [0x0000000740000000, 0x000000074b100000, 0x0000000795580000)
  object space 181248K, 18% used [0x0000000740000000,0x00000007420d7e40,0x000000074b100000)
 Metaspace       used 20741K, capacity 21652K, committed 21760K, reserved 1069056K
  class space    used 2859K, capacity 3067K, committed 3072K, reserved 1048576K
}

Deoptimization events (10 events):
Event: 2.488 Thread 0x00007fe178933800 Uncommon trap: reason=unstable_if action=reinterpret pc=0x0000000116df7830 method=java.util.HashMap.isEmpty()Z @ 4
Event: 2.726 Thread 0x00007fe178040800 Uncommon trap: reason=unstable_if action=reinterpret pc=0x0000000116cf9f94 method=sun.net.www.ParseUtil.encodePath(Ljava/lang/String;Z)Ljava/lang/String; @ 109
Event: 3.063 Thread 0x00007fe1792a6800 Uncommon trap: reason=unstable_if action=reinterpret pc=0x0000000116cd0188 method=java.lang.AbstractStringBuilder.append(Ljava/lang/String;)Ljava/lang/AbstractStringBuilder; @ 1
Event: 3.064 Thread 0x00007fe1792a6800 Uncommon trap: reason=unstable_if action=reinterpret pc=0x0000000116c3f594 method=java.lang.AbstractStringBuilder.append(Ljava/lang/String;)Ljava/lang/AbstractStringBuilder; @ 1
Event: 3.379 Thread 0x00007fe1792a6800 Uncommon trap: reason=class_check action=maybe_recompile pc=0x0000000116d99368 method=java.util.HashMap.putVal(ILjava/lang/Object;Ljava/lang/Object;ZZ)Ljava/lang/Object; @ 253
Event: 3.379 Thread 0x00007fe1792a6800 Uncommon trap: reason=class_check action=maybe_recompile pc=0x0000000116d99368 method=java.util.HashMap.putVal(ILjava/lang/Object;Ljava/lang/Object;ZZ)Ljava/lang/Object; @ 253
Event: 3.379 Thread 0x00007fe1792a6800 Uncommon trap: reason=class_check action=maybe_recompile pc=0x0000000116d99368 method=java.util.HashMap.putVal(ILjava/lang/Object;Ljava/lang/Object;ZZ)Ljava/lang/Object; @ 253
Event: 3.379 Thread 0x00007fe1792a6800 Uncommon trap: reason=class_check action=maybe_recompile pc=0x0000000116d99368 method=java.util.HashMap.putVal(ILjava/lang/Object;Ljava/lang/Object;ZZ)Ljava/lang/Object; @ 253
Event: 4.053 Thread 0x00007fe1792a6800 Uncommon trap: reason=unstable_if action=reinterpret pc=0x0000000116f206f8 method=simulator.simulatorSetUp.run()V @ 44
Event: 13.549 Thread 0x00007fe178933800 Uncommon trap: reason=unstable_if action=reinterpret pc=0x000000011712b964 method=java.util.concurrent.locks.ReentrantLock$Sync.tryRelease(I)Z @ 28

Internal exceptions (10 events):
Event: 1.266 Thread 0x00007fe178933800 Exception <a 'java/lang/ArrayIndexOutOfBoundsException'> (0x00000007967a21c8) thrown at [/Users/java_re/workspace/8-2-build-macosx-x86_64/jdk8u111/7883/hotspot/src/share/vm/runtime/sharedRuntime.cpp, line 605]
Event: 1.266 Thread 0x00007fe178933800 Exception <a 'java/lang/ArrayIndexOutOfBoundsException'> (0x00000007967a2ce0) thrown at [/Users/java_re/workspace/8-2-build-macosx-x86_64/jdk8u111/7883/hotspot/src/share/vm/runtime/sharedRuntime.cpp, line 605]
Event: 1.266 Thread 0x00007fe178933800 Exception <a 'java/lang/ArrayIndexOutOfBoundsException'> (0x00000007967a4088) thrown at [/Users/java_re/workspace/8-2-build-macosx-x86_64/jdk8u111/7883/hotspot/src/share/vm/runtime/sharedRuntime.cpp, line 605]
Event: 1.540 Thread 0x00007fe178933800 Implicit null exception at 0x0000000116ca68b5 to 0x0000000116ca6ab1
Event: 1.615 Thread 0x00007fe178933800 Exception <a 'java/io/FileNotFoundException'> (0x0000000796b8a4e8) thrown at [/Users/java_re/workspace/8-2-build-macosx-x86_64/jdk8u111/7883/hotspot/src/share/vm/prims/jni.cpp, line 709]
Event: 1.615 Thread 0x00007fe178933800 Exception <a 'java/io/FileNotFoundException'> (0x0000000796b8b070) thrown at [/Users/java_re/workspace/8-2-build-macosx-x86_64/jdk8u111/7883/hotspot/src/share/vm/prims/jni.cpp, line 709]
Event: 1.853 Thread 0x00007fe178933800 Exception <a 'java/io/FileNotFoundException'> (0x0000000796dac310) thrown at [/Users/java_re/workspace/8-2-build-macosx-x86_64/jdk8u111/7883/hotspot/src/share/vm/prims/jni.cpp, line 709]
Event: 3.063 Thread 0x00007fe1792a6800 Implicit null exception at 0x0000000116ccfdb5 to 0x0000000116cd0175
Event: 3.064 Thread 0x00007fe1792a6800 Implicit null exception at 0x0000000116c3f1b6 to 0x0000000116c3f57d
Event: 3.373 Thread 0x00007fe179003800 Exception <a 'java/lang/NullPointerException'> (0x0000000795609a80) thrown at [/Users/java_re/workspace/8-2-build-macosx-x86_64/jdk8u111/7883/hotspot/src/share/vm/interpreter/linkResolver.cpp, line 1178]

Events (10 events):
Event: 13.549 Thread 0x00007fe178933800 Uncommon trap: trap_request=0xffffff65 fr.pc=0x000000011712b964
Event: 13.549 Thread 0x00007fe178933800 DEOPT PACKING pc=0x000000011712b964 sp=0x00007ffee2457b30
Event: 13.549 Thread 0x00007fe178933800 DEOPT UNPACKING pc=0x0000000116a28229 sp=0x00007ffee2457ad8 mode 2
Event: 13.549 loading class com/sun/javafx/tk/quantum/QuantumToolkit
Event: 13.549 loading class com/sun/javafx/tk/quantum/QuantumToolkit done
Event: 13.549 Thread 0x00007fe178040800 Thread exited: 0x00007fe178040800
Event: 13.550 Thread 0x00007fe1790d6800 Thread exited: 0x00007fe1790d6800
Event: 13.550 Thread 0x00007fe177803800 Thread exited: 0x00007fe177803800
Event: 13.550 Thread 0x00007fe178d02800 Thread added: 0x00007fe178d02800
Event: 13.550 Thread 0x00007fe178933800 Thread exited: 0x00007fe178933800


Dynamic libraries:
0x000000000e8a2000 	/System/Library/Frameworks/Cocoa.framework/Versions/A/Cocoa
0x000000000e8a2000 	/System/Library/Frameworks/Security.framework/Versions/A/Security
0x000000000e8a2000 	/System/Library/Frameworks/ApplicationServices.framework/Versions/A/ApplicationServices
0x000000000e8a2000 	/usr/lib/libz.1.dylib
0x000000000e8a2000 	/usr/lib/libSystem.B.dylib
0x000000000e8a2000 	/usr/lib/libobjc.A.dylib
0x000000000e8a2000 	/System/Library/Frameworks/CoreFoundation.framework/Versions/A/CoreFoundation
0x000000000e8a2000 	/System/Library/Frameworks/Foundation.framework/Versions/C/Foundation
0x000000000e8a2000 	/System/Library/Frameworks/AppKit.framework/Versions/C/AppKit
0x000000000e8a2000 	/System/Library/Frameworks/CoreData.framework/Versions/A/CoreData
0x000000000e8a2000 	/System/Library/PrivateFrameworks/RemoteViewServices.framework/Versions/A/RemoteViewServices
0x000000000e8a2000 	/System/Library/PrivateFrameworks/UIFoundation.framework/Versions/A/UIFoundation
0x000000000e8a2000 	/System/Library/PrivateFrameworks/DFRFoundation.framework/Versions/A/DFRFoundation
0x000000000e8a2000 	/System/Library/Frameworks/Metal.framework/Versions/A/Metal
0x000000000e8a2000 	/System/Library/PrivateFrameworks/DesktopServicesPriv.framework/Versions/A/DesktopServicesPriv
0x000000000e8a2000 	/usr/lib/libenergytrace.dylib
0x000000000e8a2000 	/System/Library/PrivateFrameworks/SkyLight.framework/Versions/A/SkyLight
0x000000000e8a2000 	/System/Library/Frameworks/CoreGraphics.framework/Versions/A/CoreGraphics
0x000000000e8a2000 	/usr/lib/libScreenReader.dylib
0x000000000e8a2000 	/System/Library/Frameworks/Accelerate.framework/Versions/A/Accelerate
0x000000000e8a2000 	/System/Library/Frameworks/IOSurface.framework/Versions/A/IOSurface
0x000000000e8a2000 	/System/Library/Frameworks/AudioToolbox.framework/Versions/A/AudioToolbox
0x000000000e8a2000 	/System/Library/Frameworks/AudioUnit.framework/Versions/A/AudioUnit
0x000000000e8a2000 	/System/Library/PrivateFrameworks/DataDetectorsCore.framework/Versions/A/DataDetectorsCore
0x000000000e8a2000 	/System/Library/Frameworks/Carbon.framework/Versions/A/Frameworks/HIToolbox.framework/Versions/A/HIToolbox
0x000000000e8a2000 	/usr/lib/libicucore.A.dylib
0x000000000e8a2000 	/System/Library/Frameworks/QuartzCore.framework/Versions/A/QuartzCore
0x000000000e8a2000 	/System/Library/Frameworks/Carbon.framework/Versions/A/Frameworks/SpeechRecognition.framework/Versions/A/SpeechRecognition
0x000000000e8a2000 	/usr/lib/libauto.dylib
0x000000000e8a2000 	/usr/lib/libxml2.2.dylib
0x000000000e8a2000 	/System/Library/PrivateFrameworks/CoreUI.framework/Versions/A/CoreUI
0x000000000e8a2000 	/System/Library/Frameworks/CoreAudio.framework/Versions/A/CoreAudio
0x000000000e8a2000 	/System/Library/Frameworks/DiskArbitration.framework/Versions/A/DiskArbitration
0x000000000e8a2000 	/usr/lib/liblangid.dylib
0x000000000e8a2000 	/System/Library/PrivateFrameworks/MultitouchSupport.framework/Versions/A/MultitouchSupport
0x000000000e8a2000 	/System/Library/Frameworks/IOKit.framework/Versions/A/IOKit
0x000000000e8a2000 	/usr/lib/libDiagnosticMessagesClient.dylib
0x000000000e8a2000 	/System/Library/Frameworks/CoreServices.framework/Versions/A/CoreServices
0x000000000e8a2000 	/System/Library/PrivateFrameworks/PerformanceAnalysis.framework/Versions/A/PerformanceAnalysis
0x000000000e8a2000 	/System/Library/Frameworks/OpenGL.framework/Versions/A/OpenGL
0x000000000e8a2000 	/System/Library/Frameworks/ColorSync.framework/Versions/A/ColorSync
0x000000000e8a2000 	/System/Library/Frameworks/CoreImage.framework/Versions/A/CoreImage
0x000000000e8a2000 	/System/Library/Frameworks/CoreText.framework/Versions/A/CoreText
0x000000000e8a2000 	/System/Library/Frameworks/ImageIO.framework/Versions/A/ImageIO
0x000000000e8a2000 	/System/Library/PrivateFrameworks/Backup.framework/Versions/A/Backup
0x000000000e8a2000 	/usr/lib/libarchive.2.dylib
0x000000000e8a2000 	/System/Library/Frameworks/CFNetwork.framework/Versions/A/CFNetwork
0x000000000e8a2000 	/System/Library/Frameworks/SystemConfiguration.framework/Versions/A/SystemConfiguration
0x000000000e8a2000 	/usr/lib/libCRFSuite.dylib
0x000000000e8a2000 	/usr/lib/libc++.1.dylib
0x000000000e8a2000 	/usr/lib/libc++abi.dylib
0x000000000e8a2000 	/usr/lib/system/libcache.dylib
0x000000000e8a2000 	/usr/lib/system/libcommonCrypto.dylib
0x000000000e8a2000 	/usr/lib/system/libcompiler_rt.dylib
0x000000000e8a2000 	/usr/lib/system/libcopyfile.dylib
0x000000000e8a2000 	/usr/lib/system/libcorecrypto.dylib
0x000000000e8a2000 	/usr/lib/system/libdispatch.dylib
0x000000000e8a2000 	/usr/lib/system/libdyld.dylib
0x000000000e8a2000 	/usr/lib/system/libkeymgr.dylib
0x000000000e8a2000 	/usr/lib/system/liblaunch.dylib
0x000000000e8a2000 	/usr/lib/system/libmacho.dylib
0x000000000e8a2000 	/usr/lib/system/libquarantine.dylib
0x000000000e8a2000 	/usr/lib/system/libremovefile.dylib
0x000000000e8a2000 	/usr/lib/system/libsystem_asl.dylib
0x000000000e8a2000 	/usr/lib/system/libsystem_blocks.dylib
0x000000000e8a2000 	/usr/lib/system/libsystem_c.dylib
0x000000000e8a2000 	/usr/lib/system/libsystem_configuration.dylib
0x000000000e8a2000 	/usr/lib/system/libsystem_coreservices.dylib
0x000000000e8a2000 	/usr/lib/system/libsystem_darwin.dylib
0x000000000e8a2000 	/usr/lib/system/libsystem_dnssd.dylib
0x000000000e8a2000 	/usr/lib/system/libsystem_info.dylib
0x000000000e8a2000 	/usr/lib/system/libsystem_m.dylib
0x000000000e8a2000 	/usr/lib/system/libsystem_malloc.dylib
0x000000000e8a2000 	/usr/lib/system/libsystem_network.dylib
0x000000000e8a2000 	/usr/lib/system/libsystem_networkextension.dylib
0x000000000e8a2000 	/usr/lib/system/libsystem_notify.dylib
0x000000000e8a2000 	/usr/lib/system/libsystem_sandbox.dylib
0x000000000e8a2000 	/usr/lib/system/libsystem_secinit.dylib
0x000000000e8a2000 	/usr/lib/system/libsystem_kernel.dylib
0x000000000e8a2000 	/usr/lib/system/libsystem_platform.dylib
0x000000000e8a2000 	/usr/lib/system/libsystem_pthread.dylib
0x000000000e8a2000 	/usr/lib/system/libsystem_symptoms.dylib
0x000000000e8a2000 	/usr/lib/system/libsystem_trace.dylib
0x000000000e8a2000 	/usr/lib/system/libunwind.dylib
0x000000000e8a2000 	/usr/lib/system/libxpc.dylib
0x000000000e8a2000 	/usr/lib/closure/libclosured.dylib
0x000000000e8a2000 	/usr/lib/libbsm.0.dylib
0x000000000e8a2000 	/usr/lib/system/libkxld.dylib
0x000000000e8a2000 	/usr/lib/libOpenScriptingUtil.dylib
0x000000000e8a2000 	/usr/lib/libcoretls.dylib
0x000000000e8a2000 	/usr/lib/libcoretls_cfhelpers.dylib
0x000000000e8a2000 	/usr/lib/libpam.2.dylib
0x000000000e8a2000 	/usr/lib/libsqlite3.dylib
0x000000000e8a2000 	/usr/lib/libxar.1.dylib
0x000000000e8a2000 	/usr/lib/libbz2.1.0.dylib
0x000000000e8a2000 	/usr/lib/liblzma.5.dylib
0x000000000e8a2000 	/usr/lib/libnetwork.dylib
0x000000000e8a2000 	/usr/lib/libapple_nghttp2.dylib
0x000000000e8a2000 	/usr/lib/libpcap.A.dylib
0x000000000e8a2000 	/usr/lib/libboringssl.dylib
0x000000000e8a2000 	/usr/lib/libusrtcp.dylib
0x000000000e8a2000 	/usr/lib/libapple_crypto.dylib
0x000000000e8a2000 	/System/Library/Frameworks/CoreServices.framework/Versions/A/Frameworks/FSEvents.framework/Versions/A/FSEvents
0x000000000e8a2000 	/System/Library/Frameworks/CoreServices.framework/Versions/A/Frameworks/CarbonCore.framework/Versions/A/CarbonCore
0x000000000e8a2000 	/System/Library/Frameworks/CoreServices.framework/Versions/A/Frameworks/Metadata.framework/Versions/A/Metadata
0x000000000e8a2000 	/System/Library/Frameworks/CoreServices.framework/Versions/A/Frameworks/OSServices.framework/Versions/A/OSServices
0x000000000e8a2000 	/System/Library/Frameworks/CoreServices.framework/Versions/A/Frameworks/SearchKit.framework/Versions/A/SearchKit
0x000000000e8a2000 	/System/Library/Frameworks/CoreServices.framework/Versions/A/Frameworks/AE.framework/Versions/A/AE
0x000000000e8a2000 	/System/Library/Frameworks/CoreServices.framework/Versions/A/Frameworks/LaunchServices.framework/Versions/A/LaunchServices
0x000000000e8a2000 	/System/Library/Frameworks/CoreServices.framework/Versions/A/Frameworks/DictionaryServices.framework/Versions/A/DictionaryServices
0x000000000e8a2000 	/System/Library/Frameworks/CoreServices.framework/Versions/A/Frameworks/SharedFileList.framework/Versions/A/SharedFileList
0x000000000e8a2000 	/System/Library/Frameworks/NetFS.framework/Versions/A/NetFS
0x000000000e8a2000 	/System/Library/PrivateFrameworks/NetAuth.framework/Versions/A/NetAuth
0x000000000e8a2000 	/System/Library/PrivateFrameworks/login.framework/Versions/A/Frameworks/loginsupport.framework/Versions/A/loginsupport
0x000000000e8a2000 	/System/Library/PrivateFrameworks/TCC.framework/Versions/A/TCC
0x000000000e8a2000 	/usr/lib/libmecabra.dylib
0x000000000e8a2000 	/System/Library/Frameworks/ApplicationServices.framework/Versions/A/Frameworks/ATS.framework/Versions/A/ATS
0x000000000e8a2000 	/System/Library/Frameworks/ApplicationServices.framework/Versions/A/Frameworks/ColorSyncLegacy.framework/Versions/A/ColorSyncLegacy
0x000000000e8a2000 	/System/Library/Frameworks/ApplicationServices.framework/Versions/A/Frameworks/HIServices.framework/Versions/A/HIServices
0x000000000e8a2000 	/System/Library/Frameworks/ApplicationServices.framework/Versions/A/Frameworks/LangAnalysis.framework/Versions/A/LangAnalysis
0x000000000e8a2000 	/System/Library/Frameworks/ApplicationServices.framework/Versions/A/Frameworks/PrintCore.framework/Versions/A/PrintCore
0x000000000e8a2000 	/System/Library/Frameworks/ApplicationServices.framework/Versions/A/Frameworks/QD.framework/Versions/A/QD
0x000000000e8a2000 	/System/Library/Frameworks/ApplicationServices.framework/Versions/A/Frameworks/SpeechSynthesis.framework/Versions/A/SpeechSynthesis
0x000000000e8a2000 	/System/Library/Frameworks/CoreDisplay.framework/Versions/A/CoreDisplay
0x000000000e8a2000 	/System/Library/Frameworks/Accelerate.framework/Versions/A/Frameworks/vImage.framework/Versions/A/vImage
0x000000000e8a2000 	/System/Library/Frameworks/Accelerate.framework/Versions/A/Frameworks/vecLib.framework/Versions/A/vecLib
0x000000000e8a2000 	/System/Library/Frameworks/Accelerate.framework/Versions/A/Frameworks/vecLib.framework/Versions/A/libvDSP.dylib
0x000000000e8a2000 	/System/Library/Frameworks/Accelerate.framework/Versions/A/Frameworks/vecLib.framework/Versions/A/libBNNS.dylib
0x000000000e8a2000 	/System/Library/Frameworks/Accelerate.framework/Versions/A/Frameworks/vecLib.framework/Versions/A/libQuadrature.dylib
0x000000000e8a2000 	/System/Library/Frameworks/Accelerate.framework/Versions/A/Frameworks/vecLib.framework/Versions/A/libvMisc.dylib
0x000000000e8a2000 	/System/Library/Frameworks/Accelerate.framework/Versions/A/Frameworks/vecLib.framework/Versions/A/libLAPACK.dylib
0x000000000e8a2000 	/System/Library/Frameworks/Accelerate.framework/Versions/A/Frameworks/vecLib.framework/Versions/A/libBLAS.dylib
0x000000000e8a2000 	/System/Library/Frameworks/Accelerate.framework/Versions/A/Frameworks/vecLib.framework/Versions/A/libLinearAlgebra.dylib
0x000000000e8a2000 	/System/Library/Frameworks/Accelerate.framework/Versions/A/Frameworks/vecLib.framework/Versions/A/libSparse.dylib
0x000000000e8a2000 	/System/Library/Frameworks/Accelerate.framework/Versions/A/Frameworks/vecLib.framework/Versions/A/libSparseBLAS.dylib
0x000000000e8a2000 	/System/Library/PrivateFrameworks/IOAccelerator.framework/Versions/A/IOAccelerator
0x000000000e8a2000 	/System/Library/PrivateFrameworks/IOPresentment.framework/Versions/A/IOPresentment
0x000000000e8a2000 	/System/Library/PrivateFrameworks/DSExternalDisplay.framework/Versions/A/DSExternalDisplay
0x000000000e8a2000 	/System/Library/Frameworks/OpenGL.framework/Versions/A/Libraries/libCoreFSCache.dylib
0x000000000e8a2000 	/System/Library/Frameworks/CoreVideo.framework/Versions/A/CoreVideo
0x000000000e8a2000 	/System/Library/PrivateFrameworks/GraphVisualizer.framework/Versions/A/GraphVisualizer
0x000000000e8a2000 	/System/Library/Frameworks/MetalPerformanceShaders.framework/Versions/A/MetalPerformanceShaders
0x000000000e8a2000 	/usr/lib/libFosl_dynamic.dylib
0x000000000e8a2000 	/System/Library/PrivateFrameworks/FaceCore.framework/Versions/A/FaceCore
0x000000000e8a2000 	/System/Library/Frameworks/OpenCL.framework/Versions/A/OpenCL
0x000000000e8a2000 	/usr/lib/libcompression.dylib
0x000000000e8a2000 	/System/Library/Frameworks/ApplicationServices.framework/Versions/A/Frameworks/ATS.framework/Versions/A/Resources/libFontParser.dylib
0x000000000e8a2000 	/System/Library/Frameworks/ApplicationServices.framework/Versions/A/Frameworks/ATS.framework/Versions/A/Resources/libFontRegistry.dylib
0x000000000e8a2000 	/System/Library/Frameworks/ImageIO.framework/Versions/A/Resources/libJPEG.dylib
0x000000000e8a2000 	/System/Library/Frameworks/ImageIO.framework/Versions/A/Resources/libTIFF.dylib
0x000000000e8a2000 	/System/Library/Frameworks/ImageIO.framework/Versions/A/Resources/libPng.dylib
0x000000000e8a2000 	/System/Library/Frameworks/ImageIO.framework/Versions/A/Resources/libGIF.dylib
0x000000000e8a2000 	/System/Library/Frameworks/ImageIO.framework/Versions/A/Resources/libJP2.dylib
0x000000000e8a2000 	/System/Library/Frameworks/ImageIO.framework/Versions/A/Resources/libRadiance.dylib
0x000000000e8a2000 	/System/Library/PrivateFrameworks/AppleJPEG.framework/Versions/A/AppleJPEG
0x000000000e8a2000 	/System/Library/PrivateFrameworks/MetalTools.framework/Versions/A/MetalTools
0x000000000e8a2000 	/System/Library/Frameworks/MetalPerformanceShaders.framework/Frameworks/MPSCore.framework/Versions/A/MPSCore
0x000000000e8a2000 	/System/Library/Frameworks/MetalPerformanceShaders.framework/Frameworks/MPSImage.framework/Versions/A/MPSImage
0x000000000e8a2000 	/System/Library/Frameworks/MetalPerformanceShaders.framework/Frameworks/MPSMatrix.framework/Versions/A/MPSMatrix
0x000000000e8a2000 	/System/Library/Frameworks/MetalPerformanceShaders.framework/Frameworks/MPSNeuralNetwork.framework/Versions/A/MPSNeuralNetwork
0x000000000e8a2000 	/System/Library/Frameworks/OpenGL.framework/Versions/A/Libraries/libGLU.dylib
0x000000000e8a2000 	/System/Library/Frameworks/OpenGL.framework/Versions/A/Libraries/libGFXShared.dylib
0x000000000e8a2000 	/System/Library/Frameworks/OpenGL.framework/Versions/A/Libraries/libGL.dylib
0x000000000e8a2000 	/System/Library/Frameworks/OpenGL.framework/Versions/A/Libraries/libGLImage.dylib
0x000000000e8a2000 	/System/Library/Frameworks/OpenGL.framework/Versions/A/Libraries/libCVMSPluginSupport.dylib
0x000000000e8a2000 	/System/Library/Frameworks/OpenGL.framework/Versions/A/Libraries/libCoreVMClient.dylib
0x000000000e8a2000 	/usr/lib/libcups.2.dylib
0x000000000e8a2000 	/System/Library/Frameworks/Kerberos.framework/Versions/A/Kerberos
0x000000000e8a2000 	/System/Library/Frameworks/GSS.framework/Versions/A/GSS
0x000000000e8a2000 	/usr/lib/libresolv.9.dylib
0x000000000e8a2000 	/usr/lib/libiconv.2.dylib
0x000000000e8a2000 	/System/Library/PrivateFrameworks/Heimdal.framework/Versions/A/Heimdal
0x000000000e8a2000 	/usr/lib/libheimdal-asn1.dylib
0x000000000e8a2000 	/System/Library/Frameworks/OpenDirectory.framework/Versions/A/OpenDirectory
0x000000000e8a2000 	/System/Library/PrivateFrameworks/CommonAuth.framework/Versions/A/CommonAuth
0x000000000e8a2000 	/System/Library/Frameworks/OpenDirectory.framework/Versions/A/Frameworks/CFOpenDirectory.framework/Versions/A/CFOpenDirectory
0x000000000e8a2000 	/System/Library/Frameworks/SecurityFoundation.framework/Versions/A/SecurityFoundation
0x000000000e8a2000 	/System/Library/PrivateFrameworks/APFS.framework/Versions/A/APFS
0x000000000e8a2000 	/usr/lib/libutil.dylib
0x000000000e8a2000 	/System/Library/PrivateFrameworks/AppleSauce.framework/Versions/A/AppleSauce
0x000000000e8a2000 	/System/Library/PrivateFrameworks/LinguisticData.framework/Versions/A/LinguisticData
0x000000000e8a2000 	/usr/lib/libmarisa.dylib
0x000000000e8a2000 	/System/Library/PrivateFrameworks/Lexicon.framework/Versions/A/Lexicon
0x000000000e8a2000 	/usr/lib/libChineseTokenizer.dylib
0x000000000e8a2000 	/usr/lib/libcmph.dylib
0x000000000e8a2000 	/System/Library/PrivateFrameworks/LanguageModeling.framework/Versions/A/LanguageModeling
0x000000000e8a2000 	/System/Library/PrivateFrameworks/CoreEmoji.framework/Versions/A/CoreEmoji
0x000000000e8a2000 	/System/Library/Frameworks/ServiceManagement.framework/Versions/A/ServiceManagement
0x000000000e8a2000 	/System/Library/PrivateFrameworks/BackgroundTaskManagement.framework/Versions/A/BackgroundTaskManagement
0x000000000e8a2000 	/usr/lib/libxslt.1.dylib
0x000000000e8a2000 	/System/Library/Frameworks/Carbon.framework/Versions/A/Frameworks/Ink.framework/Versions/A/Ink
0x000000000e8a2000 	/System/Library/PrivateFrameworks/TextureIO.framework/Versions/A/TextureIO
0x000000000e8a2000 	/usr/lib/libate.dylib
0x000000000e8a2000 	/System/Library/PrivateFrameworks/CrashReporterSupport.framework/Versions/A/CrashReporterSupport
0x000000000e8a2000 	/System/Library/PrivateFrameworks/Sharing.framework/Versions/A/Sharing
0x000000000e8a2000 	/System/Library/PrivateFrameworks/IconServices.framework/Versions/A/IconServices
0x000000000e8a2000 	/System/Library/PrivateFrameworks/ProtocolBuffer.framework/Versions/A/ProtocolBuffer
0x000000000e8a2000 	/System/Library/PrivateFrameworks/Apple80211.framework/Versions/A/Apple80211
0x000000000e8a2000 	/System/Library/Frameworks/CoreWLAN.framework/Versions/A/CoreWLAN
0x000000000e8a2000 	/System/Library/PrivateFrameworks/CoreUtils.framework/Versions/A/CoreUtils
0x000000000e8a2000 	/System/Library/Frameworks/IOBluetooth.framework/Versions/A/IOBluetooth
0x000000000e8a2000 	/System/Library/PrivateFrameworks/CoreWiFi.framework/Versions/A/CoreWiFi
0x000000000e8a2000 	/System/Library/Frameworks/CoreBluetooth.framework/Versions/A/CoreBluetooth
0x000000000e8a2000 	/System/Library/PrivateFrameworks/SignpostNotification.framework/Versions/A/SignpostNotification
0x000000000e8a2000 	/System/Library/PrivateFrameworks/DebugSymbols.framework/Versions/A/DebugSymbols
0x000000000e8a2000 	/System/Library/PrivateFrameworks/CoreSymbolication.framework/Versions/A/CoreSymbolication
0x000000000e8a2000 	/System/Library/PrivateFrameworks/Symbolication.framework/Versions/A/Symbolication
0x000000000e8a2000 	/System/Library/PrivateFrameworks/AppleFSCompression.framework/Versions/A/AppleFSCompression
0x000000000e8a2000 	/System/Library/PrivateFrameworks/SpeechRecognitionCore.framework/Versions/A/SpeechRecognitionCore
0x000000010e000000 	/Library/Java/JavaVirtualMachines/jdk1.8.0_111.jdk/Contents/Home/jre/lib/server/libjvm.dylib
0x000000000e8a2000 	/usr/lib/libstdc++.6.0.9.dylib
0x000000010d7db000 	/Library/Java/JavaVirtualMachines/jdk1.8.0_111.jdk/Contents/Home/jre/lib/libverify.dylib
0x000000010efa1000 	/Library/Java/JavaVirtualMachines/jdk1.8.0_111.jdk/Contents/Home/jre/lib/libjava.dylib
0x000000010d7f3000 	/Library/Java/JavaVirtualMachines/jdk1.8.0_111.jdk/Contents/Home/jre/lib/libzip.dylib
0x000000000e8a2000 	/System/Library/Frameworks/JavaVM.framework/Versions/A/Frameworks/JavaRuntimeSupport.framework/Versions/A/JavaRuntimeSupport
0x000000000e8a2000 	/System/Library/Frameworks/JavaVM.framework/Versions/A/Frameworks/JavaNativeFoundation.framework/Versions/A/JavaNativeFoundation
0x000000000e8a2000 	/System/Library/Frameworks/JavaVM.framework/Versions/A/JavaVM
0x000000000e8a2000 	/System/Library/Frameworks/Carbon.framework/Versions/A/Carbon
0x000000000e8a2000 	/System/Library/PrivateFrameworks/JavaLaunching.framework/Versions/A/JavaLaunching
0x000000000e8a2000 	/System/Library/Frameworks/Carbon.framework/Versions/A/Frameworks/CommonPanels.framework/Versions/A/CommonPanels
0x000000000e8a2000 	/System/Library/Frameworks/Carbon.framework/Versions/A/Frameworks/Help.framework/Versions/A/Help
0x000000000e8a2000 	/System/Library/Frameworks/Carbon.framework/Versions/A/Frameworks/ImageCapture.framework/Versions/A/ImageCapture
0x000000000e8a2000 	/System/Library/Frameworks/Carbon.framework/Versions/A/Frameworks/OpenScripting.framework/Versions/A/OpenScripting
0x000000000e8a2000 	/System/Library/Frameworks/Carbon.framework/Versions/A/Frameworks/Print.framework/Versions/A/Print
0x000000000e8a2000 	/System/Library/Frameworks/Carbon.framework/Versions/A/Frameworks/SecurityHI.framework/Versions/A/SecurityHI
0x0000000115a51000 	/Library/Java/JavaVirtualMachines/jdk1.8.0_111.jdk/Contents/Home/jre/lib/libprism_es2.dylib
0x000000000e8a2000 	/System/Library/PrivateFrameworks/CoreServicesInternal.framework/Versions/A/CoreServicesInternal
0x000000000e8a2000 	/System/Library/Frameworks/OpenGL.framework/Versions/A/Resources/GLEngine.bundle/GLEngine
0x000000000e8a2000 	/System/Library/Frameworks/OpenGL.framework/Versions/A/Libraries/libGLProgrammability.dylib
0x0000000115afa000 	/System/Library/Extensions/AppleIntelBDWGraphicsGLDriver.bundle/Contents/MacOS/AppleIntelBDWGraphicsGLDriver
0x000000000e8a2000 	/System/Library/PrivateFrameworks/GPUSupport.framework/Versions/A/Libraries/libGPUSupportMercury.dylib
0x000000000e8a2000 	/System/Library/Frameworks/OpenGL.framework/Versions/A/Resources/GLRendererFloat.bundle/GLRendererFloat
0x000000000e8a2000 	/System/Library/Frameworks/OpenCL.framework/Versions/A/Libraries/libcldcpuengine.dylib
0x000000000e8a2000 	/usr/lib/libcrypto.35.dylib
0x000000000e8a2000 	/System/Library/PrivateFrameworks/TrustEvaluationAgent.framework/Versions/A/TrustEvaluationAgent
0x0000000116643000 	/Library/Java/JavaVirtualMachines/jdk1.8.0_111.jdk/Contents/Home/jre/lib/libglass.dylib
0x000000000e8a2000 	/System/Library/CoreServices/RawCamera.bundle/Contents/MacOS/RawCamera
0x000000000e8a2000 	/System/Library/PrivateFrameworks/MobileAsset.framework/Versions/A/MobileAsset
0x000000000e8a2000 	/System/Library/PrivateFrameworks/StreamingZip.framework/Versions/A/StreamingZip
0x000000000e8a2000 	/System/Library/Frameworks/MediaToolbox.framework/Versions/A/MediaToolbox
0x000000000e8a2000 	/System/Library/PrivateFrameworks/CoreAVCHD.framework/Versions/A/CoreAVCHD
0x000000000e8a2000 	/System/Library/Frameworks/MediaAccessibility.framework/Versions/A/MediaAccessibility
0x000000000e8a2000 	/System/Library/PrivateFrameworks/Mangrove.framework/Versions/A/Mangrove
0x000000000e8a2000 	/System/Library/Frameworks/CoreMedia.framework/Versions/A/CoreMedia
0x000000000e8a2000 	/System/Library/Frameworks/VideoToolbox.framework/Versions/A/VideoToolbox
0x000000000e8a2000 	/System/Library/PrivateFrameworks/CoreAUC.framework/Versions/A/CoreAUC
0x000000000e8a2000 	/usr/lib/libspindump.dylib
0x000000000e8a2000 	/usr/lib/libdscsym.dylib
0x000000000e8a2000 	/System/Library/PrivateFrameworks/AppleVA.framework/Versions/A/AppleVA
0x000000000e8a2000 	/System/Library/Frameworks/Accelerate.framework/Versions/A/Frameworks/vImage.framework/Versions/A/Libraries/libCGInterfaces.dylib
0x000000000e8a2000 	/System/Library/PrivateFrameworks/FamilyControls.framework/Versions/A/FamilyControls
0x000000000e8a2000 	/System/Library/PrivateFrameworks/CommerceKit.framework/Versions/A/Frameworks/CommerceCore.framework/Versions/A/CommerceCore
0x000000000e8a2000 	/System/Library/PrivateFrameworks/SystemAdministration.framework/Versions/A/SystemAdministration
0x000000000e8a2000 	/System/Library/PrivateFrameworks/AppContainer.framework/Versions/A/AppContainer
0x000000000e8a2000 	/System/Library/PrivateFrameworks/SecCodeWrapper.framework/Versions/A/SecCodeWrapper
0x000000000e8a2000 	/System/Library/PrivateFrameworks/DiskManagement.framework/Versions/A/DiskManagement
0x000000000e8a2000 	/System/Library/Frameworks/DirectoryService.framework/Versions/A/DirectoryService
0x000000000e8a2000 	/System/Library/PrivateFrameworks/DiskImages.framework/Versions/A/DiskImages
0x000000000e8a2000 	/System/Library/PrivateFrameworks/LoginUIKit.framework/Versions/A/Frameworks/LoginUICore.framework/Versions/A/LoginUICore
0x000000000e8a2000 	/usr/lib/libCoreStorage.dylib
0x000000000e8a2000 	/usr/lib/libcsfde.dylib
0x000000000e8a2000 	/usr/lib/libodfde.dylib
0x000000000e8a2000 	/System/Library/PrivateFrameworks/MediaKit.framework/Versions/A/MediaKit
0x000000000e8a2000 	/System/Library/Frameworks/DiscRecording.framework/Versions/A/DiscRecording
0x000000000e8a2000 	/System/Library/PrivateFrameworks/EFILogin.framework/Versions/A/EFILogin
0x000000000e8a2000 	/System/Library/PrivateFrameworks/ProtectedCloudStorage.framework/Versions/A/ProtectedCloudStorage
0x000000000e8a2000 	/usr/lib/libcurl.4.dylib
0x000000000e8a2000 	/usr/lib/libssl.35.dylib
0x000000000e8a2000 	/System/Library/Frameworks/LDAP.framework/Versions/A/LDAP
0x000000000e8a2000 	/usr/lib/libsasl2.2.dylib
0x000000000e8a2000 	/System/Library/PrivateFrameworks/CoreDaemon.framework/Versions/B/CoreDaemon
0x000000000e8a2000 	/System/Library/PrivateFrameworks/AppleSRP.framework/Versions/A/AppleSRP
0x0000000129859000 	/Users/Christine/git/TrafficControlSystem/lib/libopencv_java340.dylib
0x00000001299c2000 	/usr/local/Cellar/opencv/3.4.0_1/lib/libopencv_xphoto.3.4.dylib
0x0000000129a59000 	/usr/local/Cellar/opencv/3.4.0_1/lib/libopencv_img_hash.3.4.dylib
0x0000000129a6f000 	/usr/local/Cellar/opencv/3.4.0_1/lib/libopencv_bioinspired.3.4.dylib
0x0000000129ab9000 	/usr/local/Cellar/opencv/3.4.0_1/lib/libopencv_structured_light.3.4.dylib
0x0000000129ad4000 	/usr/local/Cellar/opencv/3.4.0_1/lib/libopencv_xfeatures2d.3.4.dylib
0x0000000129dc2000 	/usr/local/Cellar/opencv/3.4.0_1/lib/libopencv_ximgproc.3.4.dylib
0x0000000129ffb000 	/usr/local/Cellar/opencv/3.4.0_1/lib/libopencv_aruco.3.4.dylib
0x000000012a058000 	/usr/local/Cellar/opencv/3.4.0_1/lib/libopencv_face.3.4.dylib
0x000000012a108000 	/usr/local/opt/tbb/lib/libtbb.dylib
0x000000012a142000 	/usr/local/Cellar/opencv/3.4.0_1/lib/libopencv_phase_unwrapping.3.4.dylib
0x000000012a14c000 	/usr/local/Cellar/opencv/3.4.0_1/lib/libopencv_shape.3.4.dylib
0x000000012a180000 	/usr/local/Cellar/opencv/3.4.0_1/lib/libopencv_calib3d.3.4.dylib
0x000000012a336000 	/usr/local/Cellar/opencv/3.4.0_1/lib/libopencv_objdetect.3.4.dylib
0x000000012a3a9000 	/usr/local/Cellar/opencv/3.4.0_1/lib/libopencv_photo.3.4.dylib
0x000000012a474000 	/usr/local/Cellar/opencv/3.4.0_1/lib/libopencv_tracking.3.4.dylib
0x000000012a672000 	/usr/local/Cellar/opencv/3.4.0_1/lib/libopencv_plot.3.4.dylib
0x000000012a67d000 	/usr/local/Cellar/opencv/3.4.0_1/lib/libopencv_video.3.4.dylib
0x000000012a6dd000 	/usr/local/Cellar/opencv/3.4.0_1/lib/libopencv_datasets.3.4.dylib
0x000000012a739000 	/usr/local/Cellar/opencv/3.4.0_1/lib/libopencv_text.3.4.dylib
0x000000012a87b000 	/usr/local/Cellar/opencv/3.4.0_1/lib/libopencv_ml.3.4.dylib
0x000000012a932000 	/usr/local/Cellar/opencv/3.4.0_1/lib/libopencv_dnn.3.4.dylib
0x000000012ace2000 	/usr/local/Cellar/opencv/3.4.0_1/lib/libopencv_features2d.3.4.dylib
0x000000012ada3000 	/usr/local/Cellar/opencv/3.4.0_1/lib/libopencv_flann.3.4.dylib
0x000000012ae03000 	/usr/local/Cellar/opencv/3.4.0_1/lib/libopencv_highgui.3.4.dylib
0x000000012ae19000 	/usr/local/Cellar/opencv/3.4.0_1/lib/libopencv_videoio.3.4.dylib
0x000000012ae48000 	/usr/local/Cellar/opencv/3.4.0_1/lib/libopencv_imgcodecs.3.4.dylib
0x000000012af0e000 	/usr/local/Cellar/opencv/3.4.0_1/lib/libopencv_imgproc.3.4.dylib
0x000000012d4eb000 	/usr/local/Cellar/opencv/3.4.0_1/lib/libopencv_core.3.4.dylib
0x000000012e15f000 	/usr/local/opt/ffmpeg/lib/libavcodec.57.dylib
0x000000012f3f0000 	/usr/local/opt/ffmpeg/lib/libavformat.57.dylib
0x000000012f5a2000 	/usr/local/opt/ffmpeg/lib/libavutil.55.dylib
0x000000012f60b000 	/usr/local/opt/ffmpeg/lib/libswscale.4.dylib
0x000000012f68a000 	/usr/local/opt/ffmpeg/lib/libavresample.3.dylib
0x000000000e8a2000 	/System/Library/Frameworks/VideoDecodeAcceleration.framework/Versions/A/VideoDecodeAcceleration
0x000000000e8a2000 	/System/Library/Frameworks/AVFoundation.framework/Versions/A/AVFoundation
0x000000012f6ab000 	/usr/local/opt/libpng/lib/libpng16.16.dylib
0x000000012f6d7000 	/usr/local/opt/libtiff/lib/libtiff.5.dylib
0x000000012f740000 	/usr/local/opt/ilmbase/lib/libImath-2_2.12.dylib
0x000000012f74e000 	/usr/local/opt/openexr/lib/libIlmImf-2_2.22.dylib
0x000000012fa2e000 	/usr/local/opt/ilmbase/lib/libIex-2_2.12.dylib
0x000000012fa40000 	/usr/local/opt/ilmbase/lib/libHalf.12.dylib
0x0000000127b70000 	/usr/local/opt/ilmbase/lib/libIlmThread-2_2.12.dylib
0x000000012fa84000 	/usr/local/opt/jpeg/lib/libjpeg.9.dylib
0x000000011697e000 	/usr/local/opt/ilmbase/lib/libIexMath-2_2.12.dylib
0x000000012fab7000 	/usr/local/Cellar/ffmpeg/3.4.1/lib/libswresample.2.dylib
0x000000012fad7000 	/usr/local/opt/x264/lib/libx264.148.dylib
0x000000012fc45000 	/usr/local/opt/lame/lib/libmp3lame.0.dylib
0x000000000e8a2000 	/System/Library/Frameworks/AVFoundation.framework/Versions/A/Frameworks/AVFAudio.framework/Versions/A/AVFAudio
0x000000000e8a2000 	/System/Library/PrivateFrameworks/IntlPreferences.framework/Versions/A/IntlPreferences
0x000000000e8a2000 	/System/Library/Frameworks/CoreMediaIO.framework/Versions/A/CoreMediaIO
0x000000000e8a2000 	/System/Library/PrivateFrameworks/RemoteServiceDiscovery.framework/Versions/A/RemoteServiceDiscovery
0x000000000e8a2000 	/System/Library/PrivateFrameworks/RemoteXPC.framework/Versions/A/RemoteXPC
0x000000000e8a2000 	/System/Library/PrivateFrameworks/InternationalSupport.framework/Versions/A/InternationalSupport
0x0000000133a9b000 	/Library/Java/JavaVirtualMachines/jdk1.8.0_111.jdk/Contents/Home/jre/lib/libjavafx_font.dylib
0x000000000e8a2000 	/System/Library/Frameworks/ApplicationServices.framework/Versions/A/Frameworks/ATS.framework/Versions/A/Resources/libTrueTypeScaler.dylib
0x0000000133e5e000 	/Library/Java/JavaVirtualMachines/jdk1.8.0_111.jdk/Contents/Home/jre/lib/libawt.dylib
0x0000000133f06000 	/Library/Java/JavaVirtualMachines/jdk1.8.0_111.jdk/Contents/Home/jre/lib/./libmlib_image.dylib
0x0000000133fd2000 	/Library/Java/JavaVirtualMachines/jdk1.8.0_111.jdk/Contents/Home/jre/lib/libawt_lwawt.dylib
0x0000000134087000 	/Library/Java/JavaVirtualMachines/jdk1.8.0_111.jdk/Contents/Home/jre/lib/./libosxapp.dylib
0x000000000e8a2000 	/System/Library/Frameworks/ExceptionHandling.framework/Versions/A/ExceptionHandling
0x00000001340a3000 	/Library/Java/JavaVirtualMachines/jdk1.8.0_111.jdk/Contents/Home/jre/lib/libfontmanager.dylib
0x000000000e8a2000 	/System/Library/Extensions/AppleIntelBDWGraphicsMTLDriver.bundle/Contents/MacOS/AppleIntelBDWGraphicsMTLDriver
0x000000013986d000 	/Library/Java/JavaVirtualMachines/jdk1.8.0_111.jdk/Contents/Home/jre/lib/libosxui.dylib
0x000000000e8a2000 	/System/Library/PrivateFrameworks/GPUCompiler.framework/Versions/3802/Libraries/libmetal_timestamp.dylib
0x000000013a497000 	/Library/Java/JavaVirtualMachines/jdk1.8.0_111.jdk/Contents/Home/jre/lib/libprism_common.dylib
0x000000000e8a2000 	/System/Library/PrivateFrameworks/ViewBridge.framework/Versions/A/ViewBridge
0x000000013f106000 	/Library/Java/JavaVirtualMachines/jdk1.8.0_111.jdk/Contents/Home/jre/lib/libnio.dylib
0x000000013f116000 	/Library/Java/JavaVirtualMachines/jdk1.8.0_111.jdk/Contents/Home/jre/lib/./libnet.dylib

VM Arguments:
jvm_args: -Djava.library.path=/Users/Christine/git/TrafficControlSystem/lib -Dfile.encoding=UTF-8 
java_command: application.Main
java_class_path (initial): /Users/Christine/git/TrafficControlSystem/bin:/Applications/Eclipse.app/Contents/Eclipse/plugins/org.junit_4.12.0.v201504281640/junit.jar:/Applications/Eclipse.app/Contents/Eclipse/plugins/org.hamcrest.core_1.3.0.v201303031735.jar:/Users/Christine/git/TrafficControlSystem/lib/opencv-340.jar
Launcher Type: SUN_STANDARD

Environment Variables:
PATH=/usr/bin:/bin:/usr/sbin:/sbin
SHELL=/bin/bash
DISPLAY=/private/tmp/com.apple.launchd.5mYIWFAAFb/org.macosforge.xquartz:0

Signal Handlers:
SIGSEGV: [libjvm.dylib+0x5b03ed], sa_mask[0]=11111111011111110111111111111111, sa_flags=SA_ONSTACK|SA_RESTART|SA_SIGINFO
SIGBUS: [libjvm.dylib+0x5b03ed], sa_mask[0]=11111111011111110111111111111111, sa_flags=SA_RESTART|SA_SIGINFO
SIGFPE: [libjvm.dylib+0x48711c], sa_mask[0]=11111111011111110111111111111111, sa_flags=SA_RESTART|SA_SIGINFO
SIGPIPE: [libjvm.dylib+0x48711c], sa_mask[0]=11111111011111110111111111111111, sa_flags=SA_RESTART|SA_SIGINFO
SIGXFSZ: [libjvm.dylib+0x48711c], sa_mask[0]=11111111011111110111111111111111, sa_flags=SA_RESTART|SA_SIGINFO
SIGILL: [libjvm.dylib+0x48711c], sa_mask[0]=11111111011111110111111111111111, sa_flags=SA_RESTART|SA_SIGINFO
SIGUSR1: SIG_DFL, sa_mask[0]=00000000000000000000000000000000, sa_flags=none
SIGUSR2: [libjvm.dylib+0x486c3a], sa_mask[0]=00100000000000000000000000000000, sa_flags=SA_RESTART|SA_SIGINFO
SIGHUP: [libjvm.dylib+0x485211], sa_mask[0]=11111111011111110111111111111111, sa_flags=SA_RESTART|SA_SIGINFO
SIGINT: [libjvm.dylib+0x485211], sa_mask[0]=11111111011111110111111111111111, sa_flags=SA_RESTART|SA_SIGINFO
SIGTERM: [libjvm.dylib+0x485211], sa_mask[0]=11111111011111110111111111111111, sa_flags=SA_RESTART|SA_SIGINFO
SIGQUIT: [libjvm.dylib+0x485211], sa_mask[0]=11111111011111110111111111111111, sa_flags=SA_RESTART|SA_SIGINFO


---------------  S Y S T E M  ---------------

OS:Bsduname:Darwin 17.3.0 Darwin Kernel Version 17.3.0: Thu Nov  9 18:09:22 PST 2017; root:xnu-4570.31.3~1/RELEASE_X86_64 x86_64
rlimit: STACK 8192k, CORE 0k, NPROC 709, NOFILE 10240, AS infinity
load average:9.48 6.11 6.33

CPU:total 4 (2 cores per cpu, 2 threads per core) family 6 model 61 stepping 4, cmov, cx8, fxsr, mmx, sse, sse2, sse3, ssse3, sse4.1, sse4.2, popcnt, avx, avx2, aes, clmul, erms, 3dnowpref, lzcnt, ht, tsc, tscinvbit, bmi1, bmi2, adx

Memory: 4k page, physical 8388608k(87020k free)

/proc/meminfo:


vm_info: Java HotSpot(TM) 64-Bit Server VM (25.111-b14) for bsd-amd64 JRE (1.8.0_111-b14), built on Sep 22 2016 15:31:41 by "java_re" with gcc 4.2.1 (Based on Apple Inc. build 5658) (LLVM build 2336.11.00)

time: Sat Mar  3 10:55:17 2018
elapsed time: 13 seconds (0d 0h 0m 13s)

