#
# A fatal error has been detected by the Java Runtime Environment:
#
#  SIGSEGV (0xb) at pc=0x00007fff95d9d760, pid=9016, tid=0x0000000000022b43
#
# JRE version: Java(TM) SE Runtime Environment (8.0_121-b13) (build 1.8.0_121-b13)
# Java VM: Java HotSpot(TM) 64-Bit Server VM (25.121-b13 mixed mode bsd-amd64 compressed oops)
# Problematic frame:
# C  [libsystem_platform.dylib+0x1760]  _platform_memmove$VARIANT$Nehalem+0x200
#
# Failed to write core dump. Core dumps have been disabled. To enable core dumping, try "ulimit -c unlimited" before starting Java again
#
# If you would like to submit a bug report, please visit:
#   http://bugreport.java.com/bugreport/crash.jsp
# The crash happened outside the Java Virtual Machine in native code.
# See problematic frame for where to report the bug.
#

---------------  T H R E A D  ---------------

Current thread (0x00007ffa7184e000):  JavaThread "pool-30-thread-1" [_thread_in_native, id=142147, stack(0x0000700004251000,0x0000700004351000)]

siginfo: si_signo: 11 (SIGSEGV), si_code: 1 (SEGV_MAPERR), si_addr: 0x000000012ee1eff0

Registers:
RAX=0x000000012f2a6cb0, RBX=0x00007ffa73e83340, RCX=0x0000000000000004, RDX=0xffffffffffb782d0
RSP=0x000070000434f8b0, RBP=0x000070000434f8b0, RSI=0x00007ffa71417aa0, RDI=0x000000012ee1f000
R8 =0x0000000000000000, R9 =0x0000000000000000, R10=0x0000000000000000, R11=0x000000012f2a5c84
R12=0x0000000000003f50, R13=0xffffffffffffefd4, R14=0x0000000000008000, R15=0x000000012f2a6cb0
RIP=0x00007fff95d9d760, EFLAGS=0x0000000000010282, ERR=0x0000000000000006
  TRAPNO=0x000000000000000e

Top of Stack: (sp=0x000070000434f8b0)
0x000070000434f8b0:   00000000ffffefd4 0000000127cd191d
0x000070000434f8c0:   ffffffffffffffff 0000000000008000
0x000070000434f8d0:   0000000000000000 000000012f2a2c00
0x000070000434f8e0:   00007ffa71b70e00 0000000000000000
0x000070000434f8f0:   00007ffa71b71f10 0000000127d00378
0x000070000434f900:   0000000000000000 00007ffa71b70e00
0x000070000434f910:   00007ffa73e0d620 0000000000000001
0x000070000434f920:   00007ffa71b71f10 0000000127cfefe4
0x000070000434f930:   0000000000000000 0000000000000000
0x000070000434f940:   0000000000000000 000000012f2a2c00
0x000070000434f950:   00007ffa71b71ff0 00007ffa71b71fe8
0x000070000434f960:   00007ffa71b71f10 00007ffa71b71fa8
0x000070000434f970:   0000000000000001 0000000000008000
0x000070000434f980:   0000000000000000 0000000000000000
0x000070000434f990:   0000000000000000 0000000000000000
0x000070000434f9a0:   0000000000000000 0000000000000000
0x000070000434f9b0:   0000000000000000 0000000000000000
0x000070000434f9c0:   0000000000000000 0000000000000000
0x000070000434f9d0:   0000000000000000 0000000000000000
0x000070000434f9e0:   0000000000000000 0000000000000000
0x000070000434f9f0:   0000000000000000 0000000000000000
0x000070000434fa00:   0000000000000000 0000000000000000
0x000070000434fa10:   0000000000000000 0000000000000000
0x000070000434fa20:   0000000000000000 0000000000000000
0x000070000434fa30:   0000000000000000 0000000000000000
0x000070000434fa40:   0000000000000000 0000000000000000
0x000070000434fa50:   0000000000000000 0000000000000000
0x000070000434fa60:   0000000000000000 0000000000000000
0x000070000434fa70:   0000000000000000 0000000000000000
0x000070000434fa80:   0000000000000000 0000000000000000
0x000070000434fa90:   0000000000000000 00007ffa71b71e00
0x000070000434faa0:   000000002f11f000 00000000000000bc 

Instructions: (pc=0x00007fff95d9d760)
0x00007fff95d9d740:   56 e0 0f 10 5e d0 0f 10 66 c0 48 83 ee 40 48 83
0x00007fff95d9d750:   ea 40 77 d2 eb 38 66 2e 0f 1f 84 00 00 00 00 00
0x00007fff95d9d760:   0f 29 4f f0 0f 29 57 e0 0f 29 5f d0 0f 29 67 c0
0x00007fff95d9d770:   48 83 ef 40 0f 28 4e f0 0f 28 56 e0 0f 28 5e d0 

Register to memory mapping:

RAX=0x000000012f2a6cb0 is an unknown value
RBX=0x00007ffa73e83340 is an unknown value
RCX=0x0000000000000004 is an unknown value
RDX=0xffffffffffb782d0 is an unknown value
RSP=0x000070000434f8b0 is pointing into the stack for thread: 0x00007ffa7184e000
RBP=0x000070000434f8b0 is pointing into the stack for thread: 0x00007ffa7184e000
RSI=0x00007ffa71417aa0 is an unknown value
RDI=0x000000012ee1f000 is an unknown value
R8 =0x0000000000000000 is an unknown value
R9 =0x0000000000000000 is an unknown value
R10=0x0000000000000000 is an unknown value
R11=0x000000012f2a5c84 is an unknown value
R12=0x0000000000003f50 is an unknown value
R13=0xffffffffffffefd4 is an unknown value
R14=0x0000000000008000 is an unknown value
R15=0x000000012f2a6cb0 is an unknown value


Stack: [0x0000700004251000,0x0000700004351000],  sp=0x000070000434f8b0,  free space=1018k
Native frames: (J=compiled Java code, j=interpreted, Vv=VM code, C=native code)
C  [libsystem_platform.dylib+0x1760]  _platform_memmove$VARIANT$Nehalem+0x200
C  [libavformat.57.dylib+0x2391d]  avio_read+0xba

Java frames: (J=compiled Java code, j=interpreted, Vv=VM code)
J 3563  org.opencv.videoio.VideoCapture.read_0(JJ)Z (0 bytes) @ 0x0000000105c8fb84 [0x0000000105c8fb40+0x44]
J 3561 C1 application.SystemUIController.grabFrame()Lorg/opencv/core/Mat; (70 bytes) @ 0x0000000105ca2ae4 [0x0000000105ca2740+0x3a4]
J 4018 C1 application.SystemUIController$1.run()V (38 bytes) @ 0x0000000105e10854 [0x0000000105e10780+0xd4]
J 3431 C1 java.util.concurrent.Executors$RunnableAdapter.call()Ljava/lang/Object; (14 bytes) @ 0x0000000105c3b054 [0x0000000105c3af40+0x114]
J 3430 C1 java.util.concurrent.FutureTask.runAndReset()Z (128 bytes) @ 0x0000000105c3a42c [0x0000000105c3a1c0+0x26c]
J 3774 C1 java.util.concurrent.ScheduledThreadPoolExecutor$ScheduledFutureTask.run()V (59 bytes) @ 0x0000000105d579d4 [0x0000000105d574a0+0x534]
j  java.util.concurrent.ThreadPoolExecutor.runWorker(Ljava/util/concurrent/ThreadPoolExecutor$Worker;)V+95
j  java.util.concurrent.ThreadPoolExecutor$Worker.run()V+5
j  java.lang.Thread.run()V+11
v  ~StubRoutines::call_stub

---------------  P R O C E S S  ---------------

Java Threads: ( => current thread )
  0x00007ffa76059000 JavaThread "pool-32-thread-1" [_thread_blocked, id=143403, stack(0x0000700004457000,0x0000700004557000)]
  0x00007ffa76058000 JavaThread "pool-31-thread-1" [_thread_in_native, id=142423, stack(0x0000700004354000,0x0000700004454000)]
=>0x00007ffa7184e000 JavaThread "pool-30-thread-1" [_thread_in_native, id=142147, stack(0x0000700004251000,0x0000700004351000)]
  0x00007ffa7293e000 JavaThread "pool-29-thread-1" [_thread_blocked, id=141579, stack(0x000070000414e000,0x000070000424e000)]
  0x00007ffa71995800 JavaThread "pool-28-thread-1" [_thread_blocked, id=140427, stack(0x000070000404b000,0x000070000414b000)]
  0x00007ffa76056800 JavaThread "pool-27-thread-1" [_thread_blocked, id=140591, stack(0x0000700003f48000,0x0000700004048000)]
  0x00007ffa76055000 JavaThread "pool-26-thread-1" [_thread_blocked, id=139487, stack(0x0000700003e45000,0x0000700003f45000)]
  0x00007ffa76054000 JavaThread "pool-25-thread-1" [_thread_blocked, id=139535, stack(0x0000700003d42000,0x0000700003e42000)]
  0x00007ffa76112000 JavaThread "pool-24-thread-1" [_thread_blocked, id=137515, stack(0x0000700003c3f000,0x0000700003d3f000)]
  0x00007ffa76053800 JavaThread "pool-23-thread-1" [_thread_blocked, id=138507, stack(0x0000700003b3c000,0x0000700003c3c000)]
  0x00007ffa7606f000 JavaThread "pool-22-thread-1" [_thread_blocked, id=138039, stack(0x0000700003a39000,0x0000700003b39000)]
  0x00007ffa71984800 JavaThread "pool-21-thread-1" [_thread_blocked, id=137771, stack(0x0000700003936000,0x0000700003a36000)]
  0x00007ffa7606e000 JavaThread "pool-20-thread-1" [_thread_blocked, id=136787, stack(0x0000700003833000,0x0000700003933000)]
  0x00007ffa71cd3000 JavaThread "pool-19-thread-1" [_thread_blocked, id=136327, stack(0x0000700003730000,0x0000700003830000)]
  0x00007ffa72193000 JavaThread "pool-18-thread-1" [_thread_blocked, id=135555, stack(0x000070000362d000,0x000070000372d000)]
  0x00007ffa722b5000 JavaThread "pool-17-thread-1" [_thread_blocked, id=135723, stack(0x000070000352a000,0x000070000362a000)]
  0x00007ffa722b4000 JavaThread "pool-16-thread-1" [_thread_blocked, id=134927, stack(0x0000700003427000,0x0000700003527000)]
  0x00007ffa722b1000 JavaThread "pool-15-thread-1" [_thread_blocked, id=134699, stack(0x0000700003324000,0x0000700003424000)]
  0x00007ffa7183b000 JavaThread "pool-14-thread-1" [_thread_blocked, id=133935, stack(0x0000700003221000,0x0000700003321000)]
  0x00007ffa729ac000 JavaThread "pool-13-thread-1" [_thread_blocked, id=133391, stack(0x000070000311e000,0x000070000321e000)]
  0x00007ffa7237d800 JavaThread "pool-12-thread-1" [_thread_blocked, id=133127, stack(0x000070000301b000,0x000070000311b000)]
  0x00007ffa72b82800 JavaThread "pool-11-thread-1" [_thread_blocked, id=54551, stack(0x0000700002f18000,0x0000700003018000)]
  0x00007ffa71833800 JavaThread "pool-10-thread-1" [_thread_blocked, id=22283, stack(0x0000700002e15000,0x0000700002f15000)]
  0x00007ffa7242a800 JavaThread "pool-9-thread-1" [_thread_blocked, id=14259, stack(0x0000700002d12000,0x0000700002e12000)]
  0x00007ffa7356e800 JavaThread "pool-8-thread-1" [_thread_blocked, id=8195, stack(0x0000700002c0f000,0x0000700002d0f000)]
  0x00007ffa7223a000 JavaThread "pool-7-thread-1" [_thread_blocked, id=30339, stack(0x0000700002b0c000,0x0000700002c0c000)]
  0x00007ffa72605000 JavaThread "pool-6-thread-1" [_thread_blocked, id=40727, stack(0x0000700002a09000,0x0000700002b09000)]
  0x00007ffa71a20800 JavaThread "pool-5-thread-1" [_thread_blocked, id=30947, stack(0x0000700002906000,0x0000700002a06000)]
  0x00007ffa71b8e800 JavaThread "pool-4-thread-1" [_thread_blocked, id=39155, stack(0x0000700002803000,0x0000700002903000)]
  0x00007ffa71aa9000 JavaThread "pool-3-thread-1" [_thread_blocked, id=61095, stack(0x0000700000932000,0x0000700000a32000)]
  0x00007ffa72579800 JavaThread "Java2D Disposer" daemon [_thread_blocked, id=132111, stack(0x0000700002700000,0x0000700002800000)]
  0x00007ffa72546800 JavaThread "Java2D Queue Flusher" daemon [_thread_blocked, id=131851, stack(0x00007000025fd000,0x00007000026fd000)]
  0x00007ffa724e9800 JavaThread "pool-2-thread-1" [_thread_blocked, id=63235, stack(0x00007000018f1000,0x00007000019f1000)]
  0x00007ffa721ec000 JavaThread "Prism Font Disposer" daemon [_thread_blocked, id=56343, stack(0x000070000155f000,0x000070000165f000)]
  0x00007ffa728cb000 JavaThread "JavaFX-Launcher" [_thread_blocked, id=53547, stack(0x00007000013d9000,0x00007000014d9000)]
  0x00007ffa72882000 JavaThread "Thread-3" daemon [_thread_in_native, id=38403, stack(0x00007000012d3000,0x0000700001353000)]
  0x00007ffa719c4800 JavaThread "JavaFX Application Thread" [_thread_in_native, id=2571, stack(0x00007fff5bc94000,0x00007fff5c494000)]
  0x00007ffa72858800 JavaThread "Thread-1" daemon [_thread_blocked, id=25355, stack(0x000070000114d000,0x000070000124d000)]
  0x00007ffa730ec800 JavaThread "QuantumRenderer-0" daemon [_thread_blocked, id=19715, stack(0x000070000104a000,0x000070000114a000)]
  0x00007ffa71846000 JavaThread "Service Thread" daemon [_thread_blocked, id=18691, stack(0x0000700000e44000,0x0000700000f44000)]
  0x00007ffa72801800 JavaThread "C1 CompilerThread2" daemon [_thread_blocked, id=18179, stack(0x0000700000d41000,0x0000700000e41000)]
  0x00007ffa72034000 JavaThread "C2 CompilerThread1" daemon [_thread_blocked, id=17667, stack(0x0000700000c3e000,0x0000700000d3e000)]
  0x00007ffa73062800 JavaThread "C2 CompilerThread0" daemon [_thread_blocked, id=17155, stack(0x0000700000b3b000,0x0000700000c3b000)]
  0x00007ffa7304f000 JavaThread "Signal Dispatcher" daemon [_thread_blocked, id=13071, stack(0x0000700000a38000,0x0000700000b38000)]
  0x00007ffa7300c000 JavaThread "Finalizer" daemon [_thread_blocked, id=11779, stack(0x000070000082f000,0x000070000092f000)]
  0x00007ffa72004800 JavaThread "Reference Handler" daemon [_thread_blocked, id=11267, stack(0x000070000072c000,0x000070000082c000)]
  0x00007ffa7180b000 JavaThread "main" [_thread_blocked, id=4099, stack(0x0000700000084000,0x0000700000184000)]

Other Threads:
  0x00007ffa7300b800 VMThread [stack: 0x0000700000629000,0x0000700000729000] [id=10755]
  0x00007ffa73052800 WatcherThread [stack: 0x0000700000f47000,0x0000700001047000] [id=19203]

VM state:not at safepoint (normal execution)

VM Mutex/Monitor currently owned by a thread: None

Heap:
 PSYoungGen      total 296960K, used 71835K [0x0000000795580000, 0x00000007b4900000, 0x00000007c0000000)
  eden space 291840K, 22% used [0x0000000795580000,0x00000007996d56f8,0x00000007a7280000)
  from space 5120K, 96% used [0x00000007b3680000,0x00000007b3b517a0,0x00000007b3b80000)
  to   space 12800K, 0% used [0x00000007b3c80000,0x00000007b3c80000,0x00000007b4900000)
 ParOldGen       total 69632K, used 24123K [0x0000000740000000, 0x0000000744400000, 0x0000000795580000)
  object space 69632K, 34% used [0x0000000740000000,0x000000074178ecc8,0x0000000744400000)
 Metaspace       used 21363K, capacity 22438K, committed 22528K, reserved 1069056K
  class space    used 2794K, capacity 3028K, committed 3072K, reserved 1048576K

Card table byte_map: [0x00000001145c0000,0x00000001149c1000] byte_map_base: 0x0000000110bc0000

Marking Bits: (ParMarkBitMap*) 0x00000001042d8d30
 Begin Bits: [0x0000000114c6c000, 0x0000000116c6c000)
 End Bits:   [0x0000000116c6c000, 0x0000000118c6c000)

Polling page: 0x00000001049cd000

CodeCache: size=245760Kb used=12716Kb max_used=12762Kb free=233043Kb
 bounds [0x0000000105200000, 0x0000000105eb0000, 0x0000000114200000]
 total_blobs=4935 nmethods=4016 adapters=831
 compilation: enabled

Compilation events (10 events):
Event: 91.843 Thread 0x00007ffa72801800 4455       3       com.sun.glass.ui.Accessible::isIgnored (41 bytes)
Event: 91.844 Thread 0x00007ffa72801800 nmethod 4455 0x0000000105320f10 code [0x0000000105321100, 0x0000000105321b68]
Event: 91.898 Thread 0x00007ffa72034000 4457       4       java.lang.Number::<init> (5 bytes)
Event: 91.899 Thread 0x00007ffa72034000 nmethod 4457 0x0000000105388990 code [0x0000000105388ae0, 0x0000000105388b38]
Event: 92.017 Thread 0x00007ffa72801800 4458       3       com.sun.glass.ui.mac.MacAccessible$MacAttribute$$Lambda$269/1569263560::apply (5 bytes)
Event: 92.018 Thread 0x00007ffa72801800 nmethod 4458 0x00000001058c79d0 code [0x00000001058c7b60, 0x00000001058c8010]
Event: 92.018 Thread 0x00007ffa72801800 4459       3       com.sun.javafx.scene.control.skin.LabeledSkinBase::queryAccessibleAttribute (181 bytes)
Event: 92.019 Thread 0x00007ffa72801800 nmethod 4459 0x0000000105672210 code [0x00000001056724a0, 0x0000000105673bc8]
Event: 92.020 Thread 0x00007ffa72801800 4460       3       javafx.util.Duration::equals (33 bytes)
Event: 92.020 Thread 0x00007ffa72801800 nmethod 4460 0x0000000105ae7bd0 code [0x0000000105ae7d40, 0x0000000105ae8170]

GC Heap History (10 events):
Event: 48.249 GC heap before
{Heap before GC invocations=18 (full 1):
 PSYoungGen      total 368640K, used 368465K [0x0000000795580000, 0x00000007b6700000, 0x00000007c0000000)
  eden space 365056K, 100% used [0x0000000795580000,0x00000007aba00000,0x00000007aba00000)
  from space 3584K, 95% used [0x00000007b6380000,0x00000007b66d46f0,0x00000007b6700000)
  to   space 15360K, 0% used [0x00000007b4900000,0x00000007b4900000,0x00000007b5800000)
 ParOldGen       total 69632K, used 24115K [0x0000000740000000, 0x0000000744400000, 0x0000000795580000)
  object space 69632K, 34% used [0x0000000740000000,0x000000074178ccc8,0x0000000744400000)
 Metaspace       used 21151K, capacity 22236K, committed 22528K, reserved 1069056K
  class space    used 2791K, capacity 3027K, committed 3072K, reserved 1048576K
Event: 48.253 GC heap after
Heap after GC invocations=18 (full 1):
 PSYoungGen      total 352256K, used 3473K [0x0000000795580000, 0x00000007b6400000, 0x00000007c0000000)
  eden space 348672K, 0% used [0x0000000795580000,0x0000000795580000,0x00000007aaa00000)
  from space 3584K, 96% used [0x00000007b4900000,0x00000007b4c646f0,0x00000007b4c80000)
  to   space 14848K, 0% used [0x00000007b5580000,0x00000007b5580000,0x00000007b6400000)
 ParOldGen       total 69632K, used 24115K [0x0000000740000000, 0x0000000744400000, 0x0000000795580000)
  object space 69632K, 34% used [0x0000000740000000,0x000000074178ccc8,0x0000000744400000)
 Metaspace       used 21151K, capacity 22236K, committed 22528K, reserved 1069056K
  class space    used 2791K, capacity 3027K, committed 3072K, reserved 1048576K
}
Event: 52.445 GC heap before
{Heap before GC invocations=19 (full 1):
 PSYoungGen      total 352256K, used 351421K [0x0000000795580000, 0x00000007b6400000, 0x00000007c0000000)
  eden space 348672K, 99% used [0x0000000795580000,0x00000007aa94af58,0x00000007aaa00000)
  from space 3584K, 96% used [0x00000007b4900000,0x00000007b4c646f0,0x00000007b4c80000)
  to   space 14848K, 0% used [0x00000007b5580000,0x00000007b5580000,0x00000007b6400000)
 ParOldGen       total 69632K, used 24115K [0x0000000740000000, 0x0000000744400000, 0x0000000795580000)
  object space 69632K, 34% used [0x0000000740000000,0x000000074178ccc8,0x0000000744400000)
 Metaspace       used 21169K, capacity 22236K, committed 22528K, reserved 1069056K
  class space    used 2791K, capacity 3027K, committed 3072K, reserved 1048576K
Event: 52.450 GC heap after
Heap after GC invocations=19 (full 1):
 PSYoungGen      total 338944K, used 5458K [0x0000000795580000, 0x00000007b5b00000, 0x00000007c0000000)
  eden space 333312K, 0% used [0x0000000795580000,0x0000000795580000,0x00000007a9b00000)
  from space 5632K, 96% used [0x00000007b5580000,0x00000007b5ad4b90,0x00000007b5b00000)
  to   space 14336K, 0% used [0x00000007b3f00000,0x00000007b3f00000,0x00000007b4d00000)
 ParOldGen       total 69632K, used 24123K [0x0000000740000000, 0x0000000744400000, 0x0000000795580000)
  object space 69632K, 34% used [0x0000000740000000,0x000000074178ecc8,0x0000000744400000)
 Metaspace       used 21169K, capacity 22236K, committed 22528K, reserved 1069056K
  class space    used 2791K, capacity 3027K, committed 3072K, reserved 1048576K
}
Event: 59.730 GC heap before
{Heap before GC invocations=20 (full 1):
 PSYoungGen      total 338944K, used 338642K [0x0000000795580000, 0x00000007b5b00000, 0x00000007c0000000)
  eden space 333312K, 99% used [0x0000000795580000,0x00000007a9adfd30,0x00000007a9b00000)
  from space 5632K, 96% used [0x00000007b5580000,0x00000007b5ad4b90,0x00000007b5b00000)
  to   space 14336K, 0% used [0x00000007b3f00000,0x00000007b3f00000,0x00000007b4d00000)
 ParOldGen       total 69632K, used 24123K [0x0000000740000000, 0x0000000744400000, 0x0000000795580000)
  object space 69632K, 34% used [0x0000000740000000,0x000000074178ecc8,0x0000000744400000)
 Metaspace       used 21217K, capacity 22300K, committed 22528K, reserved 1069056K
  class space    used 2792K, capacity 3027K, committed 3072K, reserved 1048576K
Event: 59.736 GC heap after
Heap after GC invocations=20 (full 1):
 PSYoungGen      total 325120K, used 5846K [0x0000000795580000, 0x00000007b5600000, 0x00000007c0000000)
  eden space 318976K, 0% used [0x0000000795580000,0x0000000795580000,0x00000007a8d00000)
  from space 6144K, 95% used [0x00000007b3f00000,0x00000007b44b59f0,0x00000007b4500000)
  to   space 13824K, 0% used [0x00000007b4880000,0x00000007b4880000,0x00000007b5600000)
 ParOldGen       total 69632K, used 24123K [0x0000000740000000, 0x0000000744400000, 0x0000000795580000)
  object space 69632K, 34% used [0x0000000740000000,0x000000074178ecc8,0x0000000744400000)
 Metaspace       used 21217K, capacity 22300K, committed 22528K, reserved 1069056K
  class space    used 2792K, capacity 3027K, committed 3072K, reserved 1048576K
}
Event: 79.068 GC heap before
{Heap before GC invocations=21 (full 1):
 PSYoungGen      total 325120K, used 324596K [0x0000000795580000, 0x00000007b5600000, 0x00000007c0000000)
  eden space 318976K, 99% used [0x0000000795580000,0x00000007a8cc7790,0x00000007a8d00000)
  from space 6144K, 95% used [0x00000007b3f00000,0x00000007b44b59f0,0x00000007b4500000)
  to   space 13824K, 0% used [0x00000007b4880000,0x00000007b4880000,0x00000007b5600000)
 ParOldGen       total 69632K, used 24123K [0x0000000740000000, 0x0000000744400000, 0x0000000795580000)
  object space 69632K, 34% used [0x0000000740000000,0x000000074178ecc8,0x0000000744400000)
 Metaspace       used 21313K, capacity 22370K, committed 22528K, reserved 1069056K
  class space    used 2794K, capacity 3028K, committed 3072K, reserved 1048576K
Event: 79.073 GC heap after
Heap after GC invocations=21 (full 1):
 PSYoungGen      total 312320K, used 6674K [0x0000000795580000, 0x00000007b4f80000, 0x00000007c0000000)
  eden space 305152K, 0% used [0x0000000795580000,0x0000000795580000,0x00000007a7f80000)
  from space 7168K, 93% used [0x00000007b4880000,0x00000007b4f04ba0,0x00000007b4f80000)
  to   space 12800K, 0% used [0x00000007b3680000,0x00000007b3680000,0x00000007b4300000)
 ParOldGen       total 69632K, used 24123K [0x0000000740000000, 0x0000000744400000, 0x0000000795580000)
  object space 69632K, 34% used [0x0000000740000000,0x000000074178ecc8,0x0000000744400000)
 Metaspace       used 21313K, capacity 22370K, committed 22528K, reserved 1069056K
  class space    used 2794K, capacity 3028K, committed 3072K, reserved 1048576K
}
Event: 84.312 GC heap before
{Heap before GC invocations=22 (full 1):
 PSYoungGen      total 312320K, used 311315K [0x0000000795580000, 0x00000007b4f80000, 0x00000007c0000000)
  eden space 305152K, 99% used [0x0000000795580000,0x00000007a7f00378,0x00000007a7f80000)
  from space 7168K, 93% used [0x00000007b4880000,0x00000007b4f04ba0,0x00000007b4f80000)
  to   space 12800K, 0% used [0x00000007b3680000,0x00000007b3680000,0x00000007b4300000)
 ParOldGen       total 69632K, used 24123K [0x0000000740000000, 0x0000000744400000, 0x0000000795580000)
  object space 69632K, 34% used [0x0000000740000000,0x000000074178ecc8,0x0000000744400000)
 Metaspace       used 21334K, capacity 22370K, committed 22528K, reserved 1069056K
  class space    used 2794K, capacity 3028K, committed 3072K, reserved 1048576K
Event: 84.317 GC heap after
Heap after GC invocations=22 (full 1):
 PSYoungGen      total 296960K, used 4933K [0x0000000795580000, 0x00000007b4900000, 0x00000007c0000000)
  eden space 291840K, 0% used [0x0000000795580000,0x0000000795580000,0x00000007a7280000)
  from space 5120K, 96% used [0x00000007b3680000,0x00000007b3b517a0,0x00000007b3b80000)
  to   space 12800K, 0% used [0x00000007b3c80000,0x00000007b3c80000,0x00000007b4900000)
 ParOldGen       total 69632K, used 24123K [0x0000000740000000, 0x0000000744400000, 0x0000000795580000)
  object space 69632K, 34% used [0x0000000740000000,0x000000074178ecc8,0x0000000744400000)
 Metaspace       used 21334K, capacity 22370K, committed 22528K, reserved 1069056K
  class space    used 2794K, capacity 3028K, committed 3072K, reserved 1048576K
}

Deoptimization events (10 events):
Event: 5.049 Thread 0x00007ffa719c4800 Uncommon trap: reason=bimorphic action=maybe_recompile pc=0x0000000105711ddc method=javafx.scene.CssStyleHelper.resolveRef(Ljavafx/css/Styleable;Ljava/lang/String;Lcom/sun/javafx/css/StyleMap;Ljava/util/Set;)Lcom/sun/javafx/css/CascadingStyle; @ 91
Event: 5.049 Thread 0x00007ffa719c4800 Uncommon trap: reason=bimorphic action=maybe_recompile pc=0x0000000105711ddc method=javafx.scene.CssStyleHelper.resolveRef(Ljavafx/css/Styleable;Ljava/lang/String;Lcom/sun/javafx/css/StyleMap;Ljava/util/Set;)Lcom/sun/javafx/css/CascadingStyle; @ 91
Event: 5.049 Thread 0x00007ffa719c4800 Uncommon trap: reason=bimorphic action=maybe_recompile pc=0x0000000105711ddc method=javafx.scene.CssStyleHelper.resolveRef(Ljavafx/css/Styleable;Ljava/lang/String;Lcom/sun/javafx/css/StyleMap;Ljava/util/Set;)Lcom/sun/javafx/css/CascadingStyle; @ 91
Event: 5.049 Thread 0x00007ffa719c4800 Uncommon trap: reason=bimorphic action=maybe_recompile pc=0x0000000105711ddc method=javafx.scene.CssStyleHelper.resolveRef(Ljavafx/css/Styleable;Ljava/lang/String;Lcom/sun/javafx/css/StyleMap;Ljava/util/Set;)Lcom/sun/javafx/css/CascadingStyle; @ 91
Event: 5.061 Thread 0x00007ffa719c4800 Uncommon trap: reason=unstable_if action=reinterpret pc=0x00000001055b3d70 method=com.sun.javafx.css.BitSet.add(Ljava/lang/Object;)Z @ 91
Event: 5.180 Thread 0x00007ffa730ec800 Uncommon trap: reason=unstable_if action=reinterpret pc=0x00000001056a82a4 method=com.sun.javafx.geom.RectBounds.isEmpty()Z @ 21
Event: 6.695 Thread 0x00007ffa724e9800 Uncommon trap: reason=unstable_if action=reinterpret pc=0x000000010584a204 method=com.sun.javafx.image.impl.IntTo4ByteSameConverter.doConvert([III[BIIII)V @ 29
Event: 7.163 Thread 0x00007ffa730ec800 Uncommon trap: reason=unstable_if action=reinterpret pc=0x00000001055f96cc method=java.util.WeakHashMap.expungeStaleEntries()V @ 66
Event: 8.561 Thread 0x00007ffa730ec800 Uncommon trap: reason=predicate action=maybe_recompile pc=0x00000001058b79f8 method=java.util.Arrays.binarySearch0([Ljava/lang/Object;IILjava/lang/Object;Ljava/util/Comparator;)I @ 28
Event: 39.639 Thread 0x00007ffa724e9800 Uncommon trap: reason=unstable_if action=reinterpret pc=0x0000000105cbd9f0 method=java.util.concurrent.locks.ReentrantLock$NonfairSync.lock()V @ 6

Internal exceptions (10 events):
Event: 86.236 Thread 0x00007ffa7606e000 Exception <a 'org/opencv/core/CvException': cv::Exception: /tmp/opencv-20180126-24066-14qtm9m/opencv-3.4.0/modules/imgproc/src/smooth.cpp:1780: error: (-215) ksize.width > 0 && ksize.width % 2 == 1 && ksize.height > 0 && ksize.height % 2 == 1 in function 
Event: 86.894 Thread 0x00007ffa71984800 Exception <a 'org/opencv/core/CvException': cv::Exception: /tmp/opencv-20180126-24066-14qtm9m/opencv-3.4.0/modules/imgproc/src/smooth.cpp:1780: error: (-215) ksize.width > 0 && ksize.width % 2 == 1 && ksize.height > 0 && ksize.height % 2 == 1 in function 
Event: 89.985 Thread 0x00007ffa7606f000 Exception <a 'org/opencv/core/CvException': cv::Exception: /tmp/opencv-20180126-24066-14qtm9m/opencv-3.4.0/modules/imgproc/src/smooth.cpp:1780: error: (-215) ksize.width > 0 && ksize.width % 2 == 1 && ksize.height > 0 && ksize.height % 2 == 1 in function 
Event: 90.503 Thread 0x00007ffa76053800 Exception <a 'org/opencv/core/CvException': cv::Exception: /tmp/opencv-20180126-24066-14qtm9m/opencv-3.4.0/modules/imgproc/src/smooth.cpp:1780: error: (-215) ksize.width > 0 && ksize.width % 2 == 1 && ksize.height > 0 && ksize.height % 2 == 1 in function 
Event: 90.855 Thread 0x00007ffa76112000 Exception <a 'org/opencv/core/CvException': cv::Exception: /tmp/opencv-20180126-24066-14qtm9m/opencv-3.4.0/modules/imgproc/src/smooth.cpp:1780: error: (-215) ksize.width > 0 && ksize.width % 2 == 1 && ksize.height > 0 && ksize.height % 2 == 1 in function 
Event: 91.062 Thread 0x00007ffa76054000 Exception <a 'org/opencv/core/CvException': cv::Exception: /tmp/opencv-20180126-24066-14qtm9m/opencv-3.4.0/modules/imgproc/src/smooth.cpp:1780: error: (-215) ksize.width > 0 && ksize.width % 2 == 1 && ksize.height > 0 && ksize.height % 2 == 1 in function 
Event: 91.222 Thread 0x00007ffa76055000 Exception <a 'org/opencv/core/CvException': cv::Exception: /tmp/opencv-20180126-24066-14qtm9m/opencv-3.4.0/modules/imgproc/src/smooth.cpp:1780: error: (-215) ksize.width > 0 && ksize.width % 2 == 1 && ksize.height > 0 && ksize.height % 2 == 1 in function 
Event: 91.356 Thread 0x00007ffa76056800 Exception <a 'org/opencv/core/CvException': cv::Exception: /tmp/opencv-20180126-24066-14qtm9m/opencv-3.4.0/modules/imgproc/src/smooth.cpp:1780: error: (-215) ksize.width > 0 && ksize.width % 2 == 1 && ksize.height > 0 && ksize.height % 2 == 1 in function 
Event: 91.503 Thread 0x00007ffa71995800 Exception <a 'org/opencv/core/CvException': cv::Exception: /tmp/opencv-20180126-24066-14qtm9m/opencv-3.4.0/modules/imgproc/src/smooth.cpp:1780: error: (-215) ksize.width > 0 && ksize.width % 2 == 1 && ksize.height > 0 && ksize.height % 2 == 1 in function 
Event: 91.644 Thread 0x00007ffa7293e000 Exception <a 'org/opencv/core/CvException': cv::Exception: /tmp/opencv-20180126-24066-14qtm9m/opencv-3.4.0/modules/imgproc/src/smooth.cpp:1780: error: (-215) ksize.width > 0 && ksize.width % 2 == 1 && ksize.height > 0 && ksize.height % 2 == 1 in function 

Events (10 events):
Event: 90.499 Thread 0x00007ffa76053800 Thread added: 0x00007ffa76053800
Event: 90.851 Thread 0x00007ffa76112000 Thread added: 0x00007ffa76112000
Event: 91.057 Thread 0x00007ffa76054000 Thread added: 0x00007ffa76054000
Event: 91.218 Thread 0x00007ffa76055000 Thread added: 0x00007ffa76055000
Event: 91.353 Thread 0x00007ffa76056800 Thread added: 0x00007ffa76056800
Event: 91.497 Thread 0x00007ffa71995800 Thread added: 0x00007ffa71995800
Event: 91.641 Thread 0x00007ffa7293e000 Thread added: 0x00007ffa7293e000
Event: 91.801 Thread 0x00007ffa7184e000 Thread added: 0x00007ffa7184e000
Event: 91.899 Thread 0x00007ffa76058000 Thread added: 0x00007ffa76058000
Event: 92.145 Thread 0x00007ffa76059000 Thread added: 0x00007ffa76059000


Dynamic libraries:
0x000000000b622000 	/System/Library/Frameworks/Cocoa.framework/Versions/A/Cocoa
0x000000000b622000 	/System/Library/Frameworks/Security.framework/Versions/A/Security
0x000000000b622000 	/System/Library/Frameworks/ApplicationServices.framework/Versions/A/ApplicationServices
0x000000000b622000 	/usr/lib/libz.1.dylib
0x000000000b622000 	/usr/lib/libSystem.B.dylib
0x000000000b622000 	/usr/lib/libobjc.A.dylib
0x000000000b622000 	/System/Library/Frameworks/CoreFoundation.framework/Versions/A/CoreFoundation
0x000000000b622000 	/System/Library/Frameworks/Foundation.framework/Versions/C/Foundation
0x000000000b622000 	/System/Library/Frameworks/AppKit.framework/Versions/C/AppKit
0x000000000b622000 	/System/Library/Frameworks/CoreData.framework/Versions/A/CoreData
0x000000000b622000 	/System/Library/PrivateFrameworks/RemoteViewServices.framework/Versions/A/RemoteViewServices
0x000000000b622000 	/System/Library/PrivateFrameworks/UIFoundation.framework/Versions/A/UIFoundation
0x000000000b622000 	/usr/lib/libScreenReader.dylib
0x000000000b622000 	/System/Library/Frameworks/Accelerate.framework/Versions/A/Accelerate
0x000000000b622000 	/System/Library/Frameworks/IOSurface.framework/Versions/A/IOSurface
0x000000000b622000 	/System/Library/Frameworks/AudioToolbox.framework/Versions/A/AudioToolbox
0x000000000b622000 	/System/Library/Frameworks/AudioUnit.framework/Versions/A/AudioUnit
0x000000000b622000 	/System/Library/PrivateFrameworks/DataDetectorsCore.framework/Versions/A/DataDetectorsCore
0x000000000b622000 	/System/Library/PrivateFrameworks/DesktopServicesPriv.framework/Versions/A/DesktopServicesPriv
0x000000000b622000 	/System/Library/Frameworks/Carbon.framework/Versions/A/Frameworks/HIToolbox.framework/Versions/A/HIToolbox
0x000000000b622000 	/System/Library/Frameworks/QuartzCore.framework/Versions/A/QuartzCore
0x000000000b622000 	/System/Library/Frameworks/Carbon.framework/Versions/A/Frameworks/SpeechRecognition.framework/Versions/A/SpeechRecognition
0x000000000b622000 	/usr/lib/libauto.dylib
0x000000000b622000 	/usr/lib/libicucore.A.dylib
0x000000000b622000 	/usr/lib/libxml2.2.dylib
0x000000000b622000 	/System/Library/PrivateFrameworks/CoreUI.framework/Versions/A/CoreUI
0x000000000b622000 	/System/Library/Frameworks/CoreAudio.framework/Versions/A/CoreAudio
0x000000000b622000 	/System/Library/Frameworks/DiskArbitration.framework/Versions/A/DiskArbitration
0x000000000b622000 	/usr/lib/liblangid.dylib
0x000000000b622000 	/System/Library/PrivateFrameworks/MultitouchSupport.framework/Versions/A/MultitouchSupport
0x000000000b622000 	/System/Library/Frameworks/IOKit.framework/Versions/A/IOKit
0x000000000b622000 	/usr/lib/libDiagnosticMessagesClient.dylib
0x000000000b622000 	/System/Library/Frameworks/CoreServices.framework/Versions/A/CoreServices
0x000000000b622000 	/System/Library/PrivateFrameworks/PerformanceAnalysis.framework/Versions/A/PerformanceAnalysis
0x000000000b622000 	/System/Library/PrivateFrameworks/GenerationalStorage.framework/Versions/A/GenerationalStorage
0x000000000b622000 	/System/Library/Frameworks/OpenGL.framework/Versions/A/OpenGL
0x000000000b622000 	/System/Library/PrivateFrameworks/Sharing.framework/Versions/A/Sharing
0x000000000b622000 	/System/Library/Frameworks/CoreGraphics.framework/Versions/A/CoreGraphics
0x000000000b622000 	/System/Library/Frameworks/CoreImage.framework/Versions/A/CoreImage
0x000000000b622000 	/System/Library/Frameworks/CoreText.framework/Versions/A/CoreText
0x000000000b622000 	/System/Library/Frameworks/ImageIO.framework/Versions/A/ImageIO
0x000000000b622000 	/System/Library/PrivateFrameworks/Backup.framework/Versions/A/Backup
0x000000000b622000 	/usr/lib/libextension.dylib
0x000000000b622000 	/usr/lib/libarchive.2.dylib
0x000000000b622000 	/System/Library/Frameworks/CFNetwork.framework/Versions/A/CFNetwork
0x000000000b622000 	/System/Library/Frameworks/SystemConfiguration.framework/Versions/A/SystemConfiguration
0x000000000b622000 	/usr/lib/libCRFSuite.dylib
0x000000000b622000 	/usr/lib/libc++.1.dylib
0x000000000b622000 	/usr/lib/libc++abi.dylib
0x000000000b622000 	/usr/lib/system/libcache.dylib
0x000000000b622000 	/usr/lib/system/libcommonCrypto.dylib
0x000000000b622000 	/usr/lib/system/libcompiler_rt.dylib
0x000000000b622000 	/usr/lib/system/libcopyfile.dylib
0x000000000b622000 	/usr/lib/system/libcorecrypto.dylib
0x000000000b622000 	/usr/lib/system/libdispatch.dylib
0x000000000b622000 	/usr/lib/system/libdyld.dylib
0x000000000b622000 	/usr/lib/system/libkeymgr.dylib
0x000000000b622000 	/usr/lib/system/liblaunch.dylib
0x000000000b622000 	/usr/lib/system/libmacho.dylib
0x000000000b622000 	/usr/lib/system/libquarantine.dylib
0x000000000b622000 	/usr/lib/system/libremovefile.dylib
0x000000000b622000 	/usr/lib/system/libsystem_asl.dylib
0x000000000b622000 	/usr/lib/system/libsystem_blocks.dylib
0x000000000b622000 	/usr/lib/system/libsystem_c.dylib
0x000000000b622000 	/usr/lib/system/libsystem_configuration.dylib
0x000000000b622000 	/usr/lib/system/libsystem_coreservices.dylib
0x000000000b622000 	/usr/lib/system/libsystem_coretls.dylib
0x000000000b622000 	/usr/lib/system/libsystem_dnssd.dylib
0x000000000b622000 	/usr/lib/system/libsystem_info.dylib
0x000000000b622000 	/usr/lib/system/libsystem_kernel.dylib
0x000000000b622000 	/usr/lib/system/libsystem_m.dylib
0x000000000b622000 	/usr/lib/system/libsystem_malloc.dylib
0x000000000b622000 	/usr/lib/system/libsystem_network.dylib
0x000000000b622000 	/usr/lib/system/libsystem_networkextension.dylib
0x000000000b622000 	/usr/lib/system/libsystem_notify.dylib
0x000000000b622000 	/usr/lib/system/libsystem_platform.dylib
0x000000000b622000 	/usr/lib/system/libsystem_pthread.dylib
0x000000000b622000 	/usr/lib/system/libsystem_sandbox.dylib
0x000000000b622000 	/usr/lib/system/libsystem_secinit.dylib
0x000000000b622000 	/usr/lib/system/libsystem_trace.dylib
0x000000000b622000 	/usr/lib/system/libunc.dylib
0x000000000b622000 	/usr/lib/system/libunwind.dylib
0x000000000b622000 	/usr/lib/system/libxpc.dylib
0x000000000b622000 	/usr/lib/libenergytrace.dylib
0x000000000b622000 	/usr/lib/libbsm.0.dylib
0x000000000b622000 	/usr/lib/system/libkxld.dylib
0x000000000b622000 	/usr/lib/libxar.1.dylib
0x000000000b622000 	/usr/lib/libsqlite3.dylib
0x000000000b622000 	/usr/lib/libpam.2.dylib
0x000000000b622000 	/usr/lib/libOpenScriptingUtil.dylib
0x000000000b622000 	/usr/lib/libbz2.1.0.dylib
0x000000000b622000 	/usr/lib/liblzma.5.dylib
0x000000000b622000 	/System/Library/Frameworks/CoreServices.framework/Versions/A/Frameworks/FSEvents.framework/Versions/A/FSEvents
0x000000000b622000 	/System/Library/Frameworks/CoreServices.framework/Versions/A/Frameworks/CarbonCore.framework/Versions/A/CarbonCore
0x000000000b622000 	/System/Library/Frameworks/CoreServices.framework/Versions/A/Frameworks/Metadata.framework/Versions/A/Metadata
0x000000000b622000 	/System/Library/Frameworks/CoreServices.framework/Versions/A/Frameworks/OSServices.framework/Versions/A/OSServices
0x000000000b622000 	/System/Library/Frameworks/CoreServices.framework/Versions/A/Frameworks/SearchKit.framework/Versions/A/SearchKit
0x000000000b622000 	/System/Library/Frameworks/CoreServices.framework/Versions/A/Frameworks/AE.framework/Versions/A/AE
0x000000000b622000 	/System/Library/Frameworks/CoreServices.framework/Versions/A/Frameworks/LaunchServices.framework/Versions/A/LaunchServices
0x000000000b622000 	/System/Library/Frameworks/CoreServices.framework/Versions/A/Frameworks/DictionaryServices.framework/Versions/A/DictionaryServices
0x000000000b622000 	/System/Library/Frameworks/CoreServices.framework/Versions/A/Frameworks/SharedFileList.framework/Versions/A/SharedFileList
0x000000000b622000 	/System/Library/Frameworks/NetFS.framework/Versions/A/NetFS
0x000000000b622000 	/System/Library/PrivateFrameworks/NetAuth.framework/Versions/A/NetAuth
0x000000000b622000 	/System/Library/PrivateFrameworks/login.framework/Versions/A/Frameworks/loginsupport.framework/Versions/A/loginsupport
0x000000000b622000 	/System/Library/PrivateFrameworks/TCC.framework/Versions/A/TCC
0x000000000b622000 	/usr/lib/libmecabra.dylib
0x000000000b622000 	/System/Library/Frameworks/ApplicationServices.framework/Versions/A/Frameworks/ATS.framework/Versions/A/ATS
0x000000000b622000 	/System/Library/Frameworks/ApplicationServices.framework/Versions/A/Frameworks/ColorSync.framework/Versions/A/ColorSync
0x000000000b622000 	/System/Library/Frameworks/ApplicationServices.framework/Versions/A/Frameworks/HIServices.framework/Versions/A/HIServices
0x000000000b622000 	/System/Library/Frameworks/ApplicationServices.framework/Versions/A/Frameworks/LangAnalysis.framework/Versions/A/LangAnalysis
0x000000000b622000 	/System/Library/Frameworks/ApplicationServices.framework/Versions/A/Frameworks/PrintCore.framework/Versions/A/PrintCore
0x000000000b622000 	/System/Library/Frameworks/ApplicationServices.framework/Versions/A/Frameworks/QD.framework/Versions/A/QD
0x000000000b622000 	/System/Library/Frameworks/ApplicationServices.framework/Versions/A/Frameworks/SpeechSynthesis.framework/Versions/A/SpeechSynthesis
0x000000000b622000 	/System/Library/Frameworks/Metal.framework/Versions/A/Metal
0x000000000b622000 	/System/Library/Frameworks/Accelerate.framework/Versions/A/Frameworks/vImage.framework/Versions/A/vImage
0x000000000b622000 	/System/Library/Frameworks/Accelerate.framework/Versions/A/Frameworks/vecLib.framework/Versions/A/vecLib
0x000000000b622000 	/System/Library/Frameworks/Accelerate.framework/Versions/A/Frameworks/vecLib.framework/Versions/A/libvDSP.dylib
0x000000000b622000 	/System/Library/Frameworks/Accelerate.framework/Versions/A/Frameworks/vecLib.framework/Versions/A/libvMisc.dylib
0x000000000b622000 	/System/Library/Frameworks/Accelerate.framework/Versions/A/Frameworks/vecLib.framework/Versions/A/libLAPACK.dylib
0x000000000b622000 	/System/Library/Frameworks/Accelerate.framework/Versions/A/Frameworks/vecLib.framework/Versions/A/libBLAS.dylib
0x000000000b622000 	/System/Library/Frameworks/Accelerate.framework/Versions/A/Frameworks/vecLib.framework/Versions/A/libLinearAlgebra.dylib
0x000000000b622000 	/System/Library/Frameworks/Accelerate.framework/Versions/A/Frameworks/vecLib.framework/Versions/A/libSparseBLAS.dylib
0x000000000b622000 	/System/Library/PrivateFrameworks/GPUCompiler.framework/libmetal_timestamp.dylib
0x000000000b622000 	/System/Library/Frameworks/OpenGL.framework/Versions/A/Libraries/libCoreFSCache.dylib
0x000000000b622000 	/System/Library/PrivateFrameworks/IOAccelerator.framework/Versions/A/IOAccelerator
0x000000000b622000 	/System/Library/Frameworks/ApplicationServices.framework/Versions/A/Frameworks/ATS.framework/Versions/A/Resources/libFontParser.dylib
0x000000000b622000 	/System/Library/Frameworks/ApplicationServices.framework/Versions/A/Frameworks/ATS.framework/Versions/A/Resources/libFontRegistry.dylib
0x000000000b622000 	/System/Library/PrivateFrameworks/AppleVPA.framework/Versions/A/AppleVPA
0x000000000b622000 	/System/Library/PrivateFrameworks/AppleJPEG.framework/Versions/A/AppleJPEG
0x000000000b622000 	/System/Library/Frameworks/ImageIO.framework/Versions/A/Resources/libJPEG.dylib
0x000000000b622000 	/System/Library/Frameworks/ImageIO.framework/Versions/A/Resources/libTIFF.dylib
0x000000000b622000 	/System/Library/Frameworks/ImageIO.framework/Versions/A/Resources/libPng.dylib
0x000000000b622000 	/System/Library/Frameworks/ImageIO.framework/Versions/A/Resources/libGIF.dylib
0x000000000b622000 	/System/Library/Frameworks/ImageIO.framework/Versions/A/Resources/libJP2.dylib
0x000000000b622000 	/System/Library/Frameworks/ImageIO.framework/Versions/A/Resources/libRadiance.dylib
0x000000000b622000 	/System/Library/Frameworks/CoreVideo.framework/Versions/A/CoreVideo
0x000000000b622000 	/System/Library/Frameworks/OpenGL.framework/Versions/A/Libraries/libGLU.dylib
0x000000000b622000 	/System/Library/Frameworks/OpenGL.framework/Versions/A/Libraries/libGFXShared.dylib
0x000000000b622000 	/System/Library/Frameworks/OpenGL.framework/Versions/A/Libraries/libGL.dylib
0x000000000b622000 	/System/Library/Frameworks/OpenGL.framework/Versions/A/Libraries/libGLImage.dylib
0x000000000b622000 	/System/Library/Frameworks/OpenGL.framework/Versions/A/Libraries/libCVMSPluginSupport.dylib
0x000000000b622000 	/System/Library/Frameworks/OpenGL.framework/Versions/A/Libraries/libCoreVMClient.dylib
0x000000000b622000 	/usr/lib/libcompression.dylib
0x000000000b622000 	/usr/lib/libcups.2.dylib
0x000000000b622000 	/System/Library/Frameworks/Kerberos.framework/Versions/A/Kerberos
0x000000000b622000 	/System/Library/Frameworks/GSS.framework/Versions/A/GSS
0x000000000b622000 	/usr/lib/libresolv.9.dylib
0x000000000b622000 	/usr/lib/libiconv.2.dylib
0x000000000b622000 	/System/Library/PrivateFrameworks/Heimdal.framework/Versions/A/Heimdal
0x000000000b622000 	/usr/lib/libheimdal-asn1.dylib
0x000000000b622000 	/System/Library/Frameworks/OpenDirectory.framework/Versions/A/OpenDirectory
0x000000000b622000 	/System/Library/PrivateFrameworks/CommonAuth.framework/Versions/A/CommonAuth
0x000000000b622000 	/System/Library/Frameworks/OpenDirectory.framework/Versions/A/Frameworks/CFOpenDirectory.framework/Versions/A/CFOpenDirectory
0x000000000b622000 	/System/Library/Frameworks/SecurityFoundation.framework/Versions/A/SecurityFoundation
0x000000000b622000 	/System/Library/PrivateFrameworks/LanguageModeling.framework/Versions/A/LanguageModeling
0x000000000b622000 	/usr/lib/libmarisa.dylib
0x000000000b622000 	/usr/lib/libChineseTokenizer.dylib
0x000000000b622000 	/usr/lib/libcmph.dylib
0x000000000b622000 	/System/Library/Frameworks/ServiceManagement.framework/Versions/A/ServiceManagement
0x000000000b622000 	/usr/lib/libxslt.1.dylib
0x000000000b622000 	/System/Library/Frameworks/Carbon.framework/Versions/A/Frameworks/Ink.framework/Versions/A/Ink
0x000000000b622000 	/usr/lib/libFosl_dynamic.dylib
0x000000000b622000 	/System/Library/PrivateFrameworks/FaceCore.framework/Versions/A/FaceCore
0x000000000b622000 	/System/Library/Frameworks/OpenCL.framework/Versions/A/OpenCL
0x000000000b622000 	/System/Library/PrivateFrameworks/CrashReporterSupport.framework/Versions/A/CrashReporterSupport
0x000000000b622000 	/System/Library/PrivateFrameworks/IconServices.framework/Versions/A/IconServices
0x000000000b622000 	/System/Library/PrivateFrameworks/Apple80211.framework/Versions/A/Apple80211
0x000000000b622000 	/System/Library/Frameworks/CoreWLAN.framework/Versions/A/CoreWLAN
0x000000000b622000 	/System/Library/Frameworks/IOBluetooth.framework/Versions/A/IOBluetooth
0x000000000b622000 	/System/Library/PrivateFrameworks/CoreWiFi.framework/Versions/A/CoreWiFi
0x000000000b622000 	/System/Library/Frameworks/CoreBluetooth.framework/Versions/A/CoreBluetooth
0x000000000b622000 	/System/Library/PrivateFrameworks/ChunkingLibrary.framework/Versions/A/ChunkingLibrary
0x000000000b622000 	/System/Library/PrivateFrameworks/DebugSymbols.framework/Versions/A/DebugSymbols
0x000000000b622000 	/System/Library/PrivateFrameworks/CoreSymbolication.framework/Versions/A/CoreSymbolication
0x000000000b622000 	/System/Library/PrivateFrameworks/Symbolication.framework/Versions/A/Symbolication
0x000000000b622000 	/System/Library/PrivateFrameworks/SpeechRecognitionCore.framework/Versions/A/SpeechRecognitionCore
0x00000001039e8000 	/Library/Java/JavaVirtualMachines/jdk1.8.0_121.jdk/Contents/Home/jre/lib/server/libjvm.dylib
0x000000000b622000 	/usr/lib/libstdc++.6.dylib
0x000000010498a000 	/Library/Java/JavaVirtualMachines/jdk1.8.0_121.jdk/Contents/Home/jre/lib/libverify.dylib
0x0000000104998000 	/Library/Java/JavaVirtualMachines/jdk1.8.0_121.jdk/Contents/Home/jre/lib/libjava.dylib
0x00000001049db000 	/Library/Java/JavaVirtualMachines/jdk1.8.0_121.jdk/Contents/Home/jre/lib/libzip.dylib
0x00000001049e5000 	/System/Library/Frameworks/JavaVM.framework/Frameworks/JavaRuntimeSupport.framework/JavaRuntimeSupport
0x000000011ab63000 	/System/Library/Frameworks/JavaVM.framework/Versions/A/Frameworks/JavaNativeFoundation.framework/Versions/A/JavaNativeFoundation
0x000000011ab78000 	/System/Library/Frameworks/JavaVM.framework/Versions/A/JavaVM
0x000000000b622000 	/System/Library/Frameworks/Carbon.framework/Versions/A/Carbon
0x000000011ab85000 	/System/Library/PrivateFrameworks/JavaLaunching.framework/Versions/A/JavaLaunching
0x000000000b622000 	/System/Library/Frameworks/Carbon.framework/Versions/A/Frameworks/CommonPanels.framework/Versions/A/CommonPanels
0x000000000b622000 	/System/Library/Frameworks/Carbon.framework/Versions/A/Frameworks/Help.framework/Versions/A/Help
0x000000000b622000 	/System/Library/Frameworks/Carbon.framework/Versions/A/Frameworks/ImageCapture.framework/Versions/A/ImageCapture
0x000000000b622000 	/System/Library/Frameworks/Carbon.framework/Versions/A/Frameworks/OpenScripting.framework/Versions/A/OpenScripting
0x000000000b622000 	/System/Library/Frameworks/Carbon.framework/Versions/A/Frameworks/Print.framework/Versions/A/Print
0x000000000b622000 	/System/Library/Frameworks/Carbon.framework/Versions/A/Frameworks/SecurityHI.framework/Versions/A/SecurityHI
0x000000011c59e000 	/Library/Java/JavaVirtualMachines/jdk1.8.0_121.jdk/Contents/Home/jre/lib/libprism_es2.dylib
0x000000000b622000 	/System/Library/Frameworks/OpenGL.framework/Versions/A/Resources/GLEngine.bundle/GLEngine
0x000000000b622000 	/System/Library/Frameworks/OpenGL.framework/Versions/A/Libraries/libGLProgrammability.dylib
0x000000011c620000 	/System/Library/Extensions/AppleIntelHDGraphicsGLDriver.bundle/Contents/MacOS/AppleIntelHDGraphicsGLDriver
0x000000000b622000 	/System/Library/PrivateFrameworks/GPUSupport.framework/Versions/A/Libraries/libGPUSupport.dylib
0x000000011caae000 	/System/Library/Extensions/GeForceTeslaGLDriver.bundle/Contents/MacOS/GeForceTeslaGLDriver
0x000000011e66c000 	/System/Library/Extensions/GeForceTeslaGLDriver.bundle/Contents/MacOS/libclh.dylib
0x000000000b622000 	/System/Library/Frameworks/OpenGL.framework/Versions/A/Resources/GLRendererFloat.bundle/GLRendererFloat
0x000000000b622000 	/System/Library/Frameworks/OpenCL.framework/Versions/A/Libraries/libcldcpuengine.dylib
0x000000000b622000 	/System/Library/PrivateFrameworks/DiskImages.framework/Versions/A/DiskImages
0x000000000b622000 	/System/Library/Frameworks/DiscRecording.framework/Versions/A/DiscRecording
0x000000000b622000 	/usr/lib/libcsfde.dylib
0x000000000b622000 	/usr/lib/libcurl.4.dylib
0x000000000b622000 	/System/Library/PrivateFrameworks/MediaKit.framework/Versions/A/MediaKit
0x000000000b622000 	/System/Library/PrivateFrameworks/ProtectedCloudStorage.framework/Versions/A/ProtectedCloudStorage
0x000000000b622000 	/usr/lib/libCoreStorage.dylib
0x000000000b622000 	/System/Library/PrivateFrameworks/EFILogin.framework/Versions/A/EFILogin
0x000000000b622000 	/usr/lib/libutil.dylib
0x000000000b622000 	/System/Library/PrivateFrameworks/FindMyDevice.framework/Versions/A/FindMyDevice
0x000000000b622000 	/System/Library/Frameworks/LDAP.framework/Versions/A/LDAP
0x000000000b622000 	/usr/lib/libsasl2.2.dylib
0x000000000b622000 	/System/Library/PrivateFrameworks/CoreDaemon.framework/Versions/B/CoreDaemon
0x000000000b622000 	/usr/lib/libcrypto.0.9.8.dylib
0x000000000b622000 	/System/Library/PrivateFrameworks/AppleSRP.framework/Versions/A/AppleSRP
0x000000000b622000 	/System/Library/PrivateFrameworks/TrustEvaluationAgent.framework/Versions/A/TrustEvaluationAgent
0x000000011ef65000 	/Library/Java/JavaVirtualMachines/jdk1.8.0_121.jdk/Contents/Home/jre/lib/libglass.dylib
0x000000000b622000 	/System/Library/PrivateFrameworks/CoreServicesInternal.framework/Versions/A/CoreServicesInternal
0x000000000b622000 	/System/Library/CoreServices/RawCamera.bundle/Contents/MacOS/RawCamera
0x000000000b622000 	/System/Library/Frameworks/CoreGraphics.framework/Versions/A/Resources/libRIP.A.dylib
0x000000000b622000 	/System/Library/Frameworks/Accelerate.framework/Versions/A/Frameworks/vImage.framework/Versions/A/Libraries/libCGInterfaces.dylib
0x000000000b622000 	/System/Library/PrivateFrameworks/FamilyControls.framework/Versions/A/FamilyControls
0x000000000b622000 	/System/Library/PrivateFrameworks/CommerceKit.framework/Versions/A/Frameworks/CommerceCore.framework/Versions/A/CommerceCore
0x000000000b622000 	/System/Library/PrivateFrameworks/SystemAdministration.framework/Versions/A/SystemAdministration
0x000000000b622000 	/System/Library/PrivateFrameworks/AppContainer.framework/Versions/A/AppContainer
0x000000000b622000 	/System/Library/PrivateFrameworks/SecCodeWrapper.framework/Versions/A/SecCodeWrapper
0x000000000b622000 	/System/Library/Frameworks/DirectoryService.framework/Versions/A/DirectoryService
0x000000000b622000 	/System/Library/PrivateFrameworks/LoginUIKit.framework/Versions/A/Frameworks/LoginUICore.framework/Versions/A/LoginUICore
0x000000000b622000 	/usr/lib/libodfde.dylib
0x00000001220cf000 	/Users/lilschwoegl/git/TrafficControlSystem/TrafficControlSystem/lib/libopencv_java340.dylib
0x0000000122238000 	/usr/local/Cellar/opencv/3.4.0_1/lib/libopencv_xphoto.3.4.dylib
0x00000001222cd000 	/usr/local/Cellar/opencv/3.4.0_1/lib/libopencv_img_hash.3.4.dylib
0x00000001222e3000 	/usr/local/Cellar/opencv/3.4.0_1/lib/libopencv_bioinspired.3.4.dylib
0x000000012232d000 	/usr/local/Cellar/opencv/3.4.0_1/lib/libopencv_structured_light.3.4.dylib
0x0000000122346000 	/usr/local/Cellar/opencv/3.4.0_1/lib/libopencv_xfeatures2d.3.4.dylib
0x0000000122638000 	/usr/local/Cellar/opencv/3.4.0_1/lib/libopencv_ximgproc.3.4.dylib
0x0000000122873000 	/usr/local/Cellar/opencv/3.4.0_1/lib/libopencv_aruco.3.4.dylib
0x00000001228d1000 	/usr/local/Cellar/opencv/3.4.0_1/lib/libopencv_face.3.4.dylib
0x000000012297d000 	/usr/local/opt/tbb/lib/libtbb.dylib
0x00000001229b7000 	/usr/local/Cellar/opencv/3.4.0_1/lib/libopencv_phase_unwrapping.3.4.dylib
0x00000001229c1000 	/usr/local/Cellar/opencv/3.4.0_1/lib/libopencv_shape.3.4.dylib
0x00000001229f3000 	/usr/local/Cellar/opencv/3.4.0_1/lib/libopencv_calib3d.3.4.dylib
0x0000000122bb0000 	/usr/local/Cellar/opencv/3.4.0_1/lib/libopencv_objdetect.3.4.dylib
0x0000000122c20000 	/usr/local/Cellar/opencv/3.4.0_1/lib/libopencv_photo.3.4.dylib
0x0000000122cef000 	/usr/local/Cellar/opencv/3.4.0_1/lib/libopencv_tracking.3.4.dylib
0x0000000122eea000 	/usr/local/Cellar/opencv/3.4.0_1/lib/libopencv_plot.3.4.dylib
0x0000000122ef5000 	/usr/local/Cellar/opencv/3.4.0_1/lib/libopencv_video.3.4.dylib
0x0000000122f54000 	/usr/local/Cellar/opencv/3.4.0_1/lib/libopencv_datasets.3.4.dylib
0x0000000122fad000 	/usr/local/Cellar/opencv/3.4.0_1/lib/libopencv_text.3.4.dylib
0x00000001230ee000 	/usr/local/Cellar/opencv/3.4.0_1/lib/libopencv_ml.3.4.dylib
0x00000001231a4000 	/usr/local/Cellar/opencv/3.4.0_1/lib/libopencv_dnn.3.4.dylib
0x0000000123543000 	/usr/local/Cellar/opencv/3.4.0_1/lib/libopencv_features2d.3.4.dylib
0x0000000123606000 	/usr/local/Cellar/opencv/3.4.0_1/lib/libopencv_flann.3.4.dylib
0x0000000123664000 	/usr/local/Cellar/opencv/3.4.0_1/lib/libopencv_highgui.3.4.dylib
0x0000000123679000 	/usr/local/Cellar/opencv/3.4.0_1/lib/libopencv_videoio.3.4.dylib
0x00000001236a7000 	/usr/local/Cellar/opencv/3.4.0_1/lib/libopencv_imgcodecs.3.4.dylib
0x000000012376f000 	/usr/local/Cellar/opencv/3.4.0_1/lib/libopencv_imgproc.3.4.dylib
0x0000000125d57000 	/usr/local/Cellar/opencv/3.4.0_1/lib/libopencv_core.3.4.dylib
0x00000001269ca000 	/usr/local/opt/ffmpeg/lib/libavcodec.57.dylib
0x0000000127cae000 	/usr/local/opt/ffmpeg/lib/libavformat.57.dylib
0x0000000127e67000 	/usr/local/opt/ffmpeg/lib/libavutil.55.dylib
0x0000000127ed1000 	/usr/local/opt/ffmpeg/lib/libswscale.4.dylib
0x0000000127f52000 	/usr/local/opt/ffmpeg/lib/libavresample.3.dylib
0x0000000127f73000 	/System/Library/Frameworks/VideoDecodeAcceleration.framework/Versions/A/VideoDecodeAcceleration
0x000000000b622000 	/System/Library/Frameworks/AVFoundation.framework/Versions/A/AVFoundation
0x000000000b622000 	/System/Library/Frameworks/CoreMedia.framework/Versions/A/CoreMedia
0x0000000127f7a000 	/usr/local/opt/libpng/lib/libpng16.16.dylib
0x0000000127fa6000 	/usr/local/opt/libtiff/lib/libtiff.5.dylib
0x000000012800e000 	/usr/local/opt/ilmbase/lib/libImath-2_2.12.dylib
0x000000012801d000 	/usr/local/opt/openexr/lib/libIlmImf-2_2.22.dylib
0x0000000128315000 	/usr/local/opt/ilmbase/lib/libIex-2_2.12.dylib
0x0000000128327000 	/usr/local/opt/ilmbase/lib/libHalf.12.dylib
0x000000012836b000 	/usr/local/opt/ilmbase/lib/libIlmThread-2_2.12.dylib
0x0000000128373000 	/usr/local/opt/jpeg/lib/libjpeg.9.dylib
0x00000001283a6000 	/usr/local/opt/ilmbase/lib/libIexMath-2_2.12.dylib
0x00000001283ab000 	/usr/local/Cellar/ffmpeg/3.4.1/lib/libswresample.2.dylib
0x000000000b622000 	/System/Library/Frameworks/VideoToolbox.framework/Versions/A/VideoToolbox
0x00000001283cb000 	/usr/local/opt/x264/lib/libx264.148.dylib
0x000000012853e000 	/usr/local/opt/lame/lib/libmp3lame.0.dylib
0x000000000b622000 	/usr/lib/libspindump.dylib
0x000000000b622000 	/System/Library/PrivateFrameworks/AppleVA.framework/Versions/A/AppleVA
0x000000000b622000 	/System/Library/Frameworks/AVFoundation.framework/Versions/A/Resources/libAVFAudio.dylib
0x000000000b622000 	/System/Library/Frameworks/MediaToolbox.framework/Versions/A/MediaToolbox
0x000000000b622000 	/System/Library/Frameworks/CoreMediaIO.framework/Versions/A/CoreMediaIO
0x000000000b622000 	/System/Library/PrivateFrameworks/CoreAVCHD.framework/Versions/A/CoreAVCHD
0x000000000b622000 	/System/Library/Frameworks/MediaAccessibility.framework/Versions/A/MediaAccessibility
0x000000000b622000 	/System/Library/PrivateFrameworks/Mangrove.framework/Versions/A/Mangrove
0x000000000b622000 	/System/Library/PrivateFrameworks/CoreAUC.framework/Versions/A/CoreAUC
0x000000000b622000 	/System/Library/PrivateFrameworks/XPCService.framework/Versions/A/XPCService
0x000000000b622000 	/System/Library/PrivateFrameworks/AppSandbox.framework/Versions/A/AppSandbox
0x000000000b622000 	/usr/lib/libsandbox.1.dylib
0x000000000b622000 	/usr/lib/libMatch.1.dylib
0x000000000b622000 	/System/Library/Frameworks/CoreGraphics.framework/Versions/A/Resources/libCGXType.A.dylib
0x000000011fae4000 	cl_kernels
0x000000000b622000 	/System/Library/Frameworks/OpenCL.framework/Versions/A/Libraries/ImageFormats/unorm8_bgra.dylib
0x000000000b622000 	/System/Library/Frameworks/OpenCL.framework/Versions/A/Libraries/ImageFormats/unorm8_rgba.dylib
0x000000011fad5000 	/Library/Java/JavaVirtualMachines/jdk1.8.0_121.jdk/Contents/Home/jre/lib/libjavafx_font.dylib
0x000000012bc42000 	/Library/Java/JavaVirtualMachines/jdk1.8.0_121.jdk/Contents/Home/jre/lib/libprism_common.dylib
0x000000012dce5000 	/usr/local/opt/tbb/lib/libtbbmalloc.dylib
0x000000012e175000 	/Library/Java/JavaVirtualMachines/jdk1.8.0_121.jdk/Contents/Home/jre/lib/libawt.dylib
0x000000012ec4a000 	/Library/Java/JavaVirtualMachines/jdk1.8.0_121.jdk/Contents/Home/jre/lib/./libmlib_image.dylib
0x000000012ed16000 	/Library/Java/JavaVirtualMachines/jdk1.8.0_121.jdk/Contents/Home/jre/lib/libawt_lwawt.dylib
0x000000012d3f6000 	/Library/Java/JavaVirtualMachines/jdk1.8.0_121.jdk/Contents/Home/jre/lib/./libosxapp.dylib
0x000000000b622000 	/System/Library/Frameworks/ExceptionHandling.framework/Versions/A/ExceptionHandling

VM Arguments:
jvm_args: -Djava.library.path=/Users/lilschwoegl/git/TrafficControlSystem/TrafficControlSystem/lib -Dfile.encoding=UTF-8 
java_command: application.Main
java_class_path (initial): /Library/Java/JavaVirtualMachines/jdk1.8.0_121.jdk/Contents/Home/jre/lib/resources.jar:/Library/Java/JavaVirtualMachines/jdk1.8.0_121.jdk/Contents/Home/jre/lib/rt.jar:/Library/Java/JavaVirtualMachines/jdk1.8.0_121.jdk/Contents/Home/jre/lib/jsse.jar:/Library/Java/JavaVirtualMachines/jdk1.8.0_121.jdk/Contents/Home/jre/lib/jce.jar:/Library/Java/JavaVirtualMachines/jdk1.8.0_121.jdk/Contents/Home/jre/lib/charsets.jar:/Library/Java/JavaVirtualMachines/jdk1.8.0_121.jdk/Contents/Home/jre/lib/jfr.jar:/Library/Java/JavaVirtualMachines/jdk1.8.0_121.jdk/Contents/Home/jre/lib/ext/cldrdata.jar:/Library/Java/JavaVirtualMachines/jdk1.8.0_121.jdk/Contents/Home/jre/lib/ext/dnsns.jar:/Library/Java/JavaVirtualMachines/jdk1.8.0_121.jdk/Contents/Home/jre/lib/ext/jaccess.jar:/Library/Java/JavaVirtualMachines/jdk1.8.0_121.jdk/Contents/Home/jre/lib/ext/jfxrt.jar:/Library/Java/JavaVirtualMachines/jdk1.8.0_121.jdk/Contents/Home/jre/lib/ext/localedata.jar:/Library/Java/JavaVirtualMachines/jdk1.8.0_121.jdk/Contents/Home/jre/lib/ext/nashorn.jar:/Library/Java/JavaVirtualMachines/jdk1.8.0_121.jdk/Contents/Home/jre/lib/ext/sunec.jar:/Library/Java/JavaVirtualMachines/jdk1.8.0_121.jdk/Contents/Home/jre/lib/ext/sunjce_provider.jar:/Library/Java/JavaVirtualMachines/jdk1.8.0_121.jdk/Contents/Home/jre/lib/ext/sunpkcs11.jar:/Library/Java/JavaVirtualMachines/jdk1.8.0_121.jdk/Contents/Home/jre/lib/ext/zipfs.jar:/System/Library/Java/Extensions/AppleScriptEngine.jar:/System/Library/Java/Extensions/dns_sd.jar:/System/Library/Java/Extensions/j3daudio.jar:/System/Library/Java/Extensions/j3dcore.jar:/System/Library/Java/Extensions/j3dutils.jar:/System/Library/Java/Extensions/jai_codec.jar:/System/Library/Java/Extensions/jai_core.jar:/System/Library/Java/Extensions/mlibwrapper_jai.jar:/System/Library/Java/Extensions/MRJToolkit.jar:/System/Library/Java/Extensions/vecmath.jar:/Users/lilschwoegl/git/TrafficControlSystem/TrafficControlSystem/bin:/Users/lilschwoegl/.p2/pool/plugins/org.ecli
Launcher Type: SUN_STANDARD

Environment Variables:
PATH=/usr/bin:/bin:/usr/sbin:/sbin
SHELL=/bin/bash

Signal Handlers:
SIGSEGV: [libjvm.dylib+0x5b1141], sa_mask[0]=11111111011111110111111111111111, sa_flags=SA_ONSTACK|SA_RESTART|SA_SIGINFO
SIGBUS: [libjvm.dylib+0x5b1141], sa_mask[0]=11111111011111110111111111111111, sa_flags=SA_RESTART|SA_SIGINFO
SIGFPE: [libjvm.dylib+0x487bc4], sa_mask[0]=11111111011111110111111111111111, sa_flags=SA_RESTART|SA_SIGINFO
SIGPIPE: [libjvm.dylib+0x487bc4], sa_mask[0]=11111111011111110111111111111111, sa_flags=SA_RESTART|SA_SIGINFO
SIGXFSZ: [libjvm.dylib+0x487bc4], sa_mask[0]=11111111011111110111111111111111, sa_flags=SA_RESTART|SA_SIGINFO
SIGILL: [libjvm.dylib+0x487bc4], sa_mask[0]=11111111011111110111111111111111, sa_flags=SA_RESTART|SA_SIGINFO
SIGUSR1: SIG_DFL, sa_mask[0]=00000000000000000000000000000000, sa_flags=none
SIGUSR2: [libjvm.dylib+0x4876e2], sa_mask[0]=00100000000000000000000000000000, sa_flags=SA_RESTART|SA_SIGINFO
SIGHUP: [libjvm.dylib+0x485cb9], sa_mask[0]=11111111011111110111111111111111, sa_flags=SA_RESTART|SA_SIGINFO
SIGINT: [libjvm.dylib+0x485cb9], sa_mask[0]=11111111011111110111111111111111, sa_flags=SA_RESTART|SA_SIGINFO
SIGTERM: [libjvm.dylib+0x485cb9], sa_mask[0]=11111111011111110111111111111111, sa_flags=SA_RESTART|SA_SIGINFO
SIGQUIT: [libjvm.dylib+0x485cb9], sa_mask[0]=11111111011111110111111111111111, sa_flags=SA_RESTART|SA_SIGINFO


---------------  S Y S T E M  ---------------

OS:Bsduname:Darwin 15.6.0 Darwin Kernel Version 15.6.0: Sun Jun  4 21:43:07 PDT 2017; root:xnu-3248.70.3~1/RELEASE_X86_64 x86_64
rlimit: STACK 8192k, CORE 0k, NPROC 709, NOFILE 10240, AS infinity
load average:2.44 1.94 1.81

CPU:total 4 (2 cores per cpu, 2 threads per core) family 6 model 37 stepping 2, cmov, cx8, fxsr, mmx, sse, sse2, sse3, ssse3, sse4.1, sse4.2, popcnt, aes, clmul, ht, tsc, tscinvbit

Memory: 4k page, physical 8388608k(151888k free)

/proc/meminfo:


vm_info: Java HotSpot(TM) 64-Bit Server VM (25.121-b13) for bsd-amd64 JRE (1.8.0_121-b13), built on Dec 12 2016 20:39:32 by "java_re" with gcc 4.2.1 (Based on Apple Inc. build 5658) (LLVM build 2336.11.00)

time: Fri Feb  2 14:42:50 2018
elapsed time: 92 seconds (0d 0h 1m 32s)

