#
# A fatal error has been detected by the Java Runtime Environment:
#
#  SIGSEGV (0xb) at pc=0x000000010119ce32, pid=98035, tid=0x0000000000000a0b
#
# JRE version: Java(TM) SE Runtime Environment (8.0_121-b13) (build 1.8.0_121-b13)
# Java VM: Java HotSpot(TM) 64-Bit Server VM (25.121-b13 mixed mode bsd-amd64 compressed oops)
# Problematic frame:
# V  [libjvm.dylib+0x169e32]
#
# Failed to write core dump. Core dumps have been disabled. To enable core dumping, try "ulimit -c unlimited" before starting Java again
#
# If you would like to submit a bug report, please visit:
#   http://bugreport.java.com/bugreport/crash.jsp
#

---------------  T H R E A D  ---------------

Current thread is native thread

siginfo: si_signo: 11 (SIGSEGV), si_code: 1 (SEGV_MAPERR), si_addr: 0x0000000000000270

Registers:
RAX=0x0000000000000000, RBX=0x0000000000000000, RCX=0x00007fc3e3b4f230, RDX=0x0000000000000000
RSP=0x00007fff5ee44630, RBP=0x00007fff5ee44640, RSI=0x0000000000000006, RDI=0x00007fff5ee44650
R8 =0x0000000000000000, R9 =0x0000000000000000, R10=0x00007fc3e3f04f30, R11=0x00000001181bfba8
R12=0x00007fc3e29061f8, R13=0x000000012ac4e190, R14=0x00007fc3e16e2030, R15=0x00007fc3e29061f8
RIP=0x000000010119ce32, EFLAGS=0x0000000000010246, ERR=0x0000000000000006
  TRAPNO=0x000000000000000e

Top of Stack: (sp=0x00007fff5ee44630)
0x00007fff5ee44630:   0000000000000000 00007fc3e16e2030
0x00007fff5ee44640:   00007fff5ee44670 000000010134716a
0x00007fff5ee44650:   0000000000000000 00007fc3e3f0f7a0
0x00007fff5ee44660:   00007fc3e33d5600 00007fc3e3b690f0
0x00007fff5ee44670:   00007fff5ee44690 00000001181b91f5
0x00007fff5ee44680:   00007fc3e50fee00 00007fc3e29061f8
0x00007fff5ee44690:   00007fff5ee446b0 00000001181b948f
0x00007fff5ee446a0:   00007fc3e50fee00 00007fc3e3b4f230
0x00007fff5ee446b0:   00007fff5ee44710 000000012b94ee6b
0x00007fff5ee446c0:   9200a96348d73ea2 0000000000000000
0x00007fff5ee446d0:   410c1c3dc377b840 00007fc3e3b69b70
0x00007fff5ee446e0:   00007fff5ee44710 00007fff90ce94c0
0x00007fff5ee446f0:   0000000000000000 000000012ac4e190
0x00007fff5ee44700:   00007fc3e3b690f0 00007fc3e3b69b70
0x00007fff5ee44710:   00007fff5ee44770 00007fff8e27678f
0x00007fff5ee44720:   0000025800000004 0000000000000000
0x00007fff5ee44730:   00007fc3e3b690f0 0000000000000000
0x00007fff5ee44740:   410c1c3dc377b840 00007fff90ce94c0
0x00007fff5ee44750:   00007fc3e3b70d30 00007fc3e3b690f0
0x00007fff5ee44760:   0000000000000004 0000000000000000
0x00007fff5ee44770:   00007fff5ee447e0 00007fff8e276339
0x00007fff5ee44780:   3ff0000000000000 4082c00000000000
0x00007fff5ee44790:   4082c00000000000 0000000000000000
0x00007fff5ee447a0:   0000000000000000 4082c00000000000
0x00007fff5ee447b0:   4082c00000000000 00007fff5ee448c0
0x00007fff5ee447c0:   000000012ac4ff28 00007fff958396b2
0x00007fff5ee447d0:   0000000000000001 000000012ac4fe80
0x00007fff5ee447e0:   00007fff5ee458c0 00007fff8e21a49d
0x00007fff5ee447f0:   00007fff5ee458c0 00007fff8e21a35f
0x00007fff5ee44800:   0000000000000007 00007fc3e16f8d84
0x00007fff5ee44810:   000000012ac4ff28 000000012ac4ff28
0x00007fff5ee44820:   000000012ac4fe80 0000000000000000 

Instructions: (pc=0x000000010119ce32)
0x000000010119ce12:   0e 48 8b 0b 49 8b 56 18 48 63 c0 48 89 0c c2 5b
0x000000010119ce22:   41 5e 5d c3 90 90 55 48 89 e5 41 56 53 48 8b 1f
0x000000010119ce32:   c7 83 70 02 00 00 05 00 00 00 48 8d 05 85 64 78
0x000000010119ce42:   00 8b 00 83 f8 01 41 89 f6 75 0c 48 8d 0d d2 cf 

Register to memory mapping:

RAX=0x0000000000000000 is an unknown value
RBX=0x0000000000000000 is an unknown value
RCX=0x00007fc3e3b4f230 is an unknown value
RDX=0x0000000000000000 is an unknown value
RSP=0x00007fff5ee44630 is an unknown value
RBP=0x00007fff5ee44640 is an unknown value
RSI=0x0000000000000006 is an unknown value
RDI=0x00007fff5ee44650 is an unknown value
R8 =0x0000000000000000 is an unknown value
R9 =0x0000000000000000 is an unknown value
R10=0x00007fc3e3f04f30 is an unknown value
R11=0x00000001181bfba8: OBJC_CLASS_$_JNFWeakJObjectWrapper+0 in /System/Library/Frameworks/JavaVM.framework/Versions/A/Frameworks/JavaNativeFoundation.framework/Versions/A/JavaNativeFoundation at 0x00000001181b3000
R12=0x00007fc3e29061f8 is an unknown value
R13=0x000000012ac4e190 is an unknown value
R14=0x00007fc3e16e2030 is a weak global jni handle
R15=0x00007fc3e29061f8 is an unknown value


Stack: [0x00007fff5e649000,0x00007fff5ee49000],  sp=0x00007fff5ee44630,  free space=8173k
Native frames: (J=compiled Java code, j=interpreted, Vv=VM code, C=native code)
V  [libjvm.dylib+0x169e32]
V  [libjvm.dylib+0x31416a]
C  [JavaNativeFoundation+0x61f5]  -[JNFWeakJObjectWrapper _getWithEnv:]+0x25
C  [JavaNativeFoundation+0x648f]  -[JNFJObjectWrapper jObjectWithEnv:]+0x1d
C  [libawt_lwawt.dylib+0x1ae6b]  -[CGLLayer drawInCGLContext:pixelFormat:forLayerTime:displayTime:]+0xa4
C  [QuartzCore+0x6d78f]  _ZL17CAOpenGLLayerDrawP13CAOpenGLLayerdPK11CVTimeStampj+0x2ca
C  [QuartzCore+0x6d339]  -[CAOpenGLLayer _display]+0x160
C  [QuartzCore+0x1149d]  _ZN2CA5Layer17display_if_neededEPNS_11TransactionE+0x25b
C  [QuartzCore+0x10fc5]  _ZN2CA5Layer28layout_and_display_if_neededEPNS_11TransactionE+0x23
C  [QuartzCore+0x10499]  _ZN2CA7Context18commit_transactionEPNS_11TransactionE+0x115
C  [QuartzCore+0x100e4]  _ZN2CA11Transaction6commitEv+0x1fc
C  [QuartzCore+0x1b973]  _ZN2CA11Transaction17observer_callbackEP19__CFRunLoopObservermPv+0x47
C  [CoreFoundation+0xa9fc7]  __CFRUNLOOP_IS_CALLING_OUT_TO_AN_OBSERVER_CALLBACK_FUNCTION__+0x17
C  [CoreFoundation+0xa9f37]  __CFRunLoopDoObservers+0x187
C  [CoreFoundation+0x8952a]  __CFRunLoopRun+0x49a
C  [CoreFoundation+0x88e28]  CFRunLoopRunSpecific+0x128
C  [java+0x6465]  CreateExecutionEnvironment+0x367
C  [java+0x218c]  JLI_Launch+0x7a0
C  [java+0x84c2]  main+0x65
C  [java+0x19e4]  start+0x34


---------------  P R O C E S S  ---------------

VM state:not at safepoint (normal execution)

VM Mutex/Monitor currently owned by a thread: None

Heap:
 PSYoungGen      total 38400K, used 28496K [0x0000000795580000, 0x0000000799c80000, 0x00000007c0000000)
  eden space 33280K, 85% used [0x0000000795580000,0x00000007971543f8,0x0000000797600000)
  from space 5120K, 0% used [0x0000000797600000,0x0000000797600000,0x0000000797b00000)
  to   space 5120K, 0% used [0x0000000799780000,0x0000000799780000,0x0000000799c80000)
 ParOldGen       total 184832K, used 82752K [0x0000000740000000, 0x000000074b480000, 0x0000000795580000)
  object space 184832K, 44% used [0x0000000740000000,0x00000007450d03e0,0x000000074b480000)
 Metaspace       used 22084K, capacity 23034K, committed 23296K, reserved 1069056K
  class space    used 3021K, capacity 3290K, committed 3328K, reserved 1048576K

Card table byte_map: [0x0000000111bf5000,0x0000000111ff6000] byte_map_base: 0x000000010e1f5000

Marking Bits: (ParMarkBitMap*) 0x0000000101923d30
 Begin Bits: [0x00000001122a1000, 0x00000001142a1000)
 End Bits:   [0x00000001142a1000, 0x00000001162a1000)

Polling page: 0x0000000101fe7000

CodeCache: size=245760Kb used=6195Kb max_used=6195Kb free=239564Kb
 bounds [0x0000000102835000, 0x0000000102e55000, 0x0000000111835000]
 total_blobs=2819 nmethods=1978 adapters=755
 compilation: enabled

Compilation events (10 events):
Event: 56.392 Thread 0x00007fc3e303d000 2123       3       java.lang.Byte::hashCode (8 bytes)
Event: 56.392 Thread 0x00007fc3e303d000 nmethod 2123 0x0000000102e429d0 code [0x0000000102e42b40, 0x0000000102e42cf0]
Event: 56.392 Thread 0x00007fc3e303d000 2124       3       java.lang.Byte::hashCode (2 bytes)
Event: 56.392 Thread 0x00007fc3e303d000 nmethod 2124 0x0000000102e42d90 code [0x0000000102e42ee0, 0x0000000102e43010]
Event: 56.402 Thread 0x00007fc3e303d000 2125       3       java.security.AccessControlContext::<init> (30 bytes)
Event: 56.403 Thread 0x00007fc3e303d000 nmethod 2125 0x0000000102e43090 code [0x0000000102e43200, 0x0000000102e43410]
Event: 56.403 Thread 0x00007fc3e303d000 2126       3       java.lang.invoke.MemberName::<init> (131 bytes)
Event: 56.405 Thread 0x00007fc3e303d000 nmethod 2126 0x0000000102e434d0 code [0x0000000102e437a0, 0x0000000102e44b98]
Event: 56.405 Thread 0x00007fc3e303d000 2127       3       java.lang.invoke.DirectMethodHandle::<init> (132 bytes)
Event: 56.407 Thread 0x00007fc3e303d000 nmethod 2127 0x0000000102e45390 code [0x0000000102e45640, 0x0000000102e46e78]

GC Heap History (10 events):
Event: 5.478 GC heap before
{Heap before GC invocations=1 (full 0):
 PSYoungGen      total 38400K, used 33280K [0x0000000795580000, 0x0000000798000000, 0x00000007c0000000)
  eden space 33280K, 100% used [0x0000000795580000,0x0000000797600000,0x0000000797600000)
  from space 5120K, 0% used [0x0000000797b00000,0x0000000797b00000,0x0000000798000000)
  to   space 5120K, 0% used [0x0000000797600000,0x0000000797600000,0x0000000797b00000)
 ParOldGen       total 87552K, used 0K [0x0000000740000000, 0x0000000745580000, 0x0000000795580000)
  object space 87552K, 0% used [0x0000000740000000,0x0000000740000000,0x0000000745580000)
 Metaspace       used 14583K, capacity 15366K, committed 15616K, reserved 1062912K
  class space    used 2054K, capacity 2258K, committed 2304K, reserved 1048576K
Event: 5.494 GC heap after
Heap after GC invocations=1 (full 0):
 PSYoungGen      total 38400K, used 5099K [0x0000000795580000, 0x0000000798000000, 0x00000007c0000000)
  eden space 33280K, 0% used [0x0000000795580000,0x0000000795580000,0x0000000797600000)
  from space 5120K, 99% used [0x0000000797600000,0x0000000797afaf30,0x0000000797b00000)
  to   space 5120K, 0% used [0x0000000797b00000,0x0000000797b00000,0x0000000798000000)
 ParOldGen       total 87552K, used 232K [0x0000000740000000, 0x0000000745580000, 0x0000000795580000)
  object space 87552K, 0% used [0x0000000740000000,0x000000074003a130,0x0000000745580000)
 Metaspace       used 14583K, capacity 15366K, committed 15616K, reserved 1062912K
  class space    used 2054K, capacity 2258K, committed 2304K, reserved 1048576K
}
Event: 6.389 GC heap before
{Heap before GC invocations=2 (full 0):
 PSYoungGen      total 38400K, used 13965K [0x0000000795580000, 0x0000000798000000, 0x00000007c0000000)
  eden space 33280K, 26% used [0x0000000795580000,0x0000000795e287e0,0x0000000797600000)
  from space 5120K, 99% used [0x0000000797600000,0x0000000797afaf30,0x0000000797b00000)
  to   space 5120K, 0% used [0x0000000797b00000,0x0000000797b00000,0x0000000798000000)
 ParOldGen       total 87552K, used 232K [0x0000000740000000, 0x0000000745580000, 0x0000000795580000)
  object space 87552K, 0% used [0x0000000740000000,0x000000074003a130,0x0000000745580000)
 Metaspace       used 20327K, capacity 21136K, committed 21248K, reserved 1067008K
  class space    used 2800K, capacity 3001K, committed 3072K, reserved 1048576K
Event: 6.407 GC heap after
Heap after GC invocations=2 (full 0):
 PSYoungGen      total 38400K, used 5088K [0x0000000795580000, 0x000000079a080000, 0x00000007c0000000)
  eden space 33280K, 0% used [0x0000000795580000,0x0000000795580000,0x0000000797600000)
  from space 5120K, 99% used [0x0000000797b00000,0x0000000797ff8050,0x0000000798000000)
  to   space 5120K, 0% used [0x0000000797600000,0x0000000797600000,0x0000000797b00000)
 ParOldGen       total 87552K, used 6023K [0x0000000740000000, 0x0000000745580000, 0x0000000795580000)
  object space 87552K, 6% used [0x0000000740000000,0x00000007405e1fd8,0x0000000745580000)
 Metaspace       used 20327K, capacity 21136K, committed 21248K, reserved 1067008K
  class space    used 2800K, capacity 3001K, committed 3072K, reserved 1048576K
}
Event: 6.407 GC heap before
{Heap before GC invocations=3 (full 1):
 PSYoungGen      total 38400K, used 5088K [0x0000000795580000, 0x000000079a080000, 0x00000007c0000000)
  eden space 33280K, 0% used [0x0000000795580000,0x0000000795580000,0x0000000797600000)
  from space 5120K, 99% used [0x0000000797b00000,0x0000000797ff8050,0x0000000798000000)
  to   space 5120K, 0% used [0x0000000797600000,0x0000000797600000,0x0000000797b00000)
 ParOldGen       total 87552K, used 6023K [0x0000000740000000, 0x0000000745580000, 0x0000000795580000)
  object space 87552K, 6% used [0x0000000740000000,0x00000007405e1fd8,0x0000000745580000)
 Metaspace       used 20327K, capacity 21136K, committed 21248K, reserved 1067008K
  class space    used 2800K, capacity 3001K, committed 3072K, reserved 1048576K
Event: 6.465 GC heap after
Heap after GC invocations=3 (full 1):
 PSYoungGen      total 38400K, used 0K [0x0000000795580000, 0x000000079a080000, 0x00000007c0000000)
  eden space 33280K, 0% used [0x0000000795580000,0x0000000795580000,0x0000000797600000)
  from space 5120K, 0% used [0x0000000797b00000,0x0000000797b00000,0x0000000798000000)
  to   space 5120K, 0% used [0x0000000797600000,0x0000000797600000,0x0000000797b00000)
 ParOldGen       total 65024K, used 8831K [0x0000000740000000, 0x0000000743f80000, 0x0000000795580000)
  object space 65024K, 13% used [0x0000000740000000,0x000000074089fde0,0x0000000743f80000)
 Metaspace       used 20327K, capacity 21136K, committed 21248K, reserved 1067008K
  class space    used 2800K, capacity 3001K, committed 3072K, reserved 1048576K
}
Event: 6.634 GC heap before
{Heap before GC invocations=4 (full 1):
 PSYoungGen      total 38400K, used 33280K [0x0000000795580000, 0x000000079a080000, 0x00000007c0000000)
  eden space 33280K, 100% used [0x0000000795580000,0x0000000797600000,0x0000000797600000)
  from space 5120K, 0% used [0x0000000797b00000,0x0000000797b00000,0x0000000798000000)
  to   space 5120K, 0% used [0x0000000797600000,0x0000000797600000,0x0000000797b00000)
 ParOldGen       total 65024K, used 8831K [0x0000000740000000, 0x0000000743f80000, 0x0000000795580000)
  object space 65024K, 13% used [0x0000000740000000,0x000000074089fde0,0x0000000743f80000)
 Metaspace       used 20594K, capacity 21424K, committed 21504K, reserved 1067008K
  class space    used 2822K, capacity 3033K, committed 3072K, reserved 1048576K
Event: 6.680 GC heap after
Heap after GC invocations=4 (full 1):
 PSYoungGen      total 38400K, used 128K [0x0000000795580000, 0x0000000799c80000, 0x00000007c0000000)
  eden space 33280K, 0% used [0x0000000795580000,0x0000000795580000,0x0000000797600000)
  from space 5120K, 2% used [0x0000000797600000,0x0000000797620000,0x0000000797b00000)
  to   space 5120K, 0% used [0x0000000799780000,0x0000000799780000,0x0000000799c80000)
 ParOldGen       total 90112K, used 82698K [0x0000000740000000, 0x0000000745800000, 0x0000000795580000)
  object space 90112K, 91% used [0x0000000740000000,0x00000007450c2858,0x0000000745800000)
 Metaspace       used 20594K, capacity 21424K, committed 21504K, reserved 1067008K
  class space    used 2822K, capacity 3033K, committed 3072K, reserved 1048576K
}
Event: 6.680 GC heap before
{Heap before GC invocations=5 (full 2):
 PSYoungGen      total 38400K, used 128K [0x0000000795580000, 0x0000000799c80000, 0x00000007c0000000)
  eden space 33280K, 0% used [0x0000000795580000,0x0000000795580000,0x0000000797600000)
  from space 5120K, 2% used [0x0000000797600000,0x0000000797620000,0x0000000797b00000)
  to   space 5120K, 0% used [0x0000000799780000,0x0000000799780000,0x0000000799c80000)
 ParOldGen       total 90112K, used 82698K [0x0000000740000000, 0x0000000745800000, 0x0000000795580000)
  object space 90112K, 91% used [0x0000000740000000,0x00000007450c2858,0x0000000745800000)
 Metaspace       used 20594K, capacity 21424K, committed 21504K, reserved 1067008K
  class space    used 2822K, capacity 3033K, committed 3072K, reserved 1048576K
Event: 6.714 GC heap after
Heap after GC invocations=5 (full 2):
 PSYoungGen      total 38400K, used 0K [0x0000000795580000, 0x0000000799c80000, 0x00000007c0000000)
  eden space 33280K, 0% used [0x0000000795580000,0x0000000795580000,0x0000000797600000)
  from space 5120K, 0% used [0x0000000797600000,0x0000000797600000,0x0000000797b00000)
  to   space 5120K, 0% used [0x0000000799780000,0x0000000799780000,0x0000000799c80000)
 ParOldGen       total 184832K, used 33513K [0x0000000740000000, 0x000000074b480000, 0x0000000795580000)
  object space 184832K, 18% used [0x0000000740000000,0x00000007420ba790,0x000000074b480000)
 Metaspace       used 20594K, capacity 21424K, committed 21504K, reserved 1067008K
  class space    used 2822K, capacity 3033K, committed 3072K, reserved 1048576K
}

Deoptimization events (10 events):
Event: 6.343 Thread 0x00007fc3e32c8800 Uncommon trap: reason=class_check action=maybe_recompile pc=0x0000000102ba139c method=java.util.HashMap.putVal(ILjava/lang/Object;Ljava/lang/Object;ZZ)Ljava/lang/Object; @ 253
Event: 6.343 Thread 0x00007fc3e32c8800 Uncommon trap: reason=class_check action=maybe_recompile pc=0x0000000102ba139c method=java.util.HashMap.putVal(ILjava/lang/Object;Ljava/lang/Object;ZZ)Ljava/lang/Object; @ 253
Event: 6.971 Thread 0x00007fc3e32c8800 Uncommon trap: reason=unstable_if action=reinterpret pc=0x0000000102d03138 method=simulator.simulatorSetUp.run()V @ 44
Event: 52.353 Thread 0x00007fc3e2906000 Uncommon trap: reason=unstable_if action=reinterpret pc=0x0000000102b7c5c4 method=jdk.internal.org.objectweb.asm.Type.getArgumentsAndReturnSizes(Ljava/lang/String;)I @ 47
Event: 52.387 Thread 0x00007fc3e28fc800 Uncommon trap: reason=class_check action=maybe_recompile pc=0x0000000102a17d8c method=java.util.concurrent.locks.AbstractQueuedSynchronizer.release(I)Z @ 2
Event: 56.381 Thread 0x00007fc3e2906000 Uncommon trap: reason=unstable_if action=reinterpret pc=0x0000000102dbef50 method=com.sun.javafx.tk.quantum.QuantumToolkit.runWithoutRenderLock(Ljava/util/function/Supplier;)Ljava/lang/Object; @ 8
Event: 56.388 Thread 0x00007fc3e28fc800 Uncommon trap: reason=class_check action=maybe_recompile pc=0x0000000102a17d8c method=java.util.concurrent.locks.AbstractQueuedSynchronizer.release(I)Z @ 2
Event: 56.408 Thread 0x00007fc3e2906000 Uncommon trap: reason=class_check action=maybe_recompile pc=0x0000000102a17d8c method=java.util.concurrent.locks.AbstractQueuedSynchronizer.release(I)Z @ 2
Event: 56.408 Thread 0x00007fc3e2906000 Uncommon trap: reason=unstable_if action=reinterpret pc=0x0000000102a18124 method=java.util.concurrent.locks.ReentrantLock$Sync.tryRelease(I)Z @ 28
Event: 56.408 Thread 0x00007fc3e2906000 Uncommon trap: reason=class_check action=maybe_recompile pc=0x0000000102a17d8c method=java.util.concurrent.locks.AbstractQueuedSynchronizer.release(I)Z @ 2

Internal exceptions (10 events):
Event: 2.584 Thread 0x00007fc3e2906000 Exception <a 'java/lang/ArrayIndexOutOfBoundsException'> (0x00000007969c1f50) thrown at [/Users/java_re/workspace/8-2-build-macosx-x86_64/jdk8u121/8372/hotspot/src/share/vm/runtime/sharedRuntime.cpp, line 605]
Event: 2.585 Thread 0x00007fc3e2906000 Exception <a 'java/lang/ArrayIndexOutOfBoundsException'> (0x00000007969c2a68) thrown at [/Users/java_re/workspace/8-2-build-macosx-x86_64/jdk8u121/8372/hotspot/src/share/vm/runtime/sharedRuntime.cpp, line 605]
Event: 2.585 Thread 0x00007fc3e2906000 Exception <a 'java/lang/ArrayIndexOutOfBoundsException'> (0x00000007969c3e10) thrown at [/Users/java_re/workspace/8-2-build-macosx-x86_64/jdk8u121/8372/hotspot/src/share/vm/runtime/sharedRuntime.cpp, line 605]
Event: 4.573 Thread 0x00007fc3e2906000 Implicit null exception at 0x0000000102b181f5 to 0x0000000102b18431
Event: 4.737 Thread 0x00007fc3e2906000 Exception <a 'java/io/FileNotFoundException'> (0x0000000796f187a0) thrown at [/Users/java_re/workspace/8-2-build-macosx-x86_64/jdk8u121/8372/hotspot/src/share/vm/prims/jni.cpp, line 709]
Event: 5.800 Thread 0x00007fc3e32c8800 Exception <a 'java/io/FileNotFoundException'> (0x00000007957286c0) thrown at [/Users/java_re/workspace/8-2-build-macosx-x86_64/jdk8u121/8372/hotspot/src/share/vm/prims/jni.cpp, line 709]
Event: 5.800 Thread 0x00007fc3e32c8800 Exception <a 'java/io/FileNotFoundException'> (0x0000000795729220) thrown at [/Users/java_re/workspace/8-2-build-macosx-x86_64/jdk8u121/8372/hotspot/src/share/vm/prims/jni.cpp, line 709]
Event: 6.104 Thread 0x00007fc3e32c8800 Implicit null exception at 0x0000000102aff9b3 to 0x0000000102affdbd
Event: 6.105 Thread 0x00007fc3e32c8800 Implicit null exception at 0x0000000102a5cd76 to 0x0000000102a5d131
Event: 6.467 Thread 0x00007fc3e282f000 Exception <a 'java/lang/NullPointerException'> (0x00000007955a9a38) thrown at [/Users/java_re/workspace/8-2-build-macosx-x86_64/jdk8u121/8372/hotspot/src/share/vm/interpreter/linkResolver.cpp, line 1178]

Events (10 events):
Event: 56.408 Thread 0x00007fc3e2906000 Uncommon trap: trap_request=0xffffffde fr.pc=0x0000000102a17d8c
Event: 56.408 Thread 0x00007fc3e2906000 DEOPT PACKING pc=0x0000000102a17d8c sp=0x00007fff5ee42090
Event: 56.408 Thread 0x00007fc3e2906000 DEOPT UNPACKING pc=0x000000010283a229 sp=0x00007fff5ee42058 mode 2
Event: 56.408 loading class com/sun/javafx/tk/quantum/QuantumToolkit
Event: 56.408 loading class com/sun/javafx/tk/quantum/QuantumToolkit done
Event: 56.408 Thread 0x00007fc3e28fc800 Thread exited: 0x00007fc3e28fc800
Event: 56.409 Thread 0x00007fc3e31fe800 Thread exited: 0x00007fc3e31fe800
Event: 56.409 Thread 0x00007fc3e300a000 Thread exited: 0x00007fc3e300a000
Event: 56.409 Thread 0x00007fc3e23bd800 Thread added: 0x00007fc3e23bd800
Event: 56.409 Thread 0x00007fc3e2906000 Thread exited: 0x00007fc3e2906000


Dynamic libraries:
0x000000000b622000 	/System/Library/Frameworks/Cocoa.framework/Versions/A/Cocoa
0x000000000b622000 	/System/Library/Frameworks/Security.framework/Versions/A/Security
0x000000000b622000 	/System/Library/Frameworks/ApplicationServices.framework/Versions/A/ApplicationServices
0x000000000b622000 	/usr/lib/libz.1.dylib
0x000000000b622000 	/usr/lib/libSystem.B.dylib
0x000000000b622000 	/usr/lib/libobjc.A.dylib
0x000000000b622000 	/System/Library/Frameworks/CoreFoundation.framework/Versions/A/CoreFoundation
0x000000000b622000 	/System/Library/Frameworks/Foundation.framework/Versions/C/Foundation
0x000000000b622000 	/System/Library/Frameworks/AppKit.framework/Versions/C/AppKit
0x000000000b622000 	/System/Library/Frameworks/CoreData.framework/Versions/A/CoreData
0x000000000b622000 	/System/Library/PrivateFrameworks/RemoteViewServices.framework/Versions/A/RemoteViewServices
0x000000000b622000 	/System/Library/PrivateFrameworks/UIFoundation.framework/Versions/A/UIFoundation
0x000000000b622000 	/usr/lib/libScreenReader.dylib
0x000000000b622000 	/System/Library/Frameworks/Accelerate.framework/Versions/A/Accelerate
0x000000000b622000 	/System/Library/Frameworks/IOSurface.framework/Versions/A/IOSurface
0x000000000b622000 	/System/Library/Frameworks/AudioToolbox.framework/Versions/A/AudioToolbox
0x000000000b622000 	/System/Library/Frameworks/AudioUnit.framework/Versions/A/AudioUnit
0x000000000b622000 	/System/Library/PrivateFrameworks/DataDetectorsCore.framework/Versions/A/DataDetectorsCore
0x000000000b622000 	/System/Library/PrivateFrameworks/DesktopServicesPriv.framework/Versions/A/DesktopServicesPriv
0x000000000b622000 	/System/Library/Frameworks/Carbon.framework/Versions/A/Frameworks/HIToolbox.framework/Versions/A/HIToolbox
0x000000000b622000 	/System/Library/Frameworks/QuartzCore.framework/Versions/A/QuartzCore
0x000000000b622000 	/System/Library/Frameworks/Carbon.framework/Versions/A/Frameworks/SpeechRecognition.framework/Versions/A/SpeechRecognition
0x000000000b622000 	/usr/lib/libauto.dylib
0x000000000b622000 	/usr/lib/libicucore.A.dylib
0x000000000b622000 	/usr/lib/libxml2.2.dylib
0x000000000b622000 	/System/Library/PrivateFrameworks/CoreUI.framework/Versions/A/CoreUI
0x000000000b622000 	/System/Library/Frameworks/CoreAudio.framework/Versions/A/CoreAudio
0x000000000b622000 	/System/Library/Frameworks/DiskArbitration.framework/Versions/A/DiskArbitration
0x000000000b622000 	/usr/lib/liblangid.dylib
0x000000000b622000 	/System/Library/PrivateFrameworks/MultitouchSupport.framework/Versions/A/MultitouchSupport
0x000000000b622000 	/System/Library/Frameworks/IOKit.framework/Versions/A/IOKit
0x000000000b622000 	/usr/lib/libDiagnosticMessagesClient.dylib
0x000000000b622000 	/System/Library/Frameworks/CoreServices.framework/Versions/A/CoreServices
0x000000000b622000 	/System/Library/PrivateFrameworks/PerformanceAnalysis.framework/Versions/A/PerformanceAnalysis
0x000000000b622000 	/System/Library/PrivateFrameworks/GenerationalStorage.framework/Versions/A/GenerationalStorage
0x000000000b622000 	/System/Library/Frameworks/OpenGL.framework/Versions/A/OpenGL
0x000000000b622000 	/System/Library/PrivateFrameworks/Sharing.framework/Versions/A/Sharing
0x000000000b622000 	/System/Library/Frameworks/CoreGraphics.framework/Versions/A/CoreGraphics
0x000000000b622000 	/System/Library/Frameworks/CoreImage.framework/Versions/A/CoreImage
0x000000000b622000 	/System/Library/Frameworks/CoreText.framework/Versions/A/CoreText
0x000000000b622000 	/System/Library/Frameworks/ImageIO.framework/Versions/A/ImageIO
0x000000000b622000 	/System/Library/PrivateFrameworks/Backup.framework/Versions/A/Backup
0x000000000b622000 	/usr/lib/libextension.dylib
0x000000000b622000 	/usr/lib/libarchive.2.dylib
0x000000000b622000 	/System/Library/Frameworks/CFNetwork.framework/Versions/A/CFNetwork
0x000000000b622000 	/System/Library/Frameworks/SystemConfiguration.framework/Versions/A/SystemConfiguration
0x000000000b622000 	/usr/lib/libCRFSuite.dylib
0x000000000b622000 	/usr/lib/libc++.1.dylib
0x000000000b622000 	/usr/lib/libc++abi.dylib
0x000000000b622000 	/usr/lib/system/libcache.dylib
0x000000000b622000 	/usr/lib/system/libcommonCrypto.dylib
0x000000000b622000 	/usr/lib/system/libcompiler_rt.dylib
0x000000000b622000 	/usr/lib/system/libcopyfile.dylib
0x000000000b622000 	/usr/lib/system/libcorecrypto.dylib
0x000000000b622000 	/usr/lib/system/libdispatch.dylib
0x000000000b622000 	/usr/lib/system/libdyld.dylib
0x000000000b622000 	/usr/lib/system/libkeymgr.dylib
0x000000000b622000 	/usr/lib/system/liblaunch.dylib
0x000000000b622000 	/usr/lib/system/libmacho.dylib
0x000000000b622000 	/usr/lib/system/libquarantine.dylib
0x000000000b622000 	/usr/lib/system/libremovefile.dylib
0x000000000b622000 	/usr/lib/system/libsystem_asl.dylib
0x000000000b622000 	/usr/lib/system/libsystem_blocks.dylib
0x000000000b622000 	/usr/lib/system/libsystem_c.dylib
0x000000000b622000 	/usr/lib/system/libsystem_configuration.dylib
0x000000000b622000 	/usr/lib/system/libsystem_coreservices.dylib
0x000000000b622000 	/usr/lib/system/libsystem_coretls.dylib
0x000000000b622000 	/usr/lib/system/libsystem_dnssd.dylib
0x000000000b622000 	/usr/lib/system/libsystem_info.dylib
0x000000000b622000 	/usr/lib/system/libsystem_kernel.dylib
0x000000000b622000 	/usr/lib/system/libsystem_m.dylib
0x000000000b622000 	/usr/lib/system/libsystem_malloc.dylib
0x000000000b622000 	/usr/lib/system/libsystem_network.dylib
0x000000000b622000 	/usr/lib/system/libsystem_networkextension.dylib
0x000000000b622000 	/usr/lib/system/libsystem_notify.dylib
0x000000000b622000 	/usr/lib/system/libsystem_platform.dylib
0x000000000b622000 	/usr/lib/system/libsystem_pthread.dylib
0x000000000b622000 	/usr/lib/system/libsystem_sandbox.dylib
0x000000000b622000 	/usr/lib/system/libsystem_secinit.dylib
0x000000000b622000 	/usr/lib/system/libsystem_trace.dylib
0x000000000b622000 	/usr/lib/system/libunc.dylib
0x000000000b622000 	/usr/lib/system/libunwind.dylib
0x000000000b622000 	/usr/lib/system/libxpc.dylib
0x000000000b622000 	/usr/lib/libenergytrace.dylib
0x000000000b622000 	/usr/lib/libbsm.0.dylib
0x000000000b622000 	/usr/lib/system/libkxld.dylib
0x000000000b622000 	/usr/lib/libxar.1.dylib
0x000000000b622000 	/usr/lib/libsqlite3.dylib
0x000000000b622000 	/usr/lib/libpam.2.dylib
0x000000000b622000 	/usr/lib/libOpenScriptingUtil.dylib
0x000000000b622000 	/usr/lib/libbz2.1.0.dylib
0x000000000b622000 	/usr/lib/liblzma.5.dylib
0x000000000b622000 	/System/Library/Frameworks/CoreServices.framework/Versions/A/Frameworks/FSEvents.framework/Versions/A/FSEvents
0x000000000b622000 	/System/Library/Frameworks/CoreServices.framework/Versions/A/Frameworks/CarbonCore.framework/Versions/A/CarbonCore
0x000000000b622000 	/System/Library/Frameworks/CoreServices.framework/Versions/A/Frameworks/Metadata.framework/Versions/A/Metadata
0x000000000b622000 	/System/Library/Frameworks/CoreServices.framework/Versions/A/Frameworks/OSServices.framework/Versions/A/OSServices
0x000000000b622000 	/System/Library/Frameworks/CoreServices.framework/Versions/A/Frameworks/SearchKit.framework/Versions/A/SearchKit
0x000000000b622000 	/System/Library/Frameworks/CoreServices.framework/Versions/A/Frameworks/AE.framework/Versions/A/AE
0x000000000b622000 	/System/Library/Frameworks/CoreServices.framework/Versions/A/Frameworks/LaunchServices.framework/Versions/A/LaunchServices
0x000000000b622000 	/System/Library/Frameworks/CoreServices.framework/Versions/A/Frameworks/DictionaryServices.framework/Versions/A/DictionaryServices
0x000000000b622000 	/System/Library/Frameworks/CoreServices.framework/Versions/A/Frameworks/SharedFileList.framework/Versions/A/SharedFileList
0x000000000b622000 	/System/Library/Frameworks/NetFS.framework/Versions/A/NetFS
0x000000000b622000 	/System/Library/PrivateFrameworks/NetAuth.framework/Versions/A/NetAuth
0x000000000b622000 	/System/Library/PrivateFrameworks/login.framework/Versions/A/Frameworks/loginsupport.framework/Versions/A/loginsupport
0x000000000b622000 	/System/Library/PrivateFrameworks/TCC.framework/Versions/A/TCC
0x000000000b622000 	/usr/lib/libmecabra.dylib
0x000000000b622000 	/System/Library/Frameworks/ApplicationServices.framework/Versions/A/Frameworks/ATS.framework/Versions/A/ATS
0x000000000b622000 	/System/Library/Frameworks/ApplicationServices.framework/Versions/A/Frameworks/ColorSync.framework/Versions/A/ColorSync
0x000000000b622000 	/System/Library/Frameworks/ApplicationServices.framework/Versions/A/Frameworks/HIServices.framework/Versions/A/HIServices
0x000000000b622000 	/System/Library/Frameworks/ApplicationServices.framework/Versions/A/Frameworks/LangAnalysis.framework/Versions/A/LangAnalysis
0x000000000b622000 	/System/Library/Frameworks/ApplicationServices.framework/Versions/A/Frameworks/PrintCore.framework/Versions/A/PrintCore
0x000000000b622000 	/System/Library/Frameworks/ApplicationServices.framework/Versions/A/Frameworks/QD.framework/Versions/A/QD
0x000000000b622000 	/System/Library/Frameworks/ApplicationServices.framework/Versions/A/Frameworks/SpeechSynthesis.framework/Versions/A/SpeechSynthesis
0x000000000b622000 	/System/Library/Frameworks/Metal.framework/Versions/A/Metal
0x000000000b622000 	/System/Library/Frameworks/Accelerate.framework/Versions/A/Frameworks/vImage.framework/Versions/A/vImage
0x000000000b622000 	/System/Library/Frameworks/Accelerate.framework/Versions/A/Frameworks/vecLib.framework/Versions/A/vecLib
0x000000000b622000 	/System/Library/Frameworks/Accelerate.framework/Versions/A/Frameworks/vecLib.framework/Versions/A/libvDSP.dylib
0x000000000b622000 	/System/Library/Frameworks/Accelerate.framework/Versions/A/Frameworks/vecLib.framework/Versions/A/libvMisc.dylib
0x000000000b622000 	/System/Library/Frameworks/Accelerate.framework/Versions/A/Frameworks/vecLib.framework/Versions/A/libLAPACK.dylib
0x000000000b622000 	/System/Library/Frameworks/Accelerate.framework/Versions/A/Frameworks/vecLib.framework/Versions/A/libBLAS.dylib
0x000000000b622000 	/System/Library/Frameworks/Accelerate.framework/Versions/A/Frameworks/vecLib.framework/Versions/A/libLinearAlgebra.dylib
0x000000000b622000 	/System/Library/Frameworks/Accelerate.framework/Versions/A/Frameworks/vecLib.framework/Versions/A/libSparseBLAS.dylib
0x000000000b622000 	/System/Library/PrivateFrameworks/GPUCompiler.framework/libmetal_timestamp.dylib
0x000000000b622000 	/System/Library/Frameworks/OpenGL.framework/Versions/A/Libraries/libCoreFSCache.dylib
0x000000000b622000 	/System/Library/PrivateFrameworks/IOAccelerator.framework/Versions/A/IOAccelerator
0x000000000b622000 	/System/Library/Frameworks/ApplicationServices.framework/Versions/A/Frameworks/ATS.framework/Versions/A/Resources/libFontParser.dylib
0x000000000b622000 	/System/Library/Frameworks/ApplicationServices.framework/Versions/A/Frameworks/ATS.framework/Versions/A/Resources/libFontRegistry.dylib
0x000000000b622000 	/System/Library/PrivateFrameworks/AppleVPA.framework/Versions/A/AppleVPA
0x000000000b622000 	/System/Library/PrivateFrameworks/AppleJPEG.framework/Versions/A/AppleJPEG
0x000000000b622000 	/System/Library/Frameworks/ImageIO.framework/Versions/A/Resources/libJPEG.dylib
0x000000000b622000 	/System/Library/Frameworks/ImageIO.framework/Versions/A/Resources/libTIFF.dylib
0x000000000b622000 	/System/Library/Frameworks/ImageIO.framework/Versions/A/Resources/libPng.dylib
0x000000000b622000 	/System/Library/Frameworks/ImageIO.framework/Versions/A/Resources/libGIF.dylib
0x000000000b622000 	/System/Library/Frameworks/ImageIO.framework/Versions/A/Resources/libJP2.dylib
0x000000000b622000 	/System/Library/Frameworks/ImageIO.framework/Versions/A/Resources/libRadiance.dylib
0x000000000b622000 	/System/Library/Frameworks/CoreVideo.framework/Versions/A/CoreVideo
0x000000000b622000 	/System/Library/Frameworks/OpenGL.framework/Versions/A/Libraries/libGLU.dylib
0x000000000b622000 	/System/Library/Frameworks/OpenGL.framework/Versions/A/Libraries/libGFXShared.dylib
0x000000000b622000 	/System/Library/Frameworks/OpenGL.framework/Versions/A/Libraries/libGL.dylib
0x000000000b622000 	/System/Library/Frameworks/OpenGL.framework/Versions/A/Libraries/libGLImage.dylib
0x000000000b622000 	/System/Library/Frameworks/OpenGL.framework/Versions/A/Libraries/libCVMSPluginSupport.dylib
0x000000000b622000 	/System/Library/Frameworks/OpenGL.framework/Versions/A/Libraries/libCoreVMClient.dylib
0x000000000b622000 	/usr/lib/libcompression.dylib
0x000000000b622000 	/usr/lib/libcups.2.dylib
0x000000000b622000 	/System/Library/Frameworks/Kerberos.framework/Versions/A/Kerberos
0x000000000b622000 	/System/Library/Frameworks/GSS.framework/Versions/A/GSS
0x000000000b622000 	/usr/lib/libresolv.9.dylib
0x000000000b622000 	/usr/lib/libiconv.2.dylib
0x000000000b622000 	/System/Library/PrivateFrameworks/Heimdal.framework/Versions/A/Heimdal
0x000000000b622000 	/usr/lib/libheimdal-asn1.dylib
0x000000000b622000 	/System/Library/Frameworks/OpenDirectory.framework/Versions/A/OpenDirectory
0x000000000b622000 	/System/Library/PrivateFrameworks/CommonAuth.framework/Versions/A/CommonAuth
0x000000000b622000 	/System/Library/Frameworks/OpenDirectory.framework/Versions/A/Frameworks/CFOpenDirectory.framework/Versions/A/CFOpenDirectory
0x000000000b622000 	/System/Library/Frameworks/SecurityFoundation.framework/Versions/A/SecurityFoundation
0x000000000b622000 	/System/Library/PrivateFrameworks/LanguageModeling.framework/Versions/A/LanguageModeling
0x000000000b622000 	/usr/lib/libmarisa.dylib
0x000000000b622000 	/usr/lib/libChineseTokenizer.dylib
0x000000000b622000 	/usr/lib/libcmph.dylib
0x000000000b622000 	/System/Library/Frameworks/ServiceManagement.framework/Versions/A/ServiceManagement
0x000000000b622000 	/usr/lib/libxslt.1.dylib
0x000000000b622000 	/System/Library/Frameworks/Carbon.framework/Versions/A/Frameworks/Ink.framework/Versions/A/Ink
0x000000000b622000 	/usr/lib/libFosl_dynamic.dylib
0x000000000b622000 	/System/Library/PrivateFrameworks/FaceCore.framework/Versions/A/FaceCore
0x000000000b622000 	/System/Library/Frameworks/OpenCL.framework/Versions/A/OpenCL
0x000000000b622000 	/System/Library/PrivateFrameworks/CrashReporterSupport.framework/Versions/A/CrashReporterSupport
0x000000000b622000 	/System/Library/PrivateFrameworks/IconServices.framework/Versions/A/IconServices
0x000000000b622000 	/System/Library/PrivateFrameworks/Apple80211.framework/Versions/A/Apple80211
0x000000000b622000 	/System/Library/Frameworks/CoreWLAN.framework/Versions/A/CoreWLAN
0x000000000b622000 	/System/Library/Frameworks/IOBluetooth.framework/Versions/A/IOBluetooth
0x000000000b622000 	/System/Library/PrivateFrameworks/CoreWiFi.framework/Versions/A/CoreWiFi
0x000000000b622000 	/System/Library/Frameworks/CoreBluetooth.framework/Versions/A/CoreBluetooth
0x000000000b622000 	/System/Library/PrivateFrameworks/ChunkingLibrary.framework/Versions/A/ChunkingLibrary
0x000000000b622000 	/System/Library/PrivateFrameworks/DebugSymbols.framework/Versions/A/DebugSymbols
0x000000000b622000 	/System/Library/PrivateFrameworks/CoreSymbolication.framework/Versions/A/CoreSymbolication
0x000000000b622000 	/System/Library/PrivateFrameworks/Symbolication.framework/Versions/A/Symbolication
0x000000000b622000 	/System/Library/PrivateFrameworks/SpeechRecognitionCore.framework/Versions/A/SpeechRecognitionCore
0x0000000101033000 	/Library/Java/JavaVirtualMachines/jdk1.8.0_121.jdk/Contents/Home/jre/lib/server/libjvm.dylib
0x000000000b622000 	/usr/lib/libstdc++.6.dylib
0x0000000101fd9000 	/Library/Java/JavaVirtualMachines/jdk1.8.0_121.jdk/Contents/Home/jre/lib/libverify.dylib
0x0000000102800000 	/Library/Java/JavaVirtualMachines/jdk1.8.0_121.jdk/Contents/Home/jre/lib/libjava.dylib
0x0000000101ff1000 	/Library/Java/JavaVirtualMachines/jdk1.8.0_121.jdk/Contents/Home/jre/lib/libzip.dylib
0x0000000118198000 	/System/Library/Frameworks/JavaVM.framework/Frameworks/JavaRuntimeSupport.framework/JavaRuntimeSupport
0x00000001181b3000 	/System/Library/Frameworks/JavaVM.framework/Versions/A/Frameworks/JavaNativeFoundation.framework/Versions/A/JavaNativeFoundation
0x00000001181c8000 	/System/Library/Frameworks/JavaVM.framework/Versions/A/JavaVM
0x000000000b622000 	/System/Library/Frameworks/Carbon.framework/Versions/A/Carbon
0x00000001181d5000 	/System/Library/PrivateFrameworks/JavaLaunching.framework/Versions/A/JavaLaunching
0x000000000b622000 	/System/Library/Frameworks/Carbon.framework/Versions/A/Frameworks/CommonPanels.framework/Versions/A/CommonPanels
0x000000000b622000 	/System/Library/Frameworks/Carbon.framework/Versions/A/Frameworks/Help.framework/Versions/A/Help
0x000000000b622000 	/System/Library/Frameworks/Carbon.framework/Versions/A/Frameworks/ImageCapture.framework/Versions/A/ImageCapture
0x000000000b622000 	/System/Library/Frameworks/Carbon.framework/Versions/A/Frameworks/OpenScripting.framework/Versions/A/OpenScripting
0x000000000b622000 	/System/Library/Frameworks/Carbon.framework/Versions/A/Frameworks/Print.framework/Versions/A/Print
0x000000000b622000 	/System/Library/Frameworks/Carbon.framework/Versions/A/Frameworks/SecurityHI.framework/Versions/A/SecurityHI
0x0000000119be9000 	/Library/Java/JavaVirtualMachines/jdk1.8.0_121.jdk/Contents/Home/jre/lib/libprism_es2.dylib
0x000000000b622000 	/System/Library/Frameworks/OpenGL.framework/Versions/A/Resources/GLEngine.bundle/GLEngine
0x000000000b622000 	/System/Library/Frameworks/OpenGL.framework/Versions/A/Libraries/libGLProgrammability.dylib
0x0000000119c6b000 	/System/Library/Extensions/AppleIntelHDGraphicsGLDriver.bundle/Contents/MacOS/AppleIntelHDGraphicsGLDriver
0x000000000b622000 	/System/Library/PrivateFrameworks/GPUSupport.framework/Versions/A/Libraries/libGPUSupport.dylib
0x000000011a0f9000 	/System/Library/Extensions/GeForceTeslaGLDriver.bundle/Contents/MacOS/GeForceTeslaGLDriver
0x000000011bcb7000 	/System/Library/Extensions/GeForceTeslaGLDriver.bundle/Contents/MacOS/libclh.dylib
0x000000000b622000 	/System/Library/Frameworks/OpenGL.framework/Versions/A/Resources/GLRendererFloat.bundle/GLRendererFloat
0x000000000b622000 	/System/Library/Frameworks/OpenCL.framework/Versions/A/Libraries/libcldcpuengine.dylib
0x000000000b622000 	/System/Library/PrivateFrameworks/DiskImages.framework/Versions/A/DiskImages
0x000000000b622000 	/System/Library/Frameworks/DiscRecording.framework/Versions/A/DiscRecording
0x000000000b622000 	/usr/lib/libcsfde.dylib
0x000000000b622000 	/usr/lib/libcurl.4.dylib
0x000000000b622000 	/System/Library/PrivateFrameworks/MediaKit.framework/Versions/A/MediaKit
0x000000000b622000 	/System/Library/PrivateFrameworks/ProtectedCloudStorage.framework/Versions/A/ProtectedCloudStorage
0x000000000b622000 	/usr/lib/libCoreStorage.dylib
0x000000000b622000 	/System/Library/PrivateFrameworks/EFILogin.framework/Versions/A/EFILogin
0x000000000b622000 	/usr/lib/libutil.dylib
0x000000000b622000 	/System/Library/PrivateFrameworks/FindMyDevice.framework/Versions/A/FindMyDevice
0x000000000b622000 	/System/Library/Frameworks/LDAP.framework/Versions/A/LDAP
0x000000000b622000 	/usr/lib/libsasl2.2.dylib
0x000000000b622000 	/System/Library/PrivateFrameworks/CoreDaemon.framework/Versions/B/CoreDaemon
0x000000000b622000 	/usr/lib/libcrypto.0.9.8.dylib
0x000000000b622000 	/System/Library/PrivateFrameworks/AppleSRP.framework/Versions/A/AppleSRP
0x000000000b622000 	/System/Library/PrivateFrameworks/TrustEvaluationAgent.framework/Versions/A/TrustEvaluationAgent
0x000000011c5b0000 	/Library/Java/JavaVirtualMachines/jdk1.8.0_121.jdk/Contents/Home/jre/lib/libglass.dylib
0x000000000b622000 	/System/Library/PrivateFrameworks/CoreServicesInternal.framework/Versions/A/CoreServicesInternal
0x000000000b622000 	/System/Library/CoreServices/RawCamera.bundle/Contents/MacOS/RawCamera
0x000000000b622000 	/System/Library/Frameworks/CoreGraphics.framework/Versions/A/Resources/libRIP.A.dylib
0x000000000b622000 	/System/Library/Frameworks/Accelerate.framework/Versions/A/Frameworks/vImage.framework/Versions/A/Libraries/libCGInterfaces.dylib
0x000000000b622000 	/System/Library/PrivateFrameworks/FamilyControls.framework/Versions/A/FamilyControls
0x000000000b622000 	/System/Library/PrivateFrameworks/CommerceKit.framework/Versions/A/Frameworks/CommerceCore.framework/Versions/A/CommerceCore
0x000000000b622000 	/System/Library/PrivateFrameworks/SystemAdministration.framework/Versions/A/SystemAdministration
0x000000000b622000 	/System/Library/PrivateFrameworks/AppContainer.framework/Versions/A/AppContainer
0x000000000b622000 	/System/Library/PrivateFrameworks/SecCodeWrapper.framework/Versions/A/SecCodeWrapper
0x000000000b622000 	/System/Library/Frameworks/DirectoryService.framework/Versions/A/DirectoryService
0x000000000b622000 	/System/Library/PrivateFrameworks/LoginUIKit.framework/Versions/A/Frameworks/LoginUICore.framework/Versions/A/LoginUICore
0x000000000b622000 	/usr/lib/libodfde.dylib
0x000000011f78e000 	/Users/lilschwoegl/git/TrafficControlSystem/TrafficControlSystem/lib/libopencv_java340.dylib
0x000000011f8f7000 	/usr/local/Cellar/opencv/3.4.0_1/lib/libopencv_xphoto.3.4.dylib
0x000000011f995000 	/usr/local/Cellar/opencv/3.4.0_1/lib/libopencv_img_hash.3.4.dylib
0x000000011f9ac000 	/usr/local/Cellar/opencv/3.4.0_1/lib/libopencv_bioinspired.3.4.dylib
0x000000011f9f9000 	/usr/local/Cellar/opencv/3.4.0_1/lib/libopencv_structured_light.3.4.dylib
0x000000011fa14000 	/usr/local/Cellar/opencv/3.4.0_1/lib/libopencv_xfeatures2d.3.4.dylib
0x000000011fd23000 	/usr/local/Cellar/opencv/3.4.0_1/lib/libopencv_ximgproc.3.4.dylib
0x000000011ff73000 	/usr/local/Cellar/opencv/3.4.0_1/lib/libopencv_aruco.3.4.dylib
0x000000011ffd5000 	/usr/local/Cellar/opencv/3.4.0_1/lib/libopencv_face.3.4.dylib
0x0000000120090000 	/usr/local/opt/tbb/lib/libtbb.dylib
0x000000011d1a5000 	/usr/local/Cellar/opencv/3.4.0_1/lib/libopencv_phase_unwrapping.3.4.dylib
0x00000001200ca000 	/usr/local/Cellar/opencv/3.4.0_1/lib/libopencv_shape.3.4.dylib
0x0000000120100000 	/usr/local/Cellar/opencv/3.4.0_1/lib/libopencv_calib3d.3.4.dylib
0x00000001202db000 	/usr/local/Cellar/opencv/3.4.0_1/lib/libopencv_objdetect.3.4.dylib
0x000000012034e000 	/usr/local/Cellar/opencv/3.4.0_1/lib/libopencv_photo.3.4.dylib
0x000000012042a000 	/usr/local/Cellar/opencv/3.4.0_1/lib/libopencv_tracking.3.4.dylib
0x0000000120634000 	/usr/local/Cellar/opencv/3.4.0_1/lib/libopencv_plot.3.4.dylib
0x0000000120640000 	/usr/local/Cellar/opencv/3.4.0_1/lib/libopencv_video.3.4.dylib
0x00000001206a6000 	/usr/local/Cellar/opencv/3.4.0_1/lib/libopencv_datasets.3.4.dylib
0x0000000120702000 	/usr/local/Cellar/opencv/3.4.0_1/lib/libopencv_text.3.4.dylib
0x000000012084a000 	/usr/local/Cellar/opencv/3.4.0_1/lib/libopencv_ml.3.4.dylib
0x000000012090e000 	/usr/local/Cellar/opencv/3.4.0_1/lib/libopencv_dnn.3.4.dylib
0x0000000120cbd000 	/usr/local/Cellar/opencv/3.4.0_1/lib/libopencv_features2d.3.4.dylib
0x0000000120d8b000 	/usr/local/Cellar/opencv/3.4.0_1/lib/libopencv_flann.3.4.dylib
0x0000000120dea000 	/usr/local/Cellar/opencv/3.4.0_1/lib/libopencv_highgui.3.4.dylib
0x0000000120dff000 	/usr/local/Cellar/opencv/3.4.0_1/lib/libopencv_videoio.3.4.dylib
0x0000000120e2e000 	/usr/local/Cellar/opencv/3.4.0_1/lib/libopencv_imgcodecs.3.4.dylib
0x0000000120ef7000 	/usr/local/Cellar/opencv/3.4.0_1/lib/libopencv_imgproc.3.4.dylib
0x0000000123500000 	/usr/local/Cellar/opencv/3.4.0_1/lib/libopencv_core.3.4.dylib
0x0000000124197000 	/usr/local/opt/ffmpeg/lib/libavcodec.57.dylib
0x0000000125477000 	/usr/local/opt/ffmpeg/lib/libavformat.57.dylib
0x0000000125630000 	/usr/local/opt/ffmpeg/lib/libavutil.55.dylib
0x000000012569a000 	/usr/local/opt/ffmpeg/lib/libswscale.4.dylib
0x000000012571b000 	/usr/local/opt/ffmpeg/lib/libavresample.3.dylib
0x000000011d1af000 	/System/Library/Frameworks/VideoDecodeAcceleration.framework/Versions/A/VideoDecodeAcceleration
0x000000000b622000 	/System/Library/Frameworks/AVFoundation.framework/Versions/A/AVFoundation
0x000000000b622000 	/System/Library/Frameworks/CoreMedia.framework/Versions/A/CoreMedia
0x000000012573c000 	/usr/local/opt/libpng/lib/libpng16.16.dylib
0x0000000125768000 	/usr/local/opt/libtiff/lib/libtiff.5.dylib
0x00000001257d0000 	/usr/local/opt/ilmbase/lib/libImath-2_2.12.dylib
0x00000001257df000 	/usr/local/opt/openexr/lib/libIlmImf-2_2.22.dylib
0x0000000125ad7000 	/usr/local/opt/ilmbase/lib/libIex-2_2.12.dylib
0x0000000125ae9000 	/usr/local/opt/ilmbase/lib/libHalf.12.dylib
0x0000000125b2d000 	/usr/local/opt/ilmbase/lib/libIlmThread-2_2.12.dylib
0x0000000125b35000 	/usr/local/opt/jpeg/lib/libjpeg.9.dylib
0x0000000125b68000 	/usr/local/opt/ilmbase/lib/libIexMath-2_2.12.dylib
0x0000000125b6d000 	/usr/local/Cellar/ffmpeg/3.4.1_2/lib/libswresample.2.dylib
0x000000000b622000 	/System/Library/Frameworks/VideoToolbox.framework/Versions/A/VideoToolbox
0x0000000125b8d000 	/usr/local/opt/x264/lib/libx264.152.dylib
0x0000000125d08000 	/usr/local/opt/lame/lib/libmp3lame.0.dylib
0x000000000b622000 	/usr/lib/libspindump.dylib
0x000000000b622000 	/System/Library/PrivateFrameworks/AppleVA.framework/Versions/A/AppleVA
0x000000000b622000 	/System/Library/Frameworks/AVFoundation.framework/Versions/A/Resources/libAVFAudio.dylib
0x000000000b622000 	/System/Library/Frameworks/MediaToolbox.framework/Versions/A/MediaToolbox
0x000000000b622000 	/System/Library/Frameworks/CoreMediaIO.framework/Versions/A/CoreMediaIO
0x000000000b622000 	/System/Library/PrivateFrameworks/CoreAVCHD.framework/Versions/A/CoreAVCHD
0x000000000b622000 	/System/Library/Frameworks/MediaAccessibility.framework/Versions/A/MediaAccessibility
0x000000000b622000 	/System/Library/PrivateFrameworks/Mangrove.framework/Versions/A/Mangrove
0x000000000b622000 	/System/Library/PrivateFrameworks/CoreAUC.framework/Versions/A/CoreAUC
0x000000000b622000 	/System/Library/PrivateFrameworks/XPCService.framework/Versions/A/XPCService
0x000000000b622000 	/System/Library/PrivateFrameworks/AppSandbox.framework/Versions/A/AppSandbox
0x000000000b622000 	/usr/lib/libsandbox.1.dylib
0x000000000b622000 	/usr/lib/libMatch.1.dylib
0x000000000b622000 	/System/Library/Frameworks/CoreGraphics.framework/Versions/A/Resources/libCGXType.A.dylib
0x0000000126b18000 	cl_kernels
0x000000000b622000 	/System/Library/Frameworks/OpenCL.framework/Versions/A/Libraries/ImageFormats/unorm8_bgra.dylib
0x000000000b622000 	/System/Library/Frameworks/OpenCL.framework/Versions/A/Libraries/ImageFormats/unorm8_rgba.dylib
0x000000012a84d000 	/Library/Java/JavaVirtualMachines/jdk1.8.0_121.jdk/Contents/Home/jre/lib/libjavafx_font.dylib
0x000000012b7c0000 	/Library/Java/JavaVirtualMachines/jdk1.8.0_121.jdk/Contents/Home/jre/lib/libawt.dylib
0x000000012b868000 	/Library/Java/JavaVirtualMachines/jdk1.8.0_121.jdk/Contents/Home/jre/lib/./libmlib_image.dylib
0x000000012b934000 	/Library/Java/JavaVirtualMachines/jdk1.8.0_121.jdk/Contents/Home/jre/lib/libawt_lwawt.dylib
0x000000012b9ff000 	/Library/Java/JavaVirtualMachines/jdk1.8.0_121.jdk/Contents/Home/jre/lib/./libosxapp.dylib
0x000000000b622000 	/System/Library/Frameworks/ExceptionHandling.framework/Versions/A/ExceptionHandling
0x000000012d659000 	/Library/Java/JavaVirtualMachines/jdk1.8.0_121.jdk/Contents/Home/jre/lib/libprism_common.dylib
0x000000012df9f000 	/Library/Java/JavaVirtualMachines/jdk1.8.0_121.jdk/Contents/Home/jre/lib/libfontmanager.dylib
0x000000012e00f000 	/Library/Java/JavaVirtualMachines/jdk1.8.0_121.jdk/Contents/Home/jre/lib/libosxui.dylib
0x000000013008c000 	/Library/Java/JavaVirtualMachines/jdk1.8.0_121.jdk/Contents/Home/jre/lib/libnio.dylib
0x000000013009c000 	/Library/Java/JavaVirtualMachines/jdk1.8.0_121.jdk/Contents/Home/jre/lib/./libnet.dylib

VM Arguments:
jvm_args: -Djava.library.path=/Users/lilschwoegl/git/TrafficControlSystem/TrafficControlSystem/lib -Dfile.encoding=UTF-8 
java_command: application.Main
java_class_path (initial): /Library/Java/JavaVirtualMachines/jdk1.8.0_121.jdk/Contents/Home/jre/lib/resources.jar:/Library/Java/JavaVirtualMachines/jdk1.8.0_121.jdk/Contents/Home/jre/lib/rt.jar:/Library/Java/JavaVirtualMachines/jdk1.8.0_121.jdk/Contents/Home/jre/lib/jsse.jar:/Library/Java/JavaVirtualMachines/jdk1.8.0_121.jdk/Contents/Home/jre/lib/jce.jar:/Library/Java/JavaVirtualMachines/jdk1.8.0_121.jdk/Contents/Home/jre/lib/charsets.jar:/Library/Java/JavaVirtualMachines/jdk1.8.0_121.jdk/Contents/Home/jre/lib/jfr.jar:/Library/Java/JavaVirtualMachines/jdk1.8.0_121.jdk/Contents/Home/jre/lib/ext/cldrdata.jar:/Library/Java/JavaVirtualMachines/jdk1.8.0_121.jdk/Contents/Home/jre/lib/ext/dnsns.jar:/Library/Java/JavaVirtualMachines/jdk1.8.0_121.jdk/Contents/Home/jre/lib/ext/jaccess.jar:/Library/Java/JavaVirtualMachines/jdk1.8.0_121.jdk/Contents/Home/jre/lib/ext/jfxrt.jar:/Library/Java/JavaVirtualMachines/jdk1.8.0_121.jdk/Contents/Home/jre/lib/ext/localedata.jar:/Library/Java/JavaVirtualMachines/jdk1.8.0_121.jdk/Contents/Home/jre/lib/ext/nashorn.jar:/Library/Java/JavaVirtualMachines/jdk1.8.0_121.jdk/Contents/Home/jre/lib/ext/sunec.jar:/Library/Java/JavaVirtualMachines/jdk1.8.0_121.jdk/Contents/Home/jre/lib/ext/sunjce_provider.jar:/Library/Java/JavaVirtualMachines/jdk1.8.0_121.jdk/Contents/Home/jre/lib/ext/sunpkcs11.jar:/Library/Java/JavaVirtualMachines/jdk1.8.0_121.jdk/Contents/Home/jre/lib/ext/zipfs.jar:/System/Library/Java/Extensions/AppleScriptEngine.jar:/System/Library/Java/Extensions/dns_sd.jar:/System/Library/Java/Extensions/j3daudio.jar:/System/Library/Java/Extensions/j3dcore.jar:/System/Library/Java/Extensions/j3dutils.jar:/System/Library/Java/Extensions/jai_codec.jar:/System/Library/Java/Extensions/jai_core.jar:/System/Library/Java/Extensions/mlibwrapper_jai.jar:/System/Library/Java/Extensions/MRJToolkit.jar:/System/Library/Java/Extensions/vecmath.jar:/Users/lilschwoegl/git/TrafficControlSystem/TrafficControlSystem/bin:/Users/lilschwoegl/git/TrafficControlSystem/
Launcher Type: SUN_STANDARD

Environment Variables:
PATH=/usr/bin:/bin:/usr/sbin:/sbin
SHELL=/bin/bash

Signal Handlers:
SIGSEGV: [libjvm.dylib+0x5b1141], sa_mask[0]=11111111011111110111111111111111, sa_flags=SA_ONSTACK|SA_RESTART|SA_SIGINFO
SIGBUS: [libjvm.dylib+0x5b1141], sa_mask[0]=11111111011111110111111111111111, sa_flags=SA_RESTART|SA_SIGINFO
SIGFPE: [libjvm.dylib+0x487bc4], sa_mask[0]=11111111011111110111111111111111, sa_flags=SA_RESTART|SA_SIGINFO
SIGPIPE: [libjvm.dylib+0x487bc4], sa_mask[0]=11111111011111110111111111111111, sa_flags=SA_RESTART|SA_SIGINFO
SIGXFSZ: [libjvm.dylib+0x487bc4], sa_mask[0]=11111111011111110111111111111111, sa_flags=SA_RESTART|SA_SIGINFO
SIGILL: [libjvm.dylib+0x487bc4], sa_mask[0]=11111111011111110111111111111111, sa_flags=SA_RESTART|SA_SIGINFO
SIGUSR1: SIG_DFL, sa_mask[0]=00000000000000000000000000000000, sa_flags=none
SIGUSR2: [libjvm.dylib+0x4876e2], sa_mask[0]=00100000000000000000000000000000, sa_flags=SA_RESTART|SA_SIGINFO
SIGHUP: [libjvm.dylib+0x485cb9], sa_mask[0]=11111111011111110111111111111111, sa_flags=SA_RESTART|SA_SIGINFO
SIGINT: [libjvm.dylib+0x485cb9], sa_mask[0]=11111111011111110111111111111111, sa_flags=SA_RESTART|SA_SIGINFO
SIGTERM: [libjvm.dylib+0x485cb9], sa_mask[0]=11111111011111110111111111111111, sa_flags=SA_RESTART|SA_SIGINFO
SIGQUIT: [libjvm.dylib+0x485cb9], sa_mask[0]=11111111011111110111111111111111, sa_flags=SA_RESTART|SA_SIGINFO


---------------  S Y S T E M  ---------------

OS:Bsduname:Darwin 15.6.0 Darwin Kernel Version 15.6.0: Sun Jun  4 21:43:07 PDT 2017; root:xnu-3248.70.3~1/RELEASE_X86_64 x86_64
rlimit: STACK 8192k, CORE 0k, NPROC 709, NOFILE 10240, AS infinity
load average:2.42 2.76 5.09

CPU:total 4 (2 cores per cpu, 2 threads per core) family 6 model 37 stepping 2, cmov, cx8, fxsr, mmx, sse, sse2, sse3, ssse3, sse4.1, sse4.2, popcnt, aes, clmul, ht, tsc, tscinvbit

Memory: 4k page, physical 8388608k(1432348k free)

/proc/meminfo:


vm_info: Java HotSpot(TM) 64-Bit Server VM (25.121-b13) for bsd-amd64 JRE (1.8.0_121-b13), built on Dec 12 2016 20:39:32 by "java_re" with gcc 4.2.1 (Based on Apple Inc. build 5658) (LLVM build 2336.11.00)

time: Sat Feb 24 08:39:01 2018
elapsed time: 56 seconds (0d 0h 0m 56s)

