#
# A fatal error has been detected by the Java Runtime Environment:
#
#  SIGSEGV (0xb) at pc=0x000000010da39e32, pid=98078, tid=0x0000000000000a0b
#
# JRE version: Java(TM) SE Runtime Environment (8.0_121-b13) (build 1.8.0_121-b13)
# Java VM: Java HotSpot(TM) 64-Bit Server VM (25.121-b13 mixed mode bsd-amd64 compressed oops)
# Problematic frame:
# V  [libjvm.dylib+0x169e32]
#
# Failed to write core dump. Core dumps have been disabled. To enable core dumping, try "ulimit -c unlimited" before starting Java again
#
# If you would like to submit a bug report, please visit:
#   http://bugreport.java.com/bugreport/crash.jsp
#

---------------  T H R E A D  ---------------

Current thread is native thread

siginfo: si_signo: 11 (SIGSEGV), si_code: 1 (SEGV_MAPERR), si_addr: 0x0000000000000270

Registers:
RAX=0x0000000000000000, RBX=0x0000000000000000, RCX=0x00007fb521cb2fb0, RDX=0x0000000000000000
RSP=0x00007fff525a7630, RBP=0x00007fff525a7640, RSI=0x0000000000000006, RDI=0x00007fff525a7650
R8 =0x0000000000000000, R9 =0x0000000000000000, R10=0x00007fb5244eafb0, R11=0x0000000124a69ba8
R12=0x00007fb52212b9f8, R13=0x0000000129a46120, R14=0x00007fb521d2fc70, R15=0x00007fb52212b9f8
RIP=0x000000010da39e32, EFLAGS=0x0000000000010246, ERR=0x0000000000000006
  TRAPNO=0x000000000000000e

Top of Stack: (sp=0x00007fff525a7630)
0x00007fff525a7630:   0000000000000000 00007fb521d2fc70
0x00007fff525a7640:   00007fff525a7670 000000010dbe416a
0x00007fff525a7650:   0000000000000000 00007fb5244df610
0x00007fff525a7660:   00007fb5224fa800 00007fb5244dfe70
0x00007fff525a7670:   00007fff525a7690 0000000124a631f5
0x00007fff525a7680:   00007fb52604f000 00007fb52212b9f8
0x00007fff525a7690:   00007fff525a76b0 0000000124a6348f
0x00007fff525a76a0:   00007fb52604f000 00007fb521cb2fb0
0x00007fff525a76b0:   00007fff525a7710 0000000137d45e6b
0x00007fff525a76c0:   f40051e09e901c45 0000000000000000
0x00007fff525a76d0:   410c4a9b780f3858 00007fb5244e08d0
0x00007fff525a76e0:   00007fff525a7710 00007fff90ce94c0
0x00007fff525a76f0:   0000000000000000 0000000129a46120
0x00007fff525a7700:   00007fb5244dfe70 00007fb5244e08d0
0x00007fff525a7710:   00007fff525a7770 00007fff8e27678f
0x00007fff525a7720:   0000025800000004 0000000000000000
0x00007fff525a7730:   00007fb5244dfe70 0000000000000000
0x00007fff525a7740:   410c4a9b780f3858 00007fff90ce94c0
0x00007fff525a7750:   00007fb524586ba0 00007fb5244dfe70
0x00007fff525a7760:   0000000000000004 0000000000000000
0x00007fff525a7770:   00007fff525a77e0 00007fff8e276339
0x00007fff525a7780:   3ff0000000000000 4082c00000000000
0x00007fff525a7790:   4082c00000000000 0000000000000000
0x00007fff525a77a0:   0000000000000000 4082c00000000000
0x00007fff525a77b0:   4082c00000000000 00007fff525a78c0
0x00007fff525a77c0:   0000000129a47f28 00007fff958396b2
0x00007fff525a77d0:   0000000000000001 0000000129a47e80
0x00007fff525a77e0:   00007fff525a88c0 00007fff8e21a49d
0x00007fff525a77f0:   00007fff525a88c0 00007fff8e21a35f
0x00007fff525a7800:   ffffffffffffffff 00007fb521cd5d00
0x00007fff525a7810:   0000000129a47f28 0000000129a47f28
0x00007fff525a7820:   0000000129a47e80 0000000000000000 

Instructions: (pc=0x000000010da39e32)
0x000000010da39e12:   0e 48 8b 0b 49 8b 56 18 48 63 c0 48 89 0c c2 5b
0x000000010da39e22:   41 5e 5d c3 90 90 55 48 89 e5 41 56 53 48 8b 1f
0x000000010da39e32:   c7 83 70 02 00 00 05 00 00 00 48 8d 05 85 64 78
0x000000010da39e42:   00 8b 00 83 f8 01 41 89 f6 75 0c 48 8d 0d d2 cf 

Register to memory mapping:

RAX=0x0000000000000000 is an unknown value
RBX=0x0000000000000000 is an unknown value
RCX=0x00007fb521cb2fb0 is an unknown value
RDX=0x0000000000000000 is an unknown value
RSP=0x00007fff525a7630 is an unknown value
RBP=0x00007fff525a7640 is an unknown value
RSI=0x0000000000000006 is an unknown value
RDI=0x00007fff525a7650 is an unknown value
R8 =0x0000000000000000 is an unknown value
R9 =0x0000000000000000 is an unknown value
R10=0x00007fb5244eafb0 is an unknown value
R11=0x0000000124a69ba8: OBJC_CLASS_$_JNFWeakJObjectWrapper+0 in /System/Library/Frameworks/JavaVM.framework/Versions/A/Frameworks/JavaNativeFoundation.framework/Versions/A/JavaNativeFoundation at 0x0000000124a5d000
R12=0x00007fb52212b9f8 is an unknown value
R13=0x0000000129a46120 is an unknown value
R14=0x00007fb521d2fc70 is a weak global jni handle
R15=0x00007fb52212b9f8 is an unknown value


Stack: [0x00007fff51dac000,0x00007fff525ac000],  sp=0x00007fff525a7630,  free space=8173k
Native frames: (J=compiled Java code, j=interpreted, Vv=VM code, C=native code)
V  [libjvm.dylib+0x169e32]
V  [libjvm.dylib+0x31416a]
C  [JavaNativeFoundation+0x61f5]  -[JNFWeakJObjectWrapper _getWithEnv:]+0x25
C  [JavaNativeFoundation+0x648f]  -[JNFJObjectWrapper jObjectWithEnv:]+0x1d
C  [libawt_lwawt.dylib+0x1ae6b]  -[CGLLayer drawInCGLContext:pixelFormat:forLayerTime:displayTime:]+0xa4
C  [QuartzCore+0x6d78f]  _ZL17CAOpenGLLayerDrawP13CAOpenGLLayerdPK11CVTimeStampj+0x2ca
C  [QuartzCore+0x6d339]  -[CAOpenGLLayer _display]+0x160
C  [QuartzCore+0x1149d]  _ZN2CA5Layer17display_if_neededEPNS_11TransactionE+0x25b
C  [QuartzCore+0x10fc5]  _ZN2CA5Layer28layout_and_display_if_neededEPNS_11TransactionE+0x23
C  [QuartzCore+0x10499]  _ZN2CA7Context18commit_transactionEPNS_11TransactionE+0x115
C  [QuartzCore+0x100e4]  _ZN2CA11Transaction6commitEv+0x1fc
C  [QuartzCore+0x1b973]  _ZN2CA11Transaction17observer_callbackEP19__CFRunLoopObservermPv+0x47
C  [CoreFoundation+0xa9fc7]  __CFRUNLOOP_IS_CALLING_OUT_TO_AN_OBSERVER_CALLBACK_FUNCTION__+0x17
C  [CoreFoundation+0xa9f37]  __CFRunLoopDoObservers+0x187
C  [CoreFoundation+0x8952a]  __CFRunLoopRun+0x49a
C  [CoreFoundation+0x88e28]  CFRunLoopRunSpecific+0x128
C  [java+0x6465]  CreateExecutionEnvironment+0x367
C  [java+0x218c]  JLI_Launch+0x7a0
C  [java+0x84c2]  main+0x65
C  [java+0x19e4]  start+0x34


---------------  P R O C E S S  ---------------

VM state:not at safepoint (normal execution)

VM Mutex/Monitor currently owned by a thread: None

Heap:
 PSYoungGen      total 117248K, used 91849K [0x0000000795580000, 0x000000079d500000, 0x00000007c0000000)
  eden space 104448K, 79% used [0x0000000795580000,0x000000079a711498,0x000000079bb80000)
  from space 12800K, 65% used [0x000000079c800000,0x000000079d021280,0x000000079d480000)
  to   space 12800K, 0% used [0x000000079bb80000,0x000000079bb80000,0x000000079c800000)
 ParOldGen       total 187392K, used 122489K [0x0000000740000000, 0x000000074b700000, 0x0000000795580000)
  object space 187392K, 65% used [0x0000000740000000,0x000000074779e688,0x000000074b700000)
 Metaspace       used 24612K, capacity 25644K, committed 25856K, reserved 1071104K
  class space    used 3229K, capacity 3463K, committed 3584K, reserved 1048576K

Card table byte_map: [0x000000011e5c0000,0x000000011e9c1000] byte_map_base: 0x000000011abc0000

Marking Bits: (ParMarkBitMap*) 0x000000010e1c0d30
 Begin Bits: [0x000000011ec6c000, 0x0000000120c6c000)
 End Bits:   [0x0000000120c6c000, 0x0000000122c6c000)

Polling page: 0x000000010e8b9000

CodeCache: size=245760Kb used=11226Kb max_used=11237Kb free=234533Kb
 bounds [0x000000010f200000, 0x000000010fd30000, 0x000000011e200000]
 total_blobs=4634 nmethods=3638 adapters=909
 compilation: enabled

Compilation events (10 events):
Event: 91.803 Thread 0x00007fb523002000 4008       3       sun.reflect.Reflection::isSubclassOf (21 bytes)
Event: 91.803 Thread 0x00007fb523002000 nmethod 4008 0x000000010f764110 code [0x000000010f764280, 0x000000010f764568]
Event: 91.803 Thread 0x00007fb523002000 4007       3       sun.reflect.ReflectionFactory::newConstructorAccessor (132 bytes)
Event: 91.806 Thread 0x00007fb523002000 nmethod 4007 0x000000010fd1e0d0 code [0x000000010fd1e440, 0x000000010fd20288]
Event: 91.808 Thread 0x00007fb523002000 4009       1       com.sun.glass.ui.Accessible::getView (5 bytes)
Event: 91.808 Thread 0x00007fb523002000 nmethod 4009 0x000000010fa69dd0 code [0x000000010fa69f20, 0x000000010fa6a030]
Event: 91.828 Thread 0x00007fb523002000 4010       3       java.util.concurrent.locks.ReentrantLock::lock (8 bytes)
Event: 91.828 Thread 0x00007fb523002000 nmethod 4010 0x000000010f704b90 code [0x000000010f704d00, 0x000000010f704f28]
Event: 91.848 Thread 0x00007fb523001000 4011       4       java.util.concurrent.ConcurrentHashMap::putIfAbsent (8 bytes)
Event: 91.849 Thread 0x00007fb523001000 nmethod 4011 0x000000010f9c6150 code [0x000000010f9c62a0, 0x000000010f9c6328]

GC Heap History (10 events):
Event: 77.635 GC heap before
{Heap before GC invocations=32 (full 2):
 PSYoungGen      total 114688K, used 103472K [0x0000000795580000, 0x000000079d400000, 0x00000007c0000000)
  eden space 101888K, 99% used [0x0000000795580000,0x000000079b8ffe78,0x000000079b900000)
  from space 12800K, 12% used [0x000000079b900000,0x000000079ba8c250,0x000000079c580000)
  to   space 13312K, 0% used [0x000000079c700000,0x000000079c700000,0x000000079d400000)
 ParOldGen       total 187392K, used 111657K [0x0000000740000000, 0x000000074b700000, 0x0000000795580000)
  object space 187392K, 59% used [0x0000000740000000,0x0000000746d0a5e0,0x000000074b700000)
 Metaspace       used 24564K, capacity 25618K, committed 25728K, reserved 1071104K
  class space    used 3225K, capacity 3456K, committed 3456K, reserved 1048576K
Event: 77.639 GC heap after
Heap after GC invocations=32 (full 2):
 PSYoungGen      total 115200K, used 5426K [0x0000000795580000, 0x000000079d300000, 0x00000007c0000000)
  eden space 102912K, 0% used [0x0000000795580000,0x0000000795580000,0x000000079ba00000)
  from space 12288K, 44% used [0x000000079c700000,0x000000079cc4cb90,0x000000079d300000)
  to   space 12800K, 0% used [0x000000079ba00000,0x000000079ba00000,0x000000079c680000)
 ParOldGen       total 187392K, used 111681K [0x0000000740000000, 0x000000074b700000, 0x0000000795580000)
  object space 187392K, 59% used [0x0000000740000000,0x0000000746d105e0,0x000000074b700000)
 Metaspace       used 24564K, capacity 25618K, committed 25728K, reserved 1071104K
  class space    used 3225K, capacity 3456K, committed 3456K, reserved 1048576K
}
Event: 80.665 GC heap before
{Heap before GC invocations=33 (full 2):
 PSYoungGen      total 115200K, used 108338K [0x0000000795580000, 0x000000079d300000, 0x00000007c0000000)
  eden space 102912K, 100% used [0x0000000795580000,0x000000079ba00000,0x000000079ba00000)
  from space 12288K, 44% used [0x000000079c700000,0x000000079cc4cb90,0x000000079d300000)
  to   space 12800K, 0% used [0x000000079ba00000,0x000000079ba00000,0x000000079c680000)
 ParOldGen       total 187392K, used 122425K [0x0000000740000000, 0x000000074b700000, 0x0000000795580000)
  object space 187392K, 65% used [0x0000000740000000,0x000000074778e688,0x000000074b700000)
 Metaspace       used 24565K, capacity 25618K, committed 25728K, reserved 1071104K
  class space    used 3225K, capacity 3456K, committed 3456K, reserved 1048576K
Event: 80.668 GC heap after
Heap after GC invocations=33 (full 2):
 PSYoungGen      total 115712K, used 608K [0x0000000795580000, 0x000000079d600000, 0x00000007c0000000)
  eden space 102912K, 0% used [0x0000000795580000,0x0000000795580000,0x000000079ba00000)
  from space 12800K, 4% used [0x000000079ba00000,0x000000079ba98000,0x000000079c680000)
  to   space 13824K, 0% used [0x000000079c880000,0x000000079c880000,0x000000079d600000)
 ParOldGen       total 187392K, used 122441K [0x0000000740000000, 0x000000074b700000, 0x0000000795580000)
  object space 187392K, 65% used [0x0000000740000000,0x0000000747792688,0x000000074b700000)
 Metaspace       used 24565K, capacity 25618K, committed 25728K, reserved 1071104K
  class space    used 3225K, capacity 3456K, committed 3456K, reserved 1048576K
}
Event: 83.663 GC heap before
{Heap before GC invocations=34 (full 2):
 PSYoungGen      total 115712K, used 103353K [0x0000000795580000, 0x000000079d600000, 0x00000007c0000000)
  eden space 102912K, 99% used [0x0000000795580000,0x000000079b9d6510,0x000000079ba00000)
  from space 12800K, 4% used [0x000000079ba00000,0x000000079ba98000,0x000000079c680000)
  to   space 13824K, 0% used [0x000000079c880000,0x000000079c880000,0x000000079d600000)
 ParOldGen       total 187392K, used 122441K [0x0000000740000000, 0x000000074b700000, 0x0000000795580000)
  object space 187392K, 65% used [0x0000000740000000,0x0000000747792688,0x000000074b700000)
 Metaspace       used 24567K, capacity 25618K, committed 25728K, reserved 1071104K
  class space    used 3225K, capacity 3456K, committed 3456K, reserved 1048576K
Event: 83.668 GC heap after
Heap after GC invocations=34 (full 2):
 PSYoungGen      total 116736K, used 5458K [0x0000000795580000, 0x000000079d500000, 0x00000007c0000000)
  eden space 103936K, 0% used [0x0000000795580000,0x0000000795580000,0x000000079bb00000)
  from space 12800K, 42% used [0x000000079c880000,0x000000079cdd4b90,0x000000079d500000)
  to   space 13312K, 0% used [0x000000079bb00000,0x000000079bb00000,0x000000079c800000)
 ParOldGen       total 187392K, used 122457K [0x0000000740000000, 0x000000074b700000, 0x0000000795580000)
  object space 187392K, 65% used [0x0000000740000000,0x0000000747796688,0x000000074b700000)
 Metaspace       used 24567K, capacity 25618K, committed 25728K, reserved 1071104K
  class space    used 3225K, capacity 3456K, committed 3456K, reserved 1048576K
}
Event: 86.669 GC heap before
{Heap before GC invocations=35 (full 2):
 PSYoungGen      total 116736K, used 108751K [0x0000000795580000, 0x000000079d500000, 0x00000007c0000000)
  eden space 103936K, 99% used [0x0000000795580000,0x000000079ba5f428,0x000000079bb00000)
  from space 12800K, 42% used [0x000000079c880000,0x000000079cdd4b90,0x000000079d500000)
  to   space 13312K, 0% used [0x000000079bb00000,0x000000079bb00000,0x000000079c800000)
 ParOldGen       total 187392K, used 122457K [0x0000000740000000, 0x000000074b700000, 0x0000000795580000)
  object space 187392K, 65% used [0x0000000740000000,0x0000000747796688,0x000000074b700000)
 Metaspace       used 24573K, capacity 25618K, committed 25728K, reserved 1071104K
  class space    used 3225K, capacity 3456K, committed 3456K, reserved 1048576K
Event: 86.673 GC heap after
Heap after GC invocations=35 (full 2):
 PSYoungGen      total 117248K, used 6711K [0x0000000795580000, 0x000000079d480000, 0x00000007c0000000)
  eden space 103936K, 0% used [0x0000000795580000,0x0000000795580000,0x000000079bb00000)
  from space 13312K, 50% used [0x000000079bb00000,0x000000079c18de80,0x000000079c800000)
  to   space 12800K, 0% used [0x000000079c800000,0x000000079c800000,0x000000079d480000)
 ParOldGen       total 187392K, used 122481K [0x0000000740000000, 0x000000074b700000, 0x0000000795580000)
  object space 187392K, 65% used [0x0000000740000000,0x000000074779c688,0x000000074b700000)
 Metaspace       used 24573K, capacity 25618K, committed 25728K, reserved 1071104K
  class space    used 3225K, capacity 3456K, committed 3456K, reserved 1048576K
}
Event: 89.326 GC heap before
{Heap before GC invocations=36 (full 2):
 PSYoungGen      total 117248K, used 110351K [0x0000000795580000, 0x000000079d480000, 0x00000007c0000000)
  eden space 103936K, 99% used [0x0000000795580000,0x000000079bab6038,0x000000079bb00000)
  from space 13312K, 50% used [0x000000079bb00000,0x000000079c18de80,0x000000079c800000)
  to   space 12800K, 0% used [0x000000079c800000,0x000000079c800000,0x000000079d480000)
 ParOldGen       total 187392K, used 122481K [0x0000000740000000, 0x000000074b700000, 0x0000000795580000)
  object space 187392K, 65% used [0x0000000740000000,0x000000074779c688,0x000000074b700000)
 Metaspace       used 24581K, capacity 25618K, committed 25728K, reserved 1071104K
  class space    used 3225K, capacity 3456K, committed 3456K, reserved 1048576K
Event: 89.332 GC heap after
Heap after GC invocations=36 (full 2):
 PSYoungGen      total 117248K, used 8324K [0x0000000795580000, 0x000000079d500000, 0x00000007c0000000)
  eden space 104448K, 0% used [0x0000000795580000,0x0000000795580000,0x000000079bb80000)
  from space 12800K, 65% used [0x000000079c800000,0x000000079d021280,0x000000079d480000)
  to   space 12800K, 0% used [0x000000079bb80000,0x000000079bb80000,0x000000079c800000)
 ParOldGen       total 187392K, used 122489K [0x0000000740000000, 0x000000074b700000, 0x0000000795580000)
  object space 187392K, 65% used [0x0000000740000000,0x000000074779e688,0x000000074b700000)
 Metaspace       used 24581K, capacity 25618K, committed 25728K, reserved 1071104K
  class space    used 3225K, capacity 3456K, committed 3456K, reserved 1048576K
}

Deoptimization events (10 events):
Event: 8.175 Thread 0x00007fb52212b800 Uncommon trap: reason=bimorphic action=maybe_recompile pc=0x000000010f8254ac method=javafx.scene.CssStyleHelper.resolveRef(Ljavafx/css/Styleable;Ljava/lang/String;Lcom/sun/javafx/css/StyleMap;Ljava/util/Set;)Lcom/sun/javafx/css/CascadingStyle; @ 91
Event: 8.175 Thread 0x00007fb52212b800 Uncommon trap: reason=bimorphic action=maybe_recompile pc=0x000000010f8254ac method=javafx.scene.CssStyleHelper.resolveRef(Ljavafx/css/Styleable;Ljava/lang/String;Lcom/sun/javafx/css/StyleMap;Ljava/util/Set;)Lcom/sun/javafx/css/CascadingStyle; @ 91
Event: 8.175 Thread 0x00007fb52212b800 Uncommon trap: reason=bimorphic action=maybe_recompile pc=0x000000010f8254ac method=javafx.scene.CssStyleHelper.resolveRef(Ljavafx/css/Styleable;Ljava/lang/String;Lcom/sun/javafx/css/StyleMap;Ljava/util/Set;)Lcom/sun/javafx/css/CascadingStyle; @ 91
Event: 8.175 Thread 0x00007fb52212b800 Uncommon trap: reason=bimorphic action=maybe_recompile pc=0x000000010f80e144 method=javafx.scene.CssStyleHelper.resolveRef(Ljavafx/css/Styleable;Ljava/lang/String;Lcom/sun/javafx/css/StyleMap;Ljava/util/Set;)Lcom/sun/javafx/css/CascadingStyle; @ 91
Event: 8.189 Thread 0x00007fb52212b800 Uncommon trap: reason=unstable_if action=reinterpret pc=0x000000010f830c70 method=com.sun.javafx.css.BitSet.add(Ljava/lang/Object;)Z @ 91
Event: 10.339 Thread 0x00007fb522684800 Uncommon trap: reason=unstable_if action=reinterpret pc=0x000000010f9950c4 method=com.sun.javafx.image.impl.IntTo4ByteSameConverter.doConvert([III[BIIII)V @ 29
Event: 91.751 Thread 0x00007fb52212b800 Uncommon trap: reason=unstable_if action=reinterpret pc=0x000000010fbb9894 method=java.util.concurrent.locks.ReentrantLock$Sync.nonfairTryAcquire(I)Z @ 34
Event: 91.751 Thread 0x00007fb52212b800 Uncommon trap: reason=unstable_if action=reinterpret pc=0x000000010fb45a64 method=java.util.concurrent.locks.ReentrantLock$Sync.tryRelease(I)Z @ 28
Event: 91.751 Thread 0x00007fb52212b800 Uncommon trap: reason=unstable_if action=reinterpret pc=0x000000010f308414 method=java.util.concurrent.locks.ReentrantLock$Sync.nonfairTryAcquire(I)Z @ 34
Event: 91.849 Thread 0x00007fb52212b800 Uncommon trap: reason=unstable_if action=reinterpret pc=0x000000010fcb1890 method=java.util.concurrent.locks.ReentrantLock$Sync.nonfairTryAcquire(I)Z @ 34

Internal exceptions (10 events):
Event: 1.704 Thread 0x00007fb52212b800 Exception <a 'java/lang/ArrayIndexOutOfBoundsException'> (0x00000007969c1988) thrown at [/Users/java_re/workspace/8-2-build-macosx-x86_64/jdk8u121/8372/hotspot/src/share/vm/runtime/sharedRuntime.cpp, line 605]
Event: 1.704 Thread 0x00007fb52212b800 Exception <a 'java/lang/ArrayIndexOutOfBoundsException'> (0x00000007969c24a0) thrown at [/Users/java_re/workspace/8-2-build-macosx-x86_64/jdk8u121/8372/hotspot/src/share/vm/runtime/sharedRuntime.cpp, line 605]
Event: 1.704 Thread 0x00007fb52212b800 Exception <a 'java/lang/ArrayIndexOutOfBoundsException'> (0x00000007969c3848) thrown at [/Users/java_re/workspace/8-2-build-macosx-x86_64/jdk8u121/8372/hotspot/src/share/vm/runtime/sharedRuntime.cpp, line 605]
Event: 2.033 Thread 0x00007fb52212b800 Implicit null exception at 0x000000010f4ee275 to 0x000000010f4ee4ad
Event: 2.173 Thread 0x00007fb52212b800 Exception <a 'java/io/FileNotFoundException'> (0x0000000796f18970) thrown at [/Users/java_re/workspace/8-2-build-macosx-x86_64/jdk8u121/8372/hotspot/src/share/vm/prims/jni.cpp, line 709]
Event: 2.900 Thread 0x00007fb523bd6800 Exception <a 'java/io/FileNotFoundException'> (0x0000000795725410) thrown at [/Users/java_re/workspace/8-2-build-macosx-x86_64/jdk8u121/8372/hotspot/src/share/vm/prims/jni.cpp, line 709]
Event: 2.900 Thread 0x00007fb523bd6800 Exception <a 'java/io/FileNotFoundException'> (0x0000000795725f70) thrown at [/Users/java_re/workspace/8-2-build-macosx-x86_64/jdk8u121/8372/hotspot/src/share/vm/prims/jni.cpp, line 709]
Event: 3.202 Thread 0x00007fb523bd6800 Implicit null exception at 0x000000010f4d1db3 to 0x000000010f4d21bd
Event: 3.203 Thread 0x00007fb523bd6800 Implicit null exception at 0x000000010f417af6 to 0x000000010f417eb1
Event: 3.488 Thread 0x00007fb523801800 Exception <a 'java/lang/NullPointerException'> (0x000000079568a228) thrown at [/Users/java_re/workspace/8-2-build-macosx-x86_64/jdk8u121/8372/hotspot/src/share/vm/interpreter/linkResolver.cpp, line 1178]

Events (10 events):
Event: 91.849 Thread 0x00007fb52212b800 Uncommon trap: trap_request=0xffffff65 fr.pc=0x000000010fcb1890
Event: 91.849 Thread 0x00007fb52212b800 DEOPT PACKING pc=0x000000010fcb1890 sp=0x00007fff525a5050
Event: 91.849 Thread 0x00007fb52212b800 DEOPT UNPACKING pc=0x000000010f205229 sp=0x00007fff525a4f98 mode 2
Event: 91.849 loading class com/sun/javafx/tk/quantum/QuantumToolkit
Event: 91.849 loading class com/sun/javafx/tk/quantum/QuantumToolkit done
Event: 91.849 Thread 0x00007fb52300e800 Thread exited: 0x00007fb52300e800
Event: 91.850 Thread 0x00007fb523a8d000 Thread exited: 0x00007fb523a8d000
Event: 91.850 Thread 0x00007fb522808800 Thread exited: 0x00007fb522808800
Event: 91.850 Thread 0x00007fb522808800 Thread added: 0x00007fb522808800
Event: 91.850 Thread 0x00007fb52212b800 Thread exited: 0x00007fb52212b800


Dynamic libraries:
0x000000000b622000 	/System/Library/Frameworks/Cocoa.framework/Versions/A/Cocoa
0x000000000b622000 	/System/Library/Frameworks/Security.framework/Versions/A/Security
0x000000000b622000 	/System/Library/Frameworks/ApplicationServices.framework/Versions/A/ApplicationServices
0x000000000b622000 	/usr/lib/libz.1.dylib
0x000000000b622000 	/usr/lib/libSystem.B.dylib
0x000000000b622000 	/usr/lib/libobjc.A.dylib
0x000000000b622000 	/System/Library/Frameworks/CoreFoundation.framework/Versions/A/CoreFoundation
0x000000000b622000 	/System/Library/Frameworks/Foundation.framework/Versions/C/Foundation
0x000000000b622000 	/System/Library/Frameworks/AppKit.framework/Versions/C/AppKit
0x000000000b622000 	/System/Library/Frameworks/CoreData.framework/Versions/A/CoreData
0x000000000b622000 	/System/Library/PrivateFrameworks/RemoteViewServices.framework/Versions/A/RemoteViewServices
0x000000000b622000 	/System/Library/PrivateFrameworks/UIFoundation.framework/Versions/A/UIFoundation
0x000000000b622000 	/usr/lib/libScreenReader.dylib
0x000000000b622000 	/System/Library/Frameworks/Accelerate.framework/Versions/A/Accelerate
0x000000000b622000 	/System/Library/Frameworks/IOSurface.framework/Versions/A/IOSurface
0x000000000b622000 	/System/Library/Frameworks/AudioToolbox.framework/Versions/A/AudioToolbox
0x000000000b622000 	/System/Library/Frameworks/AudioUnit.framework/Versions/A/AudioUnit
0x000000000b622000 	/System/Library/PrivateFrameworks/DataDetectorsCore.framework/Versions/A/DataDetectorsCore
0x000000000b622000 	/System/Library/PrivateFrameworks/DesktopServicesPriv.framework/Versions/A/DesktopServicesPriv
0x000000000b622000 	/System/Library/Frameworks/Carbon.framework/Versions/A/Frameworks/HIToolbox.framework/Versions/A/HIToolbox
0x000000000b622000 	/System/Library/Frameworks/QuartzCore.framework/Versions/A/QuartzCore
0x000000000b622000 	/System/Library/Frameworks/Carbon.framework/Versions/A/Frameworks/SpeechRecognition.framework/Versions/A/SpeechRecognition
0x000000000b622000 	/usr/lib/libauto.dylib
0x000000000b622000 	/usr/lib/libicucore.A.dylib
0x000000000b622000 	/usr/lib/libxml2.2.dylib
0x000000000b622000 	/System/Library/PrivateFrameworks/CoreUI.framework/Versions/A/CoreUI
0x000000000b622000 	/System/Library/Frameworks/CoreAudio.framework/Versions/A/CoreAudio
0x000000000b622000 	/System/Library/Frameworks/DiskArbitration.framework/Versions/A/DiskArbitration
0x000000000b622000 	/usr/lib/liblangid.dylib
0x000000000b622000 	/System/Library/PrivateFrameworks/MultitouchSupport.framework/Versions/A/MultitouchSupport
0x000000000b622000 	/System/Library/Frameworks/IOKit.framework/Versions/A/IOKit
0x000000000b622000 	/usr/lib/libDiagnosticMessagesClient.dylib
0x000000000b622000 	/System/Library/Frameworks/CoreServices.framework/Versions/A/CoreServices
0x000000000b622000 	/System/Library/PrivateFrameworks/PerformanceAnalysis.framework/Versions/A/PerformanceAnalysis
0x000000000b622000 	/System/Library/PrivateFrameworks/GenerationalStorage.framework/Versions/A/GenerationalStorage
0x000000000b622000 	/System/Library/Frameworks/OpenGL.framework/Versions/A/OpenGL
0x000000000b622000 	/System/Library/PrivateFrameworks/Sharing.framework/Versions/A/Sharing
0x000000000b622000 	/System/Library/Frameworks/CoreGraphics.framework/Versions/A/CoreGraphics
0x000000000b622000 	/System/Library/Frameworks/CoreImage.framework/Versions/A/CoreImage
0x000000000b622000 	/System/Library/Frameworks/CoreText.framework/Versions/A/CoreText
0x000000000b622000 	/System/Library/Frameworks/ImageIO.framework/Versions/A/ImageIO
0x000000000b622000 	/System/Library/PrivateFrameworks/Backup.framework/Versions/A/Backup
0x000000000b622000 	/usr/lib/libextension.dylib
0x000000000b622000 	/usr/lib/libarchive.2.dylib
0x000000000b622000 	/System/Library/Frameworks/CFNetwork.framework/Versions/A/CFNetwork
0x000000000b622000 	/System/Library/Frameworks/SystemConfiguration.framework/Versions/A/SystemConfiguration
0x000000000b622000 	/usr/lib/libCRFSuite.dylib
0x000000000b622000 	/usr/lib/libc++.1.dylib
0x000000000b622000 	/usr/lib/libc++abi.dylib
0x000000000b622000 	/usr/lib/system/libcache.dylib
0x000000000b622000 	/usr/lib/system/libcommonCrypto.dylib
0x000000000b622000 	/usr/lib/system/libcompiler_rt.dylib
0x000000000b622000 	/usr/lib/system/libcopyfile.dylib
0x000000000b622000 	/usr/lib/system/libcorecrypto.dylib
0x000000000b622000 	/usr/lib/system/libdispatch.dylib
0x000000000b622000 	/usr/lib/system/libdyld.dylib
0x000000000b622000 	/usr/lib/system/libkeymgr.dylib
0x000000000b622000 	/usr/lib/system/liblaunch.dylib
0x000000000b622000 	/usr/lib/system/libmacho.dylib
0x000000000b622000 	/usr/lib/system/libquarantine.dylib
0x000000000b622000 	/usr/lib/system/libremovefile.dylib
0x000000000b622000 	/usr/lib/system/libsystem_asl.dylib
0x000000000b622000 	/usr/lib/system/libsystem_blocks.dylib
0x000000000b622000 	/usr/lib/system/libsystem_c.dylib
0x000000000b622000 	/usr/lib/system/libsystem_configuration.dylib
0x000000000b622000 	/usr/lib/system/libsystem_coreservices.dylib
0x000000000b622000 	/usr/lib/system/libsystem_coretls.dylib
0x000000000b622000 	/usr/lib/system/libsystem_dnssd.dylib
0x000000000b622000 	/usr/lib/system/libsystem_info.dylib
0x000000000b622000 	/usr/lib/system/libsystem_kernel.dylib
0x000000000b622000 	/usr/lib/system/libsystem_m.dylib
0x000000000b622000 	/usr/lib/system/libsystem_malloc.dylib
0x000000000b622000 	/usr/lib/system/libsystem_network.dylib
0x000000000b622000 	/usr/lib/system/libsystem_networkextension.dylib
0x000000000b622000 	/usr/lib/system/libsystem_notify.dylib
0x000000000b622000 	/usr/lib/system/libsystem_platform.dylib
0x000000000b622000 	/usr/lib/system/libsystem_pthread.dylib
0x000000000b622000 	/usr/lib/system/libsystem_sandbox.dylib
0x000000000b622000 	/usr/lib/system/libsystem_secinit.dylib
0x000000000b622000 	/usr/lib/system/libsystem_trace.dylib
0x000000000b622000 	/usr/lib/system/libunc.dylib
0x000000000b622000 	/usr/lib/system/libunwind.dylib
0x000000000b622000 	/usr/lib/system/libxpc.dylib
0x000000000b622000 	/usr/lib/libenergytrace.dylib
0x000000000b622000 	/usr/lib/libbsm.0.dylib
0x000000000b622000 	/usr/lib/system/libkxld.dylib
0x000000000b622000 	/usr/lib/libxar.1.dylib
0x000000000b622000 	/usr/lib/libsqlite3.dylib
0x000000000b622000 	/usr/lib/libpam.2.dylib
0x000000000b622000 	/usr/lib/libOpenScriptingUtil.dylib
0x000000000b622000 	/usr/lib/libbz2.1.0.dylib
0x000000000b622000 	/usr/lib/liblzma.5.dylib
0x000000000b622000 	/System/Library/Frameworks/CoreServices.framework/Versions/A/Frameworks/FSEvents.framework/Versions/A/FSEvents
0x000000000b622000 	/System/Library/Frameworks/CoreServices.framework/Versions/A/Frameworks/CarbonCore.framework/Versions/A/CarbonCore
0x000000000b622000 	/System/Library/Frameworks/CoreServices.framework/Versions/A/Frameworks/Metadata.framework/Versions/A/Metadata
0x000000000b622000 	/System/Library/Frameworks/CoreServices.framework/Versions/A/Frameworks/OSServices.framework/Versions/A/OSServices
0x000000000b622000 	/System/Library/Frameworks/CoreServices.framework/Versions/A/Frameworks/SearchKit.framework/Versions/A/SearchKit
0x000000000b622000 	/System/Library/Frameworks/CoreServices.framework/Versions/A/Frameworks/AE.framework/Versions/A/AE
0x000000000b622000 	/System/Library/Frameworks/CoreServices.framework/Versions/A/Frameworks/LaunchServices.framework/Versions/A/LaunchServices
0x000000000b622000 	/System/Library/Frameworks/CoreServices.framework/Versions/A/Frameworks/DictionaryServices.framework/Versions/A/DictionaryServices
0x000000000b622000 	/System/Library/Frameworks/CoreServices.framework/Versions/A/Frameworks/SharedFileList.framework/Versions/A/SharedFileList
0x000000000b622000 	/System/Library/Frameworks/NetFS.framework/Versions/A/NetFS
0x000000000b622000 	/System/Library/PrivateFrameworks/NetAuth.framework/Versions/A/NetAuth
0x000000000b622000 	/System/Library/PrivateFrameworks/login.framework/Versions/A/Frameworks/loginsupport.framework/Versions/A/loginsupport
0x000000000b622000 	/System/Library/PrivateFrameworks/TCC.framework/Versions/A/TCC
0x000000000b622000 	/usr/lib/libmecabra.dylib
0x000000000b622000 	/System/Library/Frameworks/ApplicationServices.framework/Versions/A/Frameworks/ATS.framework/Versions/A/ATS
0x000000000b622000 	/System/Library/Frameworks/ApplicationServices.framework/Versions/A/Frameworks/ColorSync.framework/Versions/A/ColorSync
0x000000000b622000 	/System/Library/Frameworks/ApplicationServices.framework/Versions/A/Frameworks/HIServices.framework/Versions/A/HIServices
0x000000000b622000 	/System/Library/Frameworks/ApplicationServices.framework/Versions/A/Frameworks/LangAnalysis.framework/Versions/A/LangAnalysis
0x000000000b622000 	/System/Library/Frameworks/ApplicationServices.framework/Versions/A/Frameworks/PrintCore.framework/Versions/A/PrintCore
0x000000000b622000 	/System/Library/Frameworks/ApplicationServices.framework/Versions/A/Frameworks/QD.framework/Versions/A/QD
0x000000000b622000 	/System/Library/Frameworks/ApplicationServices.framework/Versions/A/Frameworks/SpeechSynthesis.framework/Versions/A/SpeechSynthesis
0x000000000b622000 	/System/Library/Frameworks/Metal.framework/Versions/A/Metal
0x000000000b622000 	/System/Library/Frameworks/Accelerate.framework/Versions/A/Frameworks/vImage.framework/Versions/A/vImage
0x000000000b622000 	/System/Library/Frameworks/Accelerate.framework/Versions/A/Frameworks/vecLib.framework/Versions/A/vecLib
0x000000000b622000 	/System/Library/Frameworks/Accelerate.framework/Versions/A/Frameworks/vecLib.framework/Versions/A/libvDSP.dylib
0x000000000b622000 	/System/Library/Frameworks/Accelerate.framework/Versions/A/Frameworks/vecLib.framework/Versions/A/libvMisc.dylib
0x000000000b622000 	/System/Library/Frameworks/Accelerate.framework/Versions/A/Frameworks/vecLib.framework/Versions/A/libLAPACK.dylib
0x000000000b622000 	/System/Library/Frameworks/Accelerate.framework/Versions/A/Frameworks/vecLib.framework/Versions/A/libBLAS.dylib
0x000000000b622000 	/System/Library/Frameworks/Accelerate.framework/Versions/A/Frameworks/vecLib.framework/Versions/A/libLinearAlgebra.dylib
0x000000000b622000 	/System/Library/Frameworks/Accelerate.framework/Versions/A/Frameworks/vecLib.framework/Versions/A/libSparseBLAS.dylib
0x000000000b622000 	/System/Library/PrivateFrameworks/GPUCompiler.framework/libmetal_timestamp.dylib
0x000000000b622000 	/System/Library/Frameworks/OpenGL.framework/Versions/A/Libraries/libCoreFSCache.dylib
0x000000000b622000 	/System/Library/PrivateFrameworks/IOAccelerator.framework/Versions/A/IOAccelerator
0x000000000b622000 	/System/Library/Frameworks/ApplicationServices.framework/Versions/A/Frameworks/ATS.framework/Versions/A/Resources/libFontParser.dylib
0x000000000b622000 	/System/Library/Frameworks/ApplicationServices.framework/Versions/A/Frameworks/ATS.framework/Versions/A/Resources/libFontRegistry.dylib
0x000000000b622000 	/System/Library/PrivateFrameworks/AppleVPA.framework/Versions/A/AppleVPA
0x000000000b622000 	/System/Library/PrivateFrameworks/AppleJPEG.framework/Versions/A/AppleJPEG
0x000000000b622000 	/System/Library/Frameworks/ImageIO.framework/Versions/A/Resources/libJPEG.dylib
0x000000000b622000 	/System/Library/Frameworks/ImageIO.framework/Versions/A/Resources/libTIFF.dylib
0x000000000b622000 	/System/Library/Frameworks/ImageIO.framework/Versions/A/Resources/libPng.dylib
0x000000000b622000 	/System/Library/Frameworks/ImageIO.framework/Versions/A/Resources/libGIF.dylib
0x000000000b622000 	/System/Library/Frameworks/ImageIO.framework/Versions/A/Resources/libJP2.dylib
0x000000000b622000 	/System/Library/Frameworks/ImageIO.framework/Versions/A/Resources/libRadiance.dylib
0x000000000b622000 	/System/Library/Frameworks/CoreVideo.framework/Versions/A/CoreVideo
0x000000000b622000 	/System/Library/Frameworks/OpenGL.framework/Versions/A/Libraries/libGLU.dylib
0x000000000b622000 	/System/Library/Frameworks/OpenGL.framework/Versions/A/Libraries/libGFXShared.dylib
0x000000000b622000 	/System/Library/Frameworks/OpenGL.framework/Versions/A/Libraries/libGL.dylib
0x000000000b622000 	/System/Library/Frameworks/OpenGL.framework/Versions/A/Libraries/libGLImage.dylib
0x000000000b622000 	/System/Library/Frameworks/OpenGL.framework/Versions/A/Libraries/libCVMSPluginSupport.dylib
0x000000000b622000 	/System/Library/Frameworks/OpenGL.framework/Versions/A/Libraries/libCoreVMClient.dylib
0x000000000b622000 	/usr/lib/libcompression.dylib
0x000000000b622000 	/usr/lib/libcups.2.dylib
0x000000000b622000 	/System/Library/Frameworks/Kerberos.framework/Versions/A/Kerberos
0x000000000b622000 	/System/Library/Frameworks/GSS.framework/Versions/A/GSS
0x000000000b622000 	/usr/lib/libresolv.9.dylib
0x000000000b622000 	/usr/lib/libiconv.2.dylib
0x000000000b622000 	/System/Library/PrivateFrameworks/Heimdal.framework/Versions/A/Heimdal
0x000000000b622000 	/usr/lib/libheimdal-asn1.dylib
0x000000000b622000 	/System/Library/Frameworks/OpenDirectory.framework/Versions/A/OpenDirectory
0x000000000b622000 	/System/Library/PrivateFrameworks/CommonAuth.framework/Versions/A/CommonAuth
0x000000000b622000 	/System/Library/Frameworks/OpenDirectory.framework/Versions/A/Frameworks/CFOpenDirectory.framework/Versions/A/CFOpenDirectory
0x000000000b622000 	/System/Library/Frameworks/SecurityFoundation.framework/Versions/A/SecurityFoundation
0x000000000b622000 	/System/Library/PrivateFrameworks/LanguageModeling.framework/Versions/A/LanguageModeling
0x000000000b622000 	/usr/lib/libmarisa.dylib
0x000000000b622000 	/usr/lib/libChineseTokenizer.dylib
0x000000000b622000 	/usr/lib/libcmph.dylib
0x000000000b622000 	/System/Library/Frameworks/ServiceManagement.framework/Versions/A/ServiceManagement
0x000000000b622000 	/usr/lib/libxslt.1.dylib
0x000000000b622000 	/System/Library/Frameworks/Carbon.framework/Versions/A/Frameworks/Ink.framework/Versions/A/Ink
0x000000000b622000 	/usr/lib/libFosl_dynamic.dylib
0x000000000b622000 	/System/Library/PrivateFrameworks/FaceCore.framework/Versions/A/FaceCore
0x000000000b622000 	/System/Library/Frameworks/OpenCL.framework/Versions/A/OpenCL
0x000000000b622000 	/System/Library/PrivateFrameworks/CrashReporterSupport.framework/Versions/A/CrashReporterSupport
0x000000000b622000 	/System/Library/PrivateFrameworks/IconServices.framework/Versions/A/IconServices
0x000000000b622000 	/System/Library/PrivateFrameworks/Apple80211.framework/Versions/A/Apple80211
0x000000000b622000 	/System/Library/Frameworks/CoreWLAN.framework/Versions/A/CoreWLAN
0x000000000b622000 	/System/Library/Frameworks/IOBluetooth.framework/Versions/A/IOBluetooth
0x000000000b622000 	/System/Library/PrivateFrameworks/CoreWiFi.framework/Versions/A/CoreWiFi
0x000000000b622000 	/System/Library/Frameworks/CoreBluetooth.framework/Versions/A/CoreBluetooth
0x000000000b622000 	/System/Library/PrivateFrameworks/ChunkingLibrary.framework/Versions/A/ChunkingLibrary
0x000000000b622000 	/System/Library/PrivateFrameworks/DebugSymbols.framework/Versions/A/DebugSymbols
0x000000000b622000 	/System/Library/PrivateFrameworks/CoreSymbolication.framework/Versions/A/CoreSymbolication
0x000000000b622000 	/System/Library/PrivateFrameworks/Symbolication.framework/Versions/A/Symbolication
0x000000000b622000 	/System/Library/PrivateFrameworks/SpeechRecognitionCore.framework/Versions/A/SpeechRecognitionCore
0x000000010d8d0000 	/Library/Java/JavaVirtualMachines/jdk1.8.0_121.jdk/Contents/Home/jre/lib/server/libjvm.dylib
0x000000000b622000 	/usr/lib/libstdc++.6.dylib
0x000000010e876000 	/Library/Java/JavaVirtualMachines/jdk1.8.0_121.jdk/Contents/Home/jre/lib/libverify.dylib
0x000000010e884000 	/Library/Java/JavaVirtualMachines/jdk1.8.0_121.jdk/Contents/Home/jre/lib/libjava.dylib
0x000000010e8c3000 	/Library/Java/JavaVirtualMachines/jdk1.8.0_121.jdk/Contents/Home/jre/lib/libzip.dylib
0x0000000124a42000 	/System/Library/Frameworks/JavaVM.framework/Frameworks/JavaRuntimeSupport.framework/JavaRuntimeSupport
0x0000000124a5d000 	/System/Library/Frameworks/JavaVM.framework/Versions/A/Frameworks/JavaNativeFoundation.framework/Versions/A/JavaNativeFoundation
0x000000010e9ee000 	/System/Library/Frameworks/JavaVM.framework/Versions/A/JavaVM
0x000000000b622000 	/System/Library/Frameworks/Carbon.framework/Versions/A/Carbon
0x0000000124a72000 	/System/Library/PrivateFrameworks/JavaLaunching.framework/Versions/A/JavaLaunching
0x000000000b622000 	/System/Library/Frameworks/Carbon.framework/Versions/A/Frameworks/CommonPanels.framework/Versions/A/CommonPanels
0x000000000b622000 	/System/Library/Frameworks/Carbon.framework/Versions/A/Frameworks/Help.framework/Versions/A/Help
0x000000000b622000 	/System/Library/Frameworks/Carbon.framework/Versions/A/Frameworks/ImageCapture.framework/Versions/A/ImageCapture
0x000000000b622000 	/System/Library/Frameworks/Carbon.framework/Versions/A/Frameworks/OpenScripting.framework/Versions/A/OpenScripting
0x000000000b622000 	/System/Library/Frameworks/Carbon.framework/Versions/A/Frameworks/Print.framework/Versions/A/Print
0x000000000b622000 	/System/Library/Frameworks/Carbon.framework/Versions/A/Frameworks/SecurityHI.framework/Versions/A/SecurityHI
0x0000000126486000 	/Library/Java/JavaVirtualMachines/jdk1.8.0_121.jdk/Contents/Home/jre/lib/libprism_es2.dylib
0x000000000b622000 	/System/Library/Frameworks/OpenGL.framework/Versions/A/Resources/GLEngine.bundle/GLEngine
0x000000000b622000 	/System/Library/Frameworks/OpenGL.framework/Versions/A/Libraries/libGLProgrammability.dylib
0x0000000126508000 	/System/Library/Extensions/AppleIntelHDGraphicsGLDriver.bundle/Contents/MacOS/AppleIntelHDGraphicsGLDriver
0x000000000b622000 	/System/Library/PrivateFrameworks/GPUSupport.framework/Versions/A/Libraries/libGPUSupport.dylib
0x0000000126996000 	/System/Library/Extensions/GeForceTeslaGLDriver.bundle/Contents/MacOS/GeForceTeslaGLDriver
0x0000000128554000 	/System/Library/Extensions/GeForceTeslaGLDriver.bundle/Contents/MacOS/libclh.dylib
0x000000000b622000 	/System/Library/Frameworks/OpenGL.framework/Versions/A/Resources/GLRendererFloat.bundle/GLRendererFloat
0x000000000b622000 	/System/Library/Frameworks/OpenCL.framework/Versions/A/Libraries/libcldcpuengine.dylib
0x000000000b622000 	/System/Library/PrivateFrameworks/DiskImages.framework/Versions/A/DiskImages
0x000000000b622000 	/System/Library/Frameworks/DiscRecording.framework/Versions/A/DiscRecording
0x000000000b622000 	/usr/lib/libcsfde.dylib
0x000000000b622000 	/usr/lib/libcurl.4.dylib
0x000000000b622000 	/System/Library/PrivateFrameworks/MediaKit.framework/Versions/A/MediaKit
0x000000000b622000 	/System/Library/PrivateFrameworks/ProtectedCloudStorage.framework/Versions/A/ProtectedCloudStorage
0x000000000b622000 	/usr/lib/libCoreStorage.dylib
0x000000000b622000 	/System/Library/PrivateFrameworks/EFILogin.framework/Versions/A/EFILogin
0x000000000b622000 	/usr/lib/libutil.dylib
0x000000000b622000 	/System/Library/PrivateFrameworks/FindMyDevice.framework/Versions/A/FindMyDevice
0x000000000b622000 	/System/Library/Frameworks/LDAP.framework/Versions/A/LDAP
0x000000000b622000 	/usr/lib/libsasl2.2.dylib
0x000000000b622000 	/System/Library/PrivateFrameworks/CoreDaemon.framework/Versions/B/CoreDaemon
0x000000000b622000 	/usr/lib/libcrypto.0.9.8.dylib
0x000000000b622000 	/System/Library/PrivateFrameworks/AppleSRP.framework/Versions/A/AppleSRP
0x000000000b622000 	/System/Library/PrivateFrameworks/TrustEvaluationAgent.framework/Versions/A/TrustEvaluationAgent
0x0000000128e4d000 	/Library/Java/JavaVirtualMachines/jdk1.8.0_121.jdk/Contents/Home/jre/lib/libglass.dylib
0x000000000b622000 	/System/Library/PrivateFrameworks/CoreServicesInternal.framework/Versions/A/CoreServicesInternal
0x000000000b622000 	/System/Library/CoreServices/RawCamera.bundle/Contents/MacOS/RawCamera
0x000000000b622000 	/System/Library/Frameworks/CoreGraphics.framework/Versions/A/Resources/libRIP.A.dylib
0x000000000b622000 	/System/Library/Frameworks/Accelerate.framework/Versions/A/Frameworks/vImage.framework/Versions/A/Libraries/libCGInterfaces.dylib
0x000000000b622000 	/System/Library/PrivateFrameworks/FamilyControls.framework/Versions/A/FamilyControls
0x000000000b622000 	/System/Library/PrivateFrameworks/CommerceKit.framework/Versions/A/Frameworks/CommerceCore.framework/Versions/A/CommerceCore
0x000000000b622000 	/System/Library/PrivateFrameworks/SystemAdministration.framework/Versions/A/SystemAdministration
0x000000000b622000 	/System/Library/PrivateFrameworks/AppContainer.framework/Versions/A/AppContainer
0x000000000b622000 	/System/Library/PrivateFrameworks/SecCodeWrapper.framework/Versions/A/SecCodeWrapper
0x000000000b622000 	/System/Library/Frameworks/DirectoryService.framework/Versions/A/DirectoryService
0x000000000b622000 	/System/Library/PrivateFrameworks/LoginUIKit.framework/Versions/A/Frameworks/LoginUICore.framework/Versions/A/LoginUICore
0x000000000b622000 	/usr/lib/libodfde.dylib
0x000000012c036000 	/Users/lilschwoegl/git/TrafficControlSystem/TrafficControlSystem/lib/libopencv_java340.dylib
0x000000012c19f000 	/usr/local/Cellar/opencv/3.4.0_1/lib/libopencv_xphoto.3.4.dylib
0x000000012c23d000 	/usr/local/Cellar/opencv/3.4.0_1/lib/libopencv_img_hash.3.4.dylib
0x000000012c254000 	/usr/local/Cellar/opencv/3.4.0_1/lib/libopencv_bioinspired.3.4.dylib
0x000000012c2a1000 	/usr/local/Cellar/opencv/3.4.0_1/lib/libopencv_structured_light.3.4.dylib
0x000000012c2bc000 	/usr/local/Cellar/opencv/3.4.0_1/lib/libopencv_xfeatures2d.3.4.dylib
0x000000012c5cb000 	/usr/local/Cellar/opencv/3.4.0_1/lib/libopencv_ximgproc.3.4.dylib
0x000000012c81b000 	/usr/local/Cellar/opencv/3.4.0_1/lib/libopencv_aruco.3.4.dylib
0x000000012c87d000 	/usr/local/Cellar/opencv/3.4.0_1/lib/libopencv_face.3.4.dylib
0x000000012c938000 	/usr/local/opt/tbb/lib/libtbb.dylib
0x000000012c972000 	/usr/local/Cellar/opencv/3.4.0_1/lib/libopencv_phase_unwrapping.3.4.dylib
0x000000012c97c000 	/usr/local/Cellar/opencv/3.4.0_1/lib/libopencv_shape.3.4.dylib
0x000000012c9b2000 	/usr/local/Cellar/opencv/3.4.0_1/lib/libopencv_calib3d.3.4.dylib
0x000000012cb8d000 	/usr/local/Cellar/opencv/3.4.0_1/lib/libopencv_objdetect.3.4.dylib
0x000000012cc00000 	/usr/local/Cellar/opencv/3.4.0_1/lib/libopencv_photo.3.4.dylib
0x000000012ccdc000 	/usr/local/Cellar/opencv/3.4.0_1/lib/libopencv_tracking.3.4.dylib
0x000000012cee6000 	/usr/local/Cellar/opencv/3.4.0_1/lib/libopencv_plot.3.4.dylib
0x000000012cef2000 	/usr/local/Cellar/opencv/3.4.0_1/lib/libopencv_video.3.4.dylib
0x000000012cf58000 	/usr/local/Cellar/opencv/3.4.0_1/lib/libopencv_datasets.3.4.dylib
0x000000012cfb4000 	/usr/local/Cellar/opencv/3.4.0_1/lib/libopencv_text.3.4.dylib
0x000000012d0fc000 	/usr/local/Cellar/opencv/3.4.0_1/lib/libopencv_ml.3.4.dylib
0x000000012d1c0000 	/usr/local/Cellar/opencv/3.4.0_1/lib/libopencv_dnn.3.4.dylib
0x000000012d56f000 	/usr/local/Cellar/opencv/3.4.0_1/lib/libopencv_features2d.3.4.dylib
0x000000012d63d000 	/usr/local/Cellar/opencv/3.4.0_1/lib/libopencv_flann.3.4.dylib
0x000000012d69c000 	/usr/local/Cellar/opencv/3.4.0_1/lib/libopencv_highgui.3.4.dylib
0x000000012d6b1000 	/usr/local/Cellar/opencv/3.4.0_1/lib/libopencv_videoio.3.4.dylib
0x000000012d6e0000 	/usr/local/Cellar/opencv/3.4.0_1/lib/libopencv_imgcodecs.3.4.dylib
0x000000012d7a9000 	/usr/local/Cellar/opencv/3.4.0_1/lib/libopencv_imgproc.3.4.dylib
0x000000012fdb2000 	/usr/local/Cellar/opencv/3.4.0_1/lib/libopencv_core.3.4.dylib
0x0000000130a49000 	/usr/local/opt/ffmpeg/lib/libavcodec.57.dylib
0x0000000131d29000 	/usr/local/opt/ffmpeg/lib/libavformat.57.dylib
0x0000000131ee2000 	/usr/local/opt/ffmpeg/lib/libavutil.55.dylib
0x0000000131f4c000 	/usr/local/opt/ffmpeg/lib/libswscale.4.dylib
0x0000000131fcd000 	/usr/local/opt/ffmpeg/lib/libavresample.3.dylib
0x0000000131fee000 	/System/Library/Frameworks/VideoDecodeAcceleration.framework/Versions/A/VideoDecodeAcceleration
0x000000000b622000 	/System/Library/Frameworks/AVFoundation.framework/Versions/A/AVFoundation
0x000000000b622000 	/System/Library/Frameworks/CoreMedia.framework/Versions/A/CoreMedia
0x0000000131ff5000 	/usr/local/opt/libpng/lib/libpng16.16.dylib
0x0000000132021000 	/usr/local/opt/libtiff/lib/libtiff.5.dylib
0x0000000132089000 	/usr/local/opt/ilmbase/lib/libImath-2_2.12.dylib
0x0000000132098000 	/usr/local/opt/openexr/lib/libIlmImf-2_2.22.dylib
0x0000000132390000 	/usr/local/opt/ilmbase/lib/libIex-2_2.12.dylib
0x00000001323a2000 	/usr/local/opt/ilmbase/lib/libHalf.12.dylib
0x00000001323e6000 	/usr/local/opt/ilmbase/lib/libIlmThread-2_2.12.dylib
0x00000001323ee000 	/usr/local/opt/jpeg/lib/libjpeg.9.dylib
0x0000000132421000 	/usr/local/opt/ilmbase/lib/libIexMath-2_2.12.dylib
0x0000000132426000 	/usr/local/Cellar/ffmpeg/3.4.1_2/lib/libswresample.2.dylib
0x000000000b622000 	/System/Library/Frameworks/VideoToolbox.framework/Versions/A/VideoToolbox
0x0000000132446000 	/usr/local/opt/x264/lib/libx264.152.dylib
0x00000001325c1000 	/usr/local/opt/lame/lib/libmp3lame.0.dylib
0x000000000b622000 	/usr/lib/libspindump.dylib
0x000000000b622000 	/System/Library/PrivateFrameworks/AppleVA.framework/Versions/A/AppleVA
0x000000000b622000 	/System/Library/Frameworks/AVFoundation.framework/Versions/A/Resources/libAVFAudio.dylib
0x000000000b622000 	/System/Library/Frameworks/MediaToolbox.framework/Versions/A/MediaToolbox
0x000000000b622000 	/System/Library/Frameworks/CoreMediaIO.framework/Versions/A/CoreMediaIO
0x000000000b622000 	/System/Library/PrivateFrameworks/CoreAVCHD.framework/Versions/A/CoreAVCHD
0x000000000b622000 	/System/Library/Frameworks/MediaAccessibility.framework/Versions/A/MediaAccessibility
0x000000000b622000 	/System/Library/PrivateFrameworks/Mangrove.framework/Versions/A/Mangrove
0x000000000b622000 	/System/Library/PrivateFrameworks/CoreAUC.framework/Versions/A/CoreAUC
0x000000000b622000 	/System/Library/PrivateFrameworks/XPCService.framework/Versions/A/XPCService
0x000000000b622000 	/System/Library/PrivateFrameworks/AppSandbox.framework/Versions/A/AppSandbox
0x000000000b622000 	/usr/lib/libsandbox.1.dylib
0x000000000b622000 	/usr/lib/libMatch.1.dylib
0x00000001364fb000 	/Library/Java/JavaVirtualMachines/jdk1.8.0_121.jdk/Contents/Home/jre/lib/libjavafx_font.dylib
0x000000000b622000 	/System/Library/Frameworks/CoreGraphics.framework/Versions/A/Resources/libCGXType.A.dylib
0x0000000137bb7000 	/Library/Java/JavaVirtualMachines/jdk1.8.0_121.jdk/Contents/Home/jre/lib/libawt.dylib
0x0000000137c5f000 	/Library/Java/JavaVirtualMachines/jdk1.8.0_121.jdk/Contents/Home/jre/lib/./libmlib_image.dylib
0x0000000137d2b000 	/Library/Java/JavaVirtualMachines/jdk1.8.0_121.jdk/Contents/Home/jre/lib/libawt_lwawt.dylib
0x0000000137de2000 	/Library/Java/JavaVirtualMachines/jdk1.8.0_121.jdk/Contents/Home/jre/lib/./libosxapp.dylib
0x000000000b622000 	/System/Library/Frameworks/ExceptionHandling.framework/Versions/A/ExceptionHandling
0x0000000138ddd000 	cl_kernels
0x000000000b622000 	/System/Library/Frameworks/OpenCL.framework/Versions/A/Libraries/ImageFormats/unorm8_bgra.dylib
0x000000000b622000 	/System/Library/Frameworks/OpenCL.framework/Versions/A/Libraries/ImageFormats/unorm8_rgba.dylib
0x0000000139b48000 	/Library/Java/JavaVirtualMachines/jdk1.8.0_121.jdk/Contents/Home/jre/lib/libprism_common.dylib
0x000000013b37a000 	/Library/Java/JavaVirtualMachines/jdk1.8.0_121.jdk/Contents/Home/jre/lib/libfontmanager.dylib
0x0000000138427000 	/Library/Java/JavaVirtualMachines/jdk1.8.0_121.jdk/Contents/Home/jre/lib/libosxui.dylib
0x000000013c677000 	/Library/Java/JavaVirtualMachines/jdk1.8.0_121.jdk/Contents/Home/jre/lib/libnio.dylib
0x000000013c687000 	/Library/Java/JavaVirtualMachines/jdk1.8.0_121.jdk/Contents/Home/jre/lib/./libnet.dylib
0x000000013e160000 	/usr/local/opt/tbb/lib/libtbbmalloc.dylib

VM Arguments:
jvm_args: -Djava.library.path=/Users/lilschwoegl/git/TrafficControlSystem/TrafficControlSystem/lib -Dfile.encoding=UTF-8 
java_command: application.Main
java_class_path (initial): /Library/Java/JavaVirtualMachines/jdk1.8.0_121.jdk/Contents/Home/jre/lib/resources.jar:/Library/Java/JavaVirtualMachines/jdk1.8.0_121.jdk/Contents/Home/jre/lib/rt.jar:/Library/Java/JavaVirtualMachines/jdk1.8.0_121.jdk/Contents/Home/jre/lib/jsse.jar:/Library/Java/JavaVirtualMachines/jdk1.8.0_121.jdk/Contents/Home/jre/lib/jce.jar:/Library/Java/JavaVirtualMachines/jdk1.8.0_121.jdk/Contents/Home/jre/lib/charsets.jar:/Library/Java/JavaVirtualMachines/jdk1.8.0_121.jdk/Contents/Home/jre/lib/jfr.jar:/Library/Java/JavaVirtualMachines/jdk1.8.0_121.jdk/Contents/Home/jre/lib/ext/cldrdata.jar:/Library/Java/JavaVirtualMachines/jdk1.8.0_121.jdk/Contents/Home/jre/lib/ext/dnsns.jar:/Library/Java/JavaVirtualMachines/jdk1.8.0_121.jdk/Contents/Home/jre/lib/ext/jaccess.jar:/Library/Java/JavaVirtualMachines/jdk1.8.0_121.jdk/Contents/Home/jre/lib/ext/jfxrt.jar:/Library/Java/JavaVirtualMachines/jdk1.8.0_121.jdk/Contents/Home/jre/lib/ext/localedata.jar:/Library/Java/JavaVirtualMachines/jdk1.8.0_121.jdk/Contents/Home/jre/lib/ext/nashorn.jar:/Library/Java/JavaVirtualMachines/jdk1.8.0_121.jdk/Contents/Home/jre/lib/ext/sunec.jar:/Library/Java/JavaVirtualMachines/jdk1.8.0_121.jdk/Contents/Home/jre/lib/ext/sunjce_provider.jar:/Library/Java/JavaVirtualMachines/jdk1.8.0_121.jdk/Contents/Home/jre/lib/ext/sunpkcs11.jar:/Library/Java/JavaVirtualMachines/jdk1.8.0_121.jdk/Contents/Home/jre/lib/ext/zipfs.jar:/System/Library/Java/Extensions/AppleScriptEngine.jar:/System/Library/Java/Extensions/dns_sd.jar:/System/Library/Java/Extensions/j3daudio.jar:/System/Library/Java/Extensions/j3dcore.jar:/System/Library/Java/Extensions/j3dutils.jar:/System/Library/Java/Extensions/jai_codec.jar:/System/Library/Java/Extensions/jai_core.jar:/System/Library/Java/Extensions/mlibwrapper_jai.jar:/System/Library/Java/Extensions/MRJToolkit.jar:/System/Library/Java/Extensions/vecmath.jar:/Users/lilschwoegl/git/TrafficControlSystem/TrafficControlSystem/bin:/Users/lilschwoegl/git/TrafficControlSystem/
Launcher Type: SUN_STANDARD

Environment Variables:
PATH=/usr/bin:/bin:/usr/sbin:/sbin
SHELL=/bin/bash

Signal Handlers:
SIGSEGV: [libjvm.dylib+0x5b1141], sa_mask[0]=11111111011111110111111111111111, sa_flags=SA_ONSTACK|SA_RESTART|SA_SIGINFO
SIGBUS: [libjvm.dylib+0x5b1141], sa_mask[0]=11111111011111110111111111111111, sa_flags=SA_RESTART|SA_SIGINFO
SIGFPE: [libjvm.dylib+0x487bc4], sa_mask[0]=11111111011111110111111111111111, sa_flags=SA_RESTART|SA_SIGINFO
SIGPIPE: [libjvm.dylib+0x487bc4], sa_mask[0]=11111111011111110111111111111111, sa_flags=SA_RESTART|SA_SIGINFO
SIGXFSZ: [libjvm.dylib+0x487bc4], sa_mask[0]=11111111011111110111111111111111, sa_flags=SA_RESTART|SA_SIGINFO
SIGILL: [libjvm.dylib+0x487bc4], sa_mask[0]=11111111011111110111111111111111, sa_flags=SA_RESTART|SA_SIGINFO
SIGUSR1: SIG_DFL, sa_mask[0]=00000000000000000000000000000000, sa_flags=none
SIGUSR2: [libjvm.dylib+0x4876e2], sa_mask[0]=00100000000000000000000000000000, sa_flags=SA_RESTART|SA_SIGINFO
SIGHUP: [libjvm.dylib+0x485cb9], sa_mask[0]=11111111011111110111111111111111, sa_flags=SA_RESTART|SA_SIGINFO
SIGINT: [libjvm.dylib+0x485cb9], sa_mask[0]=11111111011111110111111111111111, sa_flags=SA_RESTART|SA_SIGINFO
SIGTERM: [libjvm.dylib+0x485cb9], sa_mask[0]=11111111011111110111111111111111, sa_flags=SA_RESTART|SA_SIGINFO
SIGQUIT: [libjvm.dylib+0x485cb9], sa_mask[0]=11111111011111110111111111111111, sa_flags=SA_RESTART|SA_SIGINFO


---------------  S Y S T E M  ---------------

OS:Bsduname:Darwin 15.6.0 Darwin Kernel Version 15.6.0: Sun Jun  4 21:43:07 PDT 2017; root:xnu-3248.70.3~1/RELEASE_X86_64 x86_64
rlimit: STACK 8192k, CORE 0k, NPROC 709, NOFILE 10240, AS infinity
load average:5.44 3.66 3.30

CPU:total 4 (2 cores per cpu, 2 threads per core) family 6 model 37 stepping 2, cmov, cx8, fxsr, mmx, sse, sse2, sse3, ssse3, sse4.1, sse4.2, popcnt, aes, clmul, ht, tsc, tscinvbit

Memory: 4k page, physical 8388608k(1451580k free)

/proc/meminfo:


vm_info: Java HotSpot(TM) 64-Bit Server VM (25.121-b13) for bsd-amd64 JRE (1.8.0_121-b13), built on Dec 12 2016 20:39:32 by "java_re" with gcc 4.2.1 (Based on Apple Inc. build 5658) (LLVM build 2336.11.00)

time: Sat Feb 24 09:03:45 2018
elapsed time: 91 seconds (0d 0h 1m 31s)

