#
# A fatal error has been detected by the Java Runtime Environment:
#
#  SIGSEGV (0xb) at pc=0x000000011c00a2d4, pid=97778, tid=0x0000000000000a0b
#
# JRE version: Java(TM) SE Runtime Environment (8.0_121-b13) (build 1.8.0_121-b13)
# Java VM: Java HotSpot(TM) 64-Bit Server VM (25.121-b13 mixed mode bsd-amd64 compressed oops)
# Problematic frame:
# C  [libglass.dylib+0x52d4]  -[GlassApplication applicationWillHide:]+0xd4
#
# Failed to write core dump. Core dumps have been disabled. To enable core dumping, try "ulimit -c unlimited" before starting Java again
#
# If you would like to submit a bug report, please visit:
#   http://bugreport.java.com/bugreport/crash.jsp
#

---------------  T H R E A D  ---------------

Current thread is native thread

siginfo: si_signo: 11 (SIGSEGV), si_code: 1 (SEGV_MAPERR), si_addr: 0x0000000000000000

Registers:
RAX=0x00007fdcf354e310, RBX=0x0000000000000000, RCX=0x0000000000000008, RDX=0x00007fff7c211a88
RSP=0x00007fff5f3eee30, RBP=0x00007fff5f3ef260, RSI=0x00007fff933449e7, RDI=0x00007fdcf4003070
R8 =0x0000000000000000, R9 =0x0000000000000019, R10=0x00007fdcf3614900, R11=0x00007fff7c203190
R12=0x00007fff90ce94c0, R13=0x000000011c04e550, R14=0x00007fdcf3640440, R15=0x00007fdcf354e310
RIP=0x000000011c00a2d4, EFLAGS=0x0000000000010206, ERR=0x0000000000000004
  TRAPNO=0x000000000000000e

Top of Stack: (sp=0x00007fff5f3eee30)
0x00007fff5f3eee30:   000000011c00a275 00007fff92f84b0c
0x00007fff5f3eee40:   00007fff92f84a9f 00007fff92f84a17
0x00007fff5f3eee50:   00007fff92f84782 00007fff92f41592
0x00007fff5f3eee60:   00007fff92f407e5 00007fff91af4f9a
0x00007fff5f3eee70:   00007fff952927e4 00007fff94fd448f
0x00007fff5f3eee80:   00007fff9fed27be 00007fff9fed1c48
0x00007fff5f3eee90:   00007fff9fee79e6 00007fff94e44000
0x00007fff5f3eeea0:   00007fff94e43226 00007fff94e37d80
0x00007fff5f3eeeb0:   000000011ca0814d 000000012b37aff7
0x00007fff5f3eeec0:   00007fff91b64dfe 00007fff92f8e7e1
0x00007fff5f3eeed0:   00007fff92f6df0c 00007fff92f6d42f
0x00007fff5f3eeee0:   00007fff92f6ce28 0000000100812465
0x00007fff5f3eeef0:   000000010080e18c 00000001008144c2
0x00007fff5f3eef00:   000000010080d9e4 0000000000000000
0x00007fff5f3eef10:   0000000000000000 0000000000000000
0x00007fff5f3eef20:   0000000000000000 0000000000000000
0x00007fff5f3eef30:   0000000000000000 0000000000000000
0x00007fff5f3eef40:   0000000000000000 0000000000000000
0x00007fff5f3eef50:   0000000000000000 0000000000000000
0x00007fff5f3eef60:   0000000000000000 0000000000000000
0x00007fff5f3eef70:   0000000000000000 0000000000000000
0x00007fff5f3eef80:   0000000000000000 0000000000000000
0x00007fff5f3eef90:   0000000000000000 0000000000000000
0x00007fff5f3eefa0:   0000000000000000 0000000000000000
0x00007fff5f3eefb0:   0000000000000000 0000000000000000
0x00007fff5f3eefc0:   0000000000000000 0000000000000000
0x00007fff5f3eefd0:   0000000000000000 0000000000000000
0x00007fff5f3eefe0:   0000000000000000 0000000000000000
0x00007fff5f3eeff0:   0000000000000000 0000000000000000
0x00007fff5f3ef000:   0000000000000000 0000000000000000
0x00007fff5f3ef010:   0000000000000000 0000000000000000
0x00007fff5f3ef020:   0000000000000000 0000000000000000 

Instructions: (pc=0x000000011c00a2d4)
0x000000011c00a2b4:   8b 35 16 f3 03 00 4c 8b 25 bf 7e 03 00 41 ff d4
0x000000011c00a2c4:   48 8b 35 b5 f2 03 00 48 89 c7 41 ff d4 49 89 c7
0x000000011c00a2d4:   48 8b 03 4c 8b a8 e8 01 00 00 48 8b 05 f3 0f 04
0x000000011c00a2e4:   00 4d 8b 34 06 48 8b 3d 08 05 04 00 48 8b 35 11 

Register to memory mapping:

RAX=0x00007fdcf354e310 is an unknown value
RBX=0x0000000000000000 is an unknown value
RCX=0x0000000000000008 is an unknown value
RDX=0x00007fff7c211a88: _NSAPCache+0x18 in /System/Library/Frameworks/Foundation.framework/Versions/C/Foundation at 0x00007fff91aee000
RSP=0x00007fff5f3eee30 is an unknown value
RBP=0x00007fff5f3ef260 is an unknown value
RSI=0x00007fff933449e7: CreateStringFromFileSystemRepresentationByAddingPercentEscapes.hexchars+0x14467 in /System/Library/Frameworks/CoreFoundation.framework/Versions/A/CoreFoundation at 0x00007fff92ee4000
RDI=0x00007fdcf4003070 is an unknown value
R8 =0x0000000000000000 is an unknown value
R9 =0x0000000000000019 is an unknown value
R10=0x00007fdcf3614900 is an unknown value
R11=0x00007fff7c203190: OBJC_CLASS_$_NSAutoreleasePool+0 in /System/Library/Frameworks/Foundation.framework/Versions/C/Foundation at 0x00007fff91aee000
R12=0x00007fff90ce94c0: objc_msgSend+0 in /usr/lib/libobjc.A.dylib at 0x00007fff90ce8000
R13=0x000000011c04e550: jEnv+0 in /Library/Java/JavaVirtualMachines/jdk1.8.0_121.jdk/Contents/Home/jre/lib/libglass.dylib at 0x000000011c005000
R14=0x00007fdcf3640440 is an unknown value
R15=0x00007fdcf354e310 is an unknown value


Stack: [0x00007fff5ebf4000,0x00007fff5f3f4000],  sp=0x00007fff5f3eee30,  free space=8171k
Native frames: (J=compiled Java code, j=interpreted, Vv=VM code, C=native code)
C  [libglass.dylib+0x52d4]  -[GlassApplication applicationWillHide:]+0xd4
C  [CoreFoundation+0xa0b0c]  __CFNOTIFICATIONCENTER_IS_CALLING_OUT_TO_AN_OBSERVER__+0xc
C  [CoreFoundation+0xa0a9f]  ___CFXRegistrationPost_block_invoke+0x3f
C  [CoreFoundation+0xa0a17]  _CFXRegistrationPost+0x197
C  [CoreFoundation+0xa0782]  ___CFXNotificationPost_block_invoke+0x32
C  [CoreFoundation+0x5d592]  -[_CFXNotificationRegistrar find:object:observer:enumerator:]+0x782
C  [CoreFoundation+0x5c7e5]  _CFXNotificationPost+0x2b5
C  [Foundation+0x6f9a]  -[NSNotificationCenter postNotificationName:object:userInfo:]+0x42
C  [AppKit+0x4977e4]  -[NSApplication _doHideMaybeFakingIt:]+0x186
C  [AppKit+0x1d948f]  _hideShowHandler+0xac
C  [HIToolbox+0x87be]  _ZL23DispatchEventToHandlersP14EventTargetRecP14OpaqueEventRefP14HandlerCallRec+0x4cf
C  [HIToolbox+0x7c48]  _ZL30SendEventToEventTargetInternalP14OpaqueEventRefP20OpaqueEventTargetRefP14HandlerCallRec+0x194
C  [HIToolbox+0x1d9e6]  SendEventToEventTarget+0x28
C  [AppKit+0x49000]  _DPSNextEvent+0x635
C  [AppKit+0x48226]  -[NSApplication _nextEventMatchingEventMask:untilDate:inMode:dequeue:]+0x1c6
C  [AppKit+0x3cd80]  -[NSApplication run]+0x2aa
C  [libosxapp.dylib+0x214d]  +[NSApplicationAWT runAWTLoopWithApp:]+0x9c
C  [libawt_lwawt.dylib+0x45ff7]  -[AWTStarter starter:]+0x389
C  [Foundation+0x76dfe]  __NSThreadPerformPerform+0x117
C  [CoreFoundation+0xaa7e1]  __CFRUNLOOP_IS_CALLING_OUT_TO_A_SOURCE0_PERFORM_FUNCTION__+0x11
C  [CoreFoundation+0x89f0c]  __CFRunLoopDoSources0+0x22c
C  [CoreFoundation+0x8942f]  __CFRunLoopRun+0x39f
C  [CoreFoundation+0x88e28]  CFRunLoopRunSpecific+0x128
C  [java+0x6465]  CreateExecutionEnvironment+0x367
C  [java+0x218c]  JLI_Launch+0x7a0
C  [java+0x84c2]  main+0x65
C  [java+0x19e4]  start+0x34


---------------  P R O C E S S  ---------------

VM state:not at safepoint (normal execution)

VM Mutex/Monitor currently owned by a thread: None

Heap:
 PSYoungGen      total 38400K, used 15072K [0x0000000795580000, 0x0000000798000000, 0x00000007c0000000)
  eden space 33280K, 29% used [0x0000000795580000,0x0000000795f3c008,0x0000000797600000)
  from space 5120K, 99% used [0x0000000797600000,0x0000000797afc3a8,0x0000000797b00000)
  to   space 5120K, 0% used [0x0000000797b00000,0x0000000797b00000,0x0000000798000000)
 ParOldGen       total 87552K, used 234K [0x0000000740000000, 0x0000000745580000, 0x0000000795580000)
  object space 87552K, 0% used [0x0000000740000000,0x000000074003a840,0x0000000745580000)
 Metaspace       used 16871K, capacity 17818K, committed 18048K, reserved 1064960K
  class space    used 2380K, capacity 2606K, committed 2688K, reserved 1048576K

Card table byte_map: [0x0000000111762000,0x0000000111b63000] byte_map_base: 0x000000010dd62000

Marking Bits: (ParMarkBitMap*) 0x0000000101cf0d30
 Begin Bits: [0x0000000111e0e000, 0x0000000113e0e000)
 End Bits:   [0x0000000113e0e000, 0x0000000115e0e000)

Polling page: 0x0000000100acf000

CodeCache: size=245760Kb used=4846Kb max_used=4846Kb free=240913Kb
 bounds [0x00000001023a2000, 0x0000000102862000, 0x00000001113a2000]
 total_blobs=2148 nmethods=1457 adapters=605
 compilation: enabled

Compilation events (10 events):
Event: 10.919 Thread 0x00007fdcf380e800 1454       1       java.util.concurrent.locks.AbstractQueuedSynchronizer::getState (5 bytes)
Event: 10.919 Thread 0x00007fdcf380e800 nmethod 1454 0x00000001028581d0 code [0x0000000102858320, 0x0000000102858430]
Event: 10.926 Thread 0x00007fdcf380e800 1455       3       sun.misc.Resource::<init> (5 bytes)
Event: 10.926 Thread 0x00007fdcf380e800 nmethod 1455 0x0000000102858490 code [0x0000000102858600, 0x00000001028587b0]
Event: 11.001 Thread 0x00007fdcf380e800 1457   !   3       java.lang.StringCoding::decode (120 bytes)
Event: 11.004 Thread 0x00007fdcf380e800 nmethod 1457 0x0000000102859050 code [0x00000001028593a0, 0x000000010285adb8]
Event: 11.004 Thread 0x00007fdcf380e800 1458   !   3       java.lang.StringCoding$StringDecoder::decode (179 bytes)
Event: 11.006 Thread 0x00007fdcf380e800 nmethod 1458 0x000000010285bc90 code [0x000000010285c000, 0x000000010285dcc8]
Event: 11.006 Thread 0x00007fdcf380e800 1456       1       java.nio.charset.Charset::name (5 bytes)
Event: 11.006 Thread 0x00007fdcf380e800 nmethod 1456 0x000000010285edd0 code [0x000000010285ef20, 0x000000010285f030]

GC Heap History (2 events):
Event: 2.668 GC heap before
{Heap before GC invocations=1 (full 0):
 PSYoungGen      total 38400K, used 33280K [0x0000000795580000, 0x0000000798000000, 0x00000007c0000000)
  eden space 33280K, 100% used [0x0000000795580000,0x0000000797600000,0x0000000797600000)
  from space 5120K, 0% used [0x0000000797b00000,0x0000000797b00000,0x0000000798000000)
  to   space 5120K, 0% used [0x0000000797600000,0x0000000797600000,0x0000000797b00000)
 ParOldGen       total 87552K, used 0K [0x0000000740000000, 0x0000000745580000, 0x0000000795580000)
  object space 87552K, 0% used [0x0000000740000000,0x0000000740000000,0x0000000745580000)
 Metaspace       used 14579K, capacity 15418K, committed 15616K, reserved 1062912K
  class space    used 2054K, capacity 2258K, committed 2304K, reserved 1048576K
Event: 2.679 GC heap after
Heap after GC invocations=1 (full 0):
 PSYoungGen      total 38400K, used 5104K [0x0000000795580000, 0x0000000798000000, 0x00000007c0000000)
  eden space 33280K, 0% used [0x0000000795580000,0x0000000795580000,0x0000000797600000)
  from space 5120K, 99% used [0x0000000797600000,0x0000000797afc3a8,0x0000000797b00000)
  to   space 5120K, 0% used [0x0000000797b00000,0x0000000797b00000,0x0000000798000000)
 ParOldGen       total 87552K, used 234K [0x0000000740000000, 0x0000000745580000, 0x0000000795580000)
  object space 87552K, 0% used [0x0000000740000000,0x000000074003a840,0x0000000745580000)
 Metaspace       used 14579K, capacity 15418K, committed 15616K, reserved 1062912K
  class space    used 2054K, capacity 2258K, committed 2304K, reserved 1048576K
}

Deoptimization events (10 events):
Event: 2.266 Thread 0x00007fdcf48ca800 Uncommon trap: reason=class_check action=maybe_recompile pc=0x00000001024cce8c method=java.lang.String.equals(Ljava/lang/Object;)Z @ 8
Event: 2.266 Thread 0x00007fdcf48ca800 Uncommon trap: reason=class_check action=maybe_recompile pc=0x00000001024cce8c method=java.lang.String.equals(Ljava/lang/Object;)Z @ 8
Event: 2.267 Thread 0x00007fdcf48ca800 Uncommon trap: reason=class_check action=maybe_recompile pc=0x00000001024cce8c method=java.lang.String.equals(Ljava/lang/Object;)Z @ 8
Event: 2.267 Thread 0x00007fdcf48ca800 Uncommon trap: reason=speculate_class_check action=maybe_recompile pc=0x00000001026d455c method=com.sun.javafx.css.BitSet.containsAll(Ljava/util/Collection;)Z @ 18
Event: 2.267 Thread 0x00007fdcf48ca800 Uncommon trap: reason=speculate_class_check action=maybe_recompile pc=0x00000001026d455c method=com.sun.javafx.css.BitSet.containsAll(Ljava/util/Collection;)Z @ 18
Event: 2.272 Thread 0x00007fdcf48ca800 Uncommon trap: reason=class_check action=maybe_recompile pc=0x00000001024cce8c method=java.lang.String.equals(Ljava/lang/Object;)Z @ 8
Event: 2.539 Thread 0x00007fdcf48ca800 Uncommon trap: reason=unstable_if action=reinterpret pc=0x00000001025d5a20 method=java.lang.CharacterData.of(I)Ljava/lang/CharacterData; @ 4
Event: 2.686 Thread 0x00007fdcf48ca800 Uncommon trap: reason=unstable_if action=reinterpret pc=0x0000000102782e70 method=java.util.HashMap.isEmpty()Z @ 4
Event: 2.891 Thread 0x00007fdcf4864000 Uncommon trap: reason=unstable_if action=reinterpret pc=0x0000000102696390 method=sun.net.www.ParseUtil.encodePath(Ljava/lang/String;Z)Ljava/lang/String; @ 109
Event: 4.963 Thread 0x00007fdcf48ca800 Uncommon trap: reason=unstable_if action=reinterpret pc=0x00000001026f738c method=jdk.internal.org.objectweb.asm.Type.getArgumentsAndReturnSizes(Ljava/lang/String;)I @ 47

Internal exceptions (10 events):
Event: 0.266 Thread 0x00007fdcf4005800 Exception <a 'java/lang/NullPointerException'> (0x00000007958ef690) thrown at [/Users/java_re/workspace/8-2-build-macosx-x86_64/jdk8u121/8372/hotspot/src/share/vm/interpreter/linkResolver.cpp, line 1178]
Event: 1.591 Thread 0x00007fdcf48ca800 Exception <a 'java/security/PrivilegedActionException'> (0x00000007962d7500) thrown at [/Users/java_re/workspace/8-2-build-macosx-x86_64/jdk8u121/8372/hotspot/src/share/vm/prims/jvm.cpp, line 1390]
Event: 1.591 Thread 0x00007fdcf48ca800 Exception <a 'java/security/PrivilegedActionException'> (0x00000007962d78f8) thrown at [/Users/java_re/workspace/8-2-build-macosx-x86_64/jdk8u121/8372/hotspot/src/share/vm/prims/jvm.cpp, line 1390]
Event: 1.660 Thread 0x00007fdcf48ca800 Exception <a 'java/lang/NullPointerException'> (0x0000000796498290) thrown at [/Users/java_re/workspace/8-2-build-macosx-x86_64/jdk8u121/8372/hotspot/src/share/vm/interpreter/linkResolver.cpp, line 1178]
Event: 1.660 Thread 0x00007fdcf48ca800 Exception <a 'java/lang/NullPointerException'> (0x0000000796498290) thrown at [/Users/java_re/workspace/8-2-build-macosx-x86_64/jdk8u121/8372/hotspot/src/share/vm/prims/jvm.cpp, line 1394]
Event: 1.798 Thread 0x00007fdcf48ca800 Exception <a 'java/lang/ArrayIndexOutOfBoundsException'> (0x00000007969beb78) thrown at [/Users/java_re/workspace/8-2-build-macosx-x86_64/jdk8u121/8372/hotspot/src/share/vm/runtime/sharedRuntime.cpp, line 605]
Event: 1.799 Thread 0x00007fdcf48ca800 Exception <a 'java/lang/ArrayIndexOutOfBoundsException'> (0x00000007969bf690) thrown at [/Users/java_re/workspace/8-2-build-macosx-x86_64/jdk8u121/8372/hotspot/src/share/vm/runtime/sharedRuntime.cpp, line 605]
Event: 1.799 Thread 0x00007fdcf48ca800 Exception <a 'java/lang/ArrayIndexOutOfBoundsException'> (0x00000007969c0a38) thrown at [/Users/java_re/workspace/8-2-build-macosx-x86_64/jdk8u121/8372/hotspot/src/share/vm/runtime/sharedRuntime.cpp, line 605]
Event: 2.101 Thread 0x00007fdcf48ca800 Implicit null exception at 0x00000001026889b5 to 0x0000000102688bf1
Event: 2.215 Thread 0x00007fdcf48ca800 Exception <a 'java/io/FileNotFoundException'> (0x0000000796f12790) thrown at [/Users/java_re/workspace/8-2-build-macosx-x86_64/jdk8u121/8372/hotspot/src/share/vm/prims/jni.cpp, line 709]

Events (10 events):
Event: 11.000 loading class java/lang/ProcessEnvironment$Variable
Event: 11.000 loading class java/lang/ProcessEnvironment$ExternalData
Event: 11.000 loading class java/lang/ProcessEnvironment$ExternalData done
Event: 11.000 loading class java/lang/ProcessEnvironment$Variable done
Event: 11.001 loading class java/lang/ProcessEnvironment$Value
Event: 11.001 loading class java/lang/ProcessEnvironment$Value done
Event: 11.001 loading class java/lang/ProcessEnvironment$StringEnvironment
Event: 11.002 loading class java/lang/ProcessEnvironment$StringEnvironment done
Event: 11.002 loading class java/util/Collections$UnmodifiableMap
Event: 11.002 loading class java/util/Collections$UnmodifiableMap done


Dynamic libraries:
0x000000000b622000 	/System/Library/Frameworks/Cocoa.framework/Versions/A/Cocoa
0x000000000b622000 	/System/Library/Frameworks/Security.framework/Versions/A/Security
0x000000000b622000 	/System/Library/Frameworks/ApplicationServices.framework/Versions/A/ApplicationServices
0x000000000b622000 	/usr/lib/libz.1.dylib
0x000000000b622000 	/usr/lib/libSystem.B.dylib
0x000000000b622000 	/usr/lib/libobjc.A.dylib
0x000000000b622000 	/System/Library/Frameworks/CoreFoundation.framework/Versions/A/CoreFoundation
0x000000000b622000 	/System/Library/Frameworks/Foundation.framework/Versions/C/Foundation
0x000000000b622000 	/System/Library/Frameworks/AppKit.framework/Versions/C/AppKit
0x000000000b622000 	/System/Library/Frameworks/CoreData.framework/Versions/A/CoreData
0x000000000b622000 	/System/Library/PrivateFrameworks/RemoteViewServices.framework/Versions/A/RemoteViewServices
0x000000000b622000 	/System/Library/PrivateFrameworks/UIFoundation.framework/Versions/A/UIFoundation
0x000000000b622000 	/usr/lib/libScreenReader.dylib
0x000000000b622000 	/System/Library/Frameworks/Accelerate.framework/Versions/A/Accelerate
0x000000000b622000 	/System/Library/Frameworks/IOSurface.framework/Versions/A/IOSurface
0x000000000b622000 	/System/Library/Frameworks/AudioToolbox.framework/Versions/A/AudioToolbox
0x000000000b622000 	/System/Library/Frameworks/AudioUnit.framework/Versions/A/AudioUnit
0x000000000b622000 	/System/Library/PrivateFrameworks/DataDetectorsCore.framework/Versions/A/DataDetectorsCore
0x000000000b622000 	/System/Library/PrivateFrameworks/DesktopServicesPriv.framework/Versions/A/DesktopServicesPriv
0x000000000b622000 	/System/Library/Frameworks/Carbon.framework/Versions/A/Frameworks/HIToolbox.framework/Versions/A/HIToolbox
0x000000000b622000 	/System/Library/Frameworks/QuartzCore.framework/Versions/A/QuartzCore
0x000000000b622000 	/System/Library/Frameworks/Carbon.framework/Versions/A/Frameworks/SpeechRecognition.framework/Versions/A/SpeechRecognition
0x000000000b622000 	/usr/lib/libauto.dylib
0x000000000b622000 	/usr/lib/libicucore.A.dylib
0x000000000b622000 	/usr/lib/libxml2.2.dylib
0x000000000b622000 	/System/Library/PrivateFrameworks/CoreUI.framework/Versions/A/CoreUI
0x000000000b622000 	/System/Library/Frameworks/CoreAudio.framework/Versions/A/CoreAudio
0x000000000b622000 	/System/Library/Frameworks/DiskArbitration.framework/Versions/A/DiskArbitration
0x000000000b622000 	/usr/lib/liblangid.dylib
0x000000000b622000 	/System/Library/PrivateFrameworks/MultitouchSupport.framework/Versions/A/MultitouchSupport
0x000000000b622000 	/System/Library/Frameworks/IOKit.framework/Versions/A/IOKit
0x000000000b622000 	/usr/lib/libDiagnosticMessagesClient.dylib
0x000000000b622000 	/System/Library/Frameworks/CoreServices.framework/Versions/A/CoreServices
0x000000000b622000 	/System/Library/PrivateFrameworks/PerformanceAnalysis.framework/Versions/A/PerformanceAnalysis
0x000000000b622000 	/System/Library/PrivateFrameworks/GenerationalStorage.framework/Versions/A/GenerationalStorage
0x000000000b622000 	/System/Library/Frameworks/OpenGL.framework/Versions/A/OpenGL
0x000000000b622000 	/System/Library/PrivateFrameworks/Sharing.framework/Versions/A/Sharing
0x000000000b622000 	/System/Library/Frameworks/CoreGraphics.framework/Versions/A/CoreGraphics
0x000000000b622000 	/System/Library/Frameworks/CoreImage.framework/Versions/A/CoreImage
0x000000000b622000 	/System/Library/Frameworks/CoreText.framework/Versions/A/CoreText
0x000000000b622000 	/System/Library/Frameworks/ImageIO.framework/Versions/A/ImageIO
0x000000000b622000 	/System/Library/PrivateFrameworks/Backup.framework/Versions/A/Backup
0x000000000b622000 	/usr/lib/libextension.dylib
0x000000000b622000 	/usr/lib/libarchive.2.dylib
0x000000000b622000 	/System/Library/Frameworks/CFNetwork.framework/Versions/A/CFNetwork
0x000000000b622000 	/System/Library/Frameworks/SystemConfiguration.framework/Versions/A/SystemConfiguration
0x000000000b622000 	/usr/lib/libCRFSuite.dylib
0x000000000b622000 	/usr/lib/libc++.1.dylib
0x000000000b622000 	/usr/lib/libc++abi.dylib
0x000000000b622000 	/usr/lib/system/libcache.dylib
0x000000000b622000 	/usr/lib/system/libcommonCrypto.dylib
0x000000000b622000 	/usr/lib/system/libcompiler_rt.dylib
0x000000000b622000 	/usr/lib/system/libcopyfile.dylib
0x000000000b622000 	/usr/lib/system/libcorecrypto.dylib
0x000000000b622000 	/usr/lib/system/libdispatch.dylib
0x000000000b622000 	/usr/lib/system/libdyld.dylib
0x000000000b622000 	/usr/lib/system/libkeymgr.dylib
0x000000000b622000 	/usr/lib/system/liblaunch.dylib
0x000000000b622000 	/usr/lib/system/libmacho.dylib
0x000000000b622000 	/usr/lib/system/libquarantine.dylib
0x000000000b622000 	/usr/lib/system/libremovefile.dylib
0x000000000b622000 	/usr/lib/system/libsystem_asl.dylib
0x000000000b622000 	/usr/lib/system/libsystem_blocks.dylib
0x000000000b622000 	/usr/lib/system/libsystem_c.dylib
0x000000000b622000 	/usr/lib/system/libsystem_configuration.dylib
0x000000000b622000 	/usr/lib/system/libsystem_coreservices.dylib
0x000000000b622000 	/usr/lib/system/libsystem_coretls.dylib
0x000000000b622000 	/usr/lib/system/libsystem_dnssd.dylib
0x000000000b622000 	/usr/lib/system/libsystem_info.dylib
0x000000000b622000 	/usr/lib/system/libsystem_kernel.dylib
0x000000000b622000 	/usr/lib/system/libsystem_m.dylib
0x000000000b622000 	/usr/lib/system/libsystem_malloc.dylib
0x000000000b622000 	/usr/lib/system/libsystem_network.dylib
0x000000000b622000 	/usr/lib/system/libsystem_networkextension.dylib
0x000000000b622000 	/usr/lib/system/libsystem_notify.dylib
0x000000000b622000 	/usr/lib/system/libsystem_platform.dylib
0x000000000b622000 	/usr/lib/system/libsystem_pthread.dylib
0x000000000b622000 	/usr/lib/system/libsystem_sandbox.dylib
0x000000000b622000 	/usr/lib/system/libsystem_secinit.dylib
0x000000000b622000 	/usr/lib/system/libsystem_trace.dylib
0x000000000b622000 	/usr/lib/system/libunc.dylib
0x000000000b622000 	/usr/lib/system/libunwind.dylib
0x000000000b622000 	/usr/lib/system/libxpc.dylib
0x000000000b622000 	/usr/lib/libenergytrace.dylib
0x000000000b622000 	/usr/lib/libbsm.0.dylib
0x000000000b622000 	/usr/lib/system/libkxld.dylib
0x000000000b622000 	/usr/lib/libxar.1.dylib
0x000000000b622000 	/usr/lib/libsqlite3.dylib
0x000000000b622000 	/usr/lib/libpam.2.dylib
0x000000000b622000 	/usr/lib/libOpenScriptingUtil.dylib
0x000000000b622000 	/usr/lib/libbz2.1.0.dylib
0x000000000b622000 	/usr/lib/liblzma.5.dylib
0x000000000b622000 	/System/Library/Frameworks/CoreServices.framework/Versions/A/Frameworks/FSEvents.framework/Versions/A/FSEvents
0x000000000b622000 	/System/Library/Frameworks/CoreServices.framework/Versions/A/Frameworks/CarbonCore.framework/Versions/A/CarbonCore
0x000000000b622000 	/System/Library/Frameworks/CoreServices.framework/Versions/A/Frameworks/Metadata.framework/Versions/A/Metadata
0x000000000b622000 	/System/Library/Frameworks/CoreServices.framework/Versions/A/Frameworks/OSServices.framework/Versions/A/OSServices
0x000000000b622000 	/System/Library/Frameworks/CoreServices.framework/Versions/A/Frameworks/SearchKit.framework/Versions/A/SearchKit
0x000000000b622000 	/System/Library/Frameworks/CoreServices.framework/Versions/A/Frameworks/AE.framework/Versions/A/AE
0x000000000b622000 	/System/Library/Frameworks/CoreServices.framework/Versions/A/Frameworks/LaunchServices.framework/Versions/A/LaunchServices
0x000000000b622000 	/System/Library/Frameworks/CoreServices.framework/Versions/A/Frameworks/DictionaryServices.framework/Versions/A/DictionaryServices
0x000000000b622000 	/System/Library/Frameworks/CoreServices.framework/Versions/A/Frameworks/SharedFileList.framework/Versions/A/SharedFileList
0x000000000b622000 	/System/Library/Frameworks/NetFS.framework/Versions/A/NetFS
0x000000000b622000 	/System/Library/PrivateFrameworks/NetAuth.framework/Versions/A/NetAuth
0x000000000b622000 	/System/Library/PrivateFrameworks/login.framework/Versions/A/Frameworks/loginsupport.framework/Versions/A/loginsupport
0x000000000b622000 	/System/Library/PrivateFrameworks/TCC.framework/Versions/A/TCC
0x000000000b622000 	/usr/lib/libmecabra.dylib
0x000000000b622000 	/System/Library/Frameworks/ApplicationServices.framework/Versions/A/Frameworks/ATS.framework/Versions/A/ATS
0x000000000b622000 	/System/Library/Frameworks/ApplicationServices.framework/Versions/A/Frameworks/ColorSync.framework/Versions/A/ColorSync
0x000000000b622000 	/System/Library/Frameworks/ApplicationServices.framework/Versions/A/Frameworks/HIServices.framework/Versions/A/HIServices
0x000000000b622000 	/System/Library/Frameworks/ApplicationServices.framework/Versions/A/Frameworks/LangAnalysis.framework/Versions/A/LangAnalysis
0x000000000b622000 	/System/Library/Frameworks/ApplicationServices.framework/Versions/A/Frameworks/PrintCore.framework/Versions/A/PrintCore
0x000000000b622000 	/System/Library/Frameworks/ApplicationServices.framework/Versions/A/Frameworks/QD.framework/Versions/A/QD
0x000000000b622000 	/System/Library/Frameworks/ApplicationServices.framework/Versions/A/Frameworks/SpeechSynthesis.framework/Versions/A/SpeechSynthesis
0x000000000b622000 	/System/Library/Frameworks/Metal.framework/Versions/A/Metal
0x000000000b622000 	/System/Library/Frameworks/Accelerate.framework/Versions/A/Frameworks/vImage.framework/Versions/A/vImage
0x000000000b622000 	/System/Library/Frameworks/Accelerate.framework/Versions/A/Frameworks/vecLib.framework/Versions/A/vecLib
0x000000000b622000 	/System/Library/Frameworks/Accelerate.framework/Versions/A/Frameworks/vecLib.framework/Versions/A/libvDSP.dylib
0x000000000b622000 	/System/Library/Frameworks/Accelerate.framework/Versions/A/Frameworks/vecLib.framework/Versions/A/libvMisc.dylib
0x000000000b622000 	/System/Library/Frameworks/Accelerate.framework/Versions/A/Frameworks/vecLib.framework/Versions/A/libLAPACK.dylib
0x000000000b622000 	/System/Library/Frameworks/Accelerate.framework/Versions/A/Frameworks/vecLib.framework/Versions/A/libBLAS.dylib
0x000000000b622000 	/System/Library/Frameworks/Accelerate.framework/Versions/A/Frameworks/vecLib.framework/Versions/A/libLinearAlgebra.dylib
0x000000000b622000 	/System/Library/Frameworks/Accelerate.framework/Versions/A/Frameworks/vecLib.framework/Versions/A/libSparseBLAS.dylib
0x000000000b622000 	/System/Library/PrivateFrameworks/GPUCompiler.framework/libmetal_timestamp.dylib
0x000000000b622000 	/System/Library/Frameworks/OpenGL.framework/Versions/A/Libraries/libCoreFSCache.dylib
0x000000000b622000 	/System/Library/PrivateFrameworks/IOAccelerator.framework/Versions/A/IOAccelerator
0x000000000b622000 	/System/Library/Frameworks/ApplicationServices.framework/Versions/A/Frameworks/ATS.framework/Versions/A/Resources/libFontParser.dylib
0x000000000b622000 	/System/Library/Frameworks/ApplicationServices.framework/Versions/A/Frameworks/ATS.framework/Versions/A/Resources/libFontRegistry.dylib
0x000000000b622000 	/System/Library/PrivateFrameworks/AppleVPA.framework/Versions/A/AppleVPA
0x000000000b622000 	/System/Library/PrivateFrameworks/AppleJPEG.framework/Versions/A/AppleJPEG
0x000000000b622000 	/System/Library/Frameworks/ImageIO.framework/Versions/A/Resources/libJPEG.dylib
0x000000000b622000 	/System/Library/Frameworks/ImageIO.framework/Versions/A/Resources/libTIFF.dylib
0x000000000b622000 	/System/Library/Frameworks/ImageIO.framework/Versions/A/Resources/libPng.dylib
0x000000000b622000 	/System/Library/Frameworks/ImageIO.framework/Versions/A/Resources/libGIF.dylib
0x000000000b622000 	/System/Library/Frameworks/ImageIO.framework/Versions/A/Resources/libJP2.dylib
0x000000000b622000 	/System/Library/Frameworks/ImageIO.framework/Versions/A/Resources/libRadiance.dylib
0x000000000b622000 	/System/Library/Frameworks/CoreVideo.framework/Versions/A/CoreVideo
0x000000000b622000 	/System/Library/Frameworks/OpenGL.framework/Versions/A/Libraries/libGLU.dylib
0x000000000b622000 	/System/Library/Frameworks/OpenGL.framework/Versions/A/Libraries/libGFXShared.dylib
0x000000000b622000 	/System/Library/Frameworks/OpenGL.framework/Versions/A/Libraries/libGL.dylib
0x000000000b622000 	/System/Library/Frameworks/OpenGL.framework/Versions/A/Libraries/libGLImage.dylib
0x000000000b622000 	/System/Library/Frameworks/OpenGL.framework/Versions/A/Libraries/libCVMSPluginSupport.dylib
0x000000000b622000 	/System/Library/Frameworks/OpenGL.framework/Versions/A/Libraries/libCoreVMClient.dylib
0x000000000b622000 	/usr/lib/libcompression.dylib
0x000000000b622000 	/usr/lib/libcups.2.dylib
0x000000000b622000 	/System/Library/Frameworks/Kerberos.framework/Versions/A/Kerberos
0x000000000b622000 	/System/Library/Frameworks/GSS.framework/Versions/A/GSS
0x000000000b622000 	/usr/lib/libresolv.9.dylib
0x000000000b622000 	/usr/lib/libiconv.2.dylib
0x000000000b622000 	/System/Library/PrivateFrameworks/Heimdal.framework/Versions/A/Heimdal
0x000000000b622000 	/usr/lib/libheimdal-asn1.dylib
0x000000000b622000 	/System/Library/Frameworks/OpenDirectory.framework/Versions/A/OpenDirectory
0x000000000b622000 	/System/Library/PrivateFrameworks/CommonAuth.framework/Versions/A/CommonAuth
0x000000000b622000 	/System/Library/Frameworks/OpenDirectory.framework/Versions/A/Frameworks/CFOpenDirectory.framework/Versions/A/CFOpenDirectory
0x000000000b622000 	/System/Library/Frameworks/SecurityFoundation.framework/Versions/A/SecurityFoundation
0x000000000b622000 	/System/Library/PrivateFrameworks/LanguageModeling.framework/Versions/A/LanguageModeling
0x000000000b622000 	/usr/lib/libmarisa.dylib
0x000000000b622000 	/usr/lib/libChineseTokenizer.dylib
0x000000000b622000 	/usr/lib/libcmph.dylib
0x000000000b622000 	/System/Library/Frameworks/ServiceManagement.framework/Versions/A/ServiceManagement
0x000000000b622000 	/usr/lib/libxslt.1.dylib
0x000000000b622000 	/System/Library/Frameworks/Carbon.framework/Versions/A/Frameworks/Ink.framework/Versions/A/Ink
0x000000000b622000 	/usr/lib/libFosl_dynamic.dylib
0x000000000b622000 	/System/Library/PrivateFrameworks/FaceCore.framework/Versions/A/FaceCore
0x000000000b622000 	/System/Library/Frameworks/OpenCL.framework/Versions/A/OpenCL
0x000000000b622000 	/System/Library/PrivateFrameworks/CrashReporterSupport.framework/Versions/A/CrashReporterSupport
0x000000000b622000 	/System/Library/PrivateFrameworks/IconServices.framework/Versions/A/IconServices
0x000000000b622000 	/System/Library/PrivateFrameworks/Apple80211.framework/Versions/A/Apple80211
0x000000000b622000 	/System/Library/Frameworks/CoreWLAN.framework/Versions/A/CoreWLAN
0x000000000b622000 	/System/Library/Frameworks/IOBluetooth.framework/Versions/A/IOBluetooth
0x000000000b622000 	/System/Library/PrivateFrameworks/CoreWiFi.framework/Versions/A/CoreWiFi
0x000000000b622000 	/System/Library/Frameworks/CoreBluetooth.framework/Versions/A/CoreBluetooth
0x000000000b622000 	/System/Library/PrivateFrameworks/ChunkingLibrary.framework/Versions/A/ChunkingLibrary
0x000000000b622000 	/System/Library/PrivateFrameworks/DebugSymbols.framework/Versions/A/DebugSymbols
0x000000000b622000 	/System/Library/PrivateFrameworks/CoreSymbolication.framework/Versions/A/CoreSymbolication
0x000000000b622000 	/System/Library/PrivateFrameworks/Symbolication.framework/Versions/A/Symbolication
0x000000000b622000 	/System/Library/PrivateFrameworks/SpeechRecognitionCore.framework/Versions/A/SpeechRecognitionCore
0x0000000101400000 	/Library/Java/JavaVirtualMachines/jdk1.8.0_121.jdk/Contents/Home/jre/lib/server/libjvm.dylib
0x000000000b622000 	/usr/lib/libstdc++.6.dylib
0x0000000100a8c000 	/Library/Java/JavaVirtualMachines/jdk1.8.0_121.jdk/Contents/Home/jre/lib/libverify.dylib
0x0000000100a9a000 	/Library/Java/JavaVirtualMachines/jdk1.8.0_121.jdk/Contents/Home/jre/lib/libjava.dylib
0x0000000100ad9000 	/Library/Java/JavaVirtualMachines/jdk1.8.0_121.jdk/Contents/Home/jre/lib/libzip.dylib
0x0000000117be9000 	/System/Library/Frameworks/JavaVM.framework/Frameworks/JavaRuntimeSupport.framework/JavaRuntimeSupport
0x0000000117c04000 	/System/Library/Frameworks/JavaVM.framework/Versions/A/Frameworks/JavaNativeFoundation.framework/Versions/A/JavaNativeFoundation
0x0000000117c19000 	/System/Library/Frameworks/JavaVM.framework/Versions/A/JavaVM
0x000000000b622000 	/System/Library/Frameworks/Carbon.framework/Versions/A/Carbon
0x0000000117c26000 	/System/Library/PrivateFrameworks/JavaLaunching.framework/Versions/A/JavaLaunching
0x000000000b622000 	/System/Library/Frameworks/Carbon.framework/Versions/A/Frameworks/CommonPanels.framework/Versions/A/CommonPanels
0x000000000b622000 	/System/Library/Frameworks/Carbon.framework/Versions/A/Frameworks/Help.framework/Versions/A/Help
0x000000000b622000 	/System/Library/Frameworks/Carbon.framework/Versions/A/Frameworks/ImageCapture.framework/Versions/A/ImageCapture
0x000000000b622000 	/System/Library/Frameworks/Carbon.framework/Versions/A/Frameworks/OpenScripting.framework/Versions/A/OpenScripting
0x000000000b622000 	/System/Library/Frameworks/Carbon.framework/Versions/A/Frameworks/Print.framework/Versions/A/Print
0x000000000b622000 	/System/Library/Frameworks/Carbon.framework/Versions/A/Frameworks/SecurityHI.framework/Versions/A/SecurityHI
0x000000011963e000 	/Library/Java/JavaVirtualMachines/jdk1.8.0_121.jdk/Contents/Home/jre/lib/libprism_es2.dylib
0x000000000b622000 	/System/Library/Frameworks/OpenGL.framework/Versions/A/Resources/GLEngine.bundle/GLEngine
0x000000000b622000 	/System/Library/Frameworks/OpenGL.framework/Versions/A/Libraries/libGLProgrammability.dylib
0x00000001196c0000 	/System/Library/Extensions/AppleIntelHDGraphicsGLDriver.bundle/Contents/MacOS/AppleIntelHDGraphicsGLDriver
0x000000000b622000 	/System/Library/PrivateFrameworks/GPUSupport.framework/Versions/A/Libraries/libGPUSupport.dylib
0x0000000119b4e000 	/System/Library/Extensions/GeForceTeslaGLDriver.bundle/Contents/MacOS/GeForceTeslaGLDriver
0x000000011b70c000 	/System/Library/Extensions/GeForceTeslaGLDriver.bundle/Contents/MacOS/libclh.dylib
0x000000000b622000 	/System/Library/Frameworks/OpenGL.framework/Versions/A/Resources/GLRendererFloat.bundle/GLRendererFloat
0x000000000b622000 	/System/Library/Frameworks/OpenCL.framework/Versions/A/Libraries/libcldcpuengine.dylib
0x000000000b622000 	/System/Library/PrivateFrameworks/DiskImages.framework/Versions/A/DiskImages
0x000000000b622000 	/System/Library/Frameworks/DiscRecording.framework/Versions/A/DiscRecording
0x000000000b622000 	/usr/lib/libcsfde.dylib
0x000000000b622000 	/usr/lib/libcurl.4.dylib
0x000000000b622000 	/System/Library/PrivateFrameworks/MediaKit.framework/Versions/A/MediaKit
0x000000000b622000 	/System/Library/PrivateFrameworks/ProtectedCloudStorage.framework/Versions/A/ProtectedCloudStorage
0x000000000b622000 	/usr/lib/libCoreStorage.dylib
0x000000000b622000 	/System/Library/PrivateFrameworks/EFILogin.framework/Versions/A/EFILogin
0x000000000b622000 	/usr/lib/libutil.dylib
0x000000000b622000 	/System/Library/PrivateFrameworks/FindMyDevice.framework/Versions/A/FindMyDevice
0x000000000b622000 	/System/Library/Frameworks/LDAP.framework/Versions/A/LDAP
0x000000000b622000 	/usr/lib/libsasl2.2.dylib
0x000000000b622000 	/System/Library/PrivateFrameworks/CoreDaemon.framework/Versions/B/CoreDaemon
0x000000000b622000 	/usr/lib/libcrypto.0.9.8.dylib
0x000000000b622000 	/System/Library/PrivateFrameworks/AppleSRP.framework/Versions/A/AppleSRP
0x000000000b622000 	/System/Library/PrivateFrameworks/TrustEvaluationAgent.framework/Versions/A/TrustEvaluationAgent
0x000000011c005000 	/Library/Java/JavaVirtualMachines/jdk1.8.0_121.jdk/Contents/Home/jre/lib/libglass.dylib
0x000000000b622000 	/System/Library/PrivateFrameworks/CoreServicesInternal.framework/Versions/A/CoreServicesInternal
0x000000000b622000 	/System/Library/CoreServices/RawCamera.bundle/Contents/MacOS/RawCamera
0x000000000b622000 	/System/Library/Frameworks/CoreGraphics.framework/Versions/A/Resources/libRIP.A.dylib
0x000000000b622000 	/System/Library/Frameworks/Accelerate.framework/Versions/A/Frameworks/vImage.framework/Versions/A/Libraries/libCGInterfaces.dylib
0x000000000b622000 	/System/Library/PrivateFrameworks/FamilyControls.framework/Versions/A/FamilyControls
0x000000000b622000 	/System/Library/PrivateFrameworks/CommerceKit.framework/Versions/A/Frameworks/CommerceCore.framework/Versions/A/CommerceCore
0x000000000b622000 	/System/Library/PrivateFrameworks/SystemAdministration.framework/Versions/A/SystemAdministration
0x000000000b622000 	/System/Library/PrivateFrameworks/AppContainer.framework/Versions/A/AppContainer
0x000000000b622000 	/System/Library/PrivateFrameworks/SecCodeWrapper.framework/Versions/A/SecCodeWrapper
0x000000000b622000 	/System/Library/Frameworks/DirectoryService.framework/Versions/A/DirectoryService
0x000000000b622000 	/System/Library/PrivateFrameworks/LoginUIKit.framework/Versions/A/Frameworks/LoginUICore.framework/Versions/A/LoginUICore
0x000000000b622000 	/usr/lib/libodfde.dylib
0x000000011f2a3000 	/Users/lilschwoegl/git/TrafficControlSystem/TrafficControlSystem/lib/libopencv_java340.dylib
0x000000011f40c000 	/usr/local/Cellar/opencv/3.4.0_1/lib/libopencv_xphoto.3.4.dylib
0x000000011f4aa000 	/usr/local/Cellar/opencv/3.4.0_1/lib/libopencv_img_hash.3.4.dylib
0x000000011f4c1000 	/usr/local/Cellar/opencv/3.4.0_1/lib/libopencv_bioinspired.3.4.dylib
0x000000011f50e000 	/usr/local/Cellar/opencv/3.4.0_1/lib/libopencv_structured_light.3.4.dylib
0x000000011f529000 	/usr/local/Cellar/opencv/3.4.0_1/lib/libopencv_xfeatures2d.3.4.dylib
0x000000011f838000 	/usr/local/Cellar/opencv/3.4.0_1/lib/libopencv_ximgproc.3.4.dylib
0x000000011fa88000 	/usr/local/Cellar/opencv/3.4.0_1/lib/libopencv_aruco.3.4.dylib
0x000000011faea000 	/usr/local/Cellar/opencv/3.4.0_1/lib/libopencv_face.3.4.dylib
0x000000011fba5000 	/usr/local/opt/tbb/lib/libtbb.dylib
0x000000011fbdf000 	/usr/local/Cellar/opencv/3.4.0_1/lib/libopencv_phase_unwrapping.3.4.dylib
0x000000011fbe9000 	/usr/local/Cellar/opencv/3.4.0_1/lib/libopencv_shape.3.4.dylib
0x000000011fc1f000 	/usr/local/Cellar/opencv/3.4.0_1/lib/libopencv_calib3d.3.4.dylib
0x000000011fdfa000 	/usr/local/Cellar/opencv/3.4.0_1/lib/libopencv_objdetect.3.4.dylib
0x000000011fe6d000 	/usr/local/Cellar/opencv/3.4.0_1/lib/libopencv_photo.3.4.dylib
0x000000011ff49000 	/usr/local/Cellar/opencv/3.4.0_1/lib/libopencv_tracking.3.4.dylib
0x0000000120153000 	/usr/local/Cellar/opencv/3.4.0_1/lib/libopencv_plot.3.4.dylib
0x000000012015f000 	/usr/local/Cellar/opencv/3.4.0_1/lib/libopencv_video.3.4.dylib
0x00000001201c5000 	/usr/local/Cellar/opencv/3.4.0_1/lib/libopencv_datasets.3.4.dylib
0x0000000120221000 	/usr/local/Cellar/opencv/3.4.0_1/lib/libopencv_text.3.4.dylib
0x0000000120369000 	/usr/local/Cellar/opencv/3.4.0_1/lib/libopencv_ml.3.4.dylib
0x000000012042d000 	/usr/local/Cellar/opencv/3.4.0_1/lib/libopencv_dnn.3.4.dylib
0x00000001207dc000 	/usr/local/Cellar/opencv/3.4.0_1/lib/libopencv_features2d.3.4.dylib
0x00000001208aa000 	/usr/local/Cellar/opencv/3.4.0_1/lib/libopencv_flann.3.4.dylib
0x0000000120909000 	/usr/local/Cellar/opencv/3.4.0_1/lib/libopencv_highgui.3.4.dylib
0x000000012091e000 	/usr/local/Cellar/opencv/3.4.0_1/lib/libopencv_videoio.3.4.dylib
0x000000012094d000 	/usr/local/Cellar/opencv/3.4.0_1/lib/libopencv_imgcodecs.3.4.dylib
0x0000000120a16000 	/usr/local/Cellar/opencv/3.4.0_1/lib/libopencv_imgproc.3.4.dylib
0x000000012301f000 	/usr/local/Cellar/opencv/3.4.0_1/lib/libopencv_core.3.4.dylib
0x0000000123cb6000 	/usr/local/opt/ffmpeg/lib/libavcodec.57.dylib
0x0000000124f96000 	/usr/local/opt/ffmpeg/lib/libavformat.57.dylib
0x000000012514f000 	/usr/local/opt/ffmpeg/lib/libavutil.55.dylib
0x00000001251b9000 	/usr/local/opt/ffmpeg/lib/libswscale.4.dylib
0x000000012523a000 	/usr/local/opt/ffmpeg/lib/libavresample.3.dylib
0x000000012525b000 	/System/Library/Frameworks/VideoDecodeAcceleration.framework/Versions/A/VideoDecodeAcceleration
0x000000000b622000 	/System/Library/Frameworks/AVFoundation.framework/Versions/A/AVFoundation
0x000000000b622000 	/System/Library/Frameworks/CoreMedia.framework/Versions/A/CoreMedia
0x0000000125262000 	/usr/local/opt/libpng/lib/libpng16.16.dylib
0x000000012528e000 	/usr/local/opt/libtiff/lib/libtiff.5.dylib
0x00000001252f6000 	/usr/local/opt/ilmbase/lib/libImath-2_2.12.dylib
0x0000000125305000 	/usr/local/opt/openexr/lib/libIlmImf-2_2.22.dylib
0x00000001255fd000 	/usr/local/opt/ilmbase/lib/libIex-2_2.12.dylib
0x000000012560f000 	/usr/local/opt/ilmbase/lib/libHalf.12.dylib
0x0000000125653000 	/usr/local/opt/ilmbase/lib/libIlmThread-2_2.12.dylib
0x000000012565b000 	/usr/local/opt/jpeg/lib/libjpeg.9.dylib
0x000000012568e000 	/usr/local/opt/ilmbase/lib/libIexMath-2_2.12.dylib
0x0000000125693000 	/usr/local/Cellar/ffmpeg/3.4.1_2/lib/libswresample.2.dylib
0x000000000b622000 	/System/Library/Frameworks/VideoToolbox.framework/Versions/A/VideoToolbox
0x00000001256b3000 	/usr/local/opt/x264/lib/libx264.152.dylib
0x000000012582e000 	/usr/local/opt/lame/lib/libmp3lame.0.dylib
0x000000000b622000 	/usr/lib/libspindump.dylib
0x000000000b622000 	/System/Library/PrivateFrameworks/AppleVA.framework/Versions/A/AppleVA
0x000000000b622000 	/System/Library/Frameworks/AVFoundation.framework/Versions/A/Resources/libAVFAudio.dylib
0x000000000b622000 	/System/Library/Frameworks/MediaToolbox.framework/Versions/A/MediaToolbox
0x000000000b622000 	/System/Library/Frameworks/CoreMediaIO.framework/Versions/A/CoreMediaIO
0x000000000b622000 	/System/Library/PrivateFrameworks/CoreAVCHD.framework/Versions/A/CoreAVCHD
0x000000000b622000 	/System/Library/Frameworks/MediaAccessibility.framework/Versions/A/MediaAccessibility
0x000000000b622000 	/System/Library/PrivateFrameworks/Mangrove.framework/Versions/A/Mangrove
0x000000000b622000 	/System/Library/PrivateFrameworks/CoreAUC.framework/Versions/A/CoreAUC
0x000000000b622000 	/System/Library/PrivateFrameworks/XPCService.framework/Versions/A/XPCService
0x000000000b622000 	/System/Library/PrivateFrameworks/AppSandbox.framework/Versions/A/AppSandbox
0x000000000b622000 	/usr/lib/libsandbox.1.dylib
0x000000000b622000 	/usr/lib/libMatch.1.dylib
0x000000000b622000 	/System/Library/Frameworks/CoreGraphics.framework/Versions/A/Resources/libCGXType.A.dylib
0x000000012658d000 	cl_kernels
0x000000000b622000 	/System/Library/Frameworks/OpenCL.framework/Versions/A/Libraries/ImageFormats/unorm8_bgra.dylib
0x000000000b622000 	/System/Library/Frameworks/OpenCL.framework/Versions/A/Libraries/ImageFormats/unorm8_rgba.dylib
0x000000012a2a1000 	/Library/Java/JavaVirtualMachines/jdk1.8.0_121.jdk/Contents/Home/jre/lib/libjavafx_font.dylib
0x000000012cc84000 	/Library/Java/JavaVirtualMachines/jdk1.8.0_121.jdk/Contents/Home/jre/lib/libprism_common.dylib
0x000000012aa85000 	/Library/Java/JavaVirtualMachines/jdk1.8.0_121.jdk/Contents/Home/jre/lib/libawt.dylib
0x000000012b269000 	/Library/Java/JavaVirtualMachines/jdk1.8.0_121.jdk/Contents/Home/jre/lib/./libmlib_image.dylib
0x000000012b335000 	/Library/Java/JavaVirtualMachines/jdk1.8.0_121.jdk/Contents/Home/jre/lib/libawt_lwawt.dylib
0x000000011ca06000 	/Library/Java/JavaVirtualMachines/jdk1.8.0_121.jdk/Contents/Home/jre/lib/./libosxapp.dylib
0x000000000b622000 	/System/Library/Frameworks/ExceptionHandling.framework/Versions/A/ExceptionHandling

VM Arguments:
jvm_args: -Djava.library.path=/Users/lilschwoegl/git/TrafficControlSystem/TrafficControlSystem/lib -Dfile.encoding=UTF-8 
java_command: application.Main
java_class_path (initial): /Library/Java/JavaVirtualMachines/jdk1.8.0_121.jdk/Contents/Home/jre/lib/resources.jar:/Library/Java/JavaVirtualMachines/jdk1.8.0_121.jdk/Contents/Home/jre/lib/rt.jar:/Library/Java/JavaVirtualMachines/jdk1.8.0_121.jdk/Contents/Home/jre/lib/jsse.jar:/Library/Java/JavaVirtualMachines/jdk1.8.0_121.jdk/Contents/Home/jre/lib/jce.jar:/Library/Java/JavaVirtualMachines/jdk1.8.0_121.jdk/Contents/Home/jre/lib/charsets.jar:/Library/Java/JavaVirtualMachines/jdk1.8.0_121.jdk/Contents/Home/jre/lib/jfr.jar:/Library/Java/JavaVirtualMachines/jdk1.8.0_121.jdk/Contents/Home/jre/lib/ext/cldrdata.jar:/Library/Java/JavaVirtualMachines/jdk1.8.0_121.jdk/Contents/Home/jre/lib/ext/dnsns.jar:/Library/Java/JavaVirtualMachines/jdk1.8.0_121.jdk/Contents/Home/jre/lib/ext/jaccess.jar:/Library/Java/JavaVirtualMachines/jdk1.8.0_121.jdk/Contents/Home/jre/lib/ext/jfxrt.jar:/Library/Java/JavaVirtualMachines/jdk1.8.0_121.jdk/Contents/Home/jre/lib/ext/localedata.jar:/Library/Java/JavaVirtualMachines/jdk1.8.0_121.jdk/Contents/Home/jre/lib/ext/nashorn.jar:/Library/Java/JavaVirtualMachines/jdk1.8.0_121.jdk/Contents/Home/jre/lib/ext/sunec.jar:/Library/Java/JavaVirtualMachines/jdk1.8.0_121.jdk/Contents/Home/jre/lib/ext/sunjce_provider.jar:/Library/Java/JavaVirtualMachines/jdk1.8.0_121.jdk/Contents/Home/jre/lib/ext/sunpkcs11.jar:/Library/Java/JavaVirtualMachines/jdk1.8.0_121.jdk/Contents/Home/jre/lib/ext/zipfs.jar:/System/Library/Java/Extensions/AppleScriptEngine.jar:/System/Library/Java/Extensions/dns_sd.jar:/System/Library/Java/Extensions/j3daudio.jar:/System/Library/Java/Extensions/j3dcore.jar:/System/Library/Java/Extensions/j3dutils.jar:/System/Library/Java/Extensions/jai_codec.jar:/System/Library/Java/Extensions/jai_core.jar:/System/Library/Java/Extensions/mlibwrapper_jai.jar:/System/Library/Java/Extensions/MRJToolkit.jar:/System/Library/Java/Extensions/vecmath.jar:/Users/lilschwoegl/git/TrafficControlSystem/TrafficControlSystem/bin:/Users/lilschwoegl/git/TrafficControlSystem/
Launcher Type: SUN_STANDARD

Environment Variables:
PATH=/usr/bin:/bin:/usr/sbin:/sbin
SHELL=/bin/bash

Signal Handlers:
SIGSEGV: [libjvm.dylib+0x5b1141], sa_mask[0]=11111111011111110111111111111111, sa_flags=SA_ONSTACK|SA_RESTART|SA_SIGINFO
SIGBUS: [libjvm.dylib+0x5b1141], sa_mask[0]=11111111011111110111111111111111, sa_flags=SA_RESTART|SA_SIGINFO
SIGFPE: [libjvm.dylib+0x487bc4], sa_mask[0]=11111111011111110111111111111111, sa_flags=SA_RESTART|SA_SIGINFO
SIGPIPE: [libjvm.dylib+0x487bc4], sa_mask[0]=11111111011111110111111111111111, sa_flags=SA_RESTART|SA_SIGINFO
SIGXFSZ: [libjvm.dylib+0x487bc4], sa_mask[0]=11111111011111110111111111111111, sa_flags=SA_RESTART|SA_SIGINFO
SIGILL: [libjvm.dylib+0x487bc4], sa_mask[0]=11111111011111110111111111111111, sa_flags=SA_RESTART|SA_SIGINFO
SIGUSR1: SIG_DFL, sa_mask[0]=00000000000000000000000000000000, sa_flags=none
SIGUSR2: [libjvm.dylib+0x4876e2], sa_mask[0]=00100000000000000000000000000000, sa_flags=SA_RESTART|SA_SIGINFO
SIGHUP: [libjvm.dylib+0x485cb9], sa_mask[0]=11111111011111110111111111111111, sa_flags=SA_RESTART|SA_SIGINFO
SIGINT: [libjvm.dylib+0x485cb9], sa_mask[0]=11111111011111110111111111111111, sa_flags=SA_RESTART|SA_SIGINFO
SIGTERM: [libjvm.dylib+0x485cb9], sa_mask[0]=11111111011111110111111111111111, sa_flags=SA_RESTART|SA_SIGINFO
SIGQUIT: [libjvm.dylib+0x485cb9], sa_mask[0]=11111111011111110111111111111111, sa_flags=SA_RESTART|SA_SIGINFO


---------------  S Y S T E M  ---------------

OS:Bsduname:Darwin 15.6.0 Darwin Kernel Version 15.6.0: Sun Jun  4 21:43:07 PDT 2017; root:xnu-3248.70.3~1/RELEASE_X86_64 x86_64
rlimit: STACK 8192k, CORE 0k, NPROC 709, NOFILE 10240, AS infinity
load average:3.25 2.67 2.16

CPU:total 4 (2 cores per cpu, 2 threads per core) family 6 model 37 stepping 2, cmov, cx8, fxsr, mmx, sse, sse2, sse3, ssse3, sse4.1, sse4.2, popcnt, aes, clmul, ht, tsc, tscinvbit

Memory: 4k page, physical 8388608k(1720700k free)

/proc/meminfo:


vm_info: Java HotSpot(TM) 64-Bit Server VM (25.121-b13) for bsd-amd64 JRE (1.8.0_121-b13), built on Dec 12 2016 20:39:32 by "java_re" with gcc 4.2.1 (Based on Apple Inc. build 5658) (LLVM build 2336.11.00)

time: Fri Feb 23 09:26:15 2018
elapsed time: 11 seconds (0d 0h 0m 11s)

