#
# A fatal error has been detected by the Java Runtime Environment:
#
#  SIGSEGV (0xb) at pc=0x0000000107379e32, pid=97807, tid=0x0000000000000a0b
#
# JRE version: Java(TM) SE Runtime Environment (8.0_121-b13) (build 1.8.0_121-b13)
# Java VM: Java HotSpot(TM) 64-Bit Server VM (25.121-b13 mixed mode bsd-amd64 compressed oops)
# Problematic frame:
# V  [libjvm.dylib+0x169e32]  ThreadStateTransition::trans_from_native(JavaThreadState)+0xa
#
# Failed to write core dump. Core dumps have been disabled. To enable core dumping, try "ulimit -c unlimited" before starting Java again
#
# If you would like to submit a bug report, please visit:
#   http://bugreport.java.com/bugreport/crash.jsp
#

---------------  T H R E A D  ---------------

Current thread is native thread

siginfo: si_signo: 11 (SIGSEGV), si_code: 1 (SEGV_MAPERR), si_addr: 0x0000000000000270

Registers:
RAX=0x0000000000000000, RBX=0x0000000000000000, RCX=0x00007fbc74480030, RDX=0x0000000000000000
RSP=0x00007fff58c67630, RBP=0x00007fff58c67640, RSI=0x0000000000000006, RDI=0x00007fff58c67650
R8 =0x0000000000000000, R9 =0x0000000000000000, R10=0x00007fbc744a06c0, R11=0x000000011e39bba8
R12=0x00007fbc739d09f8, R13=0x0000000123390190, R14=0x00007fbc71e2e130, R15=0x00007fbc739d09f8
RIP=0x0000000107379e32, EFLAGS=0x0000000000010246, ERR=0x0000000000000006
  TRAPNO=0x000000000000000e

Top of Stack: (sp=0x00007fff58c67630)
0x00007fff58c67630:   0000000000000000 00007fbc71e2e130
0x00007fff58c67640:   00007fff58c67670 000000010752416a
0x00007fff58c67650:   0000000000000000 00007fbc74601ea0
0x00007fff58c67660:   00007fbc72aca200 00007fbc74605890
0x00007fff58c67670:   00007fff58c67690 000000011e3951f5
0x00007fff58c67680:   00007fbc7487de00 00007fbc739d09f8
0x00007fff58c67690:   00007fff58c676b0 000000011e39548f
0x00007fff58c676a0:   00007fbc7487de00 00007fbc74480030
0x00007fff58c676b0:   00007fff58c67710 0000000132018e6b
0x00007fff58c676c0:   b3004010246977f1 0000000000000000
0x00007fff58c676d0:   410b32684d00aa6d 00007fbc743296f0
0x00007fff58c676e0:   00007fff58c67710 00007fff90ce94c0
0x00007fff58c676f0:   0000000000000000 0000000123390190
0x00007fff58c67700:   00007fbc74605890 00007fbc743296f0
0x00007fff58c67710:   00007fff58c67770 00007fff8e27678f
0x00007fff58c67720:   0000025800000004 0000000000000000
0x00007fff58c67730:   00007fbc74605890 0000000000000000
0x00007fff58c67740:   410b32684d00aa6d 00007fff90ce94c0
0x00007fff58c67750:   00007fbc744998a0 00007fbc74605890
0x00007fff58c67760:   0000000000000004 0000000000000000
0x00007fff58c67770:   00007fff58c677e0 00007fff8e276339
0x00007fff58c67780:   3ff0000000000000 4082c00000000000
0x00007fff58c67790:   4082c00000000000 0000000000000000
0x00007fff58c677a0:   0000000000000000 4082c00000000000
0x00007fff58c677b0:   4082c00000000000 00007fff58c678c0
0x00007fff58c677c0:   0000000123391f28 00007fff958396b2
0x00007fff58c677d0:   0000000000000001 0000000123391e80
0x00007fff58c677e0:   00007fff58c688c0 00007fff8e21a49d
0x00007fff58c677f0:   00007fff58c688c0 00007fff8e21a35f
0x00007fff58c67800:   0000000000000000 0000000000000000
0x00007fff58c67810:   0000000123391f28 0000000123391f28
0x00007fff58c67820:   0000000123391e80 0000000000000000 

Instructions: (pc=0x0000000107379e32)
0x0000000107379e12:   0e 48 8b 0b 49 8b 56 18 48 63 c0 48 89 0c c2 5b
0x0000000107379e22:   41 5e 5d c3 90 90 55 48 89 e5 41 56 53 48 8b 1f
0x0000000107379e32:   c7 83 70 02 00 00 05 00 00 00 48 8d 05 85 64 78
0x0000000107379e42:   00 8b 00 83 f8 01 41 89 f6 75 0c 48 8d 0d d2 cf 

Register to memory mapping:

RAX=0x0000000000000000 is an unknown value
RBX=0x0000000000000000 is an unknown value
RCX=0x00007fbc74480030 is an unknown value
RDX=0x0000000000000000 is an unknown value
RSP=0x00007fff58c67630 is an unknown value
RBP=0x00007fff58c67640 is an unknown value
RSI=0x0000000000000006 is an unknown value
RDI=0x00007fff58c67650 is an unknown value
R8 =0x0000000000000000 is an unknown value
R9 =0x0000000000000000 is an unknown value
R10=0x00007fbc744a06c0 is an unknown value
R11=0x000000011e39bba8: OBJC_CLASS_$_JNFWeakJObjectWrapper+0 in /System/Library/Frameworks/JavaVM.framework/Versions/A/Frameworks/JavaNativeFoundation.framework/Versions/A/JavaNativeFoundation at 0x000000011e38f000
R12=0x00007fbc739d09f8 is an unknown value
R13=0x0000000123390190 is an unknown value
R14=0x00007fbc71e2e130 is a weak global jni handle
R15=0x00007fbc739d09f8 is an unknown value


Stack: [0x00007fff5846c000,0x00007fff58c6c000],  sp=0x00007fff58c67630,  free space=8173k
Native frames: (J=compiled Java code, j=interpreted, Vv=VM code, C=native code)
V  [libjvm.dylib+0x169e32]  ThreadStateTransition::trans_from_native(JavaThreadState)+0xa
V  [libjvm.dylib+0x31416a]  jni_IsSameObject+0x30
C  [JavaNativeFoundation+0x61f5]  -[JNFWeakJObjectWrapper _getWithEnv:]+0x25
C  [JavaNativeFoundation+0x648f]  -[JNFJObjectWrapper jObjectWithEnv:]+0x1d
C  [libawt_lwawt.dylib+0x1ae6b]  -[CGLLayer drawInCGLContext:pixelFormat:forLayerTime:displayTime:]+0xa4
C  [QuartzCore+0x6d78f]  CAOpenGLLayerDraw(CAOpenGLLayer*, double, CVTimeStamp const*, unsigned int)+0x2ca
C  [QuartzCore+0x6d339]  -[CAOpenGLLayer _display]+0x160
C  [QuartzCore+0x1149d]  CA::Layer::display_if_needed(CA::Transaction*)+0x25b
C  [QuartzCore+0x10fc5]  CA::Layer::layout_and_display_if_needed(CA::Transaction*)+0x23
C  [QuartzCore+0x10499]  CA::Context::commit_transaction(CA::Transaction*)+0x115
C  [QuartzCore+0x100e4]  CA::Transaction::commit()+0x1fc
C  [QuartzCore+0x1b973]  CA::Transaction::observer_callback(__CFRunLoopObserver*, unsigned long, void*)+0x47
C  [CoreFoundation+0xa9fc7]  __CFRUNLOOP_IS_CALLING_OUT_TO_AN_OBSERVER_CALLBACK_FUNCTION__+0x17
C  [CoreFoundation+0xa9f37]  __CFRunLoopDoObservers+0x187
C  [CoreFoundation+0x8952a]  __CFRunLoopRun+0x49a
C  [CoreFoundation+0x88e28]  CFRunLoopRunSpecific+0x128
C  [java+0x6465]  CreateExecutionEnvironment+0x367
C  [java+0x218c]  JLI_Launch+0x7a0
C  [java+0x84c2]  main+0x65
C  [java+0x19e4]  start+0x34


---------------  P R O C E S S  ---------------

VM state:not at safepoint (normal execution)

VM Mutex/Monitor currently owned by a thread: None

Heap:
 PSYoungGen      total 214528K, used 199168K [0x0000000795580000, 0x00000007a7900000, 0x00000007c0000000)
  eden space 199168K, 100% used [0x0000000795580000,0x00000007a1800000,0x00000007a1800000)
  from space 15360K, 0% used [0x00000007a1800000,0x00000007a1800000,0x00000007a2700000)
  to   space 15872K, 0% used [0x00000007a6980000,0x00000007a6980000,0x00000007a7900000)
 ParOldGen       total 277504K, used 79617K [0x0000000740000000, 0x0000000750f00000, 0x0000000795580000)
  object space 277504K, 28% used [0x0000000740000000,0x0000000744dc0738,0x0000000750f00000)
 Metaspace       used 23882K, capacity 25008K, committed 25344K, reserved 1071104K
  class space    used 3223K, capacity 3463K, committed 3584K, reserved 1048576K

Card table byte_map: [0x0000000117dd1000,0x00000001181d2000] byte_map_base: 0x00000001143d1000

Marking Bits: (ParMarkBitMap*) 0x0000000107b00d30
 Begin Bits: [0x000000011847d000, 0x000000011a47d000)
 End Bits:   [0x000000011a47d000, 0x000000011c47d000)

Polling page: 0x00000001081f9000

CodeCache: size=245760Kb used=8904Kb max_used=8904Kb free=236855Kb
 bounds [0x0000000108a11000, 0x00000001092d1000, 0x0000000117a11000]
 total_blobs=4026 nmethods=3031 adapters=909
 compilation: enabled

Compilation events (10 events):
Event: 24.188 Thread 0x00007fbc720b0800 3041   !   3       sun.awt.PostEventQueue::flush (168 bytes)
Event: 24.189 Thread 0x00007fbc720af800 3042       4       java.util.concurrent.locks.ReentrantLock$Sync::tryRelease (45 bytes)
Event: 24.189 Thread 0x00007fbc720b0800 nmethod 3041 0x00000001092c2c50 code [0x00000001092c2ea0, 0x00000001092c3fe8]
Event: 24.190 Thread 0x00007fbc720af800 nmethod 3042 0x00000001092c7490 code [0x00000001092c75e0, 0x00000001092c7698]
Event: 24.193 Thread 0x00007fbc720b0800 3044       3       sun.reflect.Reflection::isSubclassOf (21 bytes)
Event: 24.193 Thread 0x00007fbc7206b800 3045       4       java.util.concurrent.locks.ReentrantLock$Sync::isHeldExclusively (16 bytes)
Event: 24.193 Thread 0x00007fbc720b0800 nmethod 3044 0x00000001092c6f50 code [0x00000001092c70c0, 0x00000001092c73a8]
Event: 24.193 Thread 0x00007fbc720b0800 3043       3       sun.reflect.ReflectionFactory::newConstructorAccessor (132 bytes)
Event: 24.193 Thread 0x00007fbc7206b800 nmethod 3045 0x00000001092b1c10 code [0x00000001092b1d60, 0x00000001092b1dd8]
Event: 24.195 Thread 0x00007fbc720b0800 nmethod 3043 0x00000001092c8e90 code [0x00000001092c9200, 0x00000001092cb048]

GC Heap History (10 events):
Event: 20.487 GC heap before
{Heap before GC invocations=13 (full 5):
 PSYoungGen      total 158720K, used 146432K [0x0000000795580000, 0x00000007a0080000, 0x00000007c0000000)
  eden space 146432K, 100% used [0x0000000795580000,0x000000079e480000,0x000000079e480000)
  from space 12288K, 0% used [0x000000079f480000,0x000000079f480000,0x00000007a0080000)
  to   space 14336K, 0% used [0x000000079e480000,0x000000079e480000,0x000000079f280000)
 ParOldGen       total 303104K, used 302294K [0x0000000740000000, 0x0000000752800000, 0x0000000795580000)
  object space 303104K, 99% used [0x0000000740000000,0x00000007527358d8,0x0000000752800000)
 Metaspace       used 23754K, capacity 24846K, committed 24960K, reserved 1071104K
  class space    used 3219K, capacity 3456K, committed 3456K, reserved 1048576K
Event: 20.554 GC heap after
Heap after GC invocations=13 (full 5):
 PSYoungGen      total 158720K, used 0K [0x0000000795580000, 0x00000007a0080000, 0x00000007c0000000)
  eden space 146432K, 0% used [0x0000000795580000,0x0000000795580000,0x000000079e480000)
  from space 12288K, 0% used [0x000000079f480000,0x000000079f480000,0x00000007a0080000)
  to   space 14336K, 0% used [0x000000079e480000,0x000000079e480000,0x000000079f280000)
 ParOldGen       total 256000K, used 81690K [0x0000000740000000, 0x000000074fa00000, 0x0000000795580000)
  object space 256000K, 31% used [0x0000000740000000,0x0000000744fc6810,0x000000074fa00000)
 Metaspace       used 23754K, capacity 24846K, committed 24960K, reserved 1071104K
  class space    used 3219K, capacity 3456K, committed 3456K, reserved 1048576K
}
Event: 21.541 GC heap before
{Heap before GC invocations=14 (full 5):
 PSYoungGen      total 158720K, used 146432K [0x0000000795580000, 0x00000007a0080000, 0x00000007c0000000)
  eden space 146432K, 100% used [0x0000000795580000,0x000000079e480000,0x000000079e480000)
  from space 12288K, 0% used [0x000000079f480000,0x000000079f480000,0x00000007a0080000)
  to   space 14336K, 0% used [0x000000079e480000,0x000000079e480000,0x000000079f280000)
 ParOldGen       total 256000K, used 81690K [0x0000000740000000, 0x000000074fa00000, 0x0000000795580000)
  object space 256000K, 31% used [0x0000000740000000,0x0000000744fc6810,0x000000074fa00000)
 Metaspace       used 23771K, capacity 24846K, committed 24960K, reserved 1071104K
  class space    used 3219K, capacity 3456K, committed 3456K, reserved 1048576K
Event: 21.558 GC heap after
Heap after GC invocations=14 (full 5):
 PSYoungGen      total 160768K, used 8356K [0x0000000795580000, 0x00000007a3780000, 0x00000007c0000000)
  eden space 146432K, 0% used [0x0000000795580000,0x0000000795580000,0x000000079e480000)
  from space 14336K, 58% used [0x000000079e480000,0x000000079eca9010,0x000000079f280000)
  to   space 14848K, 0% used [0x00000007a2900000,0x00000007a2900000,0x00000007a3780000)
 ParOldGen       total 256000K, used 122198K [0x0000000740000000, 0x000000074fa00000, 0x0000000795580000)
  object space 256000K, 47% used [0x0000000740000000,0x0000000747755860,0x000000074fa00000)
 Metaspace       used 23771K, capacity 24846K, committed 24960K, reserved 1071104K
  class space    used 3219K, capacity 3456K, committed 3456K, reserved 1048576K
}
Event: 22.150 GC heap before
{Heap before GC invocations=15 (full 5):
 PSYoungGen      total 160768K, used 151194K [0x0000000795580000, 0x00000007a3780000, 0x00000007c0000000)
  eden space 146432K, 97% used [0x0000000795580000,0x000000079e0fd878,0x000000079e480000)
  from space 14336K, 58% used [0x000000079e480000,0x000000079eca9010,0x000000079f280000)
  to   space 14848K, 0% used [0x00000007a2900000,0x00000007a2900000,0x00000007a3780000)
 ParOldGen       total 256000K, used 122198K [0x0000000740000000, 0x000000074fa00000, 0x0000000795580000)
  object space 256000K, 47% used [0x0000000740000000,0x0000000747755860,0x000000074fa00000)
 Metaspace       used 23783K, capacity 24846K, committed 24960K, reserved 1071104K
  class space    used 3219K, capacity 3456K, committed 3456K, reserved 1048576K
Event: 22.168 GC heap after
Heap after GC invocations=15 (full 5):
 PSYoungGen      total 212480K, used 10317K [0x0000000795580000, 0x00000007a3600000, 0x00000007c0000000)
  eden space 199168K, 0% used [0x0000000795580000,0x0000000795580000,0x00000007a1800000)
  from space 13312K, 77% used [0x00000007a2900000,0x00000007a3313420,0x00000007a3600000)
  to   space 15360K, 0% used [0x00000007a1800000,0x00000007a1800000,0x00000007a2700000)
 ParOldGen       total 256000K, used 162706K [0x0000000740000000, 0x000000074fa00000, 0x0000000795580000)
  object space 256000K, 63% used [0x0000000740000000,0x0000000749ee48b0,0x000000074fa00000)
 Metaspace       used 23783K, capacity 24846K, committed 24960K, reserved 1071104K
  class space    used 3219K, capacity 3456K, committed 3456K, reserved 1048576K
}
Event: 23.395 GC heap before
{Heap before GC invocations=16 (full 5):
 PSYoungGen      total 212480K, used 208986K [0x0000000795580000, 0x00000007a3600000, 0x00000007c0000000)
  eden space 199168K, 99% used [0x0000000795580000,0x00000007a17837c0,0x00000007a1800000)
  from space 13312K, 77% used [0x00000007a2900000,0x00000007a3313420,0x00000007a3600000)
  to   space 15360K, 0% used [0x00000007a1800000,0x00000007a1800000,0x00000007a2700000)
 ParOldGen       total 256000K, used 164731K [0x0000000740000000, 0x000000074fa00000, 0x0000000795580000)
  object space 256000K, 64% used [0x0000000740000000,0x000000074a0decc0,0x000000074fa00000)
 Metaspace       used 23835K, capacity 24918K, committed 24960K, reserved 1071104K
  class space    used 3219K, capacity 3456K, committed 3456K, reserved 1048576K
Event: 23.428 GC heap after
Heap after GC invocations=16 (full 5):
 PSYoungGen      total 214528K, used 10381K [0x0000000795580000, 0x00000007a7900000, 0x00000007c0000000)
  eden space 199168K, 0% used [0x0000000795580000,0x0000000795580000,0x00000007a1800000)
  from space 15360K, 67% used [0x00000007a1800000,0x00000007a2223420,0x00000007a2700000)
  to   space 15872K, 0% used [0x00000007a6980000,0x00000007a6980000,0x00000007a7900000)
 ParOldGen       total 256000K, used 213347K [0x0000000740000000, 0x000000074fa00000, 0x0000000795580000)
  object space 256000K, 83% used [0x0000000740000000,0x000000074d058d20,0x000000074fa00000)
 Metaspace       used 23835K, capacity 24918K, committed 24960K, reserved 1071104K
  class space    used 3219K, capacity 3456K, committed 3456K, reserved 1048576K
}
Event: 23.428 GC heap before
{Heap before GC invocations=17 (full 6):
 PSYoungGen      total 214528K, used 10381K [0x0000000795580000, 0x00000007a7900000, 0x00000007c0000000)
  eden space 199168K, 0% used [0x0000000795580000,0x0000000795580000,0x00000007a1800000)
  from space 15360K, 67% used [0x00000007a1800000,0x00000007a2223420,0x00000007a2700000)
  to   space 15872K, 0% used [0x00000007a6980000,0x00000007a6980000,0x00000007a7900000)
 ParOldGen       total 256000K, used 213347K [0x0000000740000000, 0x000000074fa00000, 0x0000000795580000)
  object space 256000K, 83% used [0x0000000740000000,0x000000074d058d20,0x000000074fa00000)
 Metaspace       used 23835K, capacity 24918K, committed 24960K, reserved 1071104K
  class space    used 3219K, capacity 3456K, committed 3456K, reserved 1048576K
Event: 23.482 GC heap after
Heap after GC invocations=17 (full 6):
 PSYoungGen      total 214528K, used 0K [0x0000000795580000, 0x00000007a7900000, 0x00000007c0000000)
  eden space 199168K, 0% used [0x0000000795580000,0x0000000795580000,0x00000007a1800000)
  from space 15360K, 0% used [0x00000007a1800000,0x00000007a1800000,0x00000007a2700000)
  to   space 15872K, 0% used [0x00000007a6980000,0x00000007a6980000,0x00000007a7900000)
 ParOldGen       total 277504K, used 79617K [0x0000000740000000, 0x0000000750f00000, 0x0000000795580000)
  object space 277504K, 28% used [0x0000000740000000,0x0000000744dc0738,0x0000000750f00000)
 Metaspace       used 23835K, capacity 24918K, committed 24960K, reserved 1071104K
  class space    used 3219K, capacity 3456K, committed 3456K, reserved 1048576K
}

Deoptimization events (10 events):
Event: 13.495 Thread 0x00007fbc739d0800 Uncommon trap: reason=class_check action=maybe_recompile pc=0x00000001090745b4 method=javafx.scene.Node.getScene()Ljavafx/scene/Scene; @ 7
Event: 13.495 Thread 0x00007fbc739d0800 Uncommon trap: reason=class_check action=maybe_recompile pc=0x00000001090745b4 method=javafx.scene.Node.getScene()Ljavafx/scene/Scene; @ 7
Event: 13.510 Thread 0x00007fbc739d0800 Uncommon trap: reason=bimorphic action=maybe_recompile pc=0x0000000109096600 method=javafx.scene.CssStyleHelper.resolveRef(Ljavafx/css/Styleable;Ljava/lang/String;Lcom/sun/javafx/css/StyleMap;Ljava/util/Set;)Lcom/sun/javafx/css/CascadingStyle; @ 91
Event: 13.510 Thread 0x00007fbc739d0800 Uncommon trap: reason=bimorphic action=maybe_recompile pc=0x0000000109096600 method=javafx.scene.CssStyleHelper.resolveRef(Ljavafx/css/Styleable;Ljava/lang/String;Lcom/sun/javafx/css/StyleMap;Ljava/util/Set;)Lcom/sun/javafx/css/CascadingStyle; @ 91
Event: 13.510 Thread 0x00007fbc739d0800 Uncommon trap: reason=bimorphic action=maybe_recompile pc=0x0000000109096600 method=javafx.scene.CssStyleHelper.resolveRef(Ljavafx/css/Styleable;Ljava/lang/String;Lcom/sun/javafx/css/StyleMap;Ljava/util/Set;)Lcom/sun/javafx/css/CascadingStyle; @ 91
Event: 13.510 Thread 0x00007fbc739d0800 Uncommon trap: reason=bimorphic action=maybe_recompile pc=0x0000000109096600 method=javafx.scene.CssStyleHelper.resolveRef(Ljavafx/css/Styleable;Ljava/lang/String;Lcom/sun/javafx/css/StyleMap;Ljava/util/Set;)Lcom/sun/javafx/css/CascadingStyle; @ 91
Event: 13.522 Thread 0x00007fbc739d0800 Uncommon trap: reason=unstable_if action=reinterpret pc=0x0000000108e1dcb0 method=com.sun.javafx.css.BitSet.add(Ljava/lang/Object;)Z @ 91
Event: 13.557 Thread 0x00007fbc739d0800 Uncommon trap: reason=unstable_if action=reinterpret pc=0x00000001090b9350 method=com.sun.javafx.css.BitSet.addAll(Ljava/util/Collection;)Z @ 1
Event: 16.294 Thread 0x00007fbc72319800 Uncommon trap: reason=unstable_if action=reinterpret pc=0x00000001091e8f44 method=com.sun.javafx.image.impl.IntTo4ByteSameConverter.doConvert([III[BIIII)V @ 29
Event: 18.021 Thread 0x00007fbc7308d800 Uncommon trap: reason=unstable_if action=reinterpret pc=0x000000010919a484 method=java.util.WeakHashMap.expungeStaleEntries()V @ 53

Internal exceptions (10 events):
Event: 1.759 Thread 0x00007fbc739d0800 Exception <a 'java/lang/ArrayIndexOutOfBoundsException'> (0x00000007969c2ec8) thrown at [/Users/java_re/workspace/8-2-build-macosx-x86_64/jdk8u121/8372/hotspot/src/share/vm/runtime/sharedRuntime.cpp, line 605]
Event: 1.760 Thread 0x00007fbc739d0800 Exception <a 'java/lang/ArrayIndexOutOfBoundsException'> (0x00000007969c4270) thrown at [/Users/java_re/workspace/8-2-build-macosx-x86_64/jdk8u121/8372/hotspot/src/share/vm/runtime/sharedRuntime.cpp, line 605]
Event: 2.091 Thread 0x00007fbc739d0800 Implicit null exception at 0x0000000108cf87b5 to 0x0000000108cf89f1
Event: 2.212 Thread 0x00007fbc739d0800 Exception <a 'java/io/FileNotFoundException'> (0x0000000796f17ff0) thrown at [/Users/java_re/workspace/8-2-build-macosx-x86_64/jdk8u121/8372/hotspot/src/share/vm/prims/jni.cpp, line 709]
Event: 2.895 Thread 0x00007fbc73a67000 Exception <a 'java/io/FileNotFoundException'> (0x0000000795725e28) thrown at [/Users/java_re/workspace/8-2-build-macosx-x86_64/jdk8u121/8372/hotspot/src/share/vm/prims/jni.cpp, line 709]
Event: 2.895 Thread 0x00007fbc73a67000 Exception <a 'java/io/FileNotFoundException'> (0x0000000795726988) thrown at [/Users/java_re/workspace/8-2-build-macosx-x86_64/jdk8u121/8372/hotspot/src/share/vm/prims/jni.cpp, line 709]
Event: 3.172 Thread 0x00007fbc73a67000 Implicit null exception at 0x0000000108cdfff3 to 0x0000000108ce03fd
Event: 3.173 Thread 0x00007fbc73a67000 Implicit null exception at 0x0000000108c268b6 to 0x0000000108c26c71
Event: 3.428 Thread 0x00007fbc7280a800 Exception <a 'java/lang/NullPointerException'> (0x00000007955d3418) thrown at [/Users/java_re/workspace/8-2-build-macosx-x86_64/jdk8u121/8372/hotspot/src/share/vm/interpreter/linkResolver.cpp, line 1178]
Event: 13.557 Thread 0x00007fbc739d0800 Implicit null exception at 0x00000001090b8d91 to 0x00000001090b9339

Events (10 events):
Event: 24.219 loading class javafx/application/Application done
Event: 24.222 loading class com/sun/javafx/tk/quantum/QuantumRenderer
Event: 24.222 loading class com/sun/javafx/tk/quantum/QuantumRenderer done
Event: 24.222 loading class com/sun/javafx/tk/quantum/QuantumToolkit
Event: 24.222 loading class com/sun/javafx/tk/quantum/QuantumToolkit done
Event: 24.223 Thread 0x00007fbc7308d800 Thread exited: 0x00007fbc7308d800
Event: 24.223 Thread 0x00007fbc73a0c800 Thread exited: 0x00007fbc73a0c800
Event: 24.223 Thread 0x00007fbc739d0800 Thread exited: 0x00007fbc739d0800
Event: 24.223 Thread 0x00007fbc73007800 Thread exited: 0x00007fbc73007800
Event: 24.223 Thread 0x00007fbc727f7800 Thread added: 0x00007fbc727f7800


Dynamic libraries:
0x000000000b622000 	/System/Library/Frameworks/Cocoa.framework/Versions/A/Cocoa
0x000000000b622000 	/System/Library/Frameworks/Security.framework/Versions/A/Security
0x000000000b622000 	/System/Library/Frameworks/ApplicationServices.framework/Versions/A/ApplicationServices
0x000000000b622000 	/usr/lib/libz.1.dylib
0x000000000b622000 	/usr/lib/libSystem.B.dylib
0x000000000b622000 	/usr/lib/libobjc.A.dylib
0x000000000b622000 	/System/Library/Frameworks/CoreFoundation.framework/Versions/A/CoreFoundation
0x000000000b622000 	/System/Library/Frameworks/Foundation.framework/Versions/C/Foundation
0x000000000b622000 	/System/Library/Frameworks/AppKit.framework/Versions/C/AppKit
0x000000000b622000 	/System/Library/Frameworks/CoreData.framework/Versions/A/CoreData
0x000000000b622000 	/System/Library/PrivateFrameworks/RemoteViewServices.framework/Versions/A/RemoteViewServices
0x000000000b622000 	/System/Library/PrivateFrameworks/UIFoundation.framework/Versions/A/UIFoundation
0x000000000b622000 	/usr/lib/libScreenReader.dylib
0x000000000b622000 	/System/Library/Frameworks/Accelerate.framework/Versions/A/Accelerate
0x000000000b622000 	/System/Library/Frameworks/IOSurface.framework/Versions/A/IOSurface
0x000000000b622000 	/System/Library/Frameworks/AudioToolbox.framework/Versions/A/AudioToolbox
0x000000000b622000 	/System/Library/Frameworks/AudioUnit.framework/Versions/A/AudioUnit
0x000000000b622000 	/System/Library/PrivateFrameworks/DataDetectorsCore.framework/Versions/A/DataDetectorsCore
0x000000000b622000 	/System/Library/PrivateFrameworks/DesktopServicesPriv.framework/Versions/A/DesktopServicesPriv
0x000000000b622000 	/System/Library/Frameworks/Carbon.framework/Versions/A/Frameworks/HIToolbox.framework/Versions/A/HIToolbox
0x000000000b622000 	/System/Library/Frameworks/QuartzCore.framework/Versions/A/QuartzCore
0x000000000b622000 	/System/Library/Frameworks/Carbon.framework/Versions/A/Frameworks/SpeechRecognition.framework/Versions/A/SpeechRecognition
0x000000000b622000 	/usr/lib/libauto.dylib
0x000000000b622000 	/usr/lib/libicucore.A.dylib
0x000000000b622000 	/usr/lib/libxml2.2.dylib
0x000000000b622000 	/System/Library/PrivateFrameworks/CoreUI.framework/Versions/A/CoreUI
0x000000000b622000 	/System/Library/Frameworks/CoreAudio.framework/Versions/A/CoreAudio
0x000000000b622000 	/System/Library/Frameworks/DiskArbitration.framework/Versions/A/DiskArbitration
0x000000000b622000 	/usr/lib/liblangid.dylib
0x000000000b622000 	/System/Library/PrivateFrameworks/MultitouchSupport.framework/Versions/A/MultitouchSupport
0x000000000b622000 	/System/Library/Frameworks/IOKit.framework/Versions/A/IOKit
0x000000000b622000 	/usr/lib/libDiagnosticMessagesClient.dylib
0x000000000b622000 	/System/Library/Frameworks/CoreServices.framework/Versions/A/CoreServices
0x000000000b622000 	/System/Library/PrivateFrameworks/PerformanceAnalysis.framework/Versions/A/PerformanceAnalysis
0x000000000b622000 	/System/Library/PrivateFrameworks/GenerationalStorage.framework/Versions/A/GenerationalStorage
0x000000000b622000 	/System/Library/Frameworks/OpenGL.framework/Versions/A/OpenGL
0x000000000b622000 	/System/Library/PrivateFrameworks/Sharing.framework/Versions/A/Sharing
0x000000000b622000 	/System/Library/Frameworks/CoreGraphics.framework/Versions/A/CoreGraphics
0x000000000b622000 	/System/Library/Frameworks/CoreImage.framework/Versions/A/CoreImage
0x000000000b622000 	/System/Library/Frameworks/CoreText.framework/Versions/A/CoreText
0x000000000b622000 	/System/Library/Frameworks/ImageIO.framework/Versions/A/ImageIO
0x000000000b622000 	/System/Library/PrivateFrameworks/Backup.framework/Versions/A/Backup
0x000000000b622000 	/usr/lib/libextension.dylib
0x000000000b622000 	/usr/lib/libarchive.2.dylib
0x000000000b622000 	/System/Library/Frameworks/CFNetwork.framework/Versions/A/CFNetwork
0x000000000b622000 	/System/Library/Frameworks/SystemConfiguration.framework/Versions/A/SystemConfiguration
0x000000000b622000 	/usr/lib/libCRFSuite.dylib
0x000000000b622000 	/usr/lib/libc++.1.dylib
0x000000000b622000 	/usr/lib/libc++abi.dylib
0x000000000b622000 	/usr/lib/system/libcache.dylib
0x000000000b622000 	/usr/lib/system/libcommonCrypto.dylib
0x000000000b622000 	/usr/lib/system/libcompiler_rt.dylib
0x000000000b622000 	/usr/lib/system/libcopyfile.dylib
0x000000000b622000 	/usr/lib/system/libcorecrypto.dylib
0x000000000b622000 	/usr/lib/system/libdispatch.dylib
0x000000000b622000 	/usr/lib/system/libdyld.dylib
0x000000000b622000 	/usr/lib/system/libkeymgr.dylib
0x000000000b622000 	/usr/lib/system/liblaunch.dylib
0x000000000b622000 	/usr/lib/system/libmacho.dylib
0x000000000b622000 	/usr/lib/system/libquarantine.dylib
0x000000000b622000 	/usr/lib/system/libremovefile.dylib
0x000000000b622000 	/usr/lib/system/libsystem_asl.dylib
0x000000000b622000 	/usr/lib/system/libsystem_blocks.dylib
0x000000000b622000 	/usr/lib/system/libsystem_c.dylib
0x000000000b622000 	/usr/lib/system/libsystem_configuration.dylib
0x000000000b622000 	/usr/lib/system/libsystem_coreservices.dylib
0x000000000b622000 	/usr/lib/system/libsystem_coretls.dylib
0x000000000b622000 	/usr/lib/system/libsystem_dnssd.dylib
0x000000000b622000 	/usr/lib/system/libsystem_info.dylib
0x000000000b622000 	/usr/lib/system/libsystem_kernel.dylib
0x000000000b622000 	/usr/lib/system/libsystem_m.dylib
0x000000000b622000 	/usr/lib/system/libsystem_malloc.dylib
0x000000000b622000 	/usr/lib/system/libsystem_network.dylib
0x000000000b622000 	/usr/lib/system/libsystem_networkextension.dylib
0x000000000b622000 	/usr/lib/system/libsystem_notify.dylib
0x000000000b622000 	/usr/lib/system/libsystem_platform.dylib
0x000000000b622000 	/usr/lib/system/libsystem_pthread.dylib
0x000000000b622000 	/usr/lib/system/libsystem_sandbox.dylib
0x000000000b622000 	/usr/lib/system/libsystem_secinit.dylib
0x000000000b622000 	/usr/lib/system/libsystem_trace.dylib
0x000000000b622000 	/usr/lib/system/libunc.dylib
0x000000000b622000 	/usr/lib/system/libunwind.dylib
0x000000000b622000 	/usr/lib/system/libxpc.dylib
0x000000000b622000 	/usr/lib/libenergytrace.dylib
0x000000000b622000 	/usr/lib/libbsm.0.dylib
0x000000000b622000 	/usr/lib/system/libkxld.dylib
0x000000000b622000 	/usr/lib/libxar.1.dylib
0x000000000b622000 	/usr/lib/libsqlite3.dylib
0x000000000b622000 	/usr/lib/libpam.2.dylib
0x000000000b622000 	/usr/lib/libOpenScriptingUtil.dylib
0x000000000b622000 	/usr/lib/libbz2.1.0.dylib
0x000000000b622000 	/usr/lib/liblzma.5.dylib
0x000000000b622000 	/System/Library/Frameworks/CoreServices.framework/Versions/A/Frameworks/FSEvents.framework/Versions/A/FSEvents
0x000000000b622000 	/System/Library/Frameworks/CoreServices.framework/Versions/A/Frameworks/CarbonCore.framework/Versions/A/CarbonCore
0x000000000b622000 	/System/Library/Frameworks/CoreServices.framework/Versions/A/Frameworks/Metadata.framework/Versions/A/Metadata
0x000000000b622000 	/System/Library/Frameworks/CoreServices.framework/Versions/A/Frameworks/OSServices.framework/Versions/A/OSServices
0x000000000b622000 	/System/Library/Frameworks/CoreServices.framework/Versions/A/Frameworks/SearchKit.framework/Versions/A/SearchKit
0x000000000b622000 	/System/Library/Frameworks/CoreServices.framework/Versions/A/Frameworks/AE.framework/Versions/A/AE
0x000000000b622000 	/System/Library/Frameworks/CoreServices.framework/Versions/A/Frameworks/LaunchServices.framework/Versions/A/LaunchServices
0x000000000b622000 	/System/Library/Frameworks/CoreServices.framework/Versions/A/Frameworks/DictionaryServices.framework/Versions/A/DictionaryServices
0x000000000b622000 	/System/Library/Frameworks/CoreServices.framework/Versions/A/Frameworks/SharedFileList.framework/Versions/A/SharedFileList
0x000000000b622000 	/System/Library/Frameworks/NetFS.framework/Versions/A/NetFS
0x000000000b622000 	/System/Library/PrivateFrameworks/NetAuth.framework/Versions/A/NetAuth
0x000000000b622000 	/System/Library/PrivateFrameworks/login.framework/Versions/A/Frameworks/loginsupport.framework/Versions/A/loginsupport
0x000000000b622000 	/System/Library/PrivateFrameworks/TCC.framework/Versions/A/TCC
0x000000000b622000 	/usr/lib/libmecabra.dylib
0x000000000b622000 	/System/Library/Frameworks/ApplicationServices.framework/Versions/A/Frameworks/ATS.framework/Versions/A/ATS
0x000000000b622000 	/System/Library/Frameworks/ApplicationServices.framework/Versions/A/Frameworks/ColorSync.framework/Versions/A/ColorSync
0x000000000b622000 	/System/Library/Frameworks/ApplicationServices.framework/Versions/A/Frameworks/HIServices.framework/Versions/A/HIServices
0x000000000b622000 	/System/Library/Frameworks/ApplicationServices.framework/Versions/A/Frameworks/LangAnalysis.framework/Versions/A/LangAnalysis
0x000000000b622000 	/System/Library/Frameworks/ApplicationServices.framework/Versions/A/Frameworks/PrintCore.framework/Versions/A/PrintCore
0x000000000b622000 	/System/Library/Frameworks/ApplicationServices.framework/Versions/A/Frameworks/QD.framework/Versions/A/QD
0x000000000b622000 	/System/Library/Frameworks/ApplicationServices.framework/Versions/A/Frameworks/SpeechSynthesis.framework/Versions/A/SpeechSynthesis
0x000000000b622000 	/System/Library/Frameworks/Metal.framework/Versions/A/Metal
0x000000000b622000 	/System/Library/Frameworks/Accelerate.framework/Versions/A/Frameworks/vImage.framework/Versions/A/vImage
0x000000000b622000 	/System/Library/Frameworks/Accelerate.framework/Versions/A/Frameworks/vecLib.framework/Versions/A/vecLib
0x000000000b622000 	/System/Library/Frameworks/Accelerate.framework/Versions/A/Frameworks/vecLib.framework/Versions/A/libvDSP.dylib
0x000000000b622000 	/System/Library/Frameworks/Accelerate.framework/Versions/A/Frameworks/vecLib.framework/Versions/A/libvMisc.dylib
0x000000000b622000 	/System/Library/Frameworks/Accelerate.framework/Versions/A/Frameworks/vecLib.framework/Versions/A/libLAPACK.dylib
0x000000000b622000 	/System/Library/Frameworks/Accelerate.framework/Versions/A/Frameworks/vecLib.framework/Versions/A/libBLAS.dylib
0x000000000b622000 	/System/Library/Frameworks/Accelerate.framework/Versions/A/Frameworks/vecLib.framework/Versions/A/libLinearAlgebra.dylib
0x000000000b622000 	/System/Library/Frameworks/Accelerate.framework/Versions/A/Frameworks/vecLib.framework/Versions/A/libSparseBLAS.dylib
0x000000000b622000 	/System/Library/PrivateFrameworks/GPUCompiler.framework/libmetal_timestamp.dylib
0x000000000b622000 	/System/Library/Frameworks/OpenGL.framework/Versions/A/Libraries/libCoreFSCache.dylib
0x000000000b622000 	/System/Library/PrivateFrameworks/IOAccelerator.framework/Versions/A/IOAccelerator
0x000000000b622000 	/System/Library/Frameworks/ApplicationServices.framework/Versions/A/Frameworks/ATS.framework/Versions/A/Resources/libFontParser.dylib
0x000000000b622000 	/System/Library/Frameworks/ApplicationServices.framework/Versions/A/Frameworks/ATS.framework/Versions/A/Resources/libFontRegistry.dylib
0x000000000b622000 	/System/Library/PrivateFrameworks/AppleVPA.framework/Versions/A/AppleVPA
0x000000000b622000 	/System/Library/PrivateFrameworks/AppleJPEG.framework/Versions/A/AppleJPEG
0x000000000b622000 	/System/Library/Frameworks/ImageIO.framework/Versions/A/Resources/libJPEG.dylib
0x000000000b622000 	/System/Library/Frameworks/ImageIO.framework/Versions/A/Resources/libTIFF.dylib
0x000000000b622000 	/System/Library/Frameworks/ImageIO.framework/Versions/A/Resources/libPng.dylib
0x000000000b622000 	/System/Library/Frameworks/ImageIO.framework/Versions/A/Resources/libGIF.dylib
0x000000000b622000 	/System/Library/Frameworks/ImageIO.framework/Versions/A/Resources/libJP2.dylib
0x000000000b622000 	/System/Library/Frameworks/ImageIO.framework/Versions/A/Resources/libRadiance.dylib
0x000000000b622000 	/System/Library/Frameworks/CoreVideo.framework/Versions/A/CoreVideo
0x000000000b622000 	/System/Library/Frameworks/OpenGL.framework/Versions/A/Libraries/libGLU.dylib
0x000000000b622000 	/System/Library/Frameworks/OpenGL.framework/Versions/A/Libraries/libGFXShared.dylib
0x000000000b622000 	/System/Library/Frameworks/OpenGL.framework/Versions/A/Libraries/libGL.dylib
0x000000000b622000 	/System/Library/Frameworks/OpenGL.framework/Versions/A/Libraries/libGLImage.dylib
0x000000000b622000 	/System/Library/Frameworks/OpenGL.framework/Versions/A/Libraries/libCVMSPluginSupport.dylib
0x000000000b622000 	/System/Library/Frameworks/OpenGL.framework/Versions/A/Libraries/libCoreVMClient.dylib
0x000000000b622000 	/usr/lib/libcompression.dylib
0x000000000b622000 	/usr/lib/libcups.2.dylib
0x000000000b622000 	/System/Library/Frameworks/Kerberos.framework/Versions/A/Kerberos
0x000000000b622000 	/System/Library/Frameworks/GSS.framework/Versions/A/GSS
0x000000000b622000 	/usr/lib/libresolv.9.dylib
0x000000000b622000 	/usr/lib/libiconv.2.dylib
0x000000000b622000 	/System/Library/PrivateFrameworks/Heimdal.framework/Versions/A/Heimdal
0x000000000b622000 	/usr/lib/libheimdal-asn1.dylib
0x000000000b622000 	/System/Library/Frameworks/OpenDirectory.framework/Versions/A/OpenDirectory
0x000000000b622000 	/System/Library/PrivateFrameworks/CommonAuth.framework/Versions/A/CommonAuth
0x000000000b622000 	/System/Library/Frameworks/OpenDirectory.framework/Versions/A/Frameworks/CFOpenDirectory.framework/Versions/A/CFOpenDirectory
0x000000000b622000 	/System/Library/Frameworks/SecurityFoundation.framework/Versions/A/SecurityFoundation
0x000000000b622000 	/System/Library/PrivateFrameworks/LanguageModeling.framework/Versions/A/LanguageModeling
0x000000000b622000 	/usr/lib/libmarisa.dylib
0x000000000b622000 	/usr/lib/libChineseTokenizer.dylib
0x000000000b622000 	/usr/lib/libcmph.dylib
0x000000000b622000 	/System/Library/Frameworks/ServiceManagement.framework/Versions/A/ServiceManagement
0x000000000b622000 	/usr/lib/libxslt.1.dylib
0x000000000b622000 	/System/Library/Frameworks/Carbon.framework/Versions/A/Frameworks/Ink.framework/Versions/A/Ink
0x000000000b622000 	/usr/lib/libFosl_dynamic.dylib
0x000000000b622000 	/System/Library/PrivateFrameworks/FaceCore.framework/Versions/A/FaceCore
0x000000000b622000 	/System/Library/Frameworks/OpenCL.framework/Versions/A/OpenCL
0x000000000b622000 	/System/Library/PrivateFrameworks/CrashReporterSupport.framework/Versions/A/CrashReporterSupport
0x000000000b622000 	/System/Library/PrivateFrameworks/IconServices.framework/Versions/A/IconServices
0x000000000b622000 	/System/Library/PrivateFrameworks/Apple80211.framework/Versions/A/Apple80211
0x000000000b622000 	/System/Library/Frameworks/CoreWLAN.framework/Versions/A/CoreWLAN
0x000000000b622000 	/System/Library/Frameworks/IOBluetooth.framework/Versions/A/IOBluetooth
0x000000000b622000 	/System/Library/PrivateFrameworks/CoreWiFi.framework/Versions/A/CoreWiFi
0x000000000b622000 	/System/Library/Frameworks/CoreBluetooth.framework/Versions/A/CoreBluetooth
0x000000000b622000 	/System/Library/PrivateFrameworks/ChunkingLibrary.framework/Versions/A/ChunkingLibrary
0x000000000b622000 	/System/Library/PrivateFrameworks/DebugSymbols.framework/Versions/A/DebugSymbols
0x000000000b622000 	/System/Library/PrivateFrameworks/CoreSymbolication.framework/Versions/A/CoreSymbolication
0x000000000b622000 	/System/Library/PrivateFrameworks/Symbolication.framework/Versions/A/Symbolication
0x000000000b622000 	/System/Library/PrivateFrameworks/SpeechRecognitionCore.framework/Versions/A/SpeechRecognitionCore
0x0000000107210000 	/Library/Java/JavaVirtualMachines/jdk1.8.0_121.jdk/Contents/Home/jre/lib/server/libjvm.dylib
0x000000000b622000 	/usr/lib/libstdc++.6.dylib
0x00000001081b6000 	/Library/Java/JavaVirtualMachines/jdk1.8.0_121.jdk/Contents/Home/jre/lib/libverify.dylib
0x00000001081c4000 	/Library/Java/JavaVirtualMachines/jdk1.8.0_121.jdk/Contents/Home/jre/lib/libjava.dylib
0x0000000108a08000 	/Library/Java/JavaVirtualMachines/jdk1.8.0_121.jdk/Contents/Home/jre/lib/libzip.dylib
0x000000011e374000 	/System/Library/Frameworks/JavaVM.framework/Frameworks/JavaRuntimeSupport.framework/JavaRuntimeSupport
0x000000011e38f000 	/System/Library/Frameworks/JavaVM.framework/Versions/A/Frameworks/JavaNativeFoundation.framework/Versions/A/JavaNativeFoundation
0x000000011e3a4000 	/System/Library/Frameworks/JavaVM.framework/Versions/A/JavaVM
0x000000000b622000 	/System/Library/Frameworks/Carbon.framework/Versions/A/Carbon
0x000000011e3b1000 	/System/Library/PrivateFrameworks/JavaLaunching.framework/Versions/A/JavaLaunching
0x000000000b622000 	/System/Library/Frameworks/Carbon.framework/Versions/A/Frameworks/CommonPanels.framework/Versions/A/CommonPanels
0x000000000b622000 	/System/Library/Frameworks/Carbon.framework/Versions/A/Frameworks/Help.framework/Versions/A/Help
0x000000000b622000 	/System/Library/Frameworks/Carbon.framework/Versions/A/Frameworks/ImageCapture.framework/Versions/A/ImageCapture
0x000000000b622000 	/System/Library/Frameworks/Carbon.framework/Versions/A/Frameworks/OpenScripting.framework/Versions/A/OpenScripting
0x000000000b622000 	/System/Library/Frameworks/Carbon.framework/Versions/A/Frameworks/Print.framework/Versions/A/Print
0x000000000b622000 	/System/Library/Frameworks/Carbon.framework/Versions/A/Frameworks/SecurityHI.framework/Versions/A/SecurityHI
0x000000011fdc6000 	/Library/Java/JavaVirtualMachines/jdk1.8.0_121.jdk/Contents/Home/jre/lib/libprism_es2.dylib
0x000000000b622000 	/System/Library/Frameworks/OpenGL.framework/Versions/A/Resources/GLEngine.bundle/GLEngine
0x000000000b622000 	/System/Library/Frameworks/OpenGL.framework/Versions/A/Libraries/libGLProgrammability.dylib
0x000000011fe48000 	/System/Library/Extensions/AppleIntelHDGraphicsGLDriver.bundle/Contents/MacOS/AppleIntelHDGraphicsGLDriver
0x000000000b622000 	/System/Library/PrivateFrameworks/GPUSupport.framework/Versions/A/Libraries/libGPUSupport.dylib
0x00000001202d6000 	/System/Library/Extensions/GeForceTeslaGLDriver.bundle/Contents/MacOS/GeForceTeslaGLDriver
0x0000000121e94000 	/System/Library/Extensions/GeForceTeslaGLDriver.bundle/Contents/MacOS/libclh.dylib
0x000000000b622000 	/System/Library/Frameworks/OpenGL.framework/Versions/A/Resources/GLRendererFloat.bundle/GLRendererFloat
0x000000000b622000 	/System/Library/Frameworks/OpenCL.framework/Versions/A/Libraries/libcldcpuengine.dylib
0x000000000b622000 	/System/Library/PrivateFrameworks/DiskImages.framework/Versions/A/DiskImages
0x000000000b622000 	/System/Library/Frameworks/DiscRecording.framework/Versions/A/DiscRecording
0x000000000b622000 	/usr/lib/libcsfde.dylib
0x000000000b622000 	/usr/lib/libcurl.4.dylib
0x000000000b622000 	/System/Library/PrivateFrameworks/MediaKit.framework/Versions/A/MediaKit
0x000000000b622000 	/System/Library/PrivateFrameworks/ProtectedCloudStorage.framework/Versions/A/ProtectedCloudStorage
0x000000000b622000 	/usr/lib/libCoreStorage.dylib
0x000000000b622000 	/System/Library/PrivateFrameworks/EFILogin.framework/Versions/A/EFILogin
0x000000000b622000 	/usr/lib/libutil.dylib
0x000000000b622000 	/System/Library/PrivateFrameworks/FindMyDevice.framework/Versions/A/FindMyDevice
0x000000000b622000 	/System/Library/Frameworks/LDAP.framework/Versions/A/LDAP
0x000000000b622000 	/usr/lib/libsasl2.2.dylib
0x000000000b622000 	/System/Library/PrivateFrameworks/CoreDaemon.framework/Versions/B/CoreDaemon
0x000000000b622000 	/usr/lib/libcrypto.0.9.8.dylib
0x000000000b622000 	/System/Library/PrivateFrameworks/AppleSRP.framework/Versions/A/AppleSRP
0x000000000b622000 	/System/Library/PrivateFrameworks/TrustEvaluationAgent.framework/Versions/A/TrustEvaluationAgent
0x000000012278d000 	/Library/Java/JavaVirtualMachines/jdk1.8.0_121.jdk/Contents/Home/jre/lib/libglass.dylib
0x000000000b622000 	/System/Library/PrivateFrameworks/CoreServicesInternal.framework/Versions/A/CoreServicesInternal
0x000000000b622000 	/System/Library/CoreServices/RawCamera.bundle/Contents/MacOS/RawCamera
0x000000000b622000 	/System/Library/Frameworks/CoreGraphics.framework/Versions/A/Resources/libRIP.A.dylib
0x000000000b622000 	/System/Library/Frameworks/Accelerate.framework/Versions/A/Frameworks/vImage.framework/Versions/A/Libraries/libCGInterfaces.dylib
0x000000000b622000 	/System/Library/PrivateFrameworks/FamilyControls.framework/Versions/A/FamilyControls
0x000000000b622000 	/System/Library/PrivateFrameworks/CommerceKit.framework/Versions/A/Frameworks/CommerceCore.framework/Versions/A/CommerceCore
0x000000000b622000 	/System/Library/PrivateFrameworks/SystemAdministration.framework/Versions/A/SystemAdministration
0x000000000b622000 	/System/Library/PrivateFrameworks/AppContainer.framework/Versions/A/AppContainer
0x000000000b622000 	/System/Library/PrivateFrameworks/SecCodeWrapper.framework/Versions/A/SecCodeWrapper
0x000000000b622000 	/System/Library/Frameworks/DirectoryService.framework/Versions/A/DirectoryService
0x000000000b622000 	/System/Library/PrivateFrameworks/LoginUIKit.framework/Versions/A/Frameworks/LoginUICore.framework/Versions/A/LoginUICore
0x000000000b622000 	/usr/lib/libodfde.dylib
0x0000000125976000 	/Users/lilschwoegl/git/TrafficControlSystem/TrafficControlSystem/lib/libopencv_java340.dylib
0x0000000125adf000 	/usr/local/Cellar/opencv/3.4.0_1/lib/libopencv_xphoto.3.4.dylib
0x0000000125b7d000 	/usr/local/Cellar/opencv/3.4.0_1/lib/libopencv_img_hash.3.4.dylib
0x0000000125b94000 	/usr/local/Cellar/opencv/3.4.0_1/lib/libopencv_bioinspired.3.4.dylib
0x0000000125be1000 	/usr/local/Cellar/opencv/3.4.0_1/lib/libopencv_structured_light.3.4.dylib
0x0000000125bfc000 	/usr/local/Cellar/opencv/3.4.0_1/lib/libopencv_xfeatures2d.3.4.dylib
0x0000000125f0b000 	/usr/local/Cellar/opencv/3.4.0_1/lib/libopencv_ximgproc.3.4.dylib
0x000000012615b000 	/usr/local/Cellar/opencv/3.4.0_1/lib/libopencv_aruco.3.4.dylib
0x00000001261bd000 	/usr/local/Cellar/opencv/3.4.0_1/lib/libopencv_face.3.4.dylib
0x0000000126278000 	/usr/local/opt/tbb/lib/libtbb.dylib
0x00000001262b2000 	/usr/local/Cellar/opencv/3.4.0_1/lib/libopencv_phase_unwrapping.3.4.dylib
0x00000001262bc000 	/usr/local/Cellar/opencv/3.4.0_1/lib/libopencv_shape.3.4.dylib
0x00000001262f2000 	/usr/local/Cellar/opencv/3.4.0_1/lib/libopencv_calib3d.3.4.dylib
0x00000001264cd000 	/usr/local/Cellar/opencv/3.4.0_1/lib/libopencv_objdetect.3.4.dylib
0x0000000126540000 	/usr/local/Cellar/opencv/3.4.0_1/lib/libopencv_photo.3.4.dylib
0x000000012661c000 	/usr/local/Cellar/opencv/3.4.0_1/lib/libopencv_tracking.3.4.dylib
0x0000000126826000 	/usr/local/Cellar/opencv/3.4.0_1/lib/libopencv_plot.3.4.dylib
0x0000000126832000 	/usr/local/Cellar/opencv/3.4.0_1/lib/libopencv_video.3.4.dylib
0x0000000126898000 	/usr/local/Cellar/opencv/3.4.0_1/lib/libopencv_datasets.3.4.dylib
0x00000001268f4000 	/usr/local/Cellar/opencv/3.4.0_1/lib/libopencv_text.3.4.dylib
0x0000000126a3c000 	/usr/local/Cellar/opencv/3.4.0_1/lib/libopencv_ml.3.4.dylib
0x0000000126b00000 	/usr/local/Cellar/opencv/3.4.0_1/lib/libopencv_dnn.3.4.dylib
0x0000000126eaf000 	/usr/local/Cellar/opencv/3.4.0_1/lib/libopencv_features2d.3.4.dylib
0x0000000126f7d000 	/usr/local/Cellar/opencv/3.4.0_1/lib/libopencv_flann.3.4.dylib
0x0000000126fdc000 	/usr/local/Cellar/opencv/3.4.0_1/lib/libopencv_highgui.3.4.dylib
0x0000000126ff1000 	/usr/local/Cellar/opencv/3.4.0_1/lib/libopencv_videoio.3.4.dylib
0x0000000127020000 	/usr/local/Cellar/opencv/3.4.0_1/lib/libopencv_imgcodecs.3.4.dylib
0x00000001270e9000 	/usr/local/Cellar/opencv/3.4.0_1/lib/libopencv_imgproc.3.4.dylib
0x00000001296f2000 	/usr/local/Cellar/opencv/3.4.0_1/lib/libopencv_core.3.4.dylib
0x000000012a389000 	/usr/local/opt/ffmpeg/lib/libavcodec.57.dylib
0x000000012b669000 	/usr/local/opt/ffmpeg/lib/libavformat.57.dylib
0x000000012b822000 	/usr/local/opt/ffmpeg/lib/libavutil.55.dylib
0x000000012b88c000 	/usr/local/opt/ffmpeg/lib/libswscale.4.dylib
0x000000012b90d000 	/usr/local/opt/ffmpeg/lib/libavresample.3.dylib
0x000000012b92e000 	/System/Library/Frameworks/VideoDecodeAcceleration.framework/Versions/A/VideoDecodeAcceleration
0x000000000b622000 	/System/Library/Frameworks/AVFoundation.framework/Versions/A/AVFoundation
0x000000000b622000 	/System/Library/Frameworks/CoreMedia.framework/Versions/A/CoreMedia
0x000000012b935000 	/usr/local/opt/libpng/lib/libpng16.16.dylib
0x000000012b961000 	/usr/local/opt/libtiff/lib/libtiff.5.dylib
0x000000012b9c9000 	/usr/local/opt/ilmbase/lib/libImath-2_2.12.dylib
0x000000012b9d8000 	/usr/local/opt/openexr/lib/libIlmImf-2_2.22.dylib
0x000000012bcd0000 	/usr/local/opt/ilmbase/lib/libIex-2_2.12.dylib
0x000000012bce2000 	/usr/local/opt/ilmbase/lib/libHalf.12.dylib
0x000000012bd26000 	/usr/local/opt/ilmbase/lib/libIlmThread-2_2.12.dylib
0x000000012bd2e000 	/usr/local/opt/jpeg/lib/libjpeg.9.dylib
0x000000012bd61000 	/usr/local/opt/ilmbase/lib/libIexMath-2_2.12.dylib
0x000000012bd66000 	/usr/local/Cellar/ffmpeg/3.4.1_2/lib/libswresample.2.dylib
0x000000000b622000 	/System/Library/Frameworks/VideoToolbox.framework/Versions/A/VideoToolbox
0x000000012bd86000 	/usr/local/opt/x264/lib/libx264.152.dylib
0x000000012bf01000 	/usr/local/opt/lame/lib/libmp3lame.0.dylib
0x000000000b622000 	/usr/lib/libspindump.dylib
0x000000000b622000 	/System/Library/PrivateFrameworks/AppleVA.framework/Versions/A/AppleVA
0x000000000b622000 	/System/Library/Frameworks/AVFoundation.framework/Versions/A/Resources/libAVFAudio.dylib
0x000000000b622000 	/System/Library/Frameworks/MediaToolbox.framework/Versions/A/MediaToolbox
0x000000000b622000 	/System/Library/Frameworks/CoreMediaIO.framework/Versions/A/CoreMediaIO
0x000000000b622000 	/System/Library/PrivateFrameworks/CoreAVCHD.framework/Versions/A/CoreAVCHD
0x000000000b622000 	/System/Library/Frameworks/MediaAccessibility.framework/Versions/A/MediaAccessibility
0x000000000b622000 	/System/Library/PrivateFrameworks/Mangrove.framework/Versions/A/Mangrove
0x000000000b622000 	/System/Library/PrivateFrameworks/CoreAUC.framework/Versions/A/CoreAUC
0x000000000b622000 	/System/Library/PrivateFrameworks/XPCService.framework/Versions/A/XPCService
0x000000000b622000 	/System/Library/PrivateFrameworks/AppSandbox.framework/Versions/A/AppSandbox
0x000000000b622000 	/usr/lib/libsandbox.1.dylib
0x000000000b622000 	/usr/lib/libMatch.1.dylib
0x0000000123377000 	/Library/Java/JavaVirtualMachines/jdk1.8.0_121.jdk/Contents/Home/jre/lib/libjavafx_font.dylib
0x000000000b622000 	/System/Library/Frameworks/CoreGraphics.framework/Versions/A/Resources/libCGXType.A.dylib
0x0000000131b3a000 	/Library/Java/JavaVirtualMachines/jdk1.8.0_121.jdk/Contents/Home/jre/lib/libawt.dylib
0x0000000131be2000 	/Library/Java/JavaVirtualMachines/jdk1.8.0_121.jdk/Contents/Home/jre/lib/./libmlib_image.dylib
0x0000000131ffe000 	/Library/Java/JavaVirtualMachines/jdk1.8.0_121.jdk/Contents/Home/jre/lib/libawt_lwawt.dylib
0x00000001320d5000 	/Library/Java/JavaVirtualMachines/jdk1.8.0_121.jdk/Contents/Home/jre/lib/./libosxapp.dylib
0x000000000b622000 	/System/Library/Frameworks/ExceptionHandling.framework/Versions/A/ExceptionHandling
0x0000000132109000 	cl_kernels
0x000000000b622000 	/System/Library/Frameworks/OpenCL.framework/Versions/A/Libraries/ImageFormats/unorm8_bgra.dylib
0x000000000b622000 	/System/Library/Frameworks/OpenCL.framework/Versions/A/Libraries/ImageFormats/unorm8_rgba.dylib
0x00000001336b6000 	/Library/Java/JavaVirtualMachines/jdk1.8.0_121.jdk/Contents/Home/jre/lib/libprism_common.dylib
0x0000000134db9000 	/Library/Java/JavaVirtualMachines/jdk1.8.0_121.jdk/Contents/Home/jre/lib/libfontmanager.dylib
0x0000000131cae000 	/Library/Java/JavaVirtualMachines/jdk1.8.0_121.jdk/Contents/Home/jre/lib/libosxui.dylib
0x0000000135f8d000 	/Library/Java/JavaVirtualMachines/jdk1.8.0_121.jdk/Contents/Home/jre/lib/libnio.dylib
0x0000000135f9d000 	/Library/Java/JavaVirtualMachines/jdk1.8.0_121.jdk/Contents/Home/jre/lib/./libnet.dylib
0x00000001360b4000 	/usr/local/opt/tbb/lib/libtbbmalloc.dylib

VM Arguments:
jvm_args: -Djava.library.path=/Users/lilschwoegl/git/TrafficControlSystem/TrafficControlSystem/lib -Dfile.encoding=UTF-8 
java_command: application.Main
java_class_path (initial): /Library/Java/JavaVirtualMachines/jdk1.8.0_121.jdk/Contents/Home/jre/lib/resources.jar:/Library/Java/JavaVirtualMachines/jdk1.8.0_121.jdk/Contents/Home/jre/lib/rt.jar:/Library/Java/JavaVirtualMachines/jdk1.8.0_121.jdk/Contents/Home/jre/lib/jsse.jar:/Library/Java/JavaVirtualMachines/jdk1.8.0_121.jdk/Contents/Home/jre/lib/jce.jar:/Library/Java/JavaVirtualMachines/jdk1.8.0_121.jdk/Contents/Home/jre/lib/charsets.jar:/Library/Java/JavaVirtualMachines/jdk1.8.0_121.jdk/Contents/Home/jre/lib/jfr.jar:/Library/Java/JavaVirtualMachines/jdk1.8.0_121.jdk/Contents/Home/jre/lib/ext/cldrdata.jar:/Library/Java/JavaVirtualMachines/jdk1.8.0_121.jdk/Contents/Home/jre/lib/ext/dnsns.jar:/Library/Java/JavaVirtualMachines/jdk1.8.0_121.jdk/Contents/Home/jre/lib/ext/jaccess.jar:/Library/Java/JavaVirtualMachines/jdk1.8.0_121.jdk/Contents/Home/jre/lib/ext/jfxrt.jar:/Library/Java/JavaVirtualMachines/jdk1.8.0_121.jdk/Contents/Home/jre/lib/ext/localedata.jar:/Library/Java/JavaVirtualMachines/jdk1.8.0_121.jdk/Contents/Home/jre/lib/ext/nashorn.jar:/Library/Java/JavaVirtualMachines/jdk1.8.0_121.jdk/Contents/Home/jre/lib/ext/sunec.jar:/Library/Java/JavaVirtualMachines/jdk1.8.0_121.jdk/Contents/Home/jre/lib/ext/sunjce_provider.jar:/Library/Java/JavaVirtualMachines/jdk1.8.0_121.jdk/Contents/Home/jre/lib/ext/sunpkcs11.jar:/Library/Java/JavaVirtualMachines/jdk1.8.0_121.jdk/Contents/Home/jre/lib/ext/zipfs.jar:/System/Library/Java/Extensions/AppleScriptEngine.jar:/System/Library/Java/Extensions/dns_sd.jar:/System/Library/Java/Extensions/j3daudio.jar:/System/Library/Java/Extensions/j3dcore.jar:/System/Library/Java/Extensions/j3dutils.jar:/System/Library/Java/Extensions/jai_codec.jar:/System/Library/Java/Extensions/jai_core.jar:/System/Library/Java/Extensions/mlibwrapper_jai.jar:/System/Library/Java/Extensions/MRJToolkit.jar:/System/Library/Java/Extensions/vecmath.jar:/Users/lilschwoegl/git/TrafficControlSystem/TrafficControlSystem/bin:/Users/lilschwoegl/git/TrafficControlSystem/
Launcher Type: SUN_STANDARD

Environment Variables:
PATH=/usr/bin:/bin:/usr/sbin:/sbin
SHELL=/bin/bash

Signal Handlers:
SIGSEGV: [libjvm.dylib+0x5b1141], sa_mask[0]=11111111011111110111111111111111, sa_flags=SA_ONSTACK|SA_RESTART|SA_SIGINFO
SIGBUS: [libjvm.dylib+0x5b1141], sa_mask[0]=11111111011111110111111111111111, sa_flags=SA_RESTART|SA_SIGINFO
SIGFPE: [libjvm.dylib+0x487bc4], sa_mask[0]=11111111011111110111111111111111, sa_flags=SA_RESTART|SA_SIGINFO
SIGPIPE: [libjvm.dylib+0x487bc4], sa_mask[0]=11111111011111110111111111111111, sa_flags=SA_RESTART|SA_SIGINFO
SIGXFSZ: [libjvm.dylib+0x487bc4], sa_mask[0]=11111111011111110111111111111111, sa_flags=SA_RESTART|SA_SIGINFO
SIGILL: [libjvm.dylib+0x487bc4], sa_mask[0]=11111111011111110111111111111111, sa_flags=SA_RESTART|SA_SIGINFO
SIGUSR1: SIG_DFL, sa_mask[0]=00000000000000000000000000000000, sa_flags=none
SIGUSR2: [libjvm.dylib+0x4876e2], sa_mask[0]=00100000000000000000000000000000, sa_flags=SA_RESTART|SA_SIGINFO
SIGHUP: [libjvm.dylib+0x485cb9], sa_mask[0]=11111111011111110111111111111111, sa_flags=SA_RESTART|SA_SIGINFO
SIGINT: [libjvm.dylib+0x485cb9], sa_mask[0]=11111111011111110111111111111111, sa_flags=SA_RESTART|SA_SIGINFO
SIGTERM: [libjvm.dylib+0x485cb9], sa_mask[0]=11111111011111110111111111111111, sa_flags=SA_RESTART|SA_SIGINFO
SIGQUIT: [libjvm.dylib+0x485cb9], sa_mask[0]=11111111011111110111111111111111, sa_flags=SA_RESTART|SA_SIGINFO


---------------  S Y S T E M  ---------------

OS:Bsduname:Darwin 15.6.0 Darwin Kernel Version 15.6.0: Sun Jun  4 21:43:07 PDT 2017; root:xnu-3248.70.3~1/RELEASE_X86_64 x86_64
rlimit: STACK 8192k, CORE 0k, NPROC 709, NOFILE 10240, AS infinity
load average:3.25 1.96 1.87

CPU:total 4 (2 cores per cpu, 2 threads per core) family 6 model 37 stepping 2, cmov, cx8, fxsr, mmx, sse, sse2, sse3, ssse3, sse4.1, sse4.2, popcnt, aes, clmul, ht, tsc, tscinvbit

Memory: 4k page, physical 8388608k(135316k free)

/proc/meminfo:


vm_info: Java HotSpot(TM) 64-Bit Server VM (25.121-b13) for bsd-amd64 JRE (1.8.0_121-b13), built on Dec 12 2016 20:39:32 by "java_re" with gcc 4.2.1 (Based on Apple Inc. build 5658) (LLVM build 2336.11.00)

time: Fri Feb 23 09:42:14 2018
elapsed time: 24 seconds (0d 0h 0m 24s)

