#
# A fatal error has been detected by the Java Runtime Environment:
#
#  SIGSEGV (0xb) at pc=0x000000012615886b, pid=19535, tid=0x000000000000f703
#
# JRE version: Java(TM) SE Runtime Environment (8.0_121-b13) (build 1.8.0_121-b13)
# Java VM: Java HotSpot(TM) 64-Bit Server VM (25.121-b13 mixed mode bsd-amd64 compressed oops)
# Problematic frame:
# C  [libavformat.57.dylib+0x2286b]  avio_close_dir+0x1dd
#
# Failed to write core dump. Core dumps have been disabled. To enable core dumping, try "ulimit -c unlimited" before starting Java again
#
# If you would like to submit a bug report, please visit:
#   http://bugreport.java.com/bugreport/crash.jsp
# The crash happened outside the Java Virtual Machine in native code.
# See problematic frame for where to report the bug.
#

---------------  T H R E A D  ---------------

Current thread (0x00007fca773c2800):  JavaThread "pool-2-thread-1" [_thread_in_native, id=63235, stack(0x00007000018f1000,0x00007000019f1000)]

siginfo: si_signo: 11 (SIGSEGV), si_code: 0 (unknown), si_addr: 0x0000000000000000

Registers:
RAX=0x40e92d0168337602, RBX=0x0000000000000000, RCX=0x0000000000000000, RDX=0x0000000000000000
RSP=0x00007000019ee620, RBP=0x0000000000008000, RSI=0x0000000000000001, RDI=0x0000000000000000
R8 =0x000000000000f803, R9 =0x0000000000000000, R10=0x0000000000000001, R11=0x0000000000000246
R12=0x0000000000000027, R13=0x0000000000000000, R14=0x00007fca71f90990, R15=0x0000000000000000
RIP=0x000000012615886b, EFLAGS=0x0000000000010202, ERR=0x0000000000000000
  TRAPNO=0x000000000000000d

Top of Stack: (sp=0x00007000019ee620)
0x00007000019ee620:   40e92d0168337602 00000001261ef4ea
0x00007000019ee630:   00007fca71f90990 00007fca71f83d40
0x00007000019ee640:   00007fca72052600 0000000000000000
0x00007000019ee650:   00007fca72052600 0000000000000005
0x00007000019ee660:   0000000000008000 000000012623f722
0x00007000019ee670:   0000000000008000 000000012623f6f7
0x00007000019ee680:   00007fca71f90960 0000000126157fb3
0x00007000019ee690:   00007fca72052600 0000800000000000
0x00007000019ee6a0:   0000000000000000 00000000dfb9b0bb
0x00007000019ee6b0:   0000000000008000 00007fca78193e00
0x00007000019ee6c0:   00007fca71f95600 00007fca72052600
0x00007000019ee6d0:   0000000000040dac 000000012618ec89
0x00007000019ee6e0:   00007fca71e6b3d0 0000000000000002
0x00007000019ee6f0:   0000000000000001 0000000101c0f000
0x00007000019ee700:   b7008d950a103d66 00007fca71f95600
0x00007000019ee710:   00007fca78193e00 b7008d950a103d66
0x00007000019ee720:   00007fca72052600 0000000000008000
0x00007000019ee730:   b7008d950a103d66 00000001261901d0
0x00007000019ee740:   00007fca71efc080 00007fca71e6b3e0
0x00007000019ee750:   0000000000000010 00007fca71e6b3d0
0x00007000019ee760:   00007fca40000002 0000000101c0f000
0x00007000019ee770:   00007fca71e00000 0000000000000000
0x00007000019ee780:   00007fca74503910 0000000101c0f000
0x00007000019ee790:   00007000019ee830 00007fffa1f49dcc
0x00007000019ee7a0:   b7008d950a103d66 0000000000008000
0x00007000019ee7b0:   00007fca71f95600 00007fca78193e00
0x00007000019ee7c0:   0000000000008000 00007fca72052600
0x00007000019ee7d0:   b7008d950a103d66 000000012618e5a9
0x00007000019ee7e0:   0000000000000010 00007fca71f8b4d0
0x00007000019ee7f0:   00007fca71ffc080 00007fca71f8e7c0
0x00007000019ee800:   0000000000000030 00007fca71f8e790
0x00007000019ee810:   00007fca10000003 0000000101c0f000 

Instructions: (pc=0x000000012615886b)
0x000000012615884b:   70 48 85 c0 74 02 ff e0 b8 ea ff ff ff c3 48 85
0x000000012615885b:   ff 74 18 48 8b 07 48 85 c0 74 10 50 48 8b 7f 08
0x000000012615886b:   ff d0 85 c0 48 8d 64 24 08 75 02 31 c0 c3 31 c0
0x000000012615887b:   48 85 f6 75 07 48 8b 47 28 48 8b 00 c3 31 c0 48 

Register to memory mapping:

RAX=0x40e92d0168337602 is an unknown value
RBX=0x0000000000000000 is an unknown value
RCX=0x0000000000000000 is an unknown value
RDX=0x0000000000000000 is an unknown value
RSP=0x00007000019ee620 is pointing into the stack for thread: 0x00007fca773c2800
RBP=0x0000000000008000 is an unknown value
RSI=0x0000000000000001 is an unknown value
RDI=0x0000000000000000 is an unknown value
R8 =0x000000000000f803 is an unknown value
R9 =0x0000000000000000 is an unknown value
R10=0x0000000000000001 is an unknown value
R11=0x0000000000000246 is an unknown value
R12=0x0000000000000027 is an unknown value
R13=0x0000000000000000 is an unknown value
R14=0x00007fca71f90990 is an unknown value
R15=0x0000000000000000 is an unknown value


Stack: [0x00007000018f1000,0x00007000019f1000],  sp=0x00007000019ee620,  free space=1013k
Native frames: (J=compiled Java code, j=interpreted, Vv=VM code, C=native code)
C  [libavformat.57.dylib+0x2286b]  avio_close_dir+0x1dd

Java frames: (J=compiled Java code, j=interpreted, Vv=VM code)
j  org.opencv.videoio.VideoCapture.read_0(JJ)Z+0
J 3209 C1 application.SystemUIController.grabFrame()Lorg/opencv/core/Mat; (69 bytes) @ 0x00000001041b60ac [0x00000001041b5d00+0x3ac]
j  application.SystemUIController.access$0(Lapplication/SystemUIController;)Lorg/opencv/core/Mat;+1
j  application.SystemUIController$1.run()V+4
J 3089 C1 java.util.concurrent.Executors$RunnableAdapter.call()Ljava/lang/Object; (14 bytes) @ 0x0000000104151d94 [0x0000000104151c80+0x114]
J 3088 C1 java.util.concurrent.FutureTask.runAndReset()Z (128 bytes) @ 0x000000010415116c [0x0000000104150f00+0x26c]
j  java.util.concurrent.ScheduledThreadPoolExecutor$ScheduledFutureTask.access$301(Ljava/util/concurrent/ScheduledThreadPoolExecutor$ScheduledFutureTask;)Z+1
j  java.util.concurrent.ScheduledThreadPoolExecutor$ScheduledFutureTask.run()V+37
j  java.util.concurrent.ThreadPoolExecutor.runWorker(Ljava/util/concurrent/ThreadPoolExecutor$Worker;)V+95
j  java.util.concurrent.ThreadPoolExecutor$Worker.run()V+5
j  java.lang.Thread.run()V+11
v  ~StubRoutines::call_stub

---------------  P R O C E S S  ---------------

Java Threads: ( => current thread )
  0x00007fca78195000 JavaThread "DestroyJavaVM" [_thread_blocked, id=5891, stack(0x000070000011a000,0x000070000021a000)]
  0x00007fca7768d000 JavaThread "Java2D Disposer" daemon [_thread_blocked, id=131335, stack(0x0000700002700000,0x0000700002800000)]
  0x00007fca775e6000 JavaThread "Java2D Queue Flusher" daemon [_thread_blocked, id=131591, stack(0x00007000025fd000,0x00007000026fd000)]
=>0x00007fca773c2800 JavaThread "pool-2-thread-1" [_thread_in_native, id=63235, stack(0x00007000018f1000,0x00007000019f1000)]
  0x00007fca72318000 JavaThread "Prism Font Disposer" daemon [_thread_blocked, id=56583, stack(0x000070000155f000,0x000070000165f000)]
  0x00007fca721fe000 JavaThread "Thread-3" daemon [_thread_in_native, id=37891, stack(0x0000700001250000,0x00007000012d0000)]
  0x00007fca73124800 JavaThread "Thread-1" daemon [_thread_blocked, id=25355, stack(0x000070000114d000,0x000070000124d000)]
  0x00007fca73001000 JavaThread "Service Thread" daemon [_thread_blocked, id=18691, stack(0x0000700000e44000,0x0000700000f44000)]
  0x00007fca7203f800 JavaThread "C1 CompilerThread2" daemon [_thread_blocked, id=18179, stack(0x0000700000d41000,0x0000700000e41000)]
  0x00007fca7203f000 JavaThread "C2 CompilerThread1" daemon [_thread_blocked, id=17667, stack(0x0000700000c3e000,0x0000700000d3e000)]
  0x00007fca7203d000 JavaThread "C2 CompilerThread0" daemon [_thread_blocked, id=17155, stack(0x0000700000b3b000,0x0000700000c3b000)]
  0x00007fca72847000 JavaThread "Signal Dispatcher" daemon [_thread_blocked, id=12815, stack(0x0000700000a38000,0x0000700000b38000)]
  0x00007fca73012000 JavaThread "Finalizer" daemon [_thread_blocked, id=12291, stack(0x000070000082f000,0x000070000092f000)]
  0x00007fca72009000 JavaThread "Reference Handler" daemon [_thread_blocked, id=11779, stack(0x000070000072c000,0x000070000082c000)]

Other Threads:
  0x00007fca7382d000 VMThread [stack: 0x0000700000629000,0x0000700000729000] [id=11267]
  0x00007fca7280e000 WatcherThread [stack: 0x0000700000f47000,0x0000700001047000] [id=19203]

VM state:not at safepoint (normal execution)

VM Mutex/Monitor currently owned by a thread: None

Heap:
 PSYoungGen      total 457728K, used 135496K [0x0000000795580000, 0x00000007b2e80000, 0x00000007c0000000)
  eden space 442368K, 29% used [0x0000000795580000,0x000000079d680ad0,0x00000007b0580000)
  from space 15360K, 22% used [0x00000007b1480000,0x00000007b17d1790,0x00000007b2380000)
  to   space 15360K, 0% used [0x00000007b0580000,0x00000007b0580000,0x00000007b1480000)
 ParOldGen       total 60928K, used 18061K [0x0000000740000000, 0x0000000743b80000, 0x0000000795580000)
  object space 60928K, 29% used [0x0000000740000000,0x00000007411a3638,0x0000000743b80000)
 Metaspace       used 20665K, capacity 21798K, committed 22140K, reserved 1069056K
  class space    used 2795K, capacity 3034K, committed 3072K, reserved 1048576K

Card table byte_map: [0x0000000112bc0000,0x0000000112fc1000] byte_map_base: 0x000000010f1c0000

Marking Bits: (ParMarkBitMap*) 0x0000000102760d30
 Begin Bits: [0x000000011326c000, 0x000000011526c000)
 End Bits:   [0x000000011526c000, 0x000000011726c000)

Polling page: 0x0000000102e59000

CodeCache: size=245760Kb used=10087Kb max_used=10087Kb free=235672Kb
 bounds [0x0000000103800000, 0x00000001041e0000, 0x0000000112800000]
 total_blobs=4146 nmethods=3231 adapters=828
 compilation: enabled

Compilation events (10 events):
Event: 27.906 Thread 0x00007fca7203f800 3241       3       com.sun.glass.ui.mac.MacView::_getNativeView (2 bytes)
Event: 27.906 Thread 0x00007fca7203f800 nmethod 3241 0x00000001041d6f90 code [0x00000001041d70e0, 0x00000001041d7230]
Event: 27.906 Thread 0x00007fca7203f800 3242       3       com.sun.glass.ui.Window::getNativeWindow (28 bytes)
Event: 27.906 Thread 0x00007fca7203f800 nmethod 3242 0x00000001041dc850 code [0x00000001041dc9e0, 0x00000001041dcd38]
Event: 28.147 Thread 0x00007fca7203f800 3243       1       com.sun.glass.ui.Accessible::getView (5 bytes)
Event: 28.147 Thread 0x00007fca7203f800 nmethod 3243 0x00000001041dce50 code [0x00000001041dcfa0, 0x00000001041dd0b0]
Event: 28.173 Thread 0x00007fca7203f800 3244       3       java.util.concurrent.locks.AbstractQueuedSynchronizer::doReleaseShared (79 bytes)
Event: 28.174 Thread 0x00007fca7203f800 nmethod 3244 0x00000001041dd110 code [0x00000001041dd2c0, 0x00000001041dd888]
Event: 28.174 Thread 0x00007fca7203f800 3245       3       java.util.concurrent.CountDownLatch$Sync::tryReleaseShared (37 bytes)
Event: 28.174 Thread 0x00007fca7203f800 nmethod 3245 0x00000001041dda50 code [0x00000001041ddbc0, 0x00000001041ddff0]

GC Heap History (10 events):
Event: 16.487 GC heap before
{Heap before GC invocations=11 (full 0):
 PSYoungGen      total 224256K, used 183796K [0x0000000795580000, 0x00000007a4000000, 0x00000007c0000000)
  eden space 208384K, 86% used [0x0000000795580000,0x00000007a0531a48,0x00000007a2100000)
  from space 15872K, 24% used [0x00000007a3080000,0x00000007a344b8d0,0x00000007a4000000)
  to   space 15872K, 0% used [0x00000007a2100000,0x00000007a2100000,0x00000007a3080000)
 ParOldGen       total 87552K, used 59587K [0x0000000740000000, 0x0000000745580000, 0x0000000795580000)
  object space 87552K, 68% used [0x0000000740000000,0x0000000743a30ea8,0x0000000745580000)
 Metaspace       used 20437K, capacity 21452K, committed 21628K, reserved 1069056K
  class space    used 2791K, capacity 3027K, committed 3072K, reserved 1048576K
Event: 16.493 GC heap after
Heap after GC invocations=11 (full 0):
 PSYoungGen      total 224256K, used 4098K [0x0000000795580000, 0x00000007aba80000, 0x00000007c0000000)
  eden space 208384K, 0% used [0x0000000795580000,0x0000000795580000,0x00000007a2100000)
  from space 15872K, 25% used [0x00000007a2100000,0x00000007a2500940,0x00000007a3080000)
  to   space 15872K, 0% used [0x00000007aab00000,0x00000007aab00000,0x00000007aba80000)
 ParOldGen       total 87552K, used 62605K [0x0000000740000000, 0x0000000745580000, 0x0000000795580000)
  object space 87552K, 71% used [0x0000000740000000,0x0000000743d23598,0x0000000745580000)
 Metaspace       used 20437K, capacity 21452K, committed 21628K, reserved 1069056K
  class space    used 2791K, capacity 3027K, committed 3072K, reserved 1048576K
}
Event: 16.493 GC heap before
{Heap before GC invocations=12 (full 1):
 PSYoungGen      total 224256K, used 4098K [0x0000000795580000, 0x00000007aba80000, 0x00000007c0000000)
  eden space 208384K, 0% used [0x0000000795580000,0x0000000795580000,0x00000007a2100000)
  from space 15872K, 25% used [0x00000007a2100000,0x00000007a2500940,0x00000007a3080000)
  to   space 15872K, 0% used [0x00000007aab00000,0x00000007aab00000,0x00000007aba80000)
 ParOldGen       total 87552K, used 62605K [0x0000000740000000, 0x0000000745580000, 0x0000000795580000)
  object space 87552K, 71% used [0x0000000740000000,0x0000000743d23598,0x0000000745580000)
 Metaspace       used 20437K, capacity 21452K, committed 21628K, reserved 1069056K
  class space    used 2791K, capacity 3027K, committed 3072K, reserved 1048576K
Event: 16.551 GC heap after
Heap after GC invocations=12 (full 1):
 PSYoungGen      total 224256K, used 0K [0x0000000795580000, 0x00000007aba80000, 0x00000007c0000000)
  eden space 208384K, 0% used [0x0000000795580000,0x0000000795580000,0x00000007a2100000)
  from space 15872K, 0% used [0x00000007a2100000,0x00000007a2100000,0x00000007a3080000)
  to   space 15872K, 0% used [0x00000007aab00000,0x00000007aab00000,0x00000007aba80000)
 ParOldGen       total 60928K, used 13074K [0x0000000740000000, 0x0000000743b80000, 0x0000000795580000)
  object space 60928K, 21% used [0x0000000740000000,0x0000000740cc4aa8,0x0000000743b80000)
 Metaspace       used 20437K, capacity 21452K, committed 21628K, reserved 1069056K
  class space    used 2791K, capacity 3027K, committed 3072K, reserved 1048576K
}
Event: 18.987 GC heap before
{Heap before GC invocations=13 (full 1):
 PSYoungGen      total 224256K, used 207547K [0x0000000795580000, 0x00000007aba80000, 0x00000007c0000000)
  eden space 208384K, 99% used [0x0000000795580000,0x00000007a202ed08,0x00000007a2100000)
  from space 15872K, 0% used [0x00000007a2100000,0x00000007a2100000,0x00000007a3080000)
  to   space 15872K, 0% used [0x00000007aab00000,0x00000007aab00000,0x00000007aba80000)
 ParOldGen       total 60928K, used 13074K [0x0000000740000000, 0x0000000743b80000, 0x0000000795580000)
  object space 60928K, 21% used [0x0000000740000000,0x0000000740cc4aa8,0x0000000743b80000)
 Metaspace       used 20480K, capacity 21580K, committed 21884K, reserved 1069056K
  class space    used 2791K, capacity 3027K, committed 3072K, reserved 1048576K
Event: 18.993 GC heap after
Heap after GC invocations=13 (full 1):
 PSYoungGen      total 310272K, used 3333K [0x0000000795580000, 0x00000007aae80000, 0x00000007c0000000)
  eden space 306688K, 0% used [0x0000000795580000,0x0000000795580000,0x00000007a8100000)
  from space 3584K, 93% used [0x00000007aab00000,0x00000007aae41790,0x00000007aae80000)
  to   space 15872K, 0% used [0x00000007a8f80000,0x00000007a8f80000,0x00000007a9f00000)
 ParOldGen       total 60928K, used 13082K [0x0000000740000000, 0x0000000743b80000, 0x0000000795580000)
  object space 60928K, 21% used [0x0000000740000000,0x0000000740cc6aa8,0x0000000743b80000)
 Metaspace       used 20480K, capacity 21580K, committed 21884K, reserved 1069056K
  class space    used 2791K, capacity 3027K, committed 3072K, reserved 1048576K
}
Event: 22.602 GC heap before
{Heap before GC invocations=14 (full 1):
 PSYoungGen      total 310272K, used 309781K [0x0000000795580000, 0x00000007aae80000, 0x00000007c0000000)
  eden space 306688K, 99% used [0x0000000795580000,0x00000007a80c3f38,0x00000007a8100000)
  from space 3584K, 93% used [0x00000007aab00000,0x00000007aae41790,0x00000007aae80000)
  to   space 15872K, 0% used [0x00000007a8f80000,0x00000007a8f80000,0x00000007a9f00000)
 ParOldGen       total 60928K, used 13082K [0x0000000740000000, 0x0000000743b80000, 0x0000000795580000)
  object space 60928K, 21% used [0x0000000740000000,0x0000000740cc6aa8,0x0000000743b80000)
 Metaspace       used 20542K, capacity 21580K, committed 21884K, reserved 1069056K
  class space    used 2791K, capacity 3027K, committed 3072K, reserved 1048576K
Event: 22.609 GC heap after
Heap after GC invocations=14 (full 1):
 PSYoungGen      total 337408K, used 4098K [0x0000000795580000, 0x00000007b2380000, 0x00000007c0000000)
  eden space 321536K, 0% used [0x0000000795580000,0x0000000795580000,0x00000007a8f80000)
  from space 15872K, 25% used [0x00000007a8f80000,0x00000007a9380940,0x00000007a9f00000)
  to   space 15360K, 0% used [0x00000007b1480000,0x00000007b1480000,0x00000007b2380000)
 ParOldGen       total 60928K, used 16060K [0x0000000740000000, 0x0000000743b80000, 0x0000000795580000)
  object space 60928K, 26% used [0x0000000740000000,0x0000000740faf198,0x0000000743b80000)
 Metaspace       used 20542K, capacity 21580K, committed 21884K, reserved 1069056K
  class space    used 2791K, capacity 3027K, committed 3072K, reserved 1048576K
}
Event: 26.485 GC heap before
{Heap before GC invocations=15 (full 1):
 PSYoungGen      total 337408K, used 325620K [0x0000000795580000, 0x00000007b2380000, 0x00000007c0000000)
  eden space 321536K, 99% used [0x0000000795580000,0x00000007a8f7c708,0x00000007a8f80000)
  from space 15872K, 25% used [0x00000007a8f80000,0x00000007a9380940,0x00000007a9f00000)
  to   space 15360K, 0% used [0x00000007b1480000,0x00000007b1480000,0x00000007b2380000)
 ParOldGen       total 60928K, used 16060K [0x0000000740000000, 0x0000000743b80000, 0x0000000795580000)
  object space 60928K, 26% used [0x0000000740000000,0x0000000740faf198,0x0000000743b80000)
 Metaspace       used 20650K, capacity 21708K, committed 21884K, reserved 1069056K
  class space    used 2791K, capacity 3027K, committed 3072K, reserved 1048576K
Event: 26.489 GC heap after
Heap after GC invocations=15 (full 1):
 PSYoungGen      total 457728K, used 3397K [0x0000000795580000, 0x00000007b2e80000, 0x00000007c0000000)
  eden space 442368K, 0% used [0x0000000795580000,0x0000000795580000,0x00000007b0580000)
  from space 15360K, 22% used [0x00000007b1480000,0x00000007b17d1790,0x00000007b2380000)
  to   space 15360K, 0% used [0x00000007b0580000,0x00000007b0580000,0x00000007b1480000)
 ParOldGen       total 60928K, used 18061K [0x0000000740000000, 0x0000000743b80000, 0x0000000795580000)
  object space 60928K, 29% used [0x0000000740000000,0x00000007411a3638,0x0000000743b80000)
 Metaspace       used 20650K, capacity 21708K, committed 21884K, reserved 1069056K
  class space    used 2791K, capacity 3027K, committed 3072K, reserved 1048576K
}

Deoptimization events (10 events):
Event: 4.137 Thread 0x00007fca7298a000 Uncommon trap: reason=unstable_if action=reinterpret pc=0x0000000103a2c8e0 method=java.lang.CharacterData.of(I)Ljava/lang/CharacterData; @ 4
Event: 4.441 Thread 0x00007fca7298a000 Uncommon trap: reason=unstable_if action=reinterpret pc=0x0000000103bcb670 method=java.util.HashMap.isEmpty()Z @ 4
Event: 4.508 Thread 0x00007fca7298a000 Uncommon trap: reason=unstable_if action=reinterpret pc=0x0000000103c165a4 method=javafx.scene.CssStyleHelper.getStyle(Ljavafx/css/Styleable;Ljava/lang/String;Lcom/sun/javafx/css/StyleMap;Ljava/util/Set;)Lcom/sun/javafx/css/CascadingStyle; @ 8
Event: 4.808 Thread 0x00007fca7298a000 Uncommon trap: reason=unstable_if action=reinterpret pc=0x0000000103b3cab4 method=jdk.internal.org.objectweb.asm.Type.getArgumentsAndReturnSizes(Ljava/lang/String;)I @ 47
Event: 4.873 Thread 0x00007fca7204d000 Uncommon trap: reason=unstable_if action=reinterpret pc=0x0000000103ac3a3c method=sun.net.www.ParseUtil.encodePath(Ljava/lang/String;Z)Ljava/lang/String; @ 109
Event: 6.740 Thread 0x00007fca7298a000 Uncommon trap: reason=unstable_if action=reinterpret pc=0x0000000103bf13b0 method=com.sun.javafx.css.BitSet.add(Ljava/lang/Object;)Z @ 91
Event: 6.824 Thread 0x00007fca7204d000 Uncommon trap: reason=unstable_if action=reinterpret pc=0x0000000103cdb224 method=com.sun.javafx.geom.RectBounds.isEmpty()Z @ 21
Event: 8.459 Thread 0x00007fca773c2800 Uncommon trap: reason=unstable_if action=reinterpret pc=0x0000000103f07e04 method=com.sun.javafx.image.impl.IntTo4ByteSameConverter.doConvert([III[BIIII)V @ 29
Event: 9.307 Thread 0x00007fca7204d000 Uncommon trap: reason=unstable_if action=reinterpret pc=0x0000000103c72d4c method=java.util.WeakHashMap.expungeStaleEntries()V @ 66
Event: 28.106 Thread 0x00007fca7298a000 Uncommon trap: reason=unstable_if action=reinterpret pc=0x00000001041914e4 method=java.util.concurrent.locks.ReentrantLock$Sync.tryRelease(I)Z @ 28

Internal exceptions (10 events):
Event: 0.272 Thread 0x00007fca72008800 Exception <a 'java/security/PrivilegedActionException'> (0x00000007958e5040) thrown at [/Users/java_re/workspace/8-2-build-macosx-x86_64/jdk8u121/8372/hotspot/src/share/vm/prims/jvm.cpp, line 1390]
Event: 0.272 Thread 0x00007fca72008800 Exception <a 'java/lang/NullPointerException'> (0x00000007958e69b8) thrown at [/Users/java_re/workspace/8-2-build-macosx-x86_64/jdk8u121/8372/hotspot/src/share/vm/interpreter/linkResolver.cpp, line 1178]
Event: 3.361 Thread 0x00007fca7298a000 Exception <a 'java/lang/NullPointerException'> (0x0000000796383ea8) thrown at [/Users/java_re/workspace/8-2-build-macosx-x86_64/jdk8u121/8372/hotspot/src/share/vm/interpreter/linkResolver.cpp, line 1178]
Event: 3.361 Thread 0x00007fca7298a000 Exception <a 'java/lang/NullPointerException'> (0x0000000796383ea8) thrown at [/Users/java_re/workspace/8-2-build-macosx-x86_64/jdk8u121/8372/hotspot/src/share/vm/prims/jvm.cpp, line 1394]
Event: 3.517 Thread 0x00007fca7298a000 Exception <a 'java/lang/ArrayIndexOutOfBoundsException'> (0x000000079691ad70) thrown at [/Users/java_re/workspace/8-2-build-macosx-x86_64/jdk8u121/8372/hotspot/src/share/vm/runtime/sharedRuntime.cpp, line 605]
Event: 3.517 Thread 0x00007fca7298a000 Exception <a 'java/lang/ArrayIndexOutOfBoundsException'> (0x000000079691b888) thrown at [/Users/java_re/workspace/8-2-build-macosx-x86_64/jdk8u121/8372/hotspot/src/share/vm/runtime/sharedRuntime.cpp, line 605]
Event: 3.518 Thread 0x00007fca7298a000 Exception <a 'java/lang/ArrayIndexOutOfBoundsException'> (0x000000079691cc30) thrown at [/Users/java_re/workspace/8-2-build-macosx-x86_64/jdk8u121/8372/hotspot/src/share/vm/runtime/sharedRuntime.cpp, line 605]
Event: 3.796 Thread 0x00007fca7298a000 Exception <a 'java/io/FileNotFoundException'> (0x0000000796de2058) thrown at [/Users/java_re/workspace/8-2-build-macosx-x86_64/jdk8u121/8372/hotspot/src/share/vm/prims/jni.cpp, line 709]
Event: 8.365 Thread 0x00007fca773c2800 Exception <a 'java/io/FileNotFoundException'> (0x00000007962a0b78) thrown at [/Users/java_re/workspace/8-2-build-macosx-x86_64/jdk8u121/8372/hotspot/src/share/vm/prims/jni.cpp, line 709]
Event: 8.365 Thread 0x00007fca773c2800 Exception <a 'java/io/FileNotFoundException'> (0x00000007962a16d8) thrown at [/Users/java_re/workspace/8-2-build-macosx-x86_64/jdk8u121/8372/hotspot/src/share/vm/prims/jni.cpp, line 709]

Events (10 events):
Event: 28.148 loading class javafx/application/Application done
Event: 28.178 loading class com/sun/javafx/tk/quantum/QuantumRenderer
Event: 28.178 loading class com/sun/javafx/tk/quantum/QuantumRenderer done
Event: 28.179 loading class com/sun/javafx/tk/quantum/QuantumToolkit
Event: 28.179 loading class com/sun/javafx/tk/quantum/QuantumToolkit done
Event: 28.179 Thread 0x00007fca7204d000 Thread exited: 0x00007fca7204d000
Event: 28.179 Thread 0x00007fca73141800 Thread exited: 0x00007fca73141800
Event: 28.179 Thread 0x00007fca72008800 Thread exited: 0x00007fca72008800
Event: 28.179 Thread 0x00007fca7298a000 Thread exited: 0x00007fca7298a000
Event: 28.179 Thread 0x00007fca78195000 Thread added: 0x00007fca78195000


Dynamic libraries:
0x000000000b622000 	/System/Library/Frameworks/Cocoa.framework/Versions/A/Cocoa
0x000000000b622000 	/System/Library/Frameworks/Security.framework/Versions/A/Security
0x000000000b622000 	/System/Library/Frameworks/ApplicationServices.framework/Versions/A/ApplicationServices
0x000000000b622000 	/usr/lib/libz.1.dylib
0x000000000b622000 	/usr/lib/libSystem.B.dylib
0x000000000b622000 	/usr/lib/libobjc.A.dylib
0x000000000b622000 	/System/Library/Frameworks/CoreFoundation.framework/Versions/A/CoreFoundation
0x000000000b622000 	/System/Library/Frameworks/Foundation.framework/Versions/C/Foundation
0x000000000b622000 	/System/Library/Frameworks/AppKit.framework/Versions/C/AppKit
0x000000000b622000 	/System/Library/Frameworks/CoreData.framework/Versions/A/CoreData
0x000000000b622000 	/System/Library/PrivateFrameworks/RemoteViewServices.framework/Versions/A/RemoteViewServices
0x000000000b622000 	/System/Library/PrivateFrameworks/UIFoundation.framework/Versions/A/UIFoundation
0x000000000b622000 	/usr/lib/libScreenReader.dylib
0x000000000b622000 	/System/Library/Frameworks/Accelerate.framework/Versions/A/Accelerate
0x000000000b622000 	/System/Library/Frameworks/IOSurface.framework/Versions/A/IOSurface
0x000000000b622000 	/System/Library/Frameworks/AudioToolbox.framework/Versions/A/AudioToolbox
0x000000000b622000 	/System/Library/Frameworks/AudioUnit.framework/Versions/A/AudioUnit
0x000000000b622000 	/System/Library/PrivateFrameworks/DataDetectorsCore.framework/Versions/A/DataDetectorsCore
0x000000000b622000 	/System/Library/PrivateFrameworks/DesktopServicesPriv.framework/Versions/A/DesktopServicesPriv
0x000000000b622000 	/System/Library/Frameworks/Carbon.framework/Versions/A/Frameworks/HIToolbox.framework/Versions/A/HIToolbox
0x000000000b622000 	/System/Library/Frameworks/QuartzCore.framework/Versions/A/QuartzCore
0x000000000b622000 	/System/Library/Frameworks/Carbon.framework/Versions/A/Frameworks/SpeechRecognition.framework/Versions/A/SpeechRecognition
0x000000000b622000 	/usr/lib/libauto.dylib
0x000000000b622000 	/usr/lib/libicucore.A.dylib
0x000000000b622000 	/usr/lib/libxml2.2.dylib
0x000000000b622000 	/System/Library/PrivateFrameworks/CoreUI.framework/Versions/A/CoreUI
0x000000000b622000 	/System/Library/Frameworks/CoreAudio.framework/Versions/A/CoreAudio
0x000000000b622000 	/System/Library/Frameworks/DiskArbitration.framework/Versions/A/DiskArbitration
0x000000000b622000 	/usr/lib/liblangid.dylib
0x000000000b622000 	/System/Library/PrivateFrameworks/MultitouchSupport.framework/Versions/A/MultitouchSupport
0x000000000b622000 	/System/Library/Frameworks/IOKit.framework/Versions/A/IOKit
0x000000000b622000 	/usr/lib/libDiagnosticMessagesClient.dylib
0x000000000b622000 	/System/Library/Frameworks/CoreServices.framework/Versions/A/CoreServices
0x000000000b622000 	/System/Library/PrivateFrameworks/PerformanceAnalysis.framework/Versions/A/PerformanceAnalysis
0x000000000b622000 	/System/Library/PrivateFrameworks/GenerationalStorage.framework/Versions/A/GenerationalStorage
0x000000000b622000 	/System/Library/Frameworks/OpenGL.framework/Versions/A/OpenGL
0x000000000b622000 	/System/Library/PrivateFrameworks/Sharing.framework/Versions/A/Sharing
0x000000000b622000 	/System/Library/Frameworks/CoreGraphics.framework/Versions/A/CoreGraphics
0x000000000b622000 	/System/Library/Frameworks/CoreImage.framework/Versions/A/CoreImage
0x000000000b622000 	/System/Library/Frameworks/CoreText.framework/Versions/A/CoreText
0x000000000b622000 	/System/Library/Frameworks/ImageIO.framework/Versions/A/ImageIO
0x000000000b622000 	/System/Library/PrivateFrameworks/Backup.framework/Versions/A/Backup
0x000000000b622000 	/usr/lib/libextension.dylib
0x000000000b622000 	/usr/lib/libarchive.2.dylib
0x000000000b622000 	/System/Library/Frameworks/CFNetwork.framework/Versions/A/CFNetwork
0x000000000b622000 	/System/Library/Frameworks/SystemConfiguration.framework/Versions/A/SystemConfiguration
0x000000000b622000 	/usr/lib/libCRFSuite.dylib
0x000000000b622000 	/usr/lib/libc++.1.dylib
0x000000000b622000 	/usr/lib/libc++abi.dylib
0x000000000b622000 	/usr/lib/system/libcache.dylib
0x000000000b622000 	/usr/lib/system/libcommonCrypto.dylib
0x000000000b622000 	/usr/lib/system/libcompiler_rt.dylib
0x000000000b622000 	/usr/lib/system/libcopyfile.dylib
0x000000000b622000 	/usr/lib/system/libcorecrypto.dylib
0x000000000b622000 	/usr/lib/system/libdispatch.dylib
0x000000000b622000 	/usr/lib/system/libdyld.dylib
0x000000000b622000 	/usr/lib/system/libkeymgr.dylib
0x000000000b622000 	/usr/lib/system/liblaunch.dylib
0x000000000b622000 	/usr/lib/system/libmacho.dylib
0x000000000b622000 	/usr/lib/system/libquarantine.dylib
0x000000000b622000 	/usr/lib/system/libremovefile.dylib
0x000000000b622000 	/usr/lib/system/libsystem_asl.dylib
0x000000000b622000 	/usr/lib/system/libsystem_blocks.dylib
0x000000000b622000 	/usr/lib/system/libsystem_c.dylib
0x000000000b622000 	/usr/lib/system/libsystem_configuration.dylib
0x000000000b622000 	/usr/lib/system/libsystem_coreservices.dylib
0x000000000b622000 	/usr/lib/system/libsystem_coretls.dylib
0x000000000b622000 	/usr/lib/system/libsystem_dnssd.dylib
0x000000000b622000 	/usr/lib/system/libsystem_info.dylib
0x000000000b622000 	/usr/lib/system/libsystem_kernel.dylib
0x000000000b622000 	/usr/lib/system/libsystem_m.dylib
0x000000000b622000 	/usr/lib/system/libsystem_malloc.dylib
0x000000000b622000 	/usr/lib/system/libsystem_network.dylib
0x000000000b622000 	/usr/lib/system/libsystem_networkextension.dylib
0x000000000b622000 	/usr/lib/system/libsystem_notify.dylib
0x000000000b622000 	/usr/lib/system/libsystem_platform.dylib
0x000000000b622000 	/usr/lib/system/libsystem_pthread.dylib
0x000000000b622000 	/usr/lib/system/libsystem_sandbox.dylib
0x000000000b622000 	/usr/lib/system/libsystem_secinit.dylib
0x000000000b622000 	/usr/lib/system/libsystem_trace.dylib
0x000000000b622000 	/usr/lib/system/libunc.dylib
0x000000000b622000 	/usr/lib/system/libunwind.dylib
0x000000000b622000 	/usr/lib/system/libxpc.dylib
0x000000000b622000 	/usr/lib/libenergytrace.dylib
0x000000000b622000 	/usr/lib/libbsm.0.dylib
0x000000000b622000 	/usr/lib/system/libkxld.dylib
0x000000000b622000 	/usr/lib/libxar.1.dylib
0x000000000b622000 	/usr/lib/libsqlite3.dylib
0x000000000b622000 	/usr/lib/libpam.2.dylib
0x000000000b622000 	/usr/lib/libOpenScriptingUtil.dylib
0x000000000b622000 	/usr/lib/libbz2.1.0.dylib
0x000000000b622000 	/usr/lib/liblzma.5.dylib
0x000000000b622000 	/System/Library/Frameworks/CoreServices.framework/Versions/A/Frameworks/FSEvents.framework/Versions/A/FSEvents
0x000000000b622000 	/System/Library/Frameworks/CoreServices.framework/Versions/A/Frameworks/CarbonCore.framework/Versions/A/CarbonCore
0x000000000b622000 	/System/Library/Frameworks/CoreServices.framework/Versions/A/Frameworks/Metadata.framework/Versions/A/Metadata
0x000000000b622000 	/System/Library/Frameworks/CoreServices.framework/Versions/A/Frameworks/OSServices.framework/Versions/A/OSServices
0x000000000b622000 	/System/Library/Frameworks/CoreServices.framework/Versions/A/Frameworks/SearchKit.framework/Versions/A/SearchKit
0x000000000b622000 	/System/Library/Frameworks/CoreServices.framework/Versions/A/Frameworks/AE.framework/Versions/A/AE
0x000000000b622000 	/System/Library/Frameworks/CoreServices.framework/Versions/A/Frameworks/LaunchServices.framework/Versions/A/LaunchServices
0x000000000b622000 	/System/Library/Frameworks/CoreServices.framework/Versions/A/Frameworks/DictionaryServices.framework/Versions/A/DictionaryServices
0x000000000b622000 	/System/Library/Frameworks/CoreServices.framework/Versions/A/Frameworks/SharedFileList.framework/Versions/A/SharedFileList
0x000000000b622000 	/System/Library/Frameworks/NetFS.framework/Versions/A/NetFS
0x000000000b622000 	/System/Library/PrivateFrameworks/NetAuth.framework/Versions/A/NetAuth
0x000000000b622000 	/System/Library/PrivateFrameworks/login.framework/Versions/A/Frameworks/loginsupport.framework/Versions/A/loginsupport
0x000000000b622000 	/System/Library/PrivateFrameworks/TCC.framework/Versions/A/TCC
0x000000000b622000 	/usr/lib/libmecabra.dylib
0x000000000b622000 	/System/Library/Frameworks/ApplicationServices.framework/Versions/A/Frameworks/ATS.framework/Versions/A/ATS
0x000000000b622000 	/System/Library/Frameworks/ApplicationServices.framework/Versions/A/Frameworks/ColorSync.framework/Versions/A/ColorSync
0x000000000b622000 	/System/Library/Frameworks/ApplicationServices.framework/Versions/A/Frameworks/HIServices.framework/Versions/A/HIServices
0x000000000b622000 	/System/Library/Frameworks/ApplicationServices.framework/Versions/A/Frameworks/LangAnalysis.framework/Versions/A/LangAnalysis
0x000000000b622000 	/System/Library/Frameworks/ApplicationServices.framework/Versions/A/Frameworks/PrintCore.framework/Versions/A/PrintCore
0x000000000b622000 	/System/Library/Frameworks/ApplicationServices.framework/Versions/A/Frameworks/QD.framework/Versions/A/QD
0x000000000b622000 	/System/Library/Frameworks/ApplicationServices.framework/Versions/A/Frameworks/SpeechSynthesis.framework/Versions/A/SpeechSynthesis
0x000000000b622000 	/System/Library/Frameworks/Metal.framework/Versions/A/Metal
0x000000000b622000 	/System/Library/Frameworks/Accelerate.framework/Versions/A/Frameworks/vImage.framework/Versions/A/vImage
0x000000000b622000 	/System/Library/Frameworks/Accelerate.framework/Versions/A/Frameworks/vecLib.framework/Versions/A/vecLib
0x000000000b622000 	/System/Library/Frameworks/Accelerate.framework/Versions/A/Frameworks/vecLib.framework/Versions/A/libvDSP.dylib
0x000000000b622000 	/System/Library/Frameworks/Accelerate.framework/Versions/A/Frameworks/vecLib.framework/Versions/A/libvMisc.dylib
0x000000000b622000 	/System/Library/Frameworks/Accelerate.framework/Versions/A/Frameworks/vecLib.framework/Versions/A/libLAPACK.dylib
0x000000000b622000 	/System/Library/Frameworks/Accelerate.framework/Versions/A/Frameworks/vecLib.framework/Versions/A/libBLAS.dylib
0x000000000b622000 	/System/Library/Frameworks/Accelerate.framework/Versions/A/Frameworks/vecLib.framework/Versions/A/libLinearAlgebra.dylib
0x000000000b622000 	/System/Library/Frameworks/Accelerate.framework/Versions/A/Frameworks/vecLib.framework/Versions/A/libSparseBLAS.dylib
0x000000000b622000 	/System/Library/PrivateFrameworks/GPUCompiler.framework/libmetal_timestamp.dylib
0x000000000b622000 	/System/Library/Frameworks/OpenGL.framework/Versions/A/Libraries/libCoreFSCache.dylib
0x000000000b622000 	/System/Library/PrivateFrameworks/IOAccelerator.framework/Versions/A/IOAccelerator
0x000000000b622000 	/System/Library/Frameworks/ApplicationServices.framework/Versions/A/Frameworks/ATS.framework/Versions/A/Resources/libFontParser.dylib
0x000000000b622000 	/System/Library/Frameworks/ApplicationServices.framework/Versions/A/Frameworks/ATS.framework/Versions/A/Resources/libFontRegistry.dylib
0x000000000b622000 	/System/Library/PrivateFrameworks/AppleVPA.framework/Versions/A/AppleVPA
0x000000000b622000 	/System/Library/PrivateFrameworks/AppleJPEG.framework/Versions/A/AppleJPEG
0x000000000b622000 	/System/Library/Frameworks/ImageIO.framework/Versions/A/Resources/libJPEG.dylib
0x000000000b622000 	/System/Library/Frameworks/ImageIO.framework/Versions/A/Resources/libTIFF.dylib
0x000000000b622000 	/System/Library/Frameworks/ImageIO.framework/Versions/A/Resources/libPng.dylib
0x000000000b622000 	/System/Library/Frameworks/ImageIO.framework/Versions/A/Resources/libGIF.dylib
0x000000000b622000 	/System/Library/Frameworks/ImageIO.framework/Versions/A/Resources/libJP2.dylib
0x000000000b622000 	/System/Library/Frameworks/ImageIO.framework/Versions/A/Resources/libRadiance.dylib
0x000000000b622000 	/System/Library/Frameworks/CoreVideo.framework/Versions/A/CoreVideo
0x000000000b622000 	/System/Library/Frameworks/OpenGL.framework/Versions/A/Libraries/libGLU.dylib
0x000000000b622000 	/System/Library/Frameworks/OpenGL.framework/Versions/A/Libraries/libGFXShared.dylib
0x000000000b622000 	/System/Library/Frameworks/OpenGL.framework/Versions/A/Libraries/libGL.dylib
0x000000000b622000 	/System/Library/Frameworks/OpenGL.framework/Versions/A/Libraries/libGLImage.dylib
0x000000000b622000 	/System/Library/Frameworks/OpenGL.framework/Versions/A/Libraries/libCVMSPluginSupport.dylib
0x000000000b622000 	/System/Library/Frameworks/OpenGL.framework/Versions/A/Libraries/libCoreVMClient.dylib
0x000000000b622000 	/usr/lib/libcompression.dylib
0x000000000b622000 	/usr/lib/libcups.2.dylib
0x000000000b622000 	/System/Library/Frameworks/Kerberos.framework/Versions/A/Kerberos
0x000000000b622000 	/System/Library/Frameworks/GSS.framework/Versions/A/GSS
0x000000000b622000 	/usr/lib/libresolv.9.dylib
0x000000000b622000 	/usr/lib/libiconv.2.dylib
0x000000000b622000 	/System/Library/PrivateFrameworks/Heimdal.framework/Versions/A/Heimdal
0x000000000b622000 	/usr/lib/libheimdal-asn1.dylib
0x000000000b622000 	/System/Library/Frameworks/OpenDirectory.framework/Versions/A/OpenDirectory
0x000000000b622000 	/System/Library/PrivateFrameworks/CommonAuth.framework/Versions/A/CommonAuth
0x000000000b622000 	/System/Library/Frameworks/OpenDirectory.framework/Versions/A/Frameworks/CFOpenDirectory.framework/Versions/A/CFOpenDirectory
0x000000000b622000 	/System/Library/Frameworks/SecurityFoundation.framework/Versions/A/SecurityFoundation
0x000000000b622000 	/System/Library/PrivateFrameworks/LanguageModeling.framework/Versions/A/LanguageModeling
0x000000000b622000 	/usr/lib/libmarisa.dylib
0x000000000b622000 	/usr/lib/libChineseTokenizer.dylib
0x000000000b622000 	/usr/lib/libcmph.dylib
0x000000000b622000 	/System/Library/Frameworks/ServiceManagement.framework/Versions/A/ServiceManagement
0x000000000b622000 	/usr/lib/libxslt.1.dylib
0x000000000b622000 	/System/Library/Frameworks/Carbon.framework/Versions/A/Frameworks/Ink.framework/Versions/A/Ink
0x000000000b622000 	/usr/lib/libFosl_dynamic.dylib
0x000000000b622000 	/System/Library/PrivateFrameworks/FaceCore.framework/Versions/A/FaceCore
0x000000000b622000 	/System/Library/Frameworks/OpenCL.framework/Versions/A/OpenCL
0x000000000b622000 	/System/Library/PrivateFrameworks/CrashReporterSupport.framework/Versions/A/CrashReporterSupport
0x000000000b622000 	/System/Library/PrivateFrameworks/IconServices.framework/Versions/A/IconServices
0x000000000b622000 	/System/Library/PrivateFrameworks/Apple80211.framework/Versions/A/Apple80211
0x000000000b622000 	/System/Library/Frameworks/CoreWLAN.framework/Versions/A/CoreWLAN
0x000000000b622000 	/System/Library/Frameworks/IOBluetooth.framework/Versions/A/IOBluetooth
0x000000000b622000 	/System/Library/PrivateFrameworks/CoreWiFi.framework/Versions/A/CoreWiFi
0x000000000b622000 	/System/Library/Frameworks/CoreBluetooth.framework/Versions/A/CoreBluetooth
0x000000000b622000 	/System/Library/PrivateFrameworks/ChunkingLibrary.framework/Versions/A/ChunkingLibrary
0x000000000b622000 	/System/Library/PrivateFrameworks/DebugSymbols.framework/Versions/A/DebugSymbols
0x000000000b622000 	/System/Library/PrivateFrameworks/CoreSymbolication.framework/Versions/A/CoreSymbolication
0x000000000b622000 	/System/Library/PrivateFrameworks/Symbolication.framework/Versions/A/Symbolication
0x000000000b622000 	/System/Library/PrivateFrameworks/SpeechRecognitionCore.framework/Versions/A/SpeechRecognitionCore
0x0000000101e70000 	/Library/Java/JavaVirtualMachines/jdk1.8.0_121.jdk/Contents/Home/jre/lib/server/libjvm.dylib
0x000000000b622000 	/usr/lib/libstdc++.6.dylib
0x0000000102e16000 	/Library/Java/JavaVirtualMachines/jdk1.8.0_121.jdk/Contents/Home/jre/lib/libverify.dylib
0x0000000102e24000 	/Library/Java/JavaVirtualMachines/jdk1.8.0_121.jdk/Contents/Home/jre/lib/libjava.dylib
0x0000000102e63000 	/Library/Java/JavaVirtualMachines/jdk1.8.0_121.jdk/Contents/Home/jre/lib/libzip.dylib
0x0000000118fd1000 	/System/Library/Frameworks/JavaVM.framework/Frameworks/JavaRuntimeSupport.framework/JavaRuntimeSupport
0x0000000118fec000 	/System/Library/Frameworks/JavaVM.framework/Versions/A/Frameworks/JavaNativeFoundation.framework/Versions/A/JavaNativeFoundation
0x0000000119001000 	/System/Library/Frameworks/JavaVM.framework/Versions/A/JavaVM
0x000000000b622000 	/System/Library/Frameworks/Carbon.framework/Versions/A/Carbon
0x000000011900e000 	/System/Library/PrivateFrameworks/JavaLaunching.framework/Versions/A/JavaLaunching
0x000000000b622000 	/System/Library/Frameworks/Carbon.framework/Versions/A/Frameworks/CommonPanels.framework/Versions/A/CommonPanels
0x000000000b622000 	/System/Library/Frameworks/Carbon.framework/Versions/A/Frameworks/Help.framework/Versions/A/Help
0x000000000b622000 	/System/Library/Frameworks/Carbon.framework/Versions/A/Frameworks/ImageCapture.framework/Versions/A/ImageCapture
0x000000000b622000 	/System/Library/Frameworks/Carbon.framework/Versions/A/Frameworks/OpenScripting.framework/Versions/A/OpenScripting
0x000000000b622000 	/System/Library/Frameworks/Carbon.framework/Versions/A/Frameworks/Print.framework/Versions/A/Print
0x000000000b622000 	/System/Library/Frameworks/Carbon.framework/Versions/A/Frameworks/SecurityHI.framework/Versions/A/SecurityHI
0x000000011aa26000 	/Library/Java/JavaVirtualMachines/jdk1.8.0_121.jdk/Contents/Home/jre/lib/libprism_es2.dylib
0x000000000b622000 	/System/Library/Frameworks/OpenGL.framework/Versions/A/Resources/GLEngine.bundle/GLEngine
0x000000000b622000 	/System/Library/Frameworks/OpenGL.framework/Versions/A/Libraries/libGLProgrammability.dylib
0x000000011aaa8000 	/System/Library/Extensions/AppleIntelHDGraphicsGLDriver.bundle/Contents/MacOS/AppleIntelHDGraphicsGLDriver
0x000000000b622000 	/System/Library/PrivateFrameworks/GPUSupport.framework/Versions/A/Libraries/libGPUSupport.dylib
0x000000011af36000 	/System/Library/Extensions/GeForceTeslaGLDriver.bundle/Contents/MacOS/GeForceTeslaGLDriver
0x000000011caf4000 	/System/Library/Extensions/GeForceTeslaGLDriver.bundle/Contents/MacOS/libclh.dylib
0x000000000b622000 	/System/Library/Frameworks/OpenGL.framework/Versions/A/Resources/GLRendererFloat.bundle/GLRendererFloat
0x000000000b622000 	/System/Library/Frameworks/OpenCL.framework/Versions/A/Libraries/libcldcpuengine.dylib
0x000000000b622000 	/System/Library/PrivateFrameworks/DiskImages.framework/Versions/A/DiskImages
0x000000000b622000 	/System/Library/Frameworks/DiscRecording.framework/Versions/A/DiscRecording
0x000000000b622000 	/usr/lib/libcsfde.dylib
0x000000000b622000 	/usr/lib/libcurl.4.dylib
0x000000000b622000 	/System/Library/PrivateFrameworks/MediaKit.framework/Versions/A/MediaKit
0x000000000b622000 	/System/Library/PrivateFrameworks/ProtectedCloudStorage.framework/Versions/A/ProtectedCloudStorage
0x000000000b622000 	/usr/lib/libCoreStorage.dylib
0x000000000b622000 	/System/Library/PrivateFrameworks/EFILogin.framework/Versions/A/EFILogin
0x000000000b622000 	/usr/lib/libutil.dylib
0x000000000b622000 	/System/Library/PrivateFrameworks/FindMyDevice.framework/Versions/A/FindMyDevice
0x000000000b622000 	/System/Library/Frameworks/LDAP.framework/Versions/A/LDAP
0x000000000b622000 	/usr/lib/libsasl2.2.dylib
0x000000000b622000 	/System/Library/PrivateFrameworks/CoreDaemon.framework/Versions/B/CoreDaemon
0x000000000b622000 	/usr/lib/libcrypto.0.9.8.dylib
0x000000000b622000 	/System/Library/PrivateFrameworks/AppleSRP.framework/Versions/A/AppleSRP
0x000000000b622000 	/System/Library/PrivateFrameworks/TrustEvaluationAgent.framework/Versions/A/TrustEvaluationAgent
0x000000011d3ed000 	/Library/Java/JavaVirtualMachines/jdk1.8.0_121.jdk/Contents/Home/jre/lib/libglass.dylib
0x000000000b622000 	/System/Library/PrivateFrameworks/CoreServicesInternal.framework/Versions/A/CoreServicesInternal
0x000000000b622000 	/System/Library/CoreServices/RawCamera.bundle/Contents/MacOS/RawCamera
0x000000000b622000 	/System/Library/Frameworks/CoreGraphics.framework/Versions/A/Resources/libRIP.A.dylib
0x000000000b622000 	/System/Library/Frameworks/Accelerate.framework/Versions/A/Frameworks/vImage.framework/Versions/A/Libraries/libCGInterfaces.dylib
0x000000000b622000 	/System/Library/PrivateFrameworks/FamilyControls.framework/Versions/A/FamilyControls
0x000000000b622000 	/System/Library/PrivateFrameworks/CommerceKit.framework/Versions/A/Frameworks/CommerceCore.framework/Versions/A/CommerceCore
0x000000000b622000 	/System/Library/PrivateFrameworks/SystemAdministration.framework/Versions/A/SystemAdministration
0x000000000b622000 	/System/Library/PrivateFrameworks/AppContainer.framework/Versions/A/AppContainer
0x000000000b622000 	/System/Library/PrivateFrameworks/SecCodeWrapper.framework/Versions/A/SecCodeWrapper
0x000000000b622000 	/System/Library/Frameworks/DirectoryService.framework/Versions/A/DirectoryService
0x000000000b622000 	/System/Library/PrivateFrameworks/LoginUIKit.framework/Versions/A/Frameworks/LoginUICore.framework/Versions/A/LoginUICore
0x000000000b622000 	/usr/lib/libodfde.dylib
0x0000000120557000 	/Users/lilschwoegl/git/TrafficControlSystem/TrafficControlSystem/lib/libopencv_java340.dylib
0x00000001206c0000 	/usr/local/Cellar/opencv/3.4.0_1/lib/libopencv_xphoto.3.4.dylib
0x0000000120755000 	/usr/local/Cellar/opencv/3.4.0_1/lib/libopencv_img_hash.3.4.dylib
0x000000012076b000 	/usr/local/Cellar/opencv/3.4.0_1/lib/libopencv_bioinspired.3.4.dylib
0x00000001207b5000 	/usr/local/Cellar/opencv/3.4.0_1/lib/libopencv_structured_light.3.4.dylib
0x00000001207ce000 	/usr/local/Cellar/opencv/3.4.0_1/lib/libopencv_xfeatures2d.3.4.dylib
0x0000000120ac0000 	/usr/local/Cellar/opencv/3.4.0_1/lib/libopencv_ximgproc.3.4.dylib
0x0000000120cfb000 	/usr/local/Cellar/opencv/3.4.0_1/lib/libopencv_aruco.3.4.dylib
0x0000000120d59000 	/usr/local/Cellar/opencv/3.4.0_1/lib/libopencv_face.3.4.dylib
0x0000000120e05000 	/usr/local/opt/tbb/lib/libtbb.dylib
0x0000000120e3f000 	/usr/local/Cellar/opencv/3.4.0_1/lib/libopencv_phase_unwrapping.3.4.dylib
0x0000000120e49000 	/usr/local/Cellar/opencv/3.4.0_1/lib/libopencv_shape.3.4.dylib
0x0000000120e7b000 	/usr/local/Cellar/opencv/3.4.0_1/lib/libopencv_calib3d.3.4.dylib
0x0000000121038000 	/usr/local/Cellar/opencv/3.4.0_1/lib/libopencv_objdetect.3.4.dylib
0x00000001210a8000 	/usr/local/Cellar/opencv/3.4.0_1/lib/libopencv_photo.3.4.dylib
0x0000000121177000 	/usr/local/Cellar/opencv/3.4.0_1/lib/libopencv_tracking.3.4.dylib
0x0000000121372000 	/usr/local/Cellar/opencv/3.4.0_1/lib/libopencv_plot.3.4.dylib
0x000000012137d000 	/usr/local/Cellar/opencv/3.4.0_1/lib/libopencv_video.3.4.dylib
0x00000001213dc000 	/usr/local/Cellar/opencv/3.4.0_1/lib/libopencv_datasets.3.4.dylib
0x0000000121435000 	/usr/local/Cellar/opencv/3.4.0_1/lib/libopencv_text.3.4.dylib
0x0000000121576000 	/usr/local/Cellar/opencv/3.4.0_1/lib/libopencv_ml.3.4.dylib
0x000000012162c000 	/usr/local/Cellar/opencv/3.4.0_1/lib/libopencv_dnn.3.4.dylib
0x00000001219cb000 	/usr/local/Cellar/opencv/3.4.0_1/lib/libopencv_features2d.3.4.dylib
0x0000000121a8e000 	/usr/local/Cellar/opencv/3.4.0_1/lib/libopencv_flann.3.4.dylib
0x0000000121aec000 	/usr/local/Cellar/opencv/3.4.0_1/lib/libopencv_highgui.3.4.dylib
0x0000000121b01000 	/usr/local/Cellar/opencv/3.4.0_1/lib/libopencv_videoio.3.4.dylib
0x0000000121b2f000 	/usr/local/Cellar/opencv/3.4.0_1/lib/libopencv_imgcodecs.3.4.dylib
0x0000000121bf7000 	/usr/local/Cellar/opencv/3.4.0_1/lib/libopencv_imgproc.3.4.dylib
0x00000001241df000 	/usr/local/Cellar/opencv/3.4.0_1/lib/libopencv_core.3.4.dylib
0x0000000124e52000 	/usr/local/opt/ffmpeg/lib/libavcodec.57.dylib
0x0000000126136000 	/usr/local/opt/ffmpeg/lib/libavformat.57.dylib
0x00000001262ef000 	/usr/local/opt/ffmpeg/lib/libavutil.55.dylib
0x0000000126359000 	/usr/local/opt/ffmpeg/lib/libswscale.4.dylib
0x00000001263da000 	/usr/local/opt/ffmpeg/lib/libavresample.3.dylib
0x00000001263fb000 	/System/Library/Frameworks/VideoDecodeAcceleration.framework/Versions/A/VideoDecodeAcceleration
0x000000000b622000 	/System/Library/Frameworks/AVFoundation.framework/Versions/A/AVFoundation
0x000000000b622000 	/System/Library/Frameworks/CoreMedia.framework/Versions/A/CoreMedia
0x0000000126402000 	/usr/local/opt/libpng/lib/libpng16.16.dylib
0x000000012642e000 	/usr/local/opt/libtiff/lib/libtiff.5.dylib
0x0000000126496000 	/usr/local/opt/ilmbase/lib/libImath-2_2.12.dylib
0x00000001264a5000 	/usr/local/opt/openexr/lib/libIlmImf-2_2.22.dylib
0x000000012679d000 	/usr/local/opt/ilmbase/lib/libIex-2_2.12.dylib
0x00000001267af000 	/usr/local/opt/ilmbase/lib/libHalf.12.dylib
0x00000001267f3000 	/usr/local/opt/ilmbase/lib/libIlmThread-2_2.12.dylib
0x00000001267fb000 	/usr/local/opt/jpeg/lib/libjpeg.9.dylib
0x000000012682e000 	/usr/local/opt/ilmbase/lib/libIexMath-2_2.12.dylib
0x0000000126833000 	/usr/local/Cellar/ffmpeg/3.4.1/lib/libswresample.2.dylib
0x000000000b622000 	/System/Library/Frameworks/VideoToolbox.framework/Versions/A/VideoToolbox
0x0000000126853000 	/usr/local/opt/x264/lib/libx264.148.dylib
0x00000001269c6000 	/usr/local/opt/lame/lib/libmp3lame.0.dylib
0x000000000b622000 	/usr/lib/libspindump.dylib
0x000000000b622000 	/System/Library/PrivateFrameworks/AppleVA.framework/Versions/A/AppleVA
0x000000000b622000 	/System/Library/Frameworks/AVFoundation.framework/Versions/A/Resources/libAVFAudio.dylib
0x000000000b622000 	/System/Library/Frameworks/MediaToolbox.framework/Versions/A/MediaToolbox
0x000000000b622000 	/System/Library/Frameworks/CoreMediaIO.framework/Versions/A/CoreMediaIO
0x000000000b622000 	/System/Library/PrivateFrameworks/CoreAVCHD.framework/Versions/A/CoreAVCHD
0x000000000b622000 	/System/Library/Frameworks/MediaAccessibility.framework/Versions/A/MediaAccessibility
0x000000000b622000 	/System/Library/PrivateFrameworks/Mangrove.framework/Versions/A/Mangrove
0x000000000b622000 	/System/Library/PrivateFrameworks/CoreAUC.framework/Versions/A/CoreAUC
0x000000000b622000 	/System/Library/PrivateFrameworks/XPCService.framework/Versions/A/XPCService
0x000000000b622000 	/System/Library/PrivateFrameworks/AppSandbox.framework/Versions/A/AppSandbox
0x000000000b622000 	/usr/lib/libsandbox.1.dylib
0x000000000b622000 	/usr/lib/libMatch.1.dylib
0x000000000b622000 	/System/Library/Frameworks/CoreGraphics.framework/Versions/A/Resources/libCGXType.A.dylib
0x000000011df75000 	cl_kernels
0x000000000b622000 	/System/Library/Frameworks/OpenCL.framework/Versions/A/Libraries/ImageFormats/unorm8_bgra.dylib
0x000000000b622000 	/System/Library/Frameworks/OpenCL.framework/Versions/A/Libraries/ImageFormats/unorm8_rgba.dylib
0x0000000127b3b000 	/Library/Java/JavaVirtualMachines/jdk1.8.0_121.jdk/Contents/Home/jre/lib/libjavafx_font.dylib
0x000000012a24d000 	/Library/Java/JavaVirtualMachines/jdk1.8.0_121.jdk/Contents/Home/jre/lib/libprism_common.dylib
0x0000000127df2000 	/usr/local/opt/tbb/lib/libtbbmalloc.dylib
0x000000012ba25000 	/Library/Java/JavaVirtualMachines/jdk1.8.0_121.jdk/Contents/Home/jre/lib/libawt.dylib
0x000000012d000000 	/Library/Java/JavaVirtualMachines/jdk1.8.0_121.jdk/Contents/Home/jre/lib/./libmlib_image.dylib
0x000000012d350000 	/Library/Java/JavaVirtualMachines/jdk1.8.0_121.jdk/Contents/Home/jre/lib/libawt_lwawt.dylib
0x0000000126a61000 	/Library/Java/JavaVirtualMachines/jdk1.8.0_121.jdk/Contents/Home/jre/lib/./libosxapp.dylib
0x000000000b622000 	/System/Library/Frameworks/ExceptionHandling.framework/Versions/A/ExceptionHandling

VM Arguments:
jvm_args: -Djava.library.path=/Users/lilschwoegl/git/TrafficControlSystem/TrafficControlSystem/lib -Dfile.encoding=UTF-8 
java_command: application.Main
java_class_path (initial): /Library/Java/JavaVirtualMachines/jdk1.8.0_121.jdk/Contents/Home/jre/lib/resources.jar:/Library/Java/JavaVirtualMachines/jdk1.8.0_121.jdk/Contents/Home/jre/lib/rt.jar:/Library/Java/JavaVirtualMachines/jdk1.8.0_121.jdk/Contents/Home/jre/lib/jsse.jar:/Library/Java/JavaVirtualMachines/jdk1.8.0_121.jdk/Contents/Home/jre/lib/jce.jar:/Library/Java/JavaVirtualMachines/jdk1.8.0_121.jdk/Contents/Home/jre/lib/charsets.jar:/Library/Java/JavaVirtualMachines/jdk1.8.0_121.jdk/Contents/Home/jre/lib/jfr.jar:/Library/Java/JavaVirtualMachines/jdk1.8.0_121.jdk/Contents/Home/jre/lib/ext/cldrdata.jar:/Library/Java/JavaVirtualMachines/jdk1.8.0_121.jdk/Contents/Home/jre/lib/ext/dnsns.jar:/Library/Java/JavaVirtualMachines/jdk1.8.0_121.jdk/Contents/Home/jre/lib/ext/jaccess.jar:/Library/Java/JavaVirtualMachines/jdk1.8.0_121.jdk/Contents/Home/jre/lib/ext/jfxrt.jar:/Library/Java/JavaVirtualMachines/jdk1.8.0_121.jdk/Contents/Home/jre/lib/ext/localedata.jar:/Library/Java/JavaVirtualMachines/jdk1.8.0_121.jdk/Contents/Home/jre/lib/ext/nashorn.jar:/Library/Java/JavaVirtualMachines/jdk1.8.0_121.jdk/Contents/Home/jre/lib/ext/sunec.jar:/Library/Java/JavaVirtualMachines/jdk1.8.0_121.jdk/Contents/Home/jre/lib/ext/sunjce_provider.jar:/Library/Java/JavaVirtualMachines/jdk1.8.0_121.jdk/Contents/Home/jre/lib/ext/sunpkcs11.jar:/Library/Java/JavaVirtualMachines/jdk1.8.0_121.jdk/Contents/Home/jre/lib/ext/zipfs.jar:/System/Library/Java/Extensions/AppleScriptEngine.jar:/System/Library/Java/Extensions/dns_sd.jar:/System/Library/Java/Extensions/j3daudio.jar:/System/Library/Java/Extensions/j3dcore.jar:/System/Library/Java/Extensions/j3dutils.jar:/System/Library/Java/Extensions/jai_codec.jar:/System/Library/Java/Extensions/jai_core.jar:/System/Library/Java/Extensions/mlibwrapper_jai.jar:/System/Library/Java/Extensions/MRJToolkit.jar:/System/Library/Java/Extensions/vecmath.jar:/Users/lilschwoegl/git/TrafficControlSystem/TrafficControlSystem/bin:/Users/lilschwoegl/.p2/pool/plugins/org.ecli
Launcher Type: SUN_STANDARD

Environment Variables:
PATH=/usr/bin:/bin:/usr/sbin:/sbin
SHELL=/bin/bash

Signal Handlers:
SIGSEGV: [libjvm.dylib+0x5b1141], sa_mask[0]=11111111011111110111111111111111, sa_flags=SA_ONSTACK|SA_RESTART|SA_SIGINFO
SIGBUS: [libjvm.dylib+0x5b1141], sa_mask[0]=11111111011111110111111111111111, sa_flags=SA_RESTART|SA_SIGINFO
SIGFPE: [libjvm.dylib+0x487bc4], sa_mask[0]=11111111011111110111111111111111, sa_flags=SA_RESTART|SA_SIGINFO
SIGPIPE: [libjvm.dylib+0x487bc4], sa_mask[0]=11111111011111110111111111111111, sa_flags=SA_RESTART|SA_SIGINFO
SIGXFSZ: [libjvm.dylib+0x487bc4], sa_mask[0]=11111111011111110111111111111111, sa_flags=SA_RESTART|SA_SIGINFO
SIGILL: [libjvm.dylib+0x487bc4], sa_mask[0]=11111111011111110111111111111111, sa_flags=SA_RESTART|SA_SIGINFO
SIGUSR1: SIG_DFL, sa_mask[0]=00000000000000000000000000000000, sa_flags=none
SIGUSR2: [libjvm.dylib+0x4876e2], sa_mask[0]=00100000000000000000000000000000, sa_flags=SA_RESTART|SA_SIGINFO
SIGHUP: [libjvm.dylib+0x485cb9], sa_mask[0]=11111111011111110111111111111111, sa_flags=SA_RESTART|SA_SIGINFO
SIGINT: [libjvm.dylib+0x485cb9], sa_mask[0]=11111111011111110111111111111111, sa_flags=SA_RESTART|SA_SIGINFO
SIGTERM: [libjvm.dylib+0x485cb9], sa_mask[0]=11111111011111110111111111111111, sa_flags=SA_RESTART|SA_SIGINFO
SIGQUIT: [libjvm.dylib+0x485cb9], sa_mask[0]=11111111011111110111111111111111, sa_flags=SA_RESTART|SA_SIGINFO


---------------  S Y S T E M  ---------------

OS:Bsduname:Darwin 15.6.0 Darwin Kernel Version 15.6.0: Sun Jun  4 21:43:07 PDT 2017; root:xnu-3248.70.3~1/RELEASE_X86_64 x86_64
rlimit: STACK 8192k, CORE 0k, NPROC 709, NOFILE 10240, AS infinity
load average:1.83 1.80 1.93

CPU:total 4 (2 cores per cpu, 2 threads per core) family 6 model 37 stepping 2, cmov, cx8, fxsr, mmx, sse, sse2, sse3, ssse3, sse4.1, sse4.2, popcnt, aes, clmul, ht, tsc, tscinvbit

Memory: 4k page, physical 8388608k(77696k free)

/proc/meminfo:


vm_info: Java HotSpot(TM) 64-Bit Server VM (25.121-b13) for bsd-amd64 JRE (1.8.0_121-b13), built on Dec 12 2016 20:39:32 by "java_re" with gcc 4.2.1 (Based on Apple Inc. build 5658) (LLVM build 2336.11.00)

time: Sun Feb  4 14:49:42 2018
elapsed time: 28 seconds (0d 0h 0m 28s)

