#
# A fatal error has been detected by the Java Runtime Environment:
#
#  SIGSEGV (0xb) at pc=0x000000010a421e32, pid=97848, tid=0x0000000000000a0b
#
# JRE version: Java(TM) SE Runtime Environment (8.0_121-b13) (build 1.8.0_121-b13)
# Java VM: Java HotSpot(TM) 64-Bit Server VM (25.121-b13 mixed mode bsd-amd64 compressed oops)
# Problematic frame:
# V  [libjvm.dylib+0x169e32]
#
# Failed to write core dump. Core dumps have been disabled. To enable core dumping, try "ulimit -c unlimited" before starting Java again
#
# If you would like to submit a bug report, please visit:
#   http://bugreport.java.com/bugreport/crash.jsp
#

---------------  T H R E A D  ---------------

Current thread is native thread

siginfo: si_signo: 11 (SIGSEGV), si_code: 1 (SEGV_MAPERR), si_addr: 0x0000000000000270

Registers:
RAX=0x0000000000000000, RBX=0x0000000000000000, RCX=0x00007fa29cd7bf70, RDX=0x0000000000000000
RSP=0x00007fff55bbf630, RBP=0x00007fff55bbf640, RSI=0x0000000000000006, RDI=0x00007fff55bbf650
R8 =0x0000000000000000, R9 =0x0000000000000000, R10=0x00007fa29cd9cbe0, R11=0x0000000121449ba8
R12=0x00007fa29b83c9f8, R13=0x000000012642eac0, R14=0x00007fa29cd04d10, R15=0x00007fa29b83c9f8
RIP=0x000000010a421e32, EFLAGS=0x0000000000010246, ERR=0x0000000000000006
  TRAPNO=0x000000000000000e

Top of Stack: (sp=0x00007fff55bbf630)
0x00007fff55bbf630:   0000000000000000 00007fa29cd04d10
0x00007fff55bbf640:   00007fff55bbf670 000000010a5cc16a
0x00007fff55bbf650:   0000000000000000 00007fa29a4e0510
0x00007fff55bbf660:   00007fa29c4ee200 00007fa29a4dce70
0x00007fff55bbf670:   00007fff55bbf690 00000001214431f5
0x00007fff55bbf680:   00007fa29e07c800 00007fa29b83c9f8
0x00007fff55bbf690:   00007fff55bbf6b0 000000012144348f
0x00007fff55bbf6a0:   00007fa29e07c800 00007fa29cd7bf70
0x00007fff55bbf6b0:   00007fff55bbf710 0000000134769e6b
0x00007fff55bbf6c0:   35006c87fed9dce2 0000000000000000
0x00007fff55bbf6d0:   410b8a76b0627233 00007fa29a4dc480
0x00007fff55bbf6e0:   00007fff55bbf710 00007fff90ce94c0
0x00007fff55bbf6f0:   0000000000000000 000000012642eac0
0x00007fff55bbf700:   00007fa29a4dce70 00007fa29a4dc480
0x00007fff55bbf710:   00007fff55bbf770 00007fff8e27678f
0x00007fff55bbf720:   0000025800000004 0000000000000000
0x00007fff55bbf730:   00007fa29a4dce70 0000000000000000
0x00007fff55bbf740:   410b8a76b0627233 00007fff90ce94c0
0x00007fff55bbf750:   00007fa29a4d21b0 00007fa29a4dce70
0x00007fff55bbf760:   0000000000000004 0000000000000000
0x00007fff55bbf770:   00007fff55bbf7e0 00007fff8e276339
0x00007fff55bbf780:   3ff0000000000000 4082c00000000000
0x00007fff55bbf790:   4082c00000000000 0000000000000000
0x00007fff55bbf7a0:   0000000000000000 4082c00000000000
0x00007fff55bbf7b0:   4082c00000000000 00007fff55bbf8c0
0x00007fff55bbf7c0:   000000012642ff28 00007fff958396b2
0x00007fff55bbf7d0:   0000000000000001 000000012642fe80
0x00007fff55bbf7e0:   00007fff55bc08c0 00007fff8e21a49d
0x00007fff55bbf7f0:   00007fff55bc08c0 00007fff8e21a35f
0x00007fff55bbf800:   0000000000000000 0000000000000000
0x00007fff55bbf810:   000000012642ff28 000000012642ff28
0x00007fff55bbf820:   000000012642fe80 0000000000000000 

Instructions: (pc=0x000000010a421e32)
0x000000010a421e12:   0e 48 8b 0b 49 8b 56 18 48 63 c0 48 89 0c c2 5b
0x000000010a421e22:   41 5e 5d c3 90 90 55 48 89 e5 41 56 53 48 8b 1f
0x000000010a421e32:   c7 83 70 02 00 00 05 00 00 00 48 8d 05 85 64 78
0x000000010a421e42:   00 8b 00 83 f8 01 41 89 f6 75 0c 48 8d 0d d2 cf 

Register to memory mapping:

RAX=0x0000000000000000 is an unknown value
RBX=0x0000000000000000 is an unknown value
RCX=0x00007fa29cd7bf70 is an unknown value
RDX=0x0000000000000000 is an unknown value
RSP=0x00007fff55bbf630 is an unknown value
RBP=0x00007fff55bbf640 is an unknown value
RSI=0x0000000000000006 is an unknown value
RDI=0x00007fff55bbf650 is an unknown value
R8 =0x0000000000000000 is an unknown value
R9 =0x0000000000000000 is an unknown value
R10=0x00007fa29cd9cbe0 is an unknown value
R11=0x0000000121449ba8: OBJC_CLASS_$_JNFWeakJObjectWrapper+0 in /System/Library/Frameworks/JavaVM.framework/Versions/A/Frameworks/JavaNativeFoundation.framework/Versions/A/JavaNativeFoundation at 0x000000012143d000
R12=0x00007fa29b83c9f8 is an unknown value
R13=0x000000012642eac0 is an unknown value
R14=0x00007fa29cd04d10 is a weak global jni handle
R15=0x00007fa29b83c9f8 is an unknown value


Stack: [0x00007fff553c4000,0x00007fff55bc4000],  sp=0x00007fff55bbf630,  free space=8173k
Native frames: (J=compiled Java code, j=interpreted, Vv=VM code, C=native code)
V  [libjvm.dylib+0x169e32]
V  [libjvm.dylib+0x31416a]
C  [JavaNativeFoundation+0x61f5]  -[JNFWeakJObjectWrapper _getWithEnv:]+0x25
C  [JavaNativeFoundation+0x648f]  -[JNFJObjectWrapper jObjectWithEnv:]+0x1d
C  [libawt_lwawt.dylib+0x1ae6b]  -[CGLLayer drawInCGLContext:pixelFormat:forLayerTime:displayTime:]+0xa4
C  [QuartzCore+0x6d78f]  _ZL17CAOpenGLLayerDrawP13CAOpenGLLayerdPK11CVTimeStampj+0x2ca
C  [QuartzCore+0x6d339]  -[CAOpenGLLayer _display]+0x160
C  [QuartzCore+0x1149d]  _ZN2CA5Layer17display_if_neededEPNS_11TransactionE+0x25b
C  [QuartzCore+0x10fc5]  _ZN2CA5Layer28layout_and_display_if_neededEPNS_11TransactionE+0x23
C  [QuartzCore+0x10499]  _ZN2CA7Context18commit_transactionEPNS_11TransactionE+0x115
C  [QuartzCore+0x100e4]  _ZN2CA11Transaction6commitEv+0x1fc
C  [QuartzCore+0x1b973]  _ZN2CA11Transaction17observer_callbackEP19__CFRunLoopObservermPv+0x47
C  [CoreFoundation+0xa9fc7]  __CFRUNLOOP_IS_CALLING_OUT_TO_AN_OBSERVER_CALLBACK_FUNCTION__+0x17
C  [CoreFoundation+0xa9f37]  __CFRunLoopDoObservers+0x187
C  [CoreFoundation+0x8952a]  __CFRunLoopRun+0x49a
C  [CoreFoundation+0x88e28]  CFRunLoopRunSpecific+0x128
C  [java+0x6465]  CreateExecutionEnvironment+0x367
C  [java+0x218c]  JLI_Launch+0x7a0
C  [java+0x84c2]  main+0x65
C  [java+0x19e4]  start+0x34


---------------  P R O C E S S  ---------------

VM state:not at safepoint (normal execution)

VM Mutex/Monitor currently owned by a thread: None

Heap:
 PSYoungGen      total 621056K, used 157381K [0x0000000795580000, 0x00000007bf800000, 0x00000007c0000000)
  eden space 549376K, 20% used [0x0000000795580000,0x000000079c54a108,0x00000007b6e00000)
  from space 71680K, 59% used [0x00000007b6e00000,0x00000007b97e7460,0x00000007bb400000)
  to   space 69120K, 0% used [0x00000007bb480000,0x00000007bb480000,0x00000007bf800000)
 ParOldGen       total 338432K, used 181004K [0x0000000740000000, 0x0000000754a80000, 0x0000000795580000)
  object space 338432K, 53% used [0x0000000740000000,0x000000074b0c3208,0x0000000754a80000)
 Metaspace       used 24431K, capacity 25526K, committed 25856K, reserved 1071104K
  class space    used 3225K, capacity 3464K, committed 3584K, reserved 1048576K

Card table byte_map: [0x000000011afc0000,0x000000011b3c1000] byte_map_base: 0x00000001175c0000

Marking Bits: (ParMarkBitMap*) 0x000000010aba8d30
 Begin Bits: [0x000000011b66c000, 0x000000011d66c000)
 End Bits:   [0x000000011d66c000, 0x000000011f66c000)

Polling page: 0x000000010b2a1000

CodeCache: size=245760Kb used=10492Kb max_used=10499Kb free=235268Kb
 bounds [0x000000010bc00000, 0x000000010c660000, 0x000000011ac00000]
 total_blobs=4491 nmethods=3496 adapters=909
 compilation: enabled

Compilation events (10 events):
Event: 71.272 Thread 0x00007fa29b828000 3826       3       com.sun.prism.es2.ES2TextureData::<init> (43 bytes)
Event: 71.272 Thread 0x00007fa29b828000 nmethod 3826 0x000000010c058dd0 code [0x000000010c058f40, 0x000000010c059188]
Event: 71.272 Thread 0x00007fa29b828000 3827       3       com.sun.prism.impl.BaseTexture::<init> (79 bytes)
Event: 71.273 Thread 0x00007fa29b828000 nmethod 3827 0x000000010c127750 code [0x000000010c1278c0, 0x000000010c127b10]
Event: 71.532 Thread 0x00007fa29b00e000 3828       4       java.util.HashMap::clear (50 bytes)
Event: 71.535 Thread 0x00007fa29b00e000 nmethod 3828 0x000000010bf81050 code [0x000000010bf811a0, 0x000000010bf81298]
Event: 71.551 Thread 0x00007fa29b828000 3829       3       java.util.concurrent.locks.ReentrantLock::unlock (10 bytes)
Event: 71.552 Thread 0x00007fa29b828000 nmethod 3829 0x000000010c3dfe90 code [0x000000010c3e0020, 0x000000010c3e0418]
Event: 71.553 Thread 0x00007fa29b828000 3830       3       java.util.concurrent.CountDownLatch::await (9 bytes)
Event: 71.554 Thread 0x00007fa29b828000 nmethod 3830 0x000000010c12eb10 code [0x000000010c12ecc0, 0x000000010c12f268]

GC Heap History (10 events):
Event: 58.842 GC heap before
{Heap before GC invocations=40 (full 9):
 PSYoungGen      total 619008K, used 598348K [0x0000000795580000, 0x00000007c0000000, 0x00000007c0000000)
  eden space 546304K, 99% used [0x0000000795580000,0x00000007b660bfc8,0x00000007b6b00000)
  from space 72704K, 78% used [0x00000007bb900000,0x00000007bf0c7070,0x00000007c0000000)
  to   space 76288K, 0% used [0x00000007b6b00000,0x00000007b6b00000,0x00000007bb580000)
 ParOldGen       total 338432K, used 180988K [0x0000000740000000, 0x0000000754a80000, 0x0000000795580000)
  object space 338432K, 53% used [0x0000000740000000,0x000000074b0bf208,0x0000000754a80000)
 Metaspace       used 24400K, capacity 25500K, committed 25856K, reserved 1071104K
  class space    used 3222K, capacity 3457K, committed 3584K, reserved 1048576K
Event: 58.865 GC heap after
Heap after GC invocations=40 (full 9):
 PSYoungGen      total 597504K, used 51041K [0x0000000795580000, 0x00000007c0000000, 0x00000007c0000000)
  eden space 546304K, 0% used [0x0000000795580000,0x0000000795580000,0x00000007b6b00000)
  from space 51200K, 99% used [0x00000007b6b00000,0x00000007b9cd8470,0x00000007b9d00000)
  to   space 76800K, 0% used [0x00000007bb500000,0x00000007bb500000,0x00000007c0000000)
 ParOldGen       total 338432K, used 180996K [0x0000000740000000, 0x0000000754a80000, 0x0000000795580000)
  object space 338432K, 53% used [0x0000000740000000,0x000000074b0c1208,0x0000000754a80000)
 Metaspace       used 24400K, capacity 25500K, committed 25856K, reserved 1071104K
  class space    used 3222K, capacity 3457K, committed 3584K, reserved 1048576K
}
Event: 62.376 GC heap before
{Heap before GC invocations=41 (full 9):
 PSYoungGen      total 597504K, used 596425K [0x0000000795580000, 0x00000007c0000000, 0x00000007c0000000)
  eden space 546304K, 99% used [0x0000000795580000,0x00000007b6a1a010,0x00000007b6b00000)
  from space 51200K, 99% used [0x00000007b6b00000,0x00000007b9cd8470,0x00000007b9d00000)
  to   space 76800K, 0% used [0x00000007bb500000,0x00000007bb500000,0x00000007c0000000)
 ParOldGen       total 338432K, used 180996K [0x0000000740000000, 0x0000000754a80000, 0x0000000795580000)
  object space 338432K, 53% used [0x0000000740000000,0x000000074b0c1208,0x0000000754a80000)
 Metaspace       used 24400K, capacity 25500K, committed 25856K, reserved 1071104K
  class space    used 3222K, capacity 3457K, committed 3584K, reserved 1048576K
Event: 62.395 GC heap after
Heap after GC invocations=41 (full 9):
 PSYoungGen      total 623104K, used 49016K [0x0000000795580000, 0x00000007c0000000, 0x00000007c0000000)
  eden space 546304K, 0% used [0x0000000795580000,0x0000000795580000,0x00000007b6b00000)
  from space 76800K, 63% used [0x00000007bb500000,0x00000007be4de060,0x00000007c0000000)
  to   space 75776K, 0% used [0x00000007b6b00000,0x00000007b6b00000,0x00000007bb500000)
 ParOldGen       total 338432K, used 181004K [0x0000000740000000, 0x0000000754a80000, 0x0000000795580000)
  object space 338432K, 53% used [0x0000000740000000,0x000000074b0c3208,0x0000000754a80000)
 Metaspace       used 24400K, capacity 25500K, committed 25856K, reserved 1071104K
  class space    used 3222K, capacity 3457K, committed 3584K, reserved 1048576K
}
Event: 65.322 GC heap before
{Heap before GC invocations=42 (full 9):
 PSYoungGen      total 623104K, used 590366K [0x0000000795580000, 0x00000007c0000000, 0x00000007c0000000)
  eden space 546304K, 99% used [0x0000000795580000,0x00000007b6629aa8,0x00000007b6b00000)
  from space 76800K, 63% used [0x00000007bb500000,0x00000007be4de060,0x00000007c0000000)
  to   space 75776K, 0% used [0x00000007b6b00000,0x00000007b6b00000,0x00000007bb500000)
 ParOldGen       total 338432K, used 181004K [0x0000000740000000, 0x0000000754a80000, 0x0000000795580000)
  object space 338432K, 53% used [0x0000000740000000,0x000000074b0c3208,0x0000000754a80000)
 Metaspace       used 24407K, capacity 25500K, committed 25856K, reserved 1071104K
  class space    used 3222K, capacity 3457K, committed 3584K, reserved 1048576K
Event: 65.351 GC heap after
Heap after GC invocations=42 (full 9):
 PSYoungGen      total 595456K, used 49016K [0x0000000795580000, 0x00000007bfd00000, 0x00000007c0000000)
  eden space 546304K, 0% used [0x0000000795580000,0x0000000795580000,0x00000007b6b00000)
  from space 49152K, 99% used [0x00000007b6b00000,0x00000007b9ade060,0x00000007b9b00000)
  to   space 74752K, 0% used [0x00000007bb400000,0x00000007bb400000,0x00000007bfd00000)
 ParOldGen       total 338432K, used 181004K [0x0000000740000000, 0x0000000754a80000, 0x0000000795580000)
  object space 338432K, 53% used [0x0000000740000000,0x000000074b0c3208,0x0000000754a80000)
 Metaspace       used 24407K, capacity 25500K, committed 25856K, reserved 1071104K
  class space    used 3222K, capacity 3457K, committed 3584K, reserved 1048576K
}
Event: 68.243 GC heap before
{Heap before GC invocations=43 (full 9):
 PSYoungGen      total 595456K, used 590206K [0x0000000795580000, 0x00000007bfd00000, 0x00000007c0000000)
  eden space 546304K, 99% used [0x0000000795580000,0x00000007b6601b10,0x00000007b6b00000)
  from space 49152K, 99% used [0x00000007b6b00000,0x00000007b9ade060,0x00000007b9b00000)
  to   space 74752K, 0% used [0x00000007bb400000,0x00000007bb400000,0x00000007bfd00000)
 ParOldGen       total 338432K, used 181004K [0x0000000740000000, 0x0000000754a80000, 0x0000000795580000)
  object space 338432K, 53% used [0x0000000740000000,0x000000074b0c3208,0x0000000754a80000)
 Metaspace       used 24407K, capacity 25500K, committed 25856K, reserved 1071104K
  class space    used 3222K, capacity 3457K, committed 3584K, reserved 1048576K
Event: 68.258 GC heap after
Heap after GC invocations=43 (full 9):
 PSYoungGen      total 624128K, used 42941K [0x0000000795580000, 0x00000007c0000000, 0x00000007c0000000)
  eden space 549376K, 0% used [0x0000000795580000,0x0000000795580000,0x00000007b6e00000)
  from space 74752K, 57% used [0x00000007bb400000,0x00000007bddef460,0x00000007bfd00000)
  to   space 71680K, 0% used [0x00000007b6e00000,0x00000007b6e00000,0x00000007bb400000)
 ParOldGen       total 338432K, used 181004K [0x0000000740000000, 0x0000000754a80000, 0x0000000795580000)
  object space 338432K, 53% used [0x0000000740000000,0x000000074b0c3208,0x0000000754a80000)
 Metaspace       used 24407K, capacity 25500K, committed 25856K, reserved 1071104K
  class space    used 3222K, capacity 3457K, committed 3584K, reserved 1048576K
}
Event: 71.193 GC heap before
{Heap before GC invocations=44 (full 9):
 PSYoungGen      total 624128K, used 592317K [0x0000000795580000, 0x00000007c0000000, 0x00000007c0000000)
  eden space 549376K, 100% used [0x0000000795580000,0x00000007b6e00000,0x00000007b6e00000)
  from space 74752K, 57% used [0x00000007bb400000,0x00000007bddef460,0x00000007bfd00000)
  to   space 71680K, 0% used [0x00000007b6e00000,0x00000007b6e00000,0x00000007bb400000)
 ParOldGen       total 338432K, used 181004K [0x0000000740000000, 0x0000000754a80000, 0x0000000795580000)
  object space 338432K, 53% used [0x0000000740000000,0x000000074b0c3208,0x0000000754a80000)
 Metaspace       used 24418K, capacity 25500K, committed 25856K, reserved 1071104K
  class space    used 3222K, capacity 3457K, committed 3584K, reserved 1048576K
Event: 71.208 GC heap after
Heap after GC invocations=44 (full 9):
 PSYoungGen      total 621056K, used 42909K [0x0000000795580000, 0x00000007bf800000, 0x00000007c0000000)
  eden space 549376K, 0% used [0x0000000795580000,0x0000000795580000,0x00000007b6e00000)
  from space 71680K, 59% used [0x00000007b6e00000,0x00000007b97e7460,0x00000007bb400000)
  to   space 69120K, 0% used [0x00000007bb480000,0x00000007bb480000,0x00000007bf800000)
 ParOldGen       total 338432K, used 181004K [0x0000000740000000, 0x0000000754a80000, 0x0000000795580000)
  object space 338432K, 53% used [0x0000000740000000,0x000000074b0c3208,0x0000000754a80000)
 Metaspace       used 24418K, capacity 25500K, committed 25856K, reserved 1071104K
  class space    used 3222K, capacity 3457K, committed 3584K, reserved 1048576K
}

Deoptimization events (10 events):
Event: 8.083 Thread 0x00007fa29b83c800 Uncommon trap: reason=bimorphic action=maybe_recompile pc=0x000000010c2231d8 method=javafx.scene.CssStyleHelper.resolveRef(Ljavafx/css/Styleable;Ljava/lang/String;Lcom/sun/javafx/css/StyleMap;Ljava/util/Set;)Lcom/sun/javafx/css/CascadingStyle; @ 91
Event: 8.096 Thread 0x00007fa29b83c800 Uncommon trap: reason=unstable_if action=reinterpret pc=0x000000010c230e30 method=com.sun.javafx.css.BitSet.add(Ljava/lang/Object;)Z @ 91
Event: 8.130 Thread 0x00007fa29b83c800 Uncommon trap: reason=unstable_if action=reinterpret pc=0x000000010c241d10 method=com.sun.javafx.css.BitSet.addAll(Ljava/util/Collection;)Z @ 1
Event: 10.283 Thread 0x00007fa29c36b000 Uncommon trap: reason=unstable_if action=reinterpret pc=0x000000010c363384 method=com.sun.javafx.image.impl.IntTo4ByteSameConverter.doConvert([III[BIIII)V @ 29
Event: 71.468 Thread 0x00007fa29b83c800 Uncommon trap: reason=unstable_if action=reinterpret pc=0x000000010c4ee814 method=java.util.concurrent.locks.ReentrantLock$Sync.nonfairTryAcquire(I)Z @ 34
Event: 71.468 Thread 0x00007fa29b83c800 Uncommon trap: reason=unstable_if action=reinterpret pc=0x000000010bf820b8 method=java.util.concurrent.locks.ReentrantLock$Sync.tryRelease(I)Z @ 28
Event: 71.468 Thread 0x00007fa29b83c800 Uncommon trap: reason=unstable_if action=reinterpret pc=0x000000010c4ac414 method=java.util.concurrent.locks.ReentrantLock$Sync.nonfairTryAcquire(I)Z @ 34
Event: 71.468 Thread 0x00007fa29b83c800 Uncommon trap: reason=unstable_if action=reinterpret pc=0x000000010c4c0fc4 method=java.util.concurrent.locks.ReentrantLock$Sync.tryRelease(I)Z @ 28
Event: 71.564 Thread 0x00007fa29b83c800 Uncommon trap: reason=unstable_if action=reinterpret pc=0x000000010c619c8c method=java.util.concurrent.locks.ReentrantLock$Sync.nonfairTryAcquire(I)Z @ 34
Event: 71.564 Thread 0x00007fa29b83c800 Uncommon trap: reason=unstable_if action=reinterpret pc=0x000000010c497764 method=java.util.concurrent.locks.ReentrantLock$Sync.tryRelease(I)Z @ 28

Internal exceptions (10 events):
Event: 1.606 Thread 0x00007fa29b83c800 Exception <a 'java/lang/ArrayIndexOutOfBoundsException'> (0x00000007969c3890) thrown at [/Users/java_re/workspace/8-2-build-macosx-x86_64/jdk8u121/8372/hotspot/src/share/vm/runtime/sharedRuntime.cpp, line 605]
Event: 1.606 Thread 0x00007fa29b83c800 Exception <a 'java/lang/ArrayIndexOutOfBoundsException'> (0x00000007969c4c38) thrown at [/Users/java_re/workspace/8-2-build-macosx-x86_64/jdk8u121/8372/hotspot/src/share/vm/runtime/sharedRuntime.cpp, line 605]
Event: 1.926 Thread 0x00007fa29b83c800 Implicit null exception at 0x000000010bee9bb5 to 0x000000010bee9df1
Event: 2.056 Thread 0x00007fa29b83c800 Exception <a 'java/io/FileNotFoundException'> (0x0000000796f19778) thrown at [/Users/java_re/workspace/8-2-build-macosx-x86_64/jdk8u121/8372/hotspot/src/share/vm/prims/jni.cpp, line 709]
Event: 2.732 Thread 0x00007fa29b9e9800 Exception <a 'java/io/FileNotFoundException'> (0x0000000795726088) thrown at [/Users/java_re/workspace/8-2-build-macosx-x86_64/jdk8u121/8372/hotspot/src/share/vm/prims/jni.cpp, line 709]
Event: 2.732 Thread 0x00007fa29b9e9800 Exception <a 'java/io/FileNotFoundException'> (0x0000000795726be8) thrown at [/Users/java_re/workspace/8-2-build-macosx-x86_64/jdk8u121/8372/hotspot/src/share/vm/prims/jni.cpp, line 709]
Event: 3.015 Thread 0x00007fa29b9e9800 Implicit null exception at 0x000000010becdef3 to 0x000000010bece2fd
Event: 3.016 Thread 0x00007fa29b9e9800 Implicit null exception at 0x000000010be1e636 to 0x000000010be1e9f1
Event: 3.284 Thread 0x00007fa29c000800 Exception <a 'java/lang/NullPointerException'> (0x0000000795637520) thrown at [/Users/java_re/workspace/8-2-build-macosx-x86_64/jdk8u121/8372/hotspot/src/share/vm/interpreter/linkResolver.cpp, line 1178]
Event: 8.130 Thread 0x00007fa29b83c800 Implicit null exception at 0x000000010c241751 to 0x000000010c241cf9

Events (10 events):
Event: 71.564 Thread 0x00007fa29b83c800 Uncommon trap: trap_request=0xffffff65 fr.pc=0x000000010c497764
Event: 71.564 Thread 0x00007fa29b83c800 DEOPT PACKING pc=0x000000010c497764 sp=0x00007fff55bbd120
Event: 71.564 Thread 0x00007fa29b83c800 DEOPT UNPACKING pc=0x000000010bc05229 sp=0x00007fff55bbd0c8 mode 2
Event: 71.564 loading class com/sun/javafx/tk/quantum/QuantumToolkit
Event: 71.564 loading class com/sun/javafx/tk/quantum/QuantumToolkit done
Event: 71.564 Thread 0x00007fa29a9ae800 Thread exited: 0x00007fa29a9ae800
Event: 71.565 Thread 0x00007fa29b17d800 Thread exited: 0x00007fa29b17d800
Event: 71.565 Thread 0x00007fa29b83c800 Thread exited: 0x00007fa29b83c800
Event: 71.565 Thread 0x00007fa29c002000 Thread exited: 0x00007fa29c002000
Event: 71.565 Thread 0x00007fa29c002000 Thread added: 0x00007fa29c002000


Dynamic libraries:
0x000000000b622000 	/System/Library/Frameworks/Cocoa.framework/Versions/A/Cocoa
0x000000000b622000 	/System/Library/Frameworks/Security.framework/Versions/A/Security
0x000000000b622000 	/System/Library/Frameworks/ApplicationServices.framework/Versions/A/ApplicationServices
0x000000000b622000 	/usr/lib/libz.1.dylib
0x000000000b622000 	/usr/lib/libSystem.B.dylib
0x000000000b622000 	/usr/lib/libobjc.A.dylib
0x000000000b622000 	/System/Library/Frameworks/CoreFoundation.framework/Versions/A/CoreFoundation
0x000000000b622000 	/System/Library/Frameworks/Foundation.framework/Versions/C/Foundation
0x000000000b622000 	/System/Library/Frameworks/AppKit.framework/Versions/C/AppKit
0x000000000b622000 	/System/Library/Frameworks/CoreData.framework/Versions/A/CoreData
0x000000000b622000 	/System/Library/PrivateFrameworks/RemoteViewServices.framework/Versions/A/RemoteViewServices
0x000000000b622000 	/System/Library/PrivateFrameworks/UIFoundation.framework/Versions/A/UIFoundation
0x000000000b622000 	/usr/lib/libScreenReader.dylib
0x000000000b622000 	/System/Library/Frameworks/Accelerate.framework/Versions/A/Accelerate
0x000000000b622000 	/System/Library/Frameworks/IOSurface.framework/Versions/A/IOSurface
0x000000000b622000 	/System/Library/Frameworks/AudioToolbox.framework/Versions/A/AudioToolbox
0x000000000b622000 	/System/Library/Frameworks/AudioUnit.framework/Versions/A/AudioUnit
0x000000000b622000 	/System/Library/PrivateFrameworks/DataDetectorsCore.framework/Versions/A/DataDetectorsCore
0x000000000b622000 	/System/Library/PrivateFrameworks/DesktopServicesPriv.framework/Versions/A/DesktopServicesPriv
0x000000000b622000 	/System/Library/Frameworks/Carbon.framework/Versions/A/Frameworks/HIToolbox.framework/Versions/A/HIToolbox
0x000000000b622000 	/System/Library/Frameworks/QuartzCore.framework/Versions/A/QuartzCore
0x000000000b622000 	/System/Library/Frameworks/Carbon.framework/Versions/A/Frameworks/SpeechRecognition.framework/Versions/A/SpeechRecognition
0x000000000b622000 	/usr/lib/libauto.dylib
0x000000000b622000 	/usr/lib/libicucore.A.dylib
0x000000000b622000 	/usr/lib/libxml2.2.dylib
0x000000000b622000 	/System/Library/PrivateFrameworks/CoreUI.framework/Versions/A/CoreUI
0x000000000b622000 	/System/Library/Frameworks/CoreAudio.framework/Versions/A/CoreAudio
0x000000000b622000 	/System/Library/Frameworks/DiskArbitration.framework/Versions/A/DiskArbitration
0x000000000b622000 	/usr/lib/liblangid.dylib
0x000000000b622000 	/System/Library/PrivateFrameworks/MultitouchSupport.framework/Versions/A/MultitouchSupport
0x000000000b622000 	/System/Library/Frameworks/IOKit.framework/Versions/A/IOKit
0x000000000b622000 	/usr/lib/libDiagnosticMessagesClient.dylib
0x000000000b622000 	/System/Library/Frameworks/CoreServices.framework/Versions/A/CoreServices
0x000000000b622000 	/System/Library/PrivateFrameworks/PerformanceAnalysis.framework/Versions/A/PerformanceAnalysis
0x000000000b622000 	/System/Library/PrivateFrameworks/GenerationalStorage.framework/Versions/A/GenerationalStorage
0x000000000b622000 	/System/Library/Frameworks/OpenGL.framework/Versions/A/OpenGL
0x000000000b622000 	/System/Library/PrivateFrameworks/Sharing.framework/Versions/A/Sharing
0x000000000b622000 	/System/Library/Frameworks/CoreGraphics.framework/Versions/A/CoreGraphics
0x000000000b622000 	/System/Library/Frameworks/CoreImage.framework/Versions/A/CoreImage
0x000000000b622000 	/System/Library/Frameworks/CoreText.framework/Versions/A/CoreText
0x000000000b622000 	/System/Library/Frameworks/ImageIO.framework/Versions/A/ImageIO
0x000000000b622000 	/System/Library/PrivateFrameworks/Backup.framework/Versions/A/Backup
0x000000000b622000 	/usr/lib/libextension.dylib
0x000000000b622000 	/usr/lib/libarchive.2.dylib
0x000000000b622000 	/System/Library/Frameworks/CFNetwork.framework/Versions/A/CFNetwork
0x000000000b622000 	/System/Library/Frameworks/SystemConfiguration.framework/Versions/A/SystemConfiguration
0x000000000b622000 	/usr/lib/libCRFSuite.dylib
0x000000000b622000 	/usr/lib/libc++.1.dylib
0x000000000b622000 	/usr/lib/libc++abi.dylib
0x000000000b622000 	/usr/lib/system/libcache.dylib
0x000000000b622000 	/usr/lib/system/libcommonCrypto.dylib
0x000000000b622000 	/usr/lib/system/libcompiler_rt.dylib
0x000000000b622000 	/usr/lib/system/libcopyfile.dylib
0x000000000b622000 	/usr/lib/system/libcorecrypto.dylib
0x000000000b622000 	/usr/lib/system/libdispatch.dylib
0x000000000b622000 	/usr/lib/system/libdyld.dylib
0x000000000b622000 	/usr/lib/system/libkeymgr.dylib
0x000000000b622000 	/usr/lib/system/liblaunch.dylib
0x000000000b622000 	/usr/lib/system/libmacho.dylib
0x000000000b622000 	/usr/lib/system/libquarantine.dylib
0x000000000b622000 	/usr/lib/system/libremovefile.dylib
0x000000000b622000 	/usr/lib/system/libsystem_asl.dylib
0x000000000b622000 	/usr/lib/system/libsystem_blocks.dylib
0x000000000b622000 	/usr/lib/system/libsystem_c.dylib
0x000000000b622000 	/usr/lib/system/libsystem_configuration.dylib
0x000000000b622000 	/usr/lib/system/libsystem_coreservices.dylib
0x000000000b622000 	/usr/lib/system/libsystem_coretls.dylib
0x000000000b622000 	/usr/lib/system/libsystem_dnssd.dylib
0x000000000b622000 	/usr/lib/system/libsystem_info.dylib
0x000000000b622000 	/usr/lib/system/libsystem_kernel.dylib
0x000000000b622000 	/usr/lib/system/libsystem_m.dylib
0x000000000b622000 	/usr/lib/system/libsystem_malloc.dylib
0x000000000b622000 	/usr/lib/system/libsystem_network.dylib
0x000000000b622000 	/usr/lib/system/libsystem_networkextension.dylib
0x000000000b622000 	/usr/lib/system/libsystem_notify.dylib
0x000000000b622000 	/usr/lib/system/libsystem_platform.dylib
0x000000000b622000 	/usr/lib/system/libsystem_pthread.dylib
0x000000000b622000 	/usr/lib/system/libsystem_sandbox.dylib
0x000000000b622000 	/usr/lib/system/libsystem_secinit.dylib
0x000000000b622000 	/usr/lib/system/libsystem_trace.dylib
0x000000000b622000 	/usr/lib/system/libunc.dylib
0x000000000b622000 	/usr/lib/system/libunwind.dylib
0x000000000b622000 	/usr/lib/system/libxpc.dylib
0x000000000b622000 	/usr/lib/libenergytrace.dylib
0x000000000b622000 	/usr/lib/libbsm.0.dylib
0x000000000b622000 	/usr/lib/system/libkxld.dylib
0x000000000b622000 	/usr/lib/libxar.1.dylib
0x000000000b622000 	/usr/lib/libsqlite3.dylib
0x000000000b622000 	/usr/lib/libpam.2.dylib
0x000000000b622000 	/usr/lib/libOpenScriptingUtil.dylib
0x000000000b622000 	/usr/lib/libbz2.1.0.dylib
0x000000000b622000 	/usr/lib/liblzma.5.dylib
0x000000000b622000 	/System/Library/Frameworks/CoreServices.framework/Versions/A/Frameworks/FSEvents.framework/Versions/A/FSEvents
0x000000000b622000 	/System/Library/Frameworks/CoreServices.framework/Versions/A/Frameworks/CarbonCore.framework/Versions/A/CarbonCore
0x000000000b622000 	/System/Library/Frameworks/CoreServices.framework/Versions/A/Frameworks/Metadata.framework/Versions/A/Metadata
0x000000000b622000 	/System/Library/Frameworks/CoreServices.framework/Versions/A/Frameworks/OSServices.framework/Versions/A/OSServices
0x000000000b622000 	/System/Library/Frameworks/CoreServices.framework/Versions/A/Frameworks/SearchKit.framework/Versions/A/SearchKit
0x000000000b622000 	/System/Library/Frameworks/CoreServices.framework/Versions/A/Frameworks/AE.framework/Versions/A/AE
0x000000000b622000 	/System/Library/Frameworks/CoreServices.framework/Versions/A/Frameworks/LaunchServices.framework/Versions/A/LaunchServices
0x000000000b622000 	/System/Library/Frameworks/CoreServices.framework/Versions/A/Frameworks/DictionaryServices.framework/Versions/A/DictionaryServices
0x000000000b622000 	/System/Library/Frameworks/CoreServices.framework/Versions/A/Frameworks/SharedFileList.framework/Versions/A/SharedFileList
0x000000000b622000 	/System/Library/Frameworks/NetFS.framework/Versions/A/NetFS
0x000000000b622000 	/System/Library/PrivateFrameworks/NetAuth.framework/Versions/A/NetAuth
0x000000000b622000 	/System/Library/PrivateFrameworks/login.framework/Versions/A/Frameworks/loginsupport.framework/Versions/A/loginsupport
0x000000000b622000 	/System/Library/PrivateFrameworks/TCC.framework/Versions/A/TCC
0x000000000b622000 	/usr/lib/libmecabra.dylib
0x000000000b622000 	/System/Library/Frameworks/ApplicationServices.framework/Versions/A/Frameworks/ATS.framework/Versions/A/ATS
0x000000000b622000 	/System/Library/Frameworks/ApplicationServices.framework/Versions/A/Frameworks/ColorSync.framework/Versions/A/ColorSync
0x000000000b622000 	/System/Library/Frameworks/ApplicationServices.framework/Versions/A/Frameworks/HIServices.framework/Versions/A/HIServices
0x000000000b622000 	/System/Library/Frameworks/ApplicationServices.framework/Versions/A/Frameworks/LangAnalysis.framework/Versions/A/LangAnalysis
0x000000000b622000 	/System/Library/Frameworks/ApplicationServices.framework/Versions/A/Frameworks/PrintCore.framework/Versions/A/PrintCore
0x000000000b622000 	/System/Library/Frameworks/ApplicationServices.framework/Versions/A/Frameworks/QD.framework/Versions/A/QD
0x000000000b622000 	/System/Library/Frameworks/ApplicationServices.framework/Versions/A/Frameworks/SpeechSynthesis.framework/Versions/A/SpeechSynthesis
0x000000000b622000 	/System/Library/Frameworks/Metal.framework/Versions/A/Metal
0x000000000b622000 	/System/Library/Frameworks/Accelerate.framework/Versions/A/Frameworks/vImage.framework/Versions/A/vImage
0x000000000b622000 	/System/Library/Frameworks/Accelerate.framework/Versions/A/Frameworks/vecLib.framework/Versions/A/vecLib
0x000000000b622000 	/System/Library/Frameworks/Accelerate.framework/Versions/A/Frameworks/vecLib.framework/Versions/A/libvDSP.dylib
0x000000000b622000 	/System/Library/Frameworks/Accelerate.framework/Versions/A/Frameworks/vecLib.framework/Versions/A/libvMisc.dylib
0x000000000b622000 	/System/Library/Frameworks/Accelerate.framework/Versions/A/Frameworks/vecLib.framework/Versions/A/libLAPACK.dylib
0x000000000b622000 	/System/Library/Frameworks/Accelerate.framework/Versions/A/Frameworks/vecLib.framework/Versions/A/libBLAS.dylib
0x000000000b622000 	/System/Library/Frameworks/Accelerate.framework/Versions/A/Frameworks/vecLib.framework/Versions/A/libLinearAlgebra.dylib
0x000000000b622000 	/System/Library/Frameworks/Accelerate.framework/Versions/A/Frameworks/vecLib.framework/Versions/A/libSparseBLAS.dylib
0x000000000b622000 	/System/Library/PrivateFrameworks/GPUCompiler.framework/libmetal_timestamp.dylib
0x000000000b622000 	/System/Library/Frameworks/OpenGL.framework/Versions/A/Libraries/libCoreFSCache.dylib
0x000000000b622000 	/System/Library/PrivateFrameworks/IOAccelerator.framework/Versions/A/IOAccelerator
0x000000000b622000 	/System/Library/Frameworks/ApplicationServices.framework/Versions/A/Frameworks/ATS.framework/Versions/A/Resources/libFontParser.dylib
0x000000000b622000 	/System/Library/Frameworks/ApplicationServices.framework/Versions/A/Frameworks/ATS.framework/Versions/A/Resources/libFontRegistry.dylib
0x000000000b622000 	/System/Library/PrivateFrameworks/AppleVPA.framework/Versions/A/AppleVPA
0x000000000b622000 	/System/Library/PrivateFrameworks/AppleJPEG.framework/Versions/A/AppleJPEG
0x000000000b622000 	/System/Library/Frameworks/ImageIO.framework/Versions/A/Resources/libJPEG.dylib
0x000000000b622000 	/System/Library/Frameworks/ImageIO.framework/Versions/A/Resources/libTIFF.dylib
0x000000000b622000 	/System/Library/Frameworks/ImageIO.framework/Versions/A/Resources/libPng.dylib
0x000000000b622000 	/System/Library/Frameworks/ImageIO.framework/Versions/A/Resources/libGIF.dylib
0x000000000b622000 	/System/Library/Frameworks/ImageIO.framework/Versions/A/Resources/libJP2.dylib
0x000000000b622000 	/System/Library/Frameworks/ImageIO.framework/Versions/A/Resources/libRadiance.dylib
0x000000000b622000 	/System/Library/Frameworks/CoreVideo.framework/Versions/A/CoreVideo
0x000000000b622000 	/System/Library/Frameworks/OpenGL.framework/Versions/A/Libraries/libGLU.dylib
0x000000000b622000 	/System/Library/Frameworks/OpenGL.framework/Versions/A/Libraries/libGFXShared.dylib
0x000000000b622000 	/System/Library/Frameworks/OpenGL.framework/Versions/A/Libraries/libGL.dylib
0x000000000b622000 	/System/Library/Frameworks/OpenGL.framework/Versions/A/Libraries/libGLImage.dylib
0x000000000b622000 	/System/Library/Frameworks/OpenGL.framework/Versions/A/Libraries/libCVMSPluginSupport.dylib
0x000000000b622000 	/System/Library/Frameworks/OpenGL.framework/Versions/A/Libraries/libCoreVMClient.dylib
0x000000000b622000 	/usr/lib/libcompression.dylib
0x000000000b622000 	/usr/lib/libcups.2.dylib
0x000000000b622000 	/System/Library/Frameworks/Kerberos.framework/Versions/A/Kerberos
0x000000000b622000 	/System/Library/Frameworks/GSS.framework/Versions/A/GSS
0x000000000b622000 	/usr/lib/libresolv.9.dylib
0x000000000b622000 	/usr/lib/libiconv.2.dylib
0x000000000b622000 	/System/Library/PrivateFrameworks/Heimdal.framework/Versions/A/Heimdal
0x000000000b622000 	/usr/lib/libheimdal-asn1.dylib
0x000000000b622000 	/System/Library/Frameworks/OpenDirectory.framework/Versions/A/OpenDirectory
0x000000000b622000 	/System/Library/PrivateFrameworks/CommonAuth.framework/Versions/A/CommonAuth
0x000000000b622000 	/System/Library/Frameworks/OpenDirectory.framework/Versions/A/Frameworks/CFOpenDirectory.framework/Versions/A/CFOpenDirectory
0x000000000b622000 	/System/Library/Frameworks/SecurityFoundation.framework/Versions/A/SecurityFoundation
0x000000000b622000 	/System/Library/PrivateFrameworks/LanguageModeling.framework/Versions/A/LanguageModeling
0x000000000b622000 	/usr/lib/libmarisa.dylib
0x000000000b622000 	/usr/lib/libChineseTokenizer.dylib
0x000000000b622000 	/usr/lib/libcmph.dylib
0x000000000b622000 	/System/Library/Frameworks/ServiceManagement.framework/Versions/A/ServiceManagement
0x000000000b622000 	/usr/lib/libxslt.1.dylib
0x000000000b622000 	/System/Library/Frameworks/Carbon.framework/Versions/A/Frameworks/Ink.framework/Versions/A/Ink
0x000000000b622000 	/usr/lib/libFosl_dynamic.dylib
0x000000000b622000 	/System/Library/PrivateFrameworks/FaceCore.framework/Versions/A/FaceCore
0x000000000b622000 	/System/Library/Frameworks/OpenCL.framework/Versions/A/OpenCL
0x000000000b622000 	/System/Library/PrivateFrameworks/CrashReporterSupport.framework/Versions/A/CrashReporterSupport
0x000000000b622000 	/System/Library/PrivateFrameworks/IconServices.framework/Versions/A/IconServices
0x000000000b622000 	/System/Library/PrivateFrameworks/Apple80211.framework/Versions/A/Apple80211
0x000000000b622000 	/System/Library/Frameworks/CoreWLAN.framework/Versions/A/CoreWLAN
0x000000000b622000 	/System/Library/Frameworks/IOBluetooth.framework/Versions/A/IOBluetooth
0x000000000b622000 	/System/Library/PrivateFrameworks/CoreWiFi.framework/Versions/A/CoreWiFi
0x000000000b622000 	/System/Library/Frameworks/CoreBluetooth.framework/Versions/A/CoreBluetooth
0x000000000b622000 	/System/Library/PrivateFrameworks/ChunkingLibrary.framework/Versions/A/ChunkingLibrary
0x000000000b622000 	/System/Library/PrivateFrameworks/DebugSymbols.framework/Versions/A/DebugSymbols
0x000000000b622000 	/System/Library/PrivateFrameworks/CoreSymbolication.framework/Versions/A/CoreSymbolication
0x000000000b622000 	/System/Library/PrivateFrameworks/Symbolication.framework/Versions/A/Symbolication
0x000000000b622000 	/System/Library/PrivateFrameworks/SpeechRecognitionCore.framework/Versions/A/SpeechRecognitionCore
0x000000010a2b8000 	/Library/Java/JavaVirtualMachines/jdk1.8.0_121.jdk/Contents/Home/jre/lib/server/libjvm.dylib
0x000000000b622000 	/usr/lib/libstdc++.6.dylib
0x000000010b25e000 	/Library/Java/JavaVirtualMachines/jdk1.8.0_121.jdk/Contents/Home/jre/lib/libverify.dylib
0x000000010b26c000 	/Library/Java/JavaVirtualMachines/jdk1.8.0_121.jdk/Contents/Home/jre/lib/libjava.dylib
0x000000010b2ab000 	/Library/Java/JavaVirtualMachines/jdk1.8.0_121.jdk/Contents/Home/jre/lib/libzip.dylib
0x0000000121422000 	/System/Library/Frameworks/JavaVM.framework/Frameworks/JavaRuntimeSupport.framework/JavaRuntimeSupport
0x000000012143d000 	/System/Library/Frameworks/JavaVM.framework/Versions/A/Frameworks/JavaNativeFoundation.framework/Versions/A/JavaNativeFoundation
0x0000000121452000 	/System/Library/Frameworks/JavaVM.framework/Versions/A/JavaVM
0x000000000b622000 	/System/Library/Frameworks/Carbon.framework/Versions/A/Carbon
0x000000012145f000 	/System/Library/PrivateFrameworks/JavaLaunching.framework/Versions/A/JavaLaunching
0x000000000b622000 	/System/Library/Frameworks/Carbon.framework/Versions/A/Frameworks/CommonPanels.framework/Versions/A/CommonPanels
0x000000000b622000 	/System/Library/Frameworks/Carbon.framework/Versions/A/Frameworks/Help.framework/Versions/A/Help
0x000000000b622000 	/System/Library/Frameworks/Carbon.framework/Versions/A/Frameworks/ImageCapture.framework/Versions/A/ImageCapture
0x000000000b622000 	/System/Library/Frameworks/Carbon.framework/Versions/A/Frameworks/OpenScripting.framework/Versions/A/OpenScripting
0x000000000b622000 	/System/Library/Frameworks/Carbon.framework/Versions/A/Frameworks/Print.framework/Versions/A/Print
0x000000000b622000 	/System/Library/Frameworks/Carbon.framework/Versions/A/Frameworks/SecurityHI.framework/Versions/A/SecurityHI
0x0000000122e6e000 	/Library/Java/JavaVirtualMachines/jdk1.8.0_121.jdk/Contents/Home/jre/lib/libprism_es2.dylib
0x000000000b622000 	/System/Library/Frameworks/OpenGL.framework/Versions/A/Resources/GLEngine.bundle/GLEngine
0x000000000b622000 	/System/Library/Frameworks/OpenGL.framework/Versions/A/Libraries/libGLProgrammability.dylib
0x0000000122ef0000 	/System/Library/Extensions/AppleIntelHDGraphicsGLDriver.bundle/Contents/MacOS/AppleIntelHDGraphicsGLDriver
0x000000000b622000 	/System/Library/PrivateFrameworks/GPUSupport.framework/Versions/A/Libraries/libGPUSupport.dylib
0x000000012337e000 	/System/Library/Extensions/GeForceTeslaGLDriver.bundle/Contents/MacOS/GeForceTeslaGLDriver
0x0000000124f3c000 	/System/Library/Extensions/GeForceTeslaGLDriver.bundle/Contents/MacOS/libclh.dylib
0x000000000b622000 	/System/Library/Frameworks/OpenGL.framework/Versions/A/Resources/GLRendererFloat.bundle/GLRendererFloat
0x000000000b622000 	/System/Library/Frameworks/OpenCL.framework/Versions/A/Libraries/libcldcpuengine.dylib
0x000000000b622000 	/System/Library/PrivateFrameworks/DiskImages.framework/Versions/A/DiskImages
0x000000000b622000 	/System/Library/Frameworks/DiscRecording.framework/Versions/A/DiscRecording
0x000000000b622000 	/usr/lib/libcsfde.dylib
0x000000000b622000 	/usr/lib/libcurl.4.dylib
0x000000000b622000 	/System/Library/PrivateFrameworks/MediaKit.framework/Versions/A/MediaKit
0x000000000b622000 	/System/Library/PrivateFrameworks/ProtectedCloudStorage.framework/Versions/A/ProtectedCloudStorage
0x000000000b622000 	/usr/lib/libCoreStorage.dylib
0x000000000b622000 	/System/Library/PrivateFrameworks/EFILogin.framework/Versions/A/EFILogin
0x000000000b622000 	/usr/lib/libutil.dylib
0x000000000b622000 	/System/Library/PrivateFrameworks/FindMyDevice.framework/Versions/A/FindMyDevice
0x000000000b622000 	/System/Library/Frameworks/LDAP.framework/Versions/A/LDAP
0x000000000b622000 	/usr/lib/libsasl2.2.dylib
0x000000000b622000 	/System/Library/PrivateFrameworks/CoreDaemon.framework/Versions/B/CoreDaemon
0x000000000b622000 	/usr/lib/libcrypto.0.9.8.dylib
0x000000000b622000 	/System/Library/PrivateFrameworks/AppleSRP.framework/Versions/A/AppleSRP
0x000000000b622000 	/System/Library/PrivateFrameworks/TrustEvaluationAgent.framework/Versions/A/TrustEvaluationAgent
0x0000000125835000 	/Library/Java/JavaVirtualMachines/jdk1.8.0_121.jdk/Contents/Home/jre/lib/libglass.dylib
0x000000000b622000 	/System/Library/PrivateFrameworks/CoreServicesInternal.framework/Versions/A/CoreServicesInternal
0x000000000b622000 	/System/Library/CoreServices/RawCamera.bundle/Contents/MacOS/RawCamera
0x000000000b622000 	/System/Library/Frameworks/CoreGraphics.framework/Versions/A/Resources/libRIP.A.dylib
0x000000000b622000 	/System/Library/Frameworks/Accelerate.framework/Versions/A/Frameworks/vImage.framework/Versions/A/Libraries/libCGInterfaces.dylib
0x000000000b622000 	/System/Library/PrivateFrameworks/FamilyControls.framework/Versions/A/FamilyControls
0x000000000b622000 	/System/Library/PrivateFrameworks/CommerceKit.framework/Versions/A/Frameworks/CommerceCore.framework/Versions/A/CommerceCore
0x000000000b622000 	/System/Library/PrivateFrameworks/SystemAdministration.framework/Versions/A/SystemAdministration
0x000000000b622000 	/System/Library/PrivateFrameworks/AppContainer.framework/Versions/A/AppContainer
0x000000000b622000 	/System/Library/PrivateFrameworks/SecCodeWrapper.framework/Versions/A/SecCodeWrapper
0x000000000b622000 	/System/Library/Frameworks/DirectoryService.framework/Versions/A/DirectoryService
0x000000000b622000 	/System/Library/PrivateFrameworks/LoginUIKit.framework/Versions/A/Frameworks/LoginUICore.framework/Versions/A/LoginUICore
0x000000000b622000 	/usr/lib/libodfde.dylib
0x0000000128ad3000 	/Users/lilschwoegl/git/TrafficControlSystem/TrafficControlSystem/lib/libopencv_java340.dylib
0x0000000128c3c000 	/usr/local/Cellar/opencv/3.4.0_1/lib/libopencv_xphoto.3.4.dylib
0x0000000128cda000 	/usr/local/Cellar/opencv/3.4.0_1/lib/libopencv_img_hash.3.4.dylib
0x0000000128cf1000 	/usr/local/Cellar/opencv/3.4.0_1/lib/libopencv_bioinspired.3.4.dylib
0x0000000128d3e000 	/usr/local/Cellar/opencv/3.4.0_1/lib/libopencv_structured_light.3.4.dylib
0x0000000128d59000 	/usr/local/Cellar/opencv/3.4.0_1/lib/libopencv_xfeatures2d.3.4.dylib
0x0000000129068000 	/usr/local/Cellar/opencv/3.4.0_1/lib/libopencv_ximgproc.3.4.dylib
0x00000001292b8000 	/usr/local/Cellar/opencv/3.4.0_1/lib/libopencv_aruco.3.4.dylib
0x000000012931a000 	/usr/local/Cellar/opencv/3.4.0_1/lib/libopencv_face.3.4.dylib
0x00000001293d5000 	/usr/local/opt/tbb/lib/libtbb.dylib
0x000000012940f000 	/usr/local/Cellar/opencv/3.4.0_1/lib/libopencv_phase_unwrapping.3.4.dylib
0x0000000129419000 	/usr/local/Cellar/opencv/3.4.0_1/lib/libopencv_shape.3.4.dylib
0x000000012944f000 	/usr/local/Cellar/opencv/3.4.0_1/lib/libopencv_calib3d.3.4.dylib
0x000000012962a000 	/usr/local/Cellar/opencv/3.4.0_1/lib/libopencv_objdetect.3.4.dylib
0x000000012969d000 	/usr/local/Cellar/opencv/3.4.0_1/lib/libopencv_photo.3.4.dylib
0x0000000129779000 	/usr/local/Cellar/opencv/3.4.0_1/lib/libopencv_tracking.3.4.dylib
0x0000000129983000 	/usr/local/Cellar/opencv/3.4.0_1/lib/libopencv_plot.3.4.dylib
0x000000012998f000 	/usr/local/Cellar/opencv/3.4.0_1/lib/libopencv_video.3.4.dylib
0x00000001299f5000 	/usr/local/Cellar/opencv/3.4.0_1/lib/libopencv_datasets.3.4.dylib
0x0000000129a51000 	/usr/local/Cellar/opencv/3.4.0_1/lib/libopencv_text.3.4.dylib
0x0000000129b99000 	/usr/local/Cellar/opencv/3.4.0_1/lib/libopencv_ml.3.4.dylib
0x0000000129c5d000 	/usr/local/Cellar/opencv/3.4.0_1/lib/libopencv_dnn.3.4.dylib
0x000000012a00c000 	/usr/local/Cellar/opencv/3.4.0_1/lib/libopencv_features2d.3.4.dylib
0x000000012a0da000 	/usr/local/Cellar/opencv/3.4.0_1/lib/libopencv_flann.3.4.dylib
0x000000012a139000 	/usr/local/Cellar/opencv/3.4.0_1/lib/libopencv_highgui.3.4.dylib
0x000000012a14e000 	/usr/local/Cellar/opencv/3.4.0_1/lib/libopencv_videoio.3.4.dylib
0x000000012a17d000 	/usr/local/Cellar/opencv/3.4.0_1/lib/libopencv_imgcodecs.3.4.dylib
0x000000012a246000 	/usr/local/Cellar/opencv/3.4.0_1/lib/libopencv_imgproc.3.4.dylib
0x000000012c84f000 	/usr/local/Cellar/opencv/3.4.0_1/lib/libopencv_core.3.4.dylib
0x000000012d4e6000 	/usr/local/opt/ffmpeg/lib/libavcodec.57.dylib
0x000000012e7c6000 	/usr/local/opt/ffmpeg/lib/libavformat.57.dylib
0x000000012e97f000 	/usr/local/opt/ffmpeg/lib/libavutil.55.dylib
0x000000012e9e9000 	/usr/local/opt/ffmpeg/lib/libswscale.4.dylib
0x000000012ea6a000 	/usr/local/opt/ffmpeg/lib/libavresample.3.dylib
0x000000012ea8b000 	/System/Library/Frameworks/VideoDecodeAcceleration.framework/Versions/A/VideoDecodeAcceleration
0x000000000b622000 	/System/Library/Frameworks/AVFoundation.framework/Versions/A/AVFoundation
0x000000000b622000 	/System/Library/Frameworks/CoreMedia.framework/Versions/A/CoreMedia
0x000000012ea92000 	/usr/local/opt/libpng/lib/libpng16.16.dylib
0x000000012eabe000 	/usr/local/opt/libtiff/lib/libtiff.5.dylib
0x000000012eb26000 	/usr/local/opt/ilmbase/lib/libImath-2_2.12.dylib
0x000000012eb35000 	/usr/local/opt/openexr/lib/libIlmImf-2_2.22.dylib
0x000000012ee2d000 	/usr/local/opt/ilmbase/lib/libIex-2_2.12.dylib
0x000000012ee3f000 	/usr/local/opt/ilmbase/lib/libHalf.12.dylib
0x000000012ee83000 	/usr/local/opt/ilmbase/lib/libIlmThread-2_2.12.dylib
0x000000012ee8b000 	/usr/local/opt/jpeg/lib/libjpeg.9.dylib
0x000000012eebe000 	/usr/local/opt/ilmbase/lib/libIexMath-2_2.12.dylib
0x000000012eec3000 	/usr/local/Cellar/ffmpeg/3.4.1_2/lib/libswresample.2.dylib
0x000000000b622000 	/System/Library/Frameworks/VideoToolbox.framework/Versions/A/VideoToolbox
0x000000012eee3000 	/usr/local/opt/x264/lib/libx264.152.dylib
0x000000012f05e000 	/usr/local/opt/lame/lib/libmp3lame.0.dylib
0x000000000b622000 	/usr/lib/libspindump.dylib
0x000000000b622000 	/System/Library/PrivateFrameworks/AppleVA.framework/Versions/A/AppleVA
0x000000000b622000 	/System/Library/Frameworks/AVFoundation.framework/Versions/A/Resources/libAVFAudio.dylib
0x000000000b622000 	/System/Library/Frameworks/MediaToolbox.framework/Versions/A/MediaToolbox
0x000000000b622000 	/System/Library/Frameworks/CoreMediaIO.framework/Versions/A/CoreMediaIO
0x000000000b622000 	/System/Library/PrivateFrameworks/CoreAVCHD.framework/Versions/A/CoreAVCHD
0x000000000b622000 	/System/Library/Frameworks/MediaAccessibility.framework/Versions/A/MediaAccessibility
0x000000000b622000 	/System/Library/PrivateFrameworks/Mangrove.framework/Versions/A/Mangrove
0x000000000b622000 	/System/Library/PrivateFrameworks/CoreAUC.framework/Versions/A/CoreAUC
0x000000000b622000 	/System/Library/PrivateFrameworks/XPCService.framework/Versions/A/XPCService
0x000000000b622000 	/System/Library/PrivateFrameworks/AppSandbox.framework/Versions/A/AppSandbox
0x000000000b622000 	/usr/lib/libsandbox.1.dylib
0x000000000b622000 	/usr/lib/libMatch.1.dylib
0x0000000132ee3000 	/Library/Java/JavaVirtualMachines/jdk1.8.0_121.jdk/Contents/Home/jre/lib/libjavafx_font.dylib
0x000000000b622000 	/System/Library/Frameworks/CoreGraphics.framework/Versions/A/Resources/libCGXType.A.dylib
0x00000001345db000 	/Library/Java/JavaVirtualMachines/jdk1.8.0_121.jdk/Contents/Home/jre/lib/libawt.dylib
0x0000000134683000 	/Library/Java/JavaVirtualMachines/jdk1.8.0_121.jdk/Contents/Home/jre/lib/./libmlib_image.dylib
0x000000013474f000 	/Library/Java/JavaVirtualMachines/jdk1.8.0_121.jdk/Contents/Home/jre/lib/libawt_lwawt.dylib
0x0000000133259000 	/Library/Java/JavaVirtualMachines/jdk1.8.0_121.jdk/Contents/Home/jre/lib/./libosxapp.dylib
0x000000000b622000 	/System/Library/Frameworks/ExceptionHandling.framework/Versions/A/ExceptionHandling
0x0000000133294000 	cl_kernels
0x000000000b622000 	/System/Library/Frameworks/OpenCL.framework/Versions/A/Libraries/ImageFormats/unorm8_bgra.dylib
0x000000000b622000 	/System/Library/Frameworks/OpenCL.framework/Versions/A/Libraries/ImageFormats/unorm8_rgba.dylib
0x000000013651e000 	/Library/Java/JavaVirtualMachines/jdk1.8.0_121.jdk/Contents/Home/jre/lib/libprism_common.dylib
0x0000000137f66000 	/Library/Java/JavaVirtualMachines/jdk1.8.0_121.jdk/Contents/Home/jre/lib/libfontmanager.dylib
0x00000001382cd000 	/Library/Java/JavaVirtualMachines/jdk1.8.0_121.jdk/Contents/Home/jre/lib/libosxui.dylib
0x0000000139d9d000 	/Library/Java/JavaVirtualMachines/jdk1.8.0_121.jdk/Contents/Home/jre/lib/libnio.dylib
0x0000000139dad000 	/Library/Java/JavaVirtualMachines/jdk1.8.0_121.jdk/Contents/Home/jre/lib/./libnet.dylib
0x0000000137b1e000 	/usr/local/opt/tbb/lib/libtbbmalloc.dylib

VM Arguments:
jvm_args: -Djava.library.path=/Users/lilschwoegl/git/TrafficControlSystem/TrafficControlSystem/lib -Dfile.encoding=UTF-8 
java_command: application.Main
java_class_path (initial): /Library/Java/JavaVirtualMachines/jdk1.8.0_121.jdk/Contents/Home/jre/lib/resources.jar:/Library/Java/JavaVirtualMachines/jdk1.8.0_121.jdk/Contents/Home/jre/lib/rt.jar:/Library/Java/JavaVirtualMachines/jdk1.8.0_121.jdk/Contents/Home/jre/lib/jsse.jar:/Library/Java/JavaVirtualMachines/jdk1.8.0_121.jdk/Contents/Home/jre/lib/jce.jar:/Library/Java/JavaVirtualMachines/jdk1.8.0_121.jdk/Contents/Home/jre/lib/charsets.jar:/Library/Java/JavaVirtualMachines/jdk1.8.0_121.jdk/Contents/Home/jre/lib/jfr.jar:/Library/Java/JavaVirtualMachines/jdk1.8.0_121.jdk/Contents/Home/jre/lib/ext/cldrdata.jar:/Library/Java/JavaVirtualMachines/jdk1.8.0_121.jdk/Contents/Home/jre/lib/ext/dnsns.jar:/Library/Java/JavaVirtualMachines/jdk1.8.0_121.jdk/Contents/Home/jre/lib/ext/jaccess.jar:/Library/Java/JavaVirtualMachines/jdk1.8.0_121.jdk/Contents/Home/jre/lib/ext/jfxrt.jar:/Library/Java/JavaVirtualMachines/jdk1.8.0_121.jdk/Contents/Home/jre/lib/ext/localedata.jar:/Library/Java/JavaVirtualMachines/jdk1.8.0_121.jdk/Contents/Home/jre/lib/ext/nashorn.jar:/Library/Java/JavaVirtualMachines/jdk1.8.0_121.jdk/Contents/Home/jre/lib/ext/sunec.jar:/Library/Java/JavaVirtualMachines/jdk1.8.0_121.jdk/Contents/Home/jre/lib/ext/sunjce_provider.jar:/Library/Java/JavaVirtualMachines/jdk1.8.0_121.jdk/Contents/Home/jre/lib/ext/sunpkcs11.jar:/Library/Java/JavaVirtualMachines/jdk1.8.0_121.jdk/Contents/Home/jre/lib/ext/zipfs.jar:/System/Library/Java/Extensions/AppleScriptEngine.jar:/System/Library/Java/Extensions/dns_sd.jar:/System/Library/Java/Extensions/j3daudio.jar:/System/Library/Java/Extensions/j3dcore.jar:/System/Library/Java/Extensions/j3dutils.jar:/System/Library/Java/Extensions/jai_codec.jar:/System/Library/Java/Extensions/jai_core.jar:/System/Library/Java/Extensions/mlibwrapper_jai.jar:/System/Library/Java/Extensions/MRJToolkit.jar:/System/Library/Java/Extensions/vecmath.jar:/Users/lilschwoegl/git/TrafficControlSystem/TrafficControlSystem/bin:/Users/lilschwoegl/git/TrafficControlSystem/
Launcher Type: SUN_STANDARD

Environment Variables:
PATH=/usr/bin:/bin:/usr/sbin:/sbin
SHELL=/bin/bash

Signal Handlers:
SIGSEGV: [libjvm.dylib+0x5b1141], sa_mask[0]=11111111011111110111111111111111, sa_flags=SA_ONSTACK|SA_RESTART|SA_SIGINFO
SIGBUS: [libjvm.dylib+0x5b1141], sa_mask[0]=11111111011111110111111111111111, sa_flags=SA_RESTART|SA_SIGINFO
SIGFPE: [libjvm.dylib+0x487bc4], sa_mask[0]=11111111011111110111111111111111, sa_flags=SA_RESTART|SA_SIGINFO
SIGPIPE: [libjvm.dylib+0x487bc4], sa_mask[0]=11111111011111110111111111111111, sa_flags=SA_RESTART|SA_SIGINFO
SIGXFSZ: [libjvm.dylib+0x487bc4], sa_mask[0]=11111111011111110111111111111111, sa_flags=SA_RESTART|SA_SIGINFO
SIGILL: [libjvm.dylib+0x487bc4], sa_mask[0]=11111111011111110111111111111111, sa_flags=SA_RESTART|SA_SIGINFO
SIGUSR1: SIG_DFL, sa_mask[0]=00000000000000000000000000000000, sa_flags=none
SIGUSR2: [libjvm.dylib+0x4876e2], sa_mask[0]=00100000000000000000000000000000, sa_flags=SA_RESTART|SA_SIGINFO
SIGHUP: [libjvm.dylib+0x485cb9], sa_mask[0]=11111111011111110111111111111111, sa_flags=SA_RESTART|SA_SIGINFO
SIGINT: [libjvm.dylib+0x485cb9], sa_mask[0]=11111111011111110111111111111111, sa_flags=SA_RESTART|SA_SIGINFO
SIGTERM: [libjvm.dylib+0x485cb9], sa_mask[0]=11111111011111110111111111111111, sa_flags=SA_RESTART|SA_SIGINFO
SIGQUIT: [libjvm.dylib+0x485cb9], sa_mask[0]=11111111011111110111111111111111, sa_flags=SA_RESTART|SA_SIGINFO


---------------  S Y S T E M  ---------------

OS:Bsduname:Darwin 15.6.0 Darwin Kernel Version 15.6.0: Sun Jun  4 21:43:07 PDT 2017; root:xnu-3248.70.3~1/RELEASE_X86_64 x86_64
rlimit: STACK 8192k, CORE 0k, NPROC 709, NOFILE 10240, AS infinity
load average:4.11 2.67 2.24

CPU:total 4 (2 cores per cpu, 2 threads per core) family 6 model 37 stepping 2, cmov, cx8, fxsr, mmx, sse, sse2, sse3, ssse3, sse4.1, sse4.2, popcnt, aes, clmul, ht, tsc, tscinvbit

Memory: 4k page, physical 8388608k(628112k free)

/proc/meminfo:


vm_info: Java HotSpot(TM) 64-Bit Server VM (25.121-b13) for bsd-amd64 JRE (1.8.0_121-b13), built on Dec 12 2016 20:39:32 by "java_re" with gcc 4.2.1 (Based on Apple Inc. build 5658) (LLVM build 2336.11.00)

time: Fri Feb 23 10:29:12 2018
elapsed time: 71 seconds (0d 0h 1m 11s)

