#
# A fatal error has been detected by the Java Runtime Environment:
#
#  SIGSEGV (0xb) at pc=0x000000010ff69e32, pid=98104, tid=0x0000000000000a0b
#
# JRE version: Java(TM) SE Runtime Environment (8.0_121-b13) (build 1.8.0_121-b13)
# Java VM: Java HotSpot(TM) 64-Bit Server VM (25.121-b13 mixed mode bsd-amd64 compressed oops)
# Problematic frame:
# V  [libjvm.dylib+0x169e32]  ThreadStateTransition::trans_from_native(JavaThreadState)+0xa
#
# Failed to write core dump. Core dumps have been disabled. To enable core dumping, try "ulimit -c unlimited" before starting Java again
#
# If you would like to submit a bug report, please visit:
#   http://bugreport.java.com/bugreport/crash.jsp
#

---------------  T H R E A D  ---------------

Current thread is native thread

siginfo: si_signo: 11 (SIGSEGV), si_code: 1 (SEGV_MAPERR), si_addr: 0x0000000000000270

Registers:
RAX=0x0000000000000000, RBX=0x0000000000000000, RCX=0x00007fa9c4ba2ea0, RDX=0x0000000000000000
RSP=0x00007fff508e9630, RBP=0x00007fff508e9640, RSI=0x0000000000000006, RDI=0x00007fff508e9650
R8 =0x0000000000000000, R9 =0x0000000000000000, R10=0x00007fa9c2770b60, R11=0x000000010f5f5ba8
R12=0x00007fa9c40f41f8, R13=0x000000012b8ec120, R14=0x00007fa9c4b15610, R15=0x00007fa9c40f41f8
RIP=0x000000010ff69e32, EFLAGS=0x0000000000010246, ERR=0x0000000000000006
  TRAPNO=0x000000000000000e

Top of Stack: (sp=0x00007fff508e9630)
0x00007fff508e9630:   0000000000000000 00007fa9c4b15610
0x00007fff508e9640:   00007fff508e9670 000000011011416a
0x00007fff508e9650:   0000000000000000 00007fa9c4c74c60
0x00007fff508e9660:   00007fa9c4482200 00007fa9c4bbdd30
0x00007fff508e9670:   00007fff508e9690 000000010f5ef1f5
0x00007fff508e9680:   00007fa9c58c3400 00007fa9c40f41f8
0x00007fff508e9690:   00007fff508e96b0 000000010f5ef48f
0x00007fff508e96a0:   00007fa9c58c3400 00007fa9c4ba2ea0
0x00007fff508e96b0:   00007fff508e9710 000000013a0a9e6b
0x00007fff508e96c0:   05003c82a2df6a03 0000000000000000
0x00007fff508e96d0:   410c63f2bca6bb1e 00007fa9c4bbe780
0x00007fff508e96e0:   00007fff508e9710 00007fff90ce94c0
0x00007fff508e96f0:   0000000000000000 000000012b8ec120
0x00007fff508e9700:   00007fa9c4bbdd30 00007fa9c4bbe780
0x00007fff508e9710:   00007fff508e9770 00007fff8e27678f
0x00007fff508e9720:   0000025800000004 0000000000000000
0x00007fff508e9730:   00007fa9c4bbdd30 0000000000000000
0x00007fff508e9740:   410c63f2bca6bb1e 00007fff90ce94c0
0x00007fff508e9750:   00007fa9c4bbed90 00007fa9c4bbdd30
0x00007fff508e9760:   0000000000000004 0000000000000000
0x00007fff508e9770:   00007fff508e97e0 00007fff8e276339
0x00007fff508e9780:   3ff0000000000000 4082c00000000000
0x00007fff508e9790:   4082c00000000000 0000000000000000
0x00007fff508e97a0:   0000000000000000 4082c00000000000
0x00007fff508e97b0:   4082c00000000000 00007fff508e98c0
0x00007fff508e97c0:   000000012b8edf28 00007fff958396b2
0x00007fff508e97d0:   0000000000000001 000000012b8ede80
0x00007fff508e97e0:   00007fff508ea8c0 00007fff8e21a49d
0x00007fff508e97f0:   00007fff508ea8c0 00007fff8e21a35f
0x00007fff508e9800:   ffffffffffffffff 00007fa9c24f0c10
0x00007fff508e9810:   000000012b8edf28 000000012b8edf28
0x00007fff508e9820:   000000012b8ede80 0000000000000000 

Instructions: (pc=0x000000010ff69e32)
0x000000010ff69e12:   0e 48 8b 0b 49 8b 56 18 48 63 c0 48 89 0c c2 5b
0x000000010ff69e22:   41 5e 5d c3 90 90 55 48 89 e5 41 56 53 48 8b 1f
0x000000010ff69e32:   c7 83 70 02 00 00 05 00 00 00 48 8d 05 85 64 78
0x000000010ff69e42:   00 8b 00 83 f8 01 41 89 f6 75 0c 48 8d 0d d2 cf 

Register to memory mapping:

RAX=0x0000000000000000 is an unknown value
RBX=0x0000000000000000 is an unknown value
RCX=0x00007fa9c4ba2ea0 is an unknown value
RDX=0x0000000000000000 is an unknown value
RSP=0x00007fff508e9630 is an unknown value
RBP=0x00007fff508e9640 is an unknown value
RSI=0x0000000000000006 is an unknown value
RDI=0x00007fff508e9650 is an unknown value
R8 =0x0000000000000000 is an unknown value
R9 =0x0000000000000000 is an unknown value
R10=0x00007fa9c2770b60 is an unknown value
R11=0x000000010f5f5ba8: OBJC_CLASS_$_JNFWeakJObjectWrapper+0 in /System/Library/Frameworks/JavaVM.framework/Versions/A/Frameworks/JavaNativeFoundation.framework/Versions/A/JavaNativeFoundation at 0x000000010f5e9000
R12=0x00007fa9c40f41f8 is an unknown value
R13=0x000000012b8ec120 is an unknown value
R14=0x00007fa9c4b15610 is a weak global jni handle
R15=0x00007fa9c40f41f8 is an unknown value


Stack: [0x00007fff500ee000,0x00007fff508ee000],  sp=0x00007fff508e9630,  free space=8173k
Native frames: (J=compiled Java code, j=interpreted, Vv=VM code, C=native code)
V  [libjvm.dylib+0x169e32]  ThreadStateTransition::trans_from_native(JavaThreadState)+0xa
V  [libjvm.dylib+0x31416a]  jni_IsSameObject+0x30
C  [JavaNativeFoundation+0x61f5]  -[JNFWeakJObjectWrapper _getWithEnv:]+0x25
C  [JavaNativeFoundation+0x648f]  -[JNFJObjectWrapper jObjectWithEnv:]+0x1d
C  [libawt_lwawt.dylib+0x1ae6b]  -[CGLLayer drawInCGLContext:pixelFormat:forLayerTime:displayTime:]+0xa4
C  [QuartzCore+0x6d78f]  CAOpenGLLayerDraw(CAOpenGLLayer*, double, CVTimeStamp const*, unsigned int)+0x2ca
C  [QuartzCore+0x6d339]  -[CAOpenGLLayer _display]+0x160
C  [QuartzCore+0x1149d]  CA::Layer::display_if_needed(CA::Transaction*)+0x25b
C  [QuartzCore+0x10fc5]  CA::Layer::layout_and_display_if_needed(CA::Transaction*)+0x23
C  [QuartzCore+0x10499]  CA::Context::commit_transaction(CA::Transaction*)+0x115
C  [QuartzCore+0x100e4]  CA::Transaction::commit()+0x1fc
C  [QuartzCore+0x1b973]  CA::Transaction::observer_callback(__CFRunLoopObserver*, unsigned long, void*)+0x47
C  [CoreFoundation+0xa9fc7]  __CFRUNLOOP_IS_CALLING_OUT_TO_AN_OBSERVER_CALLBACK_FUNCTION__+0x17
C  [CoreFoundation+0xa9f37]  __CFRunLoopDoObservers+0x187
C  [CoreFoundation+0x8952a]  __CFRunLoopRun+0x49a
C  [CoreFoundation+0x88e28]  CFRunLoopRunSpecific+0x128
C  [java+0x6465]  CreateExecutionEnvironment+0x367
C  [java+0x218c]  JLI_Launch+0x7a0
C  [java+0x84c2]  main+0x65
C  [java+0x19e4]  start+0x34


---------------  P R O C E S S  ---------------

VM state:not at safepoint (normal execution)

VM Mutex/Monitor currently owned by a thread: None

Heap:
 PSYoungGen      total 501760K, used 457937K [0x0000000795580000, 0x00000007baa00000, 0x00000007c0000000)
  eden space 410624K, 95% used [0x0000000795580000,0x00000007ad524720,0x00000007ae680000)
  from space 91136K, 71% used [0x00000007b4400000,0x00000007b8390080,0x00000007b9d00000)
  to   space 95744K, 0% used [0x00000007ae680000,0x00000007ae680000,0x00000007b4400000)
 ParOldGen       total 379392K, used 181030K [0x0000000740000000, 0x0000000757280000, 0x0000000795580000)
  object space 379392K, 47% used [0x0000000740000000,0x000000074b0c9a18,0x0000000757280000)
 Metaspace       used 24245K, capacity 25298K, committed 25600K, reserved 1071104K
  class space    used 3243K, capacity 3496K, committed 3584K, reserved 1048576K

Card table byte_map: [0x0000000120162000,0x0000000120563000] byte_map_base: 0x000000011c762000

Marking Bits: (ParMarkBitMap*) 0x00000001106f0d30
 Begin Bits: [0x000000012080e000, 0x000000012280e000)
 End Bits:   [0x000000012280e000, 0x000000012480e000)

Polling page: 0x000000010f5d5000

CodeCache: size=245760Kb used=9228Kb max_used=9231Kb free=236532Kb
 bounds [0x0000000110da2000, 0x00000001116b2000, 0x000000011fda2000]
 total_blobs=4200 nmethods=3205 adapters=909
 compilation: enabled

Compilation events (10 events):
Event: 39.781 Thread 0x00007fa9c3854000 3456       4       java.lang.AbstractStringBuilder::newCapacity (39 bytes)
Event: 39.783 Thread 0x00007fa9c3854000 nmethod 3456 0x00000001113c8690 code [0x00000001113c87e0, 0x00000001113c88b8]
Event: 39.803 Thread 0x00007fa9c4018000 3457       4       java.util.concurrent.ConcurrentHashMap::putIfAbsent (8 bytes)
Event: 39.804 Thread 0x00007fa9c4018000 nmethod 3457 0x0000000110ee9dd0 code [0x0000000110ee9f20, 0x0000000110ee9fa8]
Event: 40.000 Thread 0x00007fa9c4019000 3458       3       java.util.concurrent.locks.AbstractQueuedSynchronizer::release (33 bytes)
Event: 40.001 Thread 0x00007fa9c4019000 nmethod 3458 0x00000001116a7650 code [0x00000001116a77e0, 0x00000001116a7af8]
Event: 40.001 Thread 0x00007fa9c4019000 3459       3       java.lang.invoke.MethodHandle::setVarargs (38 bytes)
Event: 40.002 Thread 0x00007fa9c4019000 nmethod 3459 0x00000001116ae590 code [0x00000001116ae780, 0x00000001116af248]
Event: 40.002 Thread 0x00007fa9c4019000 3460       3       java.lang.invoke.MemberName::isVarargs (23 bytes)
Event: 40.002 Thread 0x00007fa9c4019000 nmethod 3460 0x00000001116add10 code [0x00000001116adea0, 0x00000001116ae410]

GC Heap History (10 events):
Event: 31.345 GC heap before
{Heap before GC invocations=25 (full 7):
 PSYoungGen      total 344576K, used 312326K [0x0000000795580000, 0x00000007b2400000, 0x00000007c0000000)
  eden space 267264K, 97% used [0x0000000795580000,0x00000007a54c9560,0x00000007a5a80000)
  from space 77312K, 65% used [0x00000007a5a80000,0x00000007a8c38470,0x00000007aa600000)
  to   space 80896K, 0% used [0x00000007ad500000,0x00000007ad500000,0x00000007b2400000)
 ParOldGen       total 379392K, used 180998K [0x0000000740000000, 0x0000000757280000, 0x0000000795580000)
  object space 379392K, 47% used [0x0000000740000000,0x000000074b0c1a18,0x0000000757280000)
 Metaspace       used 24094K, capacity 25112K, committed 25344K, reserved 1071104K
  class space    used 3222K, capacity 3457K, committed 3584K, reserved 1048576K
Event: 31.385 GC heap after
Heap after GC invocations=25 (full 7):
 PSYoungGen      total 387584K, used 58981K [0x0000000795580000, 0x00000007b3180000, 0x00000007c0000000)
  eden space 306688K, 0% used [0x0000000795580000,0x0000000795580000,0x00000007a8100000)
  from space 80896K, 72% used [0x00000007ad500000,0x00000007b0e99480,0x00000007b2400000)
  to   space 86016K, 0% used [0x00000007a8100000,0x00000007a8100000,0x00000007ad500000)
 ParOldGen       total 379392K, used 180998K [0x0000000740000000, 0x0000000757280000, 0x0000000795580000)
  object space 379392K, 47% used [0x0000000740000000,0x000000074b0c1a18,0x0000000757280000)
 Metaspace       used 24094K, capacity 25112K, committed 25344K, reserved 1071104K
  class space    used 3222K, capacity 3457K, committed 3584K, reserved 1048576K
}
Event: 32.813 GC heap before
{Heap before GC invocations=26 (full 7):
 PSYoungGen      total 387584K, used 365563K [0x0000000795580000, 0x00000007b3180000, 0x00000007c0000000)
  eden space 306688K, 99% used [0x0000000795580000,0x00000007a80e5b10,0x00000007a8100000)
  from space 80896K, 72% used [0x00000007ad500000,0x00000007b0e99480,0x00000007b2400000)
  to   space 86016K, 0% used [0x00000007a8100000,0x00000007a8100000,0x00000007ad500000)
 ParOldGen       total 379392K, used 180998K [0x0000000740000000, 0x0000000757280000, 0x0000000795580000)
  object space 379392K, 47% used [0x0000000740000000,0x000000074b0c1a18,0x0000000757280000)
 Metaspace       used 24094K, capacity 25112K, committed 25344K, reserved 1071104K
  class space    used 3222K, capacity 3457K, committed 3584K, reserved 1048576K
Event: 32.836 GC heap after
Heap after GC invocations=26 (full 7):
 PSYoungGen      total 392704K, used 56988K [0x0000000795580000, 0x00000007b6380000, 0x00000007c0000000)
  eden space 306688K, 0% used [0x0000000795580000,0x0000000795580000,0x00000007a8100000)
  from space 86016K, 66% used [0x00000007a8100000,0x00000007ab8a7070,0x00000007ad500000)
  to   space 89600K, 0% used [0x00000007b0c00000,0x00000007b0c00000,0x00000007b6380000)
 ParOldGen       total 379392K, used 181006K [0x0000000740000000, 0x0000000757280000, 0x0000000795580000)
  object space 379392K, 47% used [0x0000000740000000,0x000000074b0c3a18,0x0000000757280000)
 Metaspace       used 24094K, capacity 25112K, committed 25344K, reserved 1071104K
  class space    used 3222K, capacity 3457K, committed 3584K, reserved 1048576K
}
Event: 34.329 GC heap before
{Heap before GC invocations=27 (full 7):
 PSYoungGen      total 392704K, used 359329K [0x0000000795580000, 0x00000007b6380000, 0x00000007c0000000)
  eden space 306688K, 98% used [0x0000000795580000,0x00000007a7cc1608,0x00000007a8100000)
  from space 86016K, 66% used [0x00000007a8100000,0x00000007ab8a7070,0x00000007ad500000)
  to   space 89600K, 0% used [0x00000007b0c00000,0x00000007b0c00000,0x00000007b6380000)
 ParOldGen       total 379392K, used 181006K [0x0000000740000000, 0x0000000757280000, 0x0000000795580000)
  object space 379392K, 47% used [0x0000000740000000,0x000000074b0c3a18,0x0000000757280000)
 Metaspace       used 24112K, capacity 25176K, committed 25344K, reserved 1071104K
  class space    used 3222K, capacity 3457K, committed 3584K, reserved 1048576K
Event: 34.357 GC heap after
Heap after GC invocations=27 (full 7):
 PSYoungGen      total 444928K, used 48888K [0x0000000795580000, 0x00000007b6100000, 0x00000007c0000000)
  eden space 357888K, 0% used [0x0000000795580000,0x0000000795580000,0x00000007ab300000)
  from space 87040K, 56% used [0x00000007b0c00000,0x00000007b3bbe060,0x00000007b6100000)
  to   space 89088K, 0% used [0x00000007ab300000,0x00000007ab300000,0x00000007b0a00000)
 ParOldGen       total 379392K, used 181014K [0x0000000740000000, 0x0000000757280000, 0x0000000795580000)
  object space 379392K, 47% used [0x0000000740000000,0x000000074b0c5a18,0x0000000757280000)
 Metaspace       used 24112K, capacity 25176K, committed 25344K, reserved 1071104K
  class space    used 3222K, capacity 3457K, committed 3584K, reserved 1048576K
}
Event: 35.872 GC heap before
{Heap before GC invocations=28 (full 7):
 PSYoungGen      total 444928K, used 398723K [0x0000000795580000, 0x00000007b6100000, 0x00000007c0000000)
  eden space 357888K, 97% used [0x0000000795580000,0x00000007aab22d48,0x00000007ab300000)
  from space 87040K, 56% used [0x00000007b0c00000,0x00000007b3bbe060,0x00000007b6100000)
  to   space 89088K, 0% used [0x00000007ab300000,0x00000007ab300000,0x00000007b0a00000)
 ParOldGen       total 379392K, used 181014K [0x0000000740000000, 0x0000000757280000, 0x0000000795580000)
  object space 379392K, 47% used [0x0000000740000000,0x000000074b0c5a18,0x0000000757280000)
 Metaspace       used 24115K, capacity 25176K, committed 25344K, reserved 1071104K
  class space    used 3222K, capacity 3457K, committed 3584K, reserved 1048576K
Event: 35.896 GC heap after
Heap after GC invocations=28 (full 7):
 PSYoungGen      total 446976K, used 56988K [0x0000000795580000, 0x00000007b9d00000, 0x00000007c0000000)
  eden space 357888K, 0% used [0x0000000795580000,0x0000000795580000,0x00000007ab300000)
  from space 89088K, 63% used [0x00000007ab300000,0x00000007aeaa7070,0x00000007b0a00000)
  to   space 91136K, 0% used [0x00000007b4400000,0x00000007b4400000,0x00000007b9d00000)
 ParOldGen       total 379392K, used 181022K [0x0000000740000000, 0x0000000757280000, 0x0000000795580000)
  object space 379392K, 47% used [0x0000000740000000,0x000000074b0c7a18,0x0000000757280000)
 Metaspace       used 24115K, capacity 25176K, committed 25344K, reserved 1071104K
  class space    used 3222K, capacity 3457K, committed 3584K, reserved 1048576K
}
Event: 37.446 GC heap before
{Heap before GC invocations=29 (full 7):
 PSYoungGen      total 446976K, used 406973K [0x0000000795580000, 0x00000007b9d00000, 0x00000007c0000000)
  eden space 357888K, 97% used [0x0000000795580000,0x00000007aab484b8,0x00000007ab300000)
  from space 89088K, 63% used [0x00000007ab300000,0x00000007aeaa7070,0x00000007b0a00000)
  to   space 91136K, 0% used [0x00000007b4400000,0x00000007b4400000,0x00000007b9d00000)
 ParOldGen       total 379392K, used 181022K [0x0000000740000000, 0x0000000757280000, 0x0000000795580000)
  object space 379392K, 47% used [0x0000000740000000,0x000000074b0c7a18,0x0000000757280000)
 Metaspace       used 24134K, capacity 25176K, committed 25344K, reserved 1071104K
  class space    used 3222K, capacity 3457K, committed 3584K, reserved 1048576K
Event: 37.494 GC heap after
Heap after GC invocations=29 (full 7):
 PSYoungGen      total 501760K, used 65088K [0x0000000795580000, 0x00000007baa00000, 0x00000007c0000000)
  eden space 410624K, 0% used [0x0000000795580000,0x0000000795580000,0x00000007ae680000)
  from space 91136K, 71% used [0x00000007b4400000,0x00000007b8390080,0x00000007b9d00000)
  to   space 95744K, 0% used [0x00000007ae680000,0x00000007ae680000,0x00000007b4400000)
 ParOldGen       total 379392K, used 181030K [0x0000000740000000, 0x0000000757280000, 0x0000000795580000)
  object space 379392K, 47% used [0x0000000740000000,0x000000074b0c9a18,0x0000000757280000)
 Metaspace       used 24134K, capacity 25176K, committed 25344K, reserved 1071104K
  class space    used 3222K, capacity 3457K, committed 3584K, reserved 1048576K
}

Deoptimization events (10 events):
Event: 10.251 Thread 0x00007fa9c40f4000 Uncommon trap: reason=unstable_if action=reinterpret pc=0x00000001113fd990 method=com.sun.javafx.css.BitSet.addAll(Ljava/util/Collection;)Z @ 1
Event: 12.588 Thread 0x00007fa9c3f2a800 Uncommon trap: reason=unstable_if action=reinterpret pc=0x0000000110edfe04 method=com.sun.javafx.image.impl.IntTo4ByteSameConverter.doConvert([III[BIIII)V @ 29
Event: 17.434 Thread 0x00007fa9c2863000 Uncommon trap: reason=unstable_if action=reinterpret pc=0x00000001115437c4 method=com.sun.prism.impl.ManagedResource._isgone(Lcom/sun/prism/impl/ManagedResource;)Z @ 1
Event: 20.281 Thread 0x00007fa9c2863000 Uncommon trap: reason=null_check action=make_not_entrant pc=0x00000001115430a0 method=com.sun.prism.impl.BaseResourcePool$WeakLinkedList.getResource()Lcom/sun/prism/impl/ManagedResource; @ 7
Event: 39.219 Thread 0x00007fa9c40f4000 Uncommon trap: reason=unstable_if action=reinterpret pc=0x0000000111264d00 method=java.util.concurrent.locks.ReentrantLock$Sync.nonfairTryAcquire(I)Z @ 34
Event: 39.219 Thread 0x00007fa9c40f4000 Uncommon trap: reason=unstable_if action=reinterpret pc=0x0000000111624638 method=java.util.concurrent.locks.ReentrantLock$Sync.tryRelease(I)Z @ 28
Event: 39.219 Thread 0x00007fa9c40f4000 Uncommon trap: reason=unstable_if action=reinterpret pc=0x000000011132c310 method=java.util.concurrent.locks.ReentrantLock$Sync.nonfairTryAcquire(I)Z @ 34
Event: 39.219 Thread 0x00007fa9c40f4000 Uncommon trap: reason=unstable_if action=reinterpret pc=0x00000001115bfdc4 method=java.util.concurrent.locks.ReentrantLock$Sync.tryRelease(I)Z @ 28
Event: 39.999 Thread 0x00007fa9c40f4000 Uncommon trap: reason=unstable_if action=reinterpret pc=0x000000011132b9d0 method=java.util.concurrent.locks.ReentrantLock$Sync.nonfairTryAcquire(I)Z @ 34
Event: 39.999 Thread 0x00007fa9c40f4000 Uncommon trap: reason=unstable_if action=reinterpret pc=0x00000001115c7de4 method=java.util.concurrent.locks.ReentrantLock$Sync.tryRelease(I)Z @ 28

Internal exceptions (10 events):
Event: 3.357 Thread 0x00007fa9c40f4000 Implicit null exception at 0x0000000111093935 to 0x0000000111093b71
Event: 3.495 Thread 0x00007fa9c40f4000 Exception <a 'java/io/FileNotFoundException'> (0x0000000796f18a80) thrown at [/Users/java_re/workspace/8-2-build-macosx-x86_64/jdk8u121/8372/hotspot/src/share/vm/prims/jni.cpp, line 709]
Event: 4.313 Thread 0x00007fa9c3121000 Exception <a 'java/io/FileNotFoundException'> (0x0000000795725e68) thrown at [/Users/java_re/workspace/8-2-build-macosx-x86_64/jdk8u121/8372/hotspot/src/share/vm/prims/jni.cpp, line 709]
Event: 4.313 Thread 0x00007fa9c3121000 Exception <a 'java/io/FileNotFoundException'> (0x00000007957269c8) thrown at [/Users/java_re/workspace/8-2-build-macosx-x86_64/jdk8u121/8372/hotspot/src/share/vm/prims/jni.cpp, line 709]
Event: 4.528 Thread 0x00007fa9c3121000 Implicit null exception at 0x000000011107a573 to 0x000000011107a97d
Event: 4.528 Thread 0x00007fa9c3121000 Implicit null exception at 0x0000000110fc1276 to 0x0000000110fc1631
Event: 4.844 Thread 0x00007fa9c4016800 Exception <a 'java/lang/NullPointerException'> (0x000000079568a930) thrown at [/Users/java_re/workspace/8-2-build-macosx-x86_64/jdk8u121/8372/hotspot/src/share/vm/interpreter/linkResolver.cpp, line 1178]
Event: 10.251 Thread 0x00007fa9c40f4000 Implicit null exception at 0x00000001113fd3d1 to 0x00000001113fd979
Event: 17.434 Thread 0x00007fa9c2863000 Implicit null exception at 0x000000011154376c to 0x00000001115437b5
Event: 20.281 Thread 0x00007fa9c2863000 Implicit null exception at 0x0000000111543055 to 0x0000000111543095

Events (10 events):
Event: 39.999 Thread 0x00007fa9c40f4000 Uncommon trap: trap_request=0xffffff65 fr.pc=0x00000001115c7de4
Event: 39.999 Thread 0x00007fa9c40f4000 DEOPT PACKING pc=0x00000001115c7de4 sp=0x00007fff508e70b0
Event: 39.999 Thread 0x00007fa9c40f4000 DEOPT UNPACKING pc=0x0000000110da7229 sp=0x00007fff508e7068 mode 2
Event: 40.000 loading class com/sun/javafx/tk/quantum/QuantumToolkit
Event: 40.000 loading class com/sun/javafx/tk/quantum/QuantumToolkit done
Event: 40.000 Thread 0x00007fa9c2863000 Thread exited: 0x00007fa9c2863000
Event: 40.000 Thread 0x00007fa9c41de800 Thread exited: 0x00007fa9c41de800
Event: 40.001 Thread 0x00007fa9c40f4000 Thread exited: 0x00007fa9c40f4000
Event: 40.001 Thread 0x00007fa9c4009000 Thread exited: 0x00007fa9c4009000
Event: 40.001 Thread 0x00007fa9c3aaf000 Thread added: 0x00007fa9c3aaf000


Dynamic libraries:
0x000000000b622000 	/System/Library/Frameworks/Cocoa.framework/Versions/A/Cocoa
0x000000000b622000 	/System/Library/Frameworks/Security.framework/Versions/A/Security
0x000000000b622000 	/System/Library/Frameworks/ApplicationServices.framework/Versions/A/ApplicationServices
0x000000000b622000 	/usr/lib/libz.1.dylib
0x000000000b622000 	/usr/lib/libSystem.B.dylib
0x000000000b622000 	/usr/lib/libobjc.A.dylib
0x000000000b622000 	/System/Library/Frameworks/CoreFoundation.framework/Versions/A/CoreFoundation
0x000000000b622000 	/System/Library/Frameworks/Foundation.framework/Versions/C/Foundation
0x000000000b622000 	/System/Library/Frameworks/AppKit.framework/Versions/C/AppKit
0x000000000b622000 	/System/Library/Frameworks/CoreData.framework/Versions/A/CoreData
0x000000000b622000 	/System/Library/PrivateFrameworks/RemoteViewServices.framework/Versions/A/RemoteViewServices
0x000000000b622000 	/System/Library/PrivateFrameworks/UIFoundation.framework/Versions/A/UIFoundation
0x000000000b622000 	/usr/lib/libScreenReader.dylib
0x000000000b622000 	/System/Library/Frameworks/Accelerate.framework/Versions/A/Accelerate
0x000000000b622000 	/System/Library/Frameworks/IOSurface.framework/Versions/A/IOSurface
0x000000000b622000 	/System/Library/Frameworks/AudioToolbox.framework/Versions/A/AudioToolbox
0x000000000b622000 	/System/Library/Frameworks/AudioUnit.framework/Versions/A/AudioUnit
0x000000000b622000 	/System/Library/PrivateFrameworks/DataDetectorsCore.framework/Versions/A/DataDetectorsCore
0x000000000b622000 	/System/Library/PrivateFrameworks/DesktopServicesPriv.framework/Versions/A/DesktopServicesPriv
0x000000000b622000 	/System/Library/Frameworks/Carbon.framework/Versions/A/Frameworks/HIToolbox.framework/Versions/A/HIToolbox
0x000000000b622000 	/System/Library/Frameworks/QuartzCore.framework/Versions/A/QuartzCore
0x000000000b622000 	/System/Library/Frameworks/Carbon.framework/Versions/A/Frameworks/SpeechRecognition.framework/Versions/A/SpeechRecognition
0x000000000b622000 	/usr/lib/libauto.dylib
0x000000000b622000 	/usr/lib/libicucore.A.dylib
0x000000000b622000 	/usr/lib/libxml2.2.dylib
0x000000000b622000 	/System/Library/PrivateFrameworks/CoreUI.framework/Versions/A/CoreUI
0x000000000b622000 	/System/Library/Frameworks/CoreAudio.framework/Versions/A/CoreAudio
0x000000000b622000 	/System/Library/Frameworks/DiskArbitration.framework/Versions/A/DiskArbitration
0x000000000b622000 	/usr/lib/liblangid.dylib
0x000000000b622000 	/System/Library/PrivateFrameworks/MultitouchSupport.framework/Versions/A/MultitouchSupport
0x000000000b622000 	/System/Library/Frameworks/IOKit.framework/Versions/A/IOKit
0x000000000b622000 	/usr/lib/libDiagnosticMessagesClient.dylib
0x000000000b622000 	/System/Library/Frameworks/CoreServices.framework/Versions/A/CoreServices
0x000000000b622000 	/System/Library/PrivateFrameworks/PerformanceAnalysis.framework/Versions/A/PerformanceAnalysis
0x000000000b622000 	/System/Library/PrivateFrameworks/GenerationalStorage.framework/Versions/A/GenerationalStorage
0x000000000b622000 	/System/Library/Frameworks/OpenGL.framework/Versions/A/OpenGL
0x000000000b622000 	/System/Library/PrivateFrameworks/Sharing.framework/Versions/A/Sharing
0x000000000b622000 	/System/Library/Frameworks/CoreGraphics.framework/Versions/A/CoreGraphics
0x000000000b622000 	/System/Library/Frameworks/CoreImage.framework/Versions/A/CoreImage
0x000000000b622000 	/System/Library/Frameworks/CoreText.framework/Versions/A/CoreText
0x000000000b622000 	/System/Library/Frameworks/ImageIO.framework/Versions/A/ImageIO
0x000000000b622000 	/System/Library/PrivateFrameworks/Backup.framework/Versions/A/Backup
0x000000000b622000 	/usr/lib/libextension.dylib
0x000000000b622000 	/usr/lib/libarchive.2.dylib
0x000000000b622000 	/System/Library/Frameworks/CFNetwork.framework/Versions/A/CFNetwork
0x000000000b622000 	/System/Library/Frameworks/SystemConfiguration.framework/Versions/A/SystemConfiguration
0x000000000b622000 	/usr/lib/libCRFSuite.dylib
0x000000000b622000 	/usr/lib/libc++.1.dylib
0x000000000b622000 	/usr/lib/libc++abi.dylib
0x000000000b622000 	/usr/lib/system/libcache.dylib
0x000000000b622000 	/usr/lib/system/libcommonCrypto.dylib
0x000000000b622000 	/usr/lib/system/libcompiler_rt.dylib
0x000000000b622000 	/usr/lib/system/libcopyfile.dylib
0x000000000b622000 	/usr/lib/system/libcorecrypto.dylib
0x000000000b622000 	/usr/lib/system/libdispatch.dylib
0x000000000b622000 	/usr/lib/system/libdyld.dylib
0x000000000b622000 	/usr/lib/system/libkeymgr.dylib
0x000000000b622000 	/usr/lib/system/liblaunch.dylib
0x000000000b622000 	/usr/lib/system/libmacho.dylib
0x000000000b622000 	/usr/lib/system/libquarantine.dylib
0x000000000b622000 	/usr/lib/system/libremovefile.dylib
0x000000000b622000 	/usr/lib/system/libsystem_asl.dylib
0x000000000b622000 	/usr/lib/system/libsystem_blocks.dylib
0x000000000b622000 	/usr/lib/system/libsystem_c.dylib
0x000000000b622000 	/usr/lib/system/libsystem_configuration.dylib
0x000000000b622000 	/usr/lib/system/libsystem_coreservices.dylib
0x000000000b622000 	/usr/lib/system/libsystem_coretls.dylib
0x000000000b622000 	/usr/lib/system/libsystem_dnssd.dylib
0x000000000b622000 	/usr/lib/system/libsystem_info.dylib
0x000000000b622000 	/usr/lib/system/libsystem_kernel.dylib
0x000000000b622000 	/usr/lib/system/libsystem_m.dylib
0x000000000b622000 	/usr/lib/system/libsystem_malloc.dylib
0x000000000b622000 	/usr/lib/system/libsystem_network.dylib
0x000000000b622000 	/usr/lib/system/libsystem_networkextension.dylib
0x000000000b622000 	/usr/lib/system/libsystem_notify.dylib
0x000000000b622000 	/usr/lib/system/libsystem_platform.dylib
0x000000000b622000 	/usr/lib/system/libsystem_pthread.dylib
0x000000000b622000 	/usr/lib/system/libsystem_sandbox.dylib
0x000000000b622000 	/usr/lib/system/libsystem_secinit.dylib
0x000000000b622000 	/usr/lib/system/libsystem_trace.dylib
0x000000000b622000 	/usr/lib/system/libunc.dylib
0x000000000b622000 	/usr/lib/system/libunwind.dylib
0x000000000b622000 	/usr/lib/system/libxpc.dylib
0x000000000b622000 	/usr/lib/libenergytrace.dylib
0x000000000b622000 	/usr/lib/libbsm.0.dylib
0x000000000b622000 	/usr/lib/system/libkxld.dylib
0x000000000b622000 	/usr/lib/libxar.1.dylib
0x000000000b622000 	/usr/lib/libsqlite3.dylib
0x000000000b622000 	/usr/lib/libpam.2.dylib
0x000000000b622000 	/usr/lib/libOpenScriptingUtil.dylib
0x000000000b622000 	/usr/lib/libbz2.1.0.dylib
0x000000000b622000 	/usr/lib/liblzma.5.dylib
0x000000000b622000 	/System/Library/Frameworks/CoreServices.framework/Versions/A/Frameworks/FSEvents.framework/Versions/A/FSEvents
0x000000000b622000 	/System/Library/Frameworks/CoreServices.framework/Versions/A/Frameworks/CarbonCore.framework/Versions/A/CarbonCore
0x000000000b622000 	/System/Library/Frameworks/CoreServices.framework/Versions/A/Frameworks/Metadata.framework/Versions/A/Metadata
0x000000000b622000 	/System/Library/Frameworks/CoreServices.framework/Versions/A/Frameworks/OSServices.framework/Versions/A/OSServices
0x000000000b622000 	/System/Library/Frameworks/CoreServices.framework/Versions/A/Frameworks/SearchKit.framework/Versions/A/SearchKit
0x000000000b622000 	/System/Library/Frameworks/CoreServices.framework/Versions/A/Frameworks/AE.framework/Versions/A/AE
0x000000000b622000 	/System/Library/Frameworks/CoreServices.framework/Versions/A/Frameworks/LaunchServices.framework/Versions/A/LaunchServices
0x000000000b622000 	/System/Library/Frameworks/CoreServices.framework/Versions/A/Frameworks/DictionaryServices.framework/Versions/A/DictionaryServices
0x000000000b622000 	/System/Library/Frameworks/CoreServices.framework/Versions/A/Frameworks/SharedFileList.framework/Versions/A/SharedFileList
0x000000000b622000 	/System/Library/Frameworks/NetFS.framework/Versions/A/NetFS
0x000000000b622000 	/System/Library/PrivateFrameworks/NetAuth.framework/Versions/A/NetAuth
0x000000000b622000 	/System/Library/PrivateFrameworks/login.framework/Versions/A/Frameworks/loginsupport.framework/Versions/A/loginsupport
0x000000000b622000 	/System/Library/PrivateFrameworks/TCC.framework/Versions/A/TCC
0x000000000b622000 	/usr/lib/libmecabra.dylib
0x000000000b622000 	/System/Library/Frameworks/ApplicationServices.framework/Versions/A/Frameworks/ATS.framework/Versions/A/ATS
0x000000000b622000 	/System/Library/Frameworks/ApplicationServices.framework/Versions/A/Frameworks/ColorSync.framework/Versions/A/ColorSync
0x000000000b622000 	/System/Library/Frameworks/ApplicationServices.framework/Versions/A/Frameworks/HIServices.framework/Versions/A/HIServices
0x000000000b622000 	/System/Library/Frameworks/ApplicationServices.framework/Versions/A/Frameworks/LangAnalysis.framework/Versions/A/LangAnalysis
0x000000000b622000 	/System/Library/Frameworks/ApplicationServices.framework/Versions/A/Frameworks/PrintCore.framework/Versions/A/PrintCore
0x000000000b622000 	/System/Library/Frameworks/ApplicationServices.framework/Versions/A/Frameworks/QD.framework/Versions/A/QD
0x000000000b622000 	/System/Library/Frameworks/ApplicationServices.framework/Versions/A/Frameworks/SpeechSynthesis.framework/Versions/A/SpeechSynthesis
0x000000000b622000 	/System/Library/Frameworks/Metal.framework/Versions/A/Metal
0x000000000b622000 	/System/Library/Frameworks/Accelerate.framework/Versions/A/Frameworks/vImage.framework/Versions/A/vImage
0x000000000b622000 	/System/Library/Frameworks/Accelerate.framework/Versions/A/Frameworks/vecLib.framework/Versions/A/vecLib
0x000000000b622000 	/System/Library/Frameworks/Accelerate.framework/Versions/A/Frameworks/vecLib.framework/Versions/A/libvDSP.dylib
0x000000000b622000 	/System/Library/Frameworks/Accelerate.framework/Versions/A/Frameworks/vecLib.framework/Versions/A/libvMisc.dylib
0x000000000b622000 	/System/Library/Frameworks/Accelerate.framework/Versions/A/Frameworks/vecLib.framework/Versions/A/libLAPACK.dylib
0x000000000b622000 	/System/Library/Frameworks/Accelerate.framework/Versions/A/Frameworks/vecLib.framework/Versions/A/libBLAS.dylib
0x000000000b622000 	/System/Library/Frameworks/Accelerate.framework/Versions/A/Frameworks/vecLib.framework/Versions/A/libLinearAlgebra.dylib
0x000000000b622000 	/System/Library/Frameworks/Accelerate.framework/Versions/A/Frameworks/vecLib.framework/Versions/A/libSparseBLAS.dylib
0x000000000b622000 	/System/Library/PrivateFrameworks/GPUCompiler.framework/libmetal_timestamp.dylib
0x000000000b622000 	/System/Library/Frameworks/OpenGL.framework/Versions/A/Libraries/libCoreFSCache.dylib
0x000000000b622000 	/System/Library/PrivateFrameworks/IOAccelerator.framework/Versions/A/IOAccelerator
0x000000000b622000 	/System/Library/Frameworks/ApplicationServices.framework/Versions/A/Frameworks/ATS.framework/Versions/A/Resources/libFontParser.dylib
0x000000000b622000 	/System/Library/Frameworks/ApplicationServices.framework/Versions/A/Frameworks/ATS.framework/Versions/A/Resources/libFontRegistry.dylib
0x000000000b622000 	/System/Library/PrivateFrameworks/AppleVPA.framework/Versions/A/AppleVPA
0x000000000b622000 	/System/Library/PrivateFrameworks/AppleJPEG.framework/Versions/A/AppleJPEG
0x000000000b622000 	/System/Library/Frameworks/ImageIO.framework/Versions/A/Resources/libJPEG.dylib
0x000000000b622000 	/System/Library/Frameworks/ImageIO.framework/Versions/A/Resources/libTIFF.dylib
0x000000000b622000 	/System/Library/Frameworks/ImageIO.framework/Versions/A/Resources/libPng.dylib
0x000000000b622000 	/System/Library/Frameworks/ImageIO.framework/Versions/A/Resources/libGIF.dylib
0x000000000b622000 	/System/Library/Frameworks/ImageIO.framework/Versions/A/Resources/libJP2.dylib
0x000000000b622000 	/System/Library/Frameworks/ImageIO.framework/Versions/A/Resources/libRadiance.dylib
0x000000000b622000 	/System/Library/Frameworks/CoreVideo.framework/Versions/A/CoreVideo
0x000000000b622000 	/System/Library/Frameworks/OpenGL.framework/Versions/A/Libraries/libGLU.dylib
0x000000000b622000 	/System/Library/Frameworks/OpenGL.framework/Versions/A/Libraries/libGFXShared.dylib
0x000000000b622000 	/System/Library/Frameworks/OpenGL.framework/Versions/A/Libraries/libGL.dylib
0x000000000b622000 	/System/Library/Frameworks/OpenGL.framework/Versions/A/Libraries/libGLImage.dylib
0x000000000b622000 	/System/Library/Frameworks/OpenGL.framework/Versions/A/Libraries/libCVMSPluginSupport.dylib
0x000000000b622000 	/System/Library/Frameworks/OpenGL.framework/Versions/A/Libraries/libCoreVMClient.dylib
0x000000000b622000 	/usr/lib/libcompression.dylib
0x000000000b622000 	/usr/lib/libcups.2.dylib
0x000000000b622000 	/System/Library/Frameworks/Kerberos.framework/Versions/A/Kerberos
0x000000000b622000 	/System/Library/Frameworks/GSS.framework/Versions/A/GSS
0x000000000b622000 	/usr/lib/libresolv.9.dylib
0x000000000b622000 	/usr/lib/libiconv.2.dylib
0x000000000b622000 	/System/Library/PrivateFrameworks/Heimdal.framework/Versions/A/Heimdal
0x000000000b622000 	/usr/lib/libheimdal-asn1.dylib
0x000000000b622000 	/System/Library/Frameworks/OpenDirectory.framework/Versions/A/OpenDirectory
0x000000000b622000 	/System/Library/PrivateFrameworks/CommonAuth.framework/Versions/A/CommonAuth
0x000000000b622000 	/System/Library/Frameworks/OpenDirectory.framework/Versions/A/Frameworks/CFOpenDirectory.framework/Versions/A/CFOpenDirectory
0x000000000b622000 	/System/Library/Frameworks/SecurityFoundation.framework/Versions/A/SecurityFoundation
0x000000000b622000 	/System/Library/PrivateFrameworks/LanguageModeling.framework/Versions/A/LanguageModeling
0x000000000b622000 	/usr/lib/libmarisa.dylib
0x000000000b622000 	/usr/lib/libChineseTokenizer.dylib
0x000000000b622000 	/usr/lib/libcmph.dylib
0x000000000b622000 	/System/Library/Frameworks/ServiceManagement.framework/Versions/A/ServiceManagement
0x000000000b622000 	/usr/lib/libxslt.1.dylib
0x000000000b622000 	/System/Library/Frameworks/Carbon.framework/Versions/A/Frameworks/Ink.framework/Versions/A/Ink
0x000000000b622000 	/usr/lib/libFosl_dynamic.dylib
0x000000000b622000 	/System/Library/PrivateFrameworks/FaceCore.framework/Versions/A/FaceCore
0x000000000b622000 	/System/Library/Frameworks/OpenCL.framework/Versions/A/OpenCL
0x000000000b622000 	/System/Library/PrivateFrameworks/CrashReporterSupport.framework/Versions/A/CrashReporterSupport
0x000000000b622000 	/System/Library/PrivateFrameworks/IconServices.framework/Versions/A/IconServices
0x000000000b622000 	/System/Library/PrivateFrameworks/Apple80211.framework/Versions/A/Apple80211
0x000000000b622000 	/System/Library/Frameworks/CoreWLAN.framework/Versions/A/CoreWLAN
0x000000000b622000 	/System/Library/Frameworks/IOBluetooth.framework/Versions/A/IOBluetooth
0x000000000b622000 	/System/Library/PrivateFrameworks/CoreWiFi.framework/Versions/A/CoreWiFi
0x000000000b622000 	/System/Library/Frameworks/CoreBluetooth.framework/Versions/A/CoreBluetooth
0x000000000b622000 	/System/Library/PrivateFrameworks/ChunkingLibrary.framework/Versions/A/ChunkingLibrary
0x000000000b622000 	/System/Library/PrivateFrameworks/DebugSymbols.framework/Versions/A/DebugSymbols
0x000000000b622000 	/System/Library/PrivateFrameworks/CoreSymbolication.framework/Versions/A/CoreSymbolication
0x000000000b622000 	/System/Library/PrivateFrameworks/Symbolication.framework/Versions/A/Symbolication
0x000000000b622000 	/System/Library/PrivateFrameworks/SpeechRecognitionCore.framework/Versions/A/SpeechRecognitionCore
0x000000010fe00000 	/Library/Java/JavaVirtualMachines/jdk1.8.0_121.jdk/Contents/Home/jre/lib/server/libjvm.dylib
0x000000000b622000 	/usr/lib/libstdc++.6.dylib
0x000000010f592000 	/Library/Java/JavaVirtualMachines/jdk1.8.0_121.jdk/Contents/Home/jre/lib/libverify.dylib
0x000000010f5a0000 	/Library/Java/JavaVirtualMachines/jdk1.8.0_121.jdk/Contents/Home/jre/lib/libjava.dylib
0x000000010f5df000 	/Library/Java/JavaVirtualMachines/jdk1.8.0_121.jdk/Contents/Home/jre/lib/libzip.dylib
0x0000000126705000 	/System/Library/Frameworks/JavaVM.framework/Frameworks/JavaRuntimeSupport.framework/JavaRuntimeSupport
0x000000010f5e9000 	/System/Library/Frameworks/JavaVM.framework/Versions/A/Frameworks/JavaNativeFoundation.framework/Versions/A/JavaNativeFoundation
0x0000000126720000 	/System/Library/Frameworks/JavaVM.framework/Versions/A/JavaVM
0x000000000b622000 	/System/Library/Frameworks/Carbon.framework/Versions/A/Carbon
0x000000012672d000 	/System/Library/PrivateFrameworks/JavaLaunching.framework/Versions/A/JavaLaunching
0x000000000b622000 	/System/Library/Frameworks/Carbon.framework/Versions/A/Frameworks/CommonPanels.framework/Versions/A/CommonPanels
0x000000000b622000 	/System/Library/Frameworks/Carbon.framework/Versions/A/Frameworks/Help.framework/Versions/A/Help
0x000000000b622000 	/System/Library/Frameworks/Carbon.framework/Versions/A/Frameworks/ImageCapture.framework/Versions/A/ImageCapture
0x000000000b622000 	/System/Library/Frameworks/Carbon.framework/Versions/A/Frameworks/OpenScripting.framework/Versions/A/OpenScripting
0x000000000b622000 	/System/Library/Frameworks/Carbon.framework/Versions/A/Frameworks/Print.framework/Versions/A/Print
0x000000000b622000 	/System/Library/Frameworks/Carbon.framework/Versions/A/Frameworks/SecurityHI.framework/Versions/A/SecurityHI
0x0000000128144000 	/Library/Java/JavaVirtualMachines/jdk1.8.0_121.jdk/Contents/Home/jre/lib/libprism_es2.dylib
0x000000000b622000 	/System/Library/Frameworks/OpenGL.framework/Versions/A/Resources/GLEngine.bundle/GLEngine
0x000000000b622000 	/System/Library/Frameworks/OpenGL.framework/Versions/A/Libraries/libGLProgrammability.dylib
0x00000001281c6000 	/System/Library/Extensions/AppleIntelHDGraphicsGLDriver.bundle/Contents/MacOS/AppleIntelHDGraphicsGLDriver
0x000000000b622000 	/System/Library/PrivateFrameworks/GPUSupport.framework/Versions/A/Libraries/libGPUSupport.dylib
0x0000000128654000 	/System/Library/Extensions/GeForceTeslaGLDriver.bundle/Contents/MacOS/GeForceTeslaGLDriver
0x000000012a212000 	/System/Library/Extensions/GeForceTeslaGLDriver.bundle/Contents/MacOS/libclh.dylib
0x000000000b622000 	/System/Library/Frameworks/OpenGL.framework/Versions/A/Resources/GLRendererFloat.bundle/GLRendererFloat
0x000000000b622000 	/System/Library/Frameworks/OpenCL.framework/Versions/A/Libraries/libcldcpuengine.dylib
0x000000000b622000 	/System/Library/PrivateFrameworks/DiskImages.framework/Versions/A/DiskImages
0x000000000b622000 	/System/Library/Frameworks/DiscRecording.framework/Versions/A/DiscRecording
0x000000000b622000 	/usr/lib/libcsfde.dylib
0x000000000b622000 	/usr/lib/libcurl.4.dylib
0x000000000b622000 	/System/Library/PrivateFrameworks/MediaKit.framework/Versions/A/MediaKit
0x000000000b622000 	/System/Library/PrivateFrameworks/ProtectedCloudStorage.framework/Versions/A/ProtectedCloudStorage
0x000000000b622000 	/usr/lib/libCoreStorage.dylib
0x000000000b622000 	/System/Library/PrivateFrameworks/EFILogin.framework/Versions/A/EFILogin
0x000000000b622000 	/usr/lib/libutil.dylib
0x000000000b622000 	/System/Library/PrivateFrameworks/FindMyDevice.framework/Versions/A/FindMyDevice
0x000000000b622000 	/System/Library/Frameworks/LDAP.framework/Versions/A/LDAP
0x000000000b622000 	/usr/lib/libsasl2.2.dylib
0x000000000b622000 	/System/Library/PrivateFrameworks/CoreDaemon.framework/Versions/B/CoreDaemon
0x000000000b622000 	/usr/lib/libcrypto.0.9.8.dylib
0x000000000b622000 	/System/Library/PrivateFrameworks/AppleSRP.framework/Versions/A/AppleSRP
0x000000000b622000 	/System/Library/PrivateFrameworks/TrustEvaluationAgent.framework/Versions/A/TrustEvaluationAgent
0x000000012ab0b000 	/Library/Java/JavaVirtualMachines/jdk1.8.0_121.jdk/Contents/Home/jre/lib/libglass.dylib
0x000000000b622000 	/System/Library/PrivateFrameworks/CoreServicesInternal.framework/Versions/A/CoreServicesInternal
0x000000000b622000 	/System/Library/CoreServices/RawCamera.bundle/Contents/MacOS/RawCamera
0x000000000b622000 	/System/Library/Frameworks/CoreGraphics.framework/Versions/A/Resources/libRIP.A.dylib
0x000000000b622000 	/System/Library/Frameworks/Accelerate.framework/Versions/A/Frameworks/vImage.framework/Versions/A/Libraries/libCGInterfaces.dylib
0x000000000b622000 	/System/Library/PrivateFrameworks/FamilyControls.framework/Versions/A/FamilyControls
0x000000000b622000 	/System/Library/PrivateFrameworks/CommerceKit.framework/Versions/A/Frameworks/CommerceCore.framework/Versions/A/CommerceCore
0x000000000b622000 	/System/Library/PrivateFrameworks/SystemAdministration.framework/Versions/A/SystemAdministration
0x000000000b622000 	/System/Library/PrivateFrameworks/AppContainer.framework/Versions/A/AppContainer
0x000000000b622000 	/System/Library/PrivateFrameworks/SecCodeWrapper.framework/Versions/A/SecCodeWrapper
0x000000000b622000 	/System/Library/Frameworks/DirectoryService.framework/Versions/A/DirectoryService
0x000000000b622000 	/System/Library/PrivateFrameworks/LoginUIKit.framework/Versions/A/Frameworks/LoginUICore.framework/Versions/A/LoginUICore
0x000000000b622000 	/usr/lib/libodfde.dylib
0x000000000b622000 	/System/Library/Frameworks/CoreGraphics.framework/Versions/A/Resources/libCGXType.A.dylib
0x000000012dd7f000 	/Users/lilschwoegl/git/TrafficControlSystem/TrafficControlSystem/lib/libopencv_java340.dylib
0x000000012dee8000 	/usr/local/Cellar/opencv/3.4.0_1/lib/libopencv_xphoto.3.4.dylib
0x000000012df86000 	/usr/local/Cellar/opencv/3.4.0_1/lib/libopencv_img_hash.3.4.dylib
0x000000012df9d000 	/usr/local/Cellar/opencv/3.4.0_1/lib/libopencv_bioinspired.3.4.dylib
0x000000012dfea000 	/usr/local/Cellar/opencv/3.4.0_1/lib/libopencv_structured_light.3.4.dylib
0x000000012e005000 	/usr/local/Cellar/opencv/3.4.0_1/lib/libopencv_xfeatures2d.3.4.dylib
0x000000012e314000 	/usr/local/Cellar/opencv/3.4.0_1/lib/libopencv_ximgproc.3.4.dylib
0x000000012e564000 	/usr/local/Cellar/opencv/3.4.0_1/lib/libopencv_aruco.3.4.dylib
0x000000012e5c6000 	/usr/local/Cellar/opencv/3.4.0_1/lib/libopencv_face.3.4.dylib
0x000000012e682000 	/usr/local/opt/tbb/lib/libtbb.dylib
0x000000012e6bc000 	/usr/local/Cellar/opencv/3.4.0_1/lib/libopencv_phase_unwrapping.3.4.dylib
0x000000012e6c6000 	/usr/local/Cellar/opencv/3.4.0_1/lib/libopencv_shape.3.4.dylib
0x000000012e6fc000 	/usr/local/Cellar/opencv/3.4.0_1/lib/libopencv_calib3d.3.4.dylib
0x000000012e8d7000 	/usr/local/Cellar/opencv/3.4.0_1/lib/libopencv_objdetect.3.4.dylib
0x000000012e94a000 	/usr/local/Cellar/opencv/3.4.0_1/lib/libopencv_photo.3.4.dylib
0x000000012ea26000 	/usr/local/Cellar/opencv/3.4.0_1/lib/libopencv_tracking.3.4.dylib
0x000000012ec30000 	/usr/local/Cellar/opencv/3.4.0_1/lib/libopencv_plot.3.4.dylib
0x000000012ec3c000 	/usr/local/Cellar/opencv/3.4.0_1/lib/libopencv_video.3.4.dylib
0x000000012eca2000 	/usr/local/Cellar/opencv/3.4.0_1/lib/libopencv_datasets.3.4.dylib
0x000000012ecfe000 	/usr/local/Cellar/opencv/3.4.0_1/lib/libopencv_text.3.4.dylib
0x000000012ee46000 	/usr/local/Cellar/opencv/3.4.0_1/lib/libopencv_ml.3.4.dylib
0x000000012ef0a000 	/usr/local/Cellar/opencv/3.4.0_1/lib/libopencv_dnn.3.4.dylib
0x000000012f2b9000 	/usr/local/Cellar/opencv/3.4.0_1/lib/libopencv_features2d.3.4.dylib
0x000000012f387000 	/usr/local/Cellar/opencv/3.4.0_1/lib/libopencv_flann.3.4.dylib
0x000000012f3e6000 	/usr/local/Cellar/opencv/3.4.0_1/lib/libopencv_highgui.3.4.dylib
0x000000012f3fb000 	/usr/local/Cellar/opencv/3.4.0_1/lib/libopencv_videoio.3.4.dylib
0x000000012f42a000 	/usr/local/Cellar/opencv/3.4.0_1/lib/libopencv_imgcodecs.3.4.dylib
0x000000012f4f3000 	/usr/local/Cellar/opencv/3.4.0_1/lib/libopencv_imgproc.3.4.dylib
0x0000000131afc000 	/usr/local/Cellar/opencv/3.4.0_1/lib/libopencv_core.3.4.dylib
0x0000000132793000 	/usr/local/opt/ffmpeg/lib/libavcodec.57.dylib
0x0000000133a73000 	/usr/local/opt/ffmpeg/lib/libavformat.57.dylib
0x0000000133c2c000 	/usr/local/opt/ffmpeg/lib/libavutil.55.dylib
0x0000000133c96000 	/usr/local/opt/ffmpeg/lib/libswscale.4.dylib
0x0000000133d17000 	/usr/local/opt/ffmpeg/lib/libavresample.3.dylib
0x0000000133d38000 	/System/Library/Frameworks/VideoDecodeAcceleration.framework/Versions/A/VideoDecodeAcceleration
0x000000000b622000 	/System/Library/Frameworks/AVFoundation.framework/Versions/A/AVFoundation
0x000000000b622000 	/System/Library/Frameworks/CoreMedia.framework/Versions/A/CoreMedia
0x0000000133d3f000 	/usr/local/opt/libpng/lib/libpng16.16.dylib
0x0000000133d6b000 	/usr/local/opt/libtiff/lib/libtiff.5.dylib
0x0000000133dd3000 	/usr/local/opt/ilmbase/lib/libImath-2_2.12.dylib
0x0000000133de2000 	/usr/local/opt/openexr/lib/libIlmImf-2_2.22.dylib
0x00000001340da000 	/usr/local/opt/ilmbase/lib/libIex-2_2.12.dylib
0x00000001340ec000 	/usr/local/opt/ilmbase/lib/libHalf.12.dylib
0x0000000134130000 	/usr/local/opt/ilmbase/lib/libIlmThread-2_2.12.dylib
0x0000000134138000 	/usr/local/opt/jpeg/lib/libjpeg.9.dylib
0x000000013416b000 	/usr/local/opt/ilmbase/lib/libIexMath-2_2.12.dylib
0x0000000134170000 	/usr/local/Cellar/ffmpeg/3.4.1_2/lib/libswresample.2.dylib
0x000000000b622000 	/System/Library/Frameworks/VideoToolbox.framework/Versions/A/VideoToolbox
0x0000000134190000 	/usr/local/opt/x264/lib/libx264.152.dylib
0x000000013430b000 	/usr/local/opt/lame/lib/libmp3lame.0.dylib
0x000000000b622000 	/usr/lib/libspindump.dylib
0x000000000b622000 	/System/Library/PrivateFrameworks/AppleVA.framework/Versions/A/AppleVA
0x000000000b622000 	/System/Library/Frameworks/AVFoundation.framework/Versions/A/Resources/libAVFAudio.dylib
0x000000000b622000 	/System/Library/Frameworks/MediaToolbox.framework/Versions/A/MediaToolbox
0x000000000b622000 	/System/Library/Frameworks/CoreMediaIO.framework/Versions/A/CoreMediaIO
0x000000000b622000 	/System/Library/PrivateFrameworks/CoreAVCHD.framework/Versions/A/CoreAVCHD
0x000000000b622000 	/System/Library/Frameworks/MediaAccessibility.framework/Versions/A/MediaAccessibility
0x000000000b622000 	/System/Library/PrivateFrameworks/Mangrove.framework/Versions/A/Mangrove
0x000000000b622000 	/System/Library/PrivateFrameworks/CoreAUC.framework/Versions/A/CoreAUC
0x000000000b622000 	/System/Library/PrivateFrameworks/XPCService.framework/Versions/A/XPCService
0x000000000b622000 	/System/Library/PrivateFrameworks/AppSandbox.framework/Versions/A/AppSandbox
0x000000000b622000 	/usr/lib/libsandbox.1.dylib
0x000000000b622000 	/usr/lib/libMatch.1.dylib
0x000000012b70a000 	cl_kernels
0x000000000b622000 	/System/Library/Frameworks/OpenCL.framework/Versions/A/Libraries/ImageFormats/unorm8_bgra.dylib
0x000000000b622000 	/System/Library/Frameworks/OpenCL.framework/Versions/A/Libraries/ImageFormats/unorm8_rgba.dylib
0x0000000138e12000 	/Library/Java/JavaVirtualMachines/jdk1.8.0_121.jdk/Contents/Home/jre/lib/libjavafx_font.dylib
0x0000000139d35000 	/Library/Java/JavaVirtualMachines/jdk1.8.0_121.jdk/Contents/Home/jre/lib/libawt.dylib
0x0000000139ddd000 	/Library/Java/JavaVirtualMachines/jdk1.8.0_121.jdk/Contents/Home/jre/lib/./libmlib_image.dylib
0x000000013a08f000 	/Library/Java/JavaVirtualMachines/jdk1.8.0_121.jdk/Contents/Home/jre/lib/libawt_lwawt.dylib
0x000000013a146000 	/Library/Java/JavaVirtualMachines/jdk1.8.0_121.jdk/Contents/Home/jre/lib/./libosxapp.dylib
0x000000000b622000 	/System/Library/Frameworks/ExceptionHandling.framework/Versions/A/ExceptionHandling
0x000000013b9b4000 	/Library/Java/JavaVirtualMachines/jdk1.8.0_121.jdk/Contents/Home/jre/lib/libprism_common.dylib
0x000000013d016000 	/Library/Java/JavaVirtualMachines/jdk1.8.0_121.jdk/Contents/Home/jre/lib/libfontmanager.dylib
0x000000013d47d000 	/Library/Java/JavaVirtualMachines/jdk1.8.0_121.jdk/Contents/Home/jre/lib/libosxui.dylib
0x000000013e336000 	/Library/Java/JavaVirtualMachines/jdk1.8.0_121.jdk/Contents/Home/jre/lib/libnio.dylib
0x000000013e386000 	/Library/Java/JavaVirtualMachines/jdk1.8.0_121.jdk/Contents/Home/jre/lib/./libnet.dylib
0x000000013ce9a000 	/usr/local/opt/tbb/lib/libtbbmalloc.dylib

VM Arguments:
jvm_args: -Djava.library.path=/Users/lilschwoegl/git/TrafficControlSystem/TrafficControlSystem/lib -Dfile.encoding=UTF-8 
java_command: application.Main
java_class_path (initial): /Library/Java/JavaVirtualMachines/jdk1.8.0_121.jdk/Contents/Home/jre/lib/resources.jar:/Library/Java/JavaVirtualMachines/jdk1.8.0_121.jdk/Contents/Home/jre/lib/rt.jar:/Library/Java/JavaVirtualMachines/jdk1.8.0_121.jdk/Contents/Home/jre/lib/jsse.jar:/Library/Java/JavaVirtualMachines/jdk1.8.0_121.jdk/Contents/Home/jre/lib/jce.jar:/Library/Java/JavaVirtualMachines/jdk1.8.0_121.jdk/Contents/Home/jre/lib/charsets.jar:/Library/Java/JavaVirtualMachines/jdk1.8.0_121.jdk/Contents/Home/jre/lib/jfr.jar:/Library/Java/JavaVirtualMachines/jdk1.8.0_121.jdk/Contents/Home/jre/lib/ext/cldrdata.jar:/Library/Java/JavaVirtualMachines/jdk1.8.0_121.jdk/Contents/Home/jre/lib/ext/dnsns.jar:/Library/Java/JavaVirtualMachines/jdk1.8.0_121.jdk/Contents/Home/jre/lib/ext/jaccess.jar:/Library/Java/JavaVirtualMachines/jdk1.8.0_121.jdk/Contents/Home/jre/lib/ext/jfxrt.jar:/Library/Java/JavaVirtualMachines/jdk1.8.0_121.jdk/Contents/Home/jre/lib/ext/localedata.jar:/Library/Java/JavaVirtualMachines/jdk1.8.0_121.jdk/Contents/Home/jre/lib/ext/nashorn.jar:/Library/Java/JavaVirtualMachines/jdk1.8.0_121.jdk/Contents/Home/jre/lib/ext/sunec.jar:/Library/Java/JavaVirtualMachines/jdk1.8.0_121.jdk/Contents/Home/jre/lib/ext/sunjce_provider.jar:/Library/Java/JavaVirtualMachines/jdk1.8.0_121.jdk/Contents/Home/jre/lib/ext/sunpkcs11.jar:/Library/Java/JavaVirtualMachines/jdk1.8.0_121.jdk/Contents/Home/jre/lib/ext/zipfs.jar:/System/Library/Java/Extensions/AppleScriptEngine.jar:/System/Library/Java/Extensions/dns_sd.jar:/System/Library/Java/Extensions/j3daudio.jar:/System/Library/Java/Extensions/j3dcore.jar:/System/Library/Java/Extensions/j3dutils.jar:/System/Library/Java/Extensions/jai_codec.jar:/System/Library/Java/Extensions/jai_core.jar:/System/Library/Java/Extensions/mlibwrapper_jai.jar:/System/Library/Java/Extensions/MRJToolkit.jar:/System/Library/Java/Extensions/vecmath.jar:/Users/lilschwoegl/git/TrafficControlSystem/TrafficControlSystem/bin:/Users/lilschwoegl/git/TrafficControlSystem/
Launcher Type: SUN_STANDARD

Environment Variables:
PATH=/usr/bin:/bin:/usr/sbin:/sbin
SHELL=/bin/bash

Signal Handlers:
SIGSEGV: [libjvm.dylib+0x5b1141], sa_mask[0]=11111111011111110111111111111111, sa_flags=SA_ONSTACK|SA_RESTART|SA_SIGINFO
SIGBUS: [libjvm.dylib+0x5b1141], sa_mask[0]=11111111011111110111111111111111, sa_flags=SA_RESTART|SA_SIGINFO
SIGFPE: [libjvm.dylib+0x487bc4], sa_mask[0]=11111111011111110111111111111111, sa_flags=SA_RESTART|SA_SIGINFO
SIGPIPE: [libjvm.dylib+0x487bc4], sa_mask[0]=11111111011111110111111111111111, sa_flags=SA_RESTART|SA_SIGINFO
SIGXFSZ: [libjvm.dylib+0x487bc4], sa_mask[0]=11111111011111110111111111111111, sa_flags=SA_RESTART|SA_SIGINFO
SIGILL: [libjvm.dylib+0x487bc4], sa_mask[0]=11111111011111110111111111111111, sa_flags=SA_RESTART|SA_SIGINFO
SIGUSR1: SIG_DFL, sa_mask[0]=00000000000000000000000000000000, sa_flags=none
SIGUSR2: [libjvm.dylib+0x4876e2], sa_mask[0]=00100000000000000000000000000000, sa_flags=SA_RESTART|SA_SIGINFO
SIGHUP: [libjvm.dylib+0x485cb9], sa_mask[0]=11111111011111110111111111111111, sa_flags=SA_RESTART|SA_SIGINFO
SIGINT: [libjvm.dylib+0x485cb9], sa_mask[0]=11111111011111110111111111111111, sa_flags=SA_RESTART|SA_SIGINFO
SIGTERM: [libjvm.dylib+0x485cb9], sa_mask[0]=11111111011111110111111111111111, sa_flags=SA_RESTART|SA_SIGINFO
SIGQUIT: [libjvm.dylib+0x485cb9], sa_mask[0]=11111111011111110111111111111111, sa_flags=SA_RESTART|SA_SIGINFO


---------------  S Y S T E M  ---------------

OS:Bsduname:Darwin 15.6.0 Darwin Kernel Version 15.6.0: Sun Jun  4 21:43:07 PDT 2017; root:xnu-3248.70.3~1/RELEASE_X86_64 x86_64
rlimit: STACK 8192k, CORE 0k, NPROC 709, NOFILE 10240, AS infinity
load average:2.21 2.27 2.79

CPU:total 4 (2 cores per cpu, 2 threads per core) family 6 model 37 stepping 2, cmov, cx8, fxsr, mmx, sse, sse2, sse3, ssse3, sse4.1, sse4.2, popcnt, aes, clmul, ht, tsc, tscinvbit

Memory: 4k page, physical 8388608k(278408k free)

/proc/meminfo:


vm_info: Java HotSpot(TM) 64-Bit Server VM (25.121-b13) for bsd-amd64 JRE (1.8.0_121-b13), built on Dec 12 2016 20:39:32 by "java_re" with gcc 4.2.1 (Based on Apple Inc. build 5658) (LLVM build 2336.11.00)

time: Sat Feb 24 09:17:16 2018
elapsed time: 40 seconds (0d 0h 0m 40s)

